[ 2012-09-14T22:50:15+08:00 ] /xxx2/admin.php/Login/index/ | INFO: Tag[ route_check ] --START--
[ 2012-09-14T22:50:15+08:00 ] /xxx2/admin.php/Login/index/ | INFO: Run CheckRoute Behavior [ RunTime:0.006149s ]
[ 2012-09-14T22:50:15+08:00 ] /xxx2/admin.php/Login/index/ | INFO: Tag[ route_check ] --END-- [ RunTime:0.006307s ]
[ 2012-09-14T22:50:15+08:00 ] /xxx2/admin.php/Login/index/ | INFO: Tag[ app_begin ] --START--
[ 2012-09-14T22:50:15+08:00 ] /xxx2/admin.php/Login/index/ | INFO: Run ReadHtmlCache Behavior [ RunTime:0.001476s ]
[ 2012-09-14T22:50:15+08:00 ] /xxx2/admin.php/Login/index/ | INFO: Tag[ app_begin ] --END-- [ RunTime:0.001644s ]
[ 2012-09-14T22:50:15+08:00 ] /xxx2/admin.php/Login/index/ | INFO: Tag[ view_template ] --START--
[ 2012-09-14T22:50:15+08:00 ] /xxx2/admin.php/Login/index/ | INFO: Run LocationTemplate Behavior [ RunTime:0.013892s ]
[ 2012-09-14T22:50:15+08:00 ] /xxx2/admin.php/Login/index/ | INFO: Tag[ view_template ] --END-- [ RunTime:0.014056s ]
[ 2012-09-14T22:50:15+08:00 ] /xxx2/admin.php/Login/index/ | INFO: Tag[ view_parse ] --START--
[ 2012-09-14T22:50:15+08:00 ] /xxx2/admin.php/Login/index/ | INFO: Run ParseTemplate Behavior [ RunTime:0.063773s ]
[ 2012-09-14T22:50:15+08:00 ] /xxx2/admin.php/Login/index/ | INFO: Tag[ view_parse ] --END-- [ RunTime:0.063921s ]
[ 2012-09-14T22:50:15+08:00 ] /xxx2/admin.php/Login/index/ | INFO: Tag[ view_filter ] --START--
[ 2012-09-14T22:50:15+08:00 ] /xxx2/admin.php/Login/index/ | INFO: Run ContentReplace Behavior [ RunTime:0.000805s ]
[ 2012-09-14T22:50:15+08:00 ] /xxx2/admin.php/Login/index/ | INFO: Run TokenBuild Behavior [ RunTime:0.000960s ]
[ 2012-09-14T22:50:15+08:00 ] /xxx2/admin.php/Login/index/ | INFO: Run WriteHtmlCache Behavior [ RunTime:0.000521s ]
[ 2012-09-14T22:50:15+08:00 ] /xxx2/admin.php/Login/index/ | INFO: Run ShowRuntime Behavior [ RunTime:0.000870s ]
[ 2012-09-14T22:50:15+08:00 ] /xxx2/admin.php/Login/index/ | INFO: Tag[ view_filter ] --END-- [ RunTime:0.003453s ]
[ 2012-09-14T22:50:15+08:00 ] /xxx2/admin.php/Login/index/ | NOTIC: [2] Cannot modify header information - headers already sent by (output started at D:\XAMPP\xampp\htdocs\xxx2\admin\Lib\Action\LoginAction.class.php:1) View.class.php 第 120 行.
[ 2012-09-14T22:50:15+08:00 ] /xxx2/admin.php/Login/index/ | NOTIC: [2] Cannot modify header information - headers already sent by (output started at D:\XAMPP\xampp\htdocs\xxx2\admin\Lib\Action\LoginAction.class.php:1) View.class.php 第 121 行.
[ 2012-09-14T22:50:15+08:00 ] /xxx2/admin.php/Login/index/ | NOTIC: [2] Cannot modify header information - headers already sent by (output started at D:\XAMPP\xampp\htdocs\xxx2\admin\Lib\Action\LoginAction.class.php:1) View.class.php 第 122 行.
[ 2012-09-14T22:50:15+08:00 ] /xxx2/admin.php/Login/index/ | INFO: Tag[ view_end ] --START--
[ 2012-09-14T22:50:15+08:00 ] /xxx2/admin.php/Login/index/ | INFO: Run ShowPageTrace Behavior [ RunTime:0.001038s ]
[ 2012-09-14T22:50:15+08:00 ] /xxx2/admin.php/Login/index/ | INFO: Tag[ view_end ] --END-- [ RunTime:0.001126s ]
[ 2012-09-14T22:50:16+08:00 ] /xxx2/admin.php/Common/verify | INFO: Tag[ route_check ] --START--
[ 2012-09-14T22:50:16+08:00 ] /xxx2/admin.php/Common/verify | INFO: Run CheckRoute Behavior [ RunTime:0.001779s ]
[ 2012-09-14T22:50:16+08:00 ] /xxx2/admin.php/Common/verify | INFO: Tag[ route_check ] --END-- [ RunTime:0.001954s ]
[ 2012-09-14T22:50:16+08:00 ] /xxx2/admin.php/Common/verify | INFO: Tag[ app_begin ] --START--
[ 2012-09-14T22:50:16+08:00 ] /xxx2/admin.php/Common/verify | INFO: Run ReadHtmlCache Behavior [ RunTime:0.000965s ]
[ 2012-09-14T22:50:16+08:00 ] /xxx2/admin.php/Common/verify | INFO: Tag[ app_begin ] --END-- [ RunTime:0.001069s ]
[ 2012-09-14T22:50:16+08:00 ] /xxx2/admin.php/Login/index/resources/images/closelabel.gif | INFO: Tag[ route_check ] --START--
[ 2012-09-14T22:50:16+08:00 ] /xxx2/admin.php/Login/index/resources/images/closelabel.gif | INFO: Run CheckRoute Behavior [ RunTime:0.002256s ]
[ 2012-09-14T22:50:16+08:00 ] /xxx2/admin.php/Login/index/resources/images/closelabel.gif | INFO: Tag[ route_check ] --END-- [ RunTime:0.008605s ]
[ 2012-09-14T22:50:16+08:00 ] /xxx2/admin.php/Login/index/resources/images/closelabel.gif | INFO: Tag[ app_begin ] --START--
[ 2012-09-14T22:50:16+08:00 ] /xxx2/admin.php/Login/index/resources/images/closelabel.gif | INFO: Run ReadHtmlCache Behavior [ RunTime:0.001501s ]
[ 2012-09-14T22:50:16+08:00 ] /xxx2/admin.php/Login/index/resources/images/closelabel.gif | INFO: Tag[ app_begin ] --END-- [ RunTime:0.001660s ]
[ 2012-09-14T22:50:16+08:00 ] /xxx2/admin.php/Login/index/resources/images/closelabel.gif | INFO: Tag[ view_template ] --START--
[ 2012-09-14T22:50:16+08:00 ] /xxx2/admin.php/Login/index/resources/images/closelabel.gif | INFO: Run LocationTemplate Behavior [ RunTime:0.001103s ]
[ 2012-09-14T22:50:16+08:00 ] /xxx2/admin.php/Login/index/resources/images/closelabel.gif | INFO: Tag[ view_template ] --END-- [ RunTime:0.001248s ]
[ 2012-09-14T22:50:16+08:00 ] /xxx2/admin.php/Login/index/resources/images/closelabel.gif | INFO: Tag[ view_parse ] --START--
[ 2012-09-14T22:50:16+08:00 ] /xxx2/admin.php/Login/index/resources/images/closelabel.gif | INFO: Run ParseTemplate Behavior [ RunTime:0.032362s ]
[ 2012-09-14T22:50:16+08:00 ] /xxx2/admin.php/Login/index/resources/images/closelabel.gif | INFO: Tag[ view_parse ] --END-- [ RunTime:0.032808s ]
[ 2012-09-14T22:50:16+08:00 ] /xxx2/admin.php/Login/index/resources/images/closelabel.gif | INFO: Tag[ view_filter ] --START--
[ 2012-09-14T22:50:16+08:00 ] /xxx2/admin.php/Login/index/resources/images/closelabel.gif | INFO: Run ContentReplace Behavior [ RunTime:0.000661s ]
[ 2012-09-14T22:50:16+08:00 ] /xxx2/admin.php/Login/index/resources/images/closelabel.gif | INFO: Run TokenBuild Behavior [ RunTime:0.000696s ]
[ 2012-09-14T22:50:16+08:00 ] /xxx2/admin.php/Login/index/resources/images/closelabel.gif | INFO: Run WriteHtmlCache Behavior [ RunTime:0.000375s ]
[ 2012-09-14T22:50:16+08:00 ] /xxx2/admin.php/Login/index/resources/images/closelabel.gif | INFO: Run ShowRuntime Behavior [ RunTime:0.011880s ]
[ 2012-09-14T22:50:16+08:00 ] /xxx2/admin.php/Login/index/resources/images/closelabel.gif | INFO: Tag[ view_filter ] --END-- [ RunTime:0.013904s ]
[ 2012-09-14T22:50:16+08:00 ] /xxx2/admin.php/Login/index/resources/images/closelabel.gif | NOTIC: [2] Cannot modify header information - headers already sent by (output started at D:\XAMPP\xampp\htdocs\xxx2\admin\Lib\Action\LoginAction.class.php:1) View.class.php 第 120 行.
[ 2012-09-14T22:50:16+08:00 ] /xxx2/admin.php/Login/index/resources/images/closelabel.gif | NOTIC: [2] Cannot modify header information - headers already sent by (output started at D:\XAMPP\xampp\htdocs\xxx2\admin\Lib\Action\LoginAction.class.php:1) View.class.php 第 121 行.
[ 2012-09-14T22:50:16+08:00 ] /xxx2/admin.php/Login/index/resources/images/closelabel.gif | NOTIC: [2] Cannot modify header information - headers already sent by (output started at D:\XAMPP\xampp\htdocs\xxx2\admin\Lib\Action\LoginAction.class.php:1) View.class.php 第 122 行.
[ 2012-09-14T22:50:16+08:00 ] /xxx2/admin.php/Login/index/resources/images/closelabel.gif | INFO: Tag[ view_end ] --START--
[ 2012-09-14T22:50:16+08:00 ] /xxx2/admin.php/Login/index/resources/images/closelabel.gif | INFO: Run ShowPageTrace Behavior [ RunTime:0.012098s ]
[ 2012-09-14T22:50:16+08:00 ] /xxx2/admin.php/Login/index/resources/images/closelabel.gif | INFO: Tag[ view_end ] --END-- [ RunTime:0.012225s ]
[ 2012-09-14T22:50:22+08:00 ] /xxx2/admin.php/Index/index/username/aa | INFO: Tag[ route_check ] --START--
[ 2012-09-14T22:50:22+08:00 ] /xxx2/admin.php/Index/index/username/aa | INFO: Run CheckRoute Behavior [ RunTime:0.001315s ]
[ 2012-09-14T22:50:22+08:00 ] /xxx2/admin.php/Index/index/username/aa | INFO: Tag[ route_check ] --END-- [ RunTime:0.001462s ]
[ 2012-09-14T22:50:22+08:00 ] /xxx2/admin.php/Index/index/username/aa | INFO: Tag[ app_begin ] --START--
[ 2012-09-14T22:50:22+08:00 ] /xxx2/admin.php/Index/index/username/aa | INFO: Run ReadHtmlCache Behavior [ RunTime:0.006903s ]
[ 2012-09-14T22:50:22+08:00 ] /xxx2/admin.php/Index/index/username/aa | INFO: Tag[ app_begin ] --END-- [ RunTime:0.007033s ]
[ 2012-09-14T22:50:22+08:00 ] /xxx2/admin.php/Index/index/username/aa | NOTIC: [2] Cannot modify header information - headers already sent by (output started at D:\XAMPP\xampp\htdocs\xxx2\admin\Lib\Action\IndexAction.class.php:1) IndexAction.class.php 第 12 行.
[ 2012-09-14T22:50:22+08:00 ] /xxx2/admin.php/Index/index/username/aa | INFO: Tag[ view_template ] --START--
[ 2012-09-14T22:50:22+08:00 ] /xxx2/admin.php/Index/index/username/aa | INFO: Run LocationTemplate Behavior [ RunTime:0.060353s ]
[ 2012-09-14T22:50:22+08:00 ] /xxx2/admin.php/Index/index/username/aa | INFO: Tag[ view_template ] --END-- [ RunTime:0.060513s ]
[ 2012-09-14T22:50:22+08:00 ] /xxx2/admin.php/Index/index/username/aa | INFO: Tag[ view_parse ] --START--
[ 2012-09-14T22:50:22+08:00 ] /xxx2/admin.php/Index/index/username/aa | NOTIC: [8] Undefined variable: title 4c18d5952d0dbf1eedb8a1ec796fa788.php 第 5 行.
[ 2012-09-14T22:50:22+08:00 ] /xxx2/admin.php/Index/index/username/aa | INFO: Run ParseTemplate Behavior [ RunTime:0.061890s ]
[ 2012-09-14T22:50:22+08:00 ] /xxx2/admin.php/Index/index/username/aa | INFO: Tag[ view_parse ] --END-- [ RunTime:0.062000s ]
[ 2012-09-14T22:50:22+08:00 ] /xxx2/admin.php/Index/index/username/aa | INFO: Tag[ view_filter ] --START--
[ 2012-09-14T22:50:22+08:00 ] /xxx2/admin.php/Index/index/username/aa | INFO: Run ContentReplace Behavior [ RunTime:0.001333s ]
[ 2012-09-14T22:50:22+08:00 ] /xxx2/admin.php/Index/index/username/aa | INFO: Run TokenBuild Behavior [ RunTime:0.002394s ]
[ 2012-09-14T22:50:22+08:00 ] /xxx2/admin.php/Index/index/username/aa | INFO: Run WriteHtmlCache Behavior [ RunTime:0.000482s ]
[ 2012-09-14T22:50:22+08:00 ] /xxx2/admin.php/Index/index/username/aa | INFO: Run ShowRuntime Behavior [ RunTime:0.000789s ]
[ 2012-09-14T22:50:22+08:00 ] /xxx2/admin.php/Index/index/username/aa | INFO: Tag[ view_filter ] --END-- [ RunTime:0.005508s ]
[ 2012-09-14T22:50:22+08:00 ] /xxx2/admin.php/Index/index/username/aa | NOTIC: [2] Cannot modify header information - headers already sent by (output started at D:\XAMPP\xampp\htdocs\xxx2\admin\Lib\Action\IndexAction.class.php:1) View.class.php 第 120 行.
[ 2012-09-14T22:50:22+08:00 ] /xxx2/admin.php/Index/index/username/aa | NOTIC: [2] Cannot modify header information - headers already sent by (output started at D:\XAMPP\xampp\htdocs\xxx2\admin\Lib\Action\IndexAction.class.php:1) View.class.php 第 121 行.
[ 2012-09-14T22:50:22+08:00 ] /xxx2/admin.php/Index/index/username/aa | NOTIC: [2] Cannot modify header information - headers already sent by (output started at D:\XAMPP\xampp\htdocs\xxx2\admin\Lib\Action\IndexAction.class.php:1) View.class.php 第 122 行.
[ 2012-09-14T22:50:22+08:00 ] /xxx2/admin.php/Index/index/username/aa | INFO: Tag[ view_end ] --START--
[ 2012-09-14T22:50:22+08:00 ] /xxx2/admin.php/Index/index/username/aa | INFO: Run ShowPageTrace Behavior [ RunTime:0.000716s ]
[ 2012-09-14T22:50:22+08:00 ] /xxx2/admin.php/Index/index/username/aa | INFO: Tag[ view_end ] --END-- [ RunTime:0.000813s ]
[ 2012-09-14T22:50:22+08:00 ] /xxx2/admin.php/Index/index/username/resources/images/closelabel.gif | INFO: Tag[ route_check ] --START--
[ 2012-09-14T22:50:22+08:00 ] /xxx2/admin.php/Index/index/username/resources/images/closelabel.gif | INFO: Run CheckRoute Behavior [ RunTime:0.002828s ]
[ 2012-09-14T22:50:22+08:00 ] /xxx2/admin.php/Index/index/username/resources/images/closelabel.gif | INFO: Tag[ route_check ] --END-- [ RunTime:0.002994s ]
[ 2012-09-14T22:50:22+08:00 ] /xxx2/admin.php/Index/index/username/resources/images/closelabel.gif | INFO: Tag[ app_begin ] --START--
[ 2012-09-14T22:50:22+08:00 ] /xxx2/admin.php/Index/index/username/resources/images/closelabel.gif | INFO: Run ReadHtmlCache Behavior [ RunTime:0.003863s ]
[ 2012-09-14T22:50:22+08:00 ] /xxx2/admin.php/Index/index/username/resources/images/closelabel.gif | INFO: Tag[ app_begin ] --END-- [ RunTime:0.003990s ]
[ 2012-09-14T22:50:22+08:00 ] /xxx2/admin.php/Index/index/username/resources/images/closelabel.gif | NOTIC: [2] Cannot modify header information - headers already sent by (output started at D:\XAMPP\xampp\htdocs\xxx2\admin\Lib\Action\IndexAction.class.php:1) IndexAction.class.php 第 12 行.
[ 2012-09-14T22:50:22+08:00 ] /xxx2/admin.php/Index/index/username/resources/images/closelabel.gif | INFO: Tag[ view_template ] --START--
[ 2012-09-14T22:50:22+08:00 ] /xxx2/admin.php/Index/index/username/resources/images/closelabel.gif | INFO: Run LocationTemplate Behavior [ RunTime:0.002113s ]
[ 2012-09-14T22:50:22+08:00 ] /xxx2/admin.php/Index/index/username/resources/images/closelabel.gif | INFO: Tag[ view_template ] --END-- [ RunTime:0.002252s ]
[ 2012-09-14T22:50:22+08:00 ] /xxx2/admin.php/Index/index/username/resources/images/closelabel.gif | INFO: Tag[ view_parse ] --START--
[ 2012-09-14T22:50:22+08:00 ] /xxx2/admin.php/Index/index/username/resources/images/closelabel.gif | NOTIC: [8] Undefined variable: title 4c18d5952d0dbf1eedb8a1ec796fa788.php 第 5 行.
[ 2012-09-14T22:50:22+08:00 ] /xxx2/admin.php/Index/index/username/resources/images/closelabel.gif | INFO: Run ParseTemplate Behavior [ RunTime:0.046238s ]
[ 2012-09-14T22:50:22+08:00 ] /xxx2/admin.php/Index/index/username/resources/images/closelabel.gif | INFO: Tag[ view_parse ] --END-- [ RunTime:0.046536s ]
[ 2012-09-14T22:50:22+08:00 ] /xxx2/admin.php/Index/index/username/resources/images/closelabel.gif | INFO: Tag[ view_filter ] --START--
[ 2012-09-14T22:50:22+08:00 ] /xxx2/admin.php/Index/index/username/resources/images/closelabel.gif | INFO: Run ContentReplace Behavior [ RunTime:0.001688s ]
[ 2012-09-14T22:50:22+08:00 ] /xxx2/admin.php/Index/index/username/resources/images/closelabel.gif | INFO: Run TokenBuild Behavior [ RunTime:0.001596s ]
[ 2012-09-14T22:50:22+08:00 ] /xxx2/admin.php/Index/index/username/resources/images/closelabel.gif | INFO: Run WriteHtmlCache Behavior [ RunTime:0.000690s ]
[ 2012-09-14T22:50:22+08:00 ] /xxx2/admin.php/Index/index/username/resources/images/closelabel.gif | INFO: Run ShowRuntime Behavior [ RunTime:0.000958s ]
[ 2012-09-14T22:50:22+08:00 ] /xxx2/admin.php/Index/index/username/resources/images/closelabel.gif | INFO: Tag[ view_filter ] --END-- [ RunTime:0.005332s ]
[ 2012-09-14T22:50:22+08:00 ] /xxx2/admin.php/Index/index/username/resources/images/closelabel.gif | NOTIC: [2] Cannot modify header information - headers already sent by (output started at D:\XAMPP\xampp\htdocs\xxx2\admin\Lib\Action\IndexAction.class.php:1) View.class.php 第 120 行.
[ 2012-09-14T22:50:22+08:00 ] /xxx2/admin.php/Index/index/username/resources/images/closelabel.gif | NOTIC: [2] Cannot modify header information - headers already sent by (output started at D:\XAMPP\xampp\htdocs\xxx2\admin\Lib\Action\IndexAction.class.php:1) View.class.php 第 121 行.
[ 2012-09-14T22:50:22+08:00 ] /xxx2/admin.php/Index/index/username/resources/images/closelabel.gif | NOTIC: [2] Cannot modify header information - headers already sent by (output started at D:\XAMPP\xampp\htdocs\xxx2\admin\Lib\Action\IndexAction.class.php:1) View.class.php 第 122 行.
[ 2012-09-14T22:50:22+08:00 ] /xxx2/admin.php/Index/index/username/resources/images/closelabel.gif | INFO: Tag[ view_end ] --START--
[ 2012-09-14T22:50:22+08:00 ] /xxx2/admin.php/Index/index/username/resources/images/closelabel.gif | INFO: Run ShowPageTrace Behavior [ RunTime:0.001719s ]
[ 2012-09-14T22:50:22+08:00 ] /xxx2/admin.php/Index/index/username/resources/images/closelabel.gif | INFO: Tag[ view_end ] --END-- [ RunTime:0.001859s ]
[ 2012-09-14T22:51:33+08:00 ] /xxx2/admin.php/Classname/class_lis | INFO: Tag[ route_check ] --START--
[ 2012-09-14T22:51:33+08:00 ] /xxx2/admin.php/Classname/class_lis | INFO: Run CheckRoute Behavior [ RunTime:0.003526s ]
[ 2012-09-14T22:51:33+08:00 ] /xxx2/admin.php/Classname/class_lis | INFO: Tag[ route_check ] --END-- [ RunTime:0.003741s ]
[ 2012-09-14T22:51:33+08:00 ] /xxx2/admin.php/Classname/class_lis | INFO: Tag[ app_begin ] --START--
[ 2012-09-14T22:51:33+08:00 ] /xxx2/admin.php/Classname/class_lis | INFO: Run ReadHtmlCache Behavior [ RunTime:0.001582s ]
[ 2012-09-14T22:51:33+08:00 ] /xxx2/admin.php/Classname/class_lis | INFO: Tag[ app_begin ] --END-- [ RunTime:0.001706s ]
[ 2012-09-14T22:51:34+08:00 ] /xxx2/admin.php/Classname/class_lis | SQL: SHOW COLUMNS FROM `think_class` [ RunTime:0.004488s ]
[ 2012-09-14T22:51:34+08:00 ] /xxx2/admin.php/Classname/class_lis | SQL: SELECT COUNT(*) AS tp_count FROM `think_class` LIMIT 1   [ RunTime:0.007915s ]
[ 2012-09-14T22:51:34+08:00 ] /xxx2/admin.php/Classname/class_lis | SQL: SELECT `id`,`class`,`teacher`,`amount` FROM `think_class` ORDER BY id desc LIMIT 0,8   [ RunTime:0.001844s ]
[ 2012-09-14T22:51:34+08:00 ] /xxx2/admin.php/Classname/class_lis | NOTIC: [2] Invalid argument supplied for foreach() ClassnameAction.class.php 第 185 行.
[ 2012-09-14T22:51:34+08:00 ] /xxx2/admin.php/Classname/class_lis | INFO: Tag[ view_template ] --START--
[ 2012-09-14T22:51:34+08:00 ] /xxx2/admin.php/Classname/class_lis | INFO: Run LocationTemplate Behavior [ RunTime:0.031549s ]
[ 2012-09-14T22:51:34+08:00 ] /xxx2/admin.php/Classname/class_lis | INFO: Tag[ view_template ] --END-- [ RunTime:0.031694s ]
[ 2012-09-14T22:51:34+08:00 ] /xxx2/admin.php/Classname/class_lis | INFO: Tag[ view_parse ] --START--
[ 2012-09-14T22:51:34+08:00 ] /xxx2/admin.php/Classname/class_lis | NOTIC: [8] Undefined variable: username 94743470017d182f670f0de0649921d1.php 第 70 行.
[ 2012-09-14T22:51:34+08:00 ] /xxx2/admin.php/Classname/class_lis | NOTIC: [8] Undefined variable: username 94743470017d182f670f0de0649921d1.php 第 70 行.
[ 2012-09-14T22:51:34+08:00 ] /xxx2/admin.php/Classname/class_lis | NOTIC: [8] Undefined variable: username 94743470017d182f670f0de0649921d1.php 第 146 行.
[ 2012-09-14T22:51:34+08:00 ] /xxx2/admin.php/Classname/class_lis | NOTIC: [8] Undefined index: clas 94743470017d182f670f0de0649921d1.php 第 170 行.
[ 2012-09-14T22:51:34+08:00 ] /xxx2/admin.php/Classname/class_lis | NOTIC: [8] Undefined index: clas 94743470017d182f670f0de0649921d1.php 第 170 行.
[ 2012-09-14T22:51:34+08:00 ] /xxx2/admin.php/Classname/class_lis | INFO: Run ParseTemplate Behavior [ RunTime:0.046733s ]
[ 2012-09-14T22:51:34+08:00 ] /xxx2/admin.php/Classname/class_lis | INFO: Tag[ view_parse ] --END-- [ RunTime:0.046860s ]
[ 2012-09-14T22:51:34+08:00 ] /xxx2/admin.php/Classname/class_lis | INFO: Tag[ view_filter ] --START--
[ 2012-09-14T22:51:34+08:00 ] /xxx2/admin.php/Classname/class_lis | INFO: Run ContentReplace Behavior [ RunTime:0.000970s ]
[ 2012-09-14T22:51:34+08:00 ] /xxx2/admin.php/Classname/class_lis | INFO: Run TokenBuild Behavior [ RunTime:0.000965s ]
[ 2012-09-14T22:51:34+08:00 ] /xxx2/admin.php/Classname/class_lis | INFO: Run WriteHtmlCache Behavior [ RunTime:0.000497s ]
[ 2012-09-14T22:51:34+08:00 ] /xxx2/admin.php/Classname/class_lis | INFO: Run ShowRuntime Behavior [ RunTime:0.001989s ]
[ 2012-09-14T22:51:34+08:00 ] /xxx2/admin.php/Classname/class_lis | INFO: Tag[ view_filter ] --END-- [ RunTime:0.004742s ]
[ 2012-09-14T22:51:34+08:00 ] /xxx2/admin.php/Classname/class_lis | NOTIC: [2] Cannot modify header information - headers already sent by (output started at D:\XAMPP\xampp\htdocs\xxx2\admin\Lib\Action\ClassnameAction.class.php:1) View.class.php 第 120 行.
[ 2012-09-14T22:51:34+08:00 ] /xxx2/admin.php/Classname/class_lis | NOTIC: [2] Cannot modify header information - headers already sent by (output started at D:\XAMPP\xampp\htdocs\xxx2\admin\Lib\Action\ClassnameAction.class.php:1) View.class.php 第 121 行.
[ 2012-09-14T22:51:34+08:00 ] /xxx2/admin.php/Classname/class_lis | NOTIC: [2] Cannot modify header information - headers already sent by (output started at D:\XAMPP\xampp\htdocs\xxx2\admin\Lib\Action\ClassnameAction.class.php:1) View.class.php 第 122 行.
[ 2012-09-14T22:51:34+08:00 ] /xxx2/admin.php/Classname/class_lis | INFO: Tag[ view_end ] --START--
[ 2012-09-14T22:51:34+08:00 ] /xxx2/admin.php/Classname/class_lis | INFO: Run ShowPageTrace Behavior [ RunTime:0.002965s ]
[ 2012-09-14T22:51:34+08:00 ] /xxx2/admin.php/Classname/class_lis | INFO: Tag[ view_end ] --END-- [ RunTime:0.003095s ]
[ 2012-09-14T22:51:38+08:00 ] /xxx2/admin.php/Classname/student | ERR: (ThinkException) 非法操作student
[ 2012-09-14T22:51:42+08:00 ] /xxx2/admin.php/Classname/class_lis | INFO: Tag[ route_check ] --START--
[ 2012-09-14T22:51:42+08:00 ] /xxx2/admin.php/Classname/class_lis | INFO: Run CheckRoute Behavior [ RunTime:0.001301s ]
[ 2012-09-14T22:51:42+08:00 ] /xxx2/admin.php/Classname/class_lis | INFO: Tag[ route_check ] --END-- [ RunTime:0.001418s ]
[ 2012-09-14T22:51:42+08:00 ] /xxx2/admin.php/Classname/class_lis | INFO: Tag[ app_begin ] --START--
[ 2012-09-14T22:51:42+08:00 ] /xxx2/admin.php/Classname/class_lis | INFO: Run ReadHtmlCache Behavior [ RunTime:0.001016s ]
[ 2012-09-14T22:51:42+08:00 ] /xxx2/admin.php/Classname/class_lis | INFO: Tag[ app_begin ] --END-- [ RunTime:0.001131s ]
[ 2012-09-14T22:51:42+08:00 ] /xxx2/admin.php/Classname/class_lis | SQL: SHOW COLUMNS FROM `think_class` [ RunTime:0.003205s ]
[ 2012-09-14T22:51:42+08:00 ] /xxx2/admin.php/Classname/class_lis | SQL: SELECT COUNT(*) AS tp_count FROM `think_class` LIMIT 1   [ RunTime:0.001574s ]
[ 2012-09-14T22:51:42+08:00 ] /xxx2/admin.php/Classname/class_lis | SQL: SELECT `id`,`class`,`teacher`,`amount` FROM `think_class` ORDER BY id desc LIMIT 0,8   [ RunTime:0.000854s ]
[ 2012-09-14T22:51:42+08:00 ] /xxx2/admin.php/Classname/class_lis | NOTIC: [2] Invalid argument supplied for foreach() ClassnameAction.class.php 第 185 行.
[ 2012-09-14T22:51:42+08:00 ] /xxx2/admin.php/Classname/class_lis | INFO: Tag[ view_template ] --START--
[ 2012-09-14T22:51:42+08:00 ] /xxx2/admin.php/Classname/class_lis | INFO: Run LocationTemplate Behavior [ RunTime:0.002496s ]
[ 2012-09-14T22:51:42+08:00 ] /xxx2/admin.php/Classname/class_lis | INFO: Tag[ view_template ] --END-- [ RunTime:0.002683s ]
[ 2012-09-14T22:51:42+08:00 ] /xxx2/admin.php/Classname/class_lis | INFO: Tag[ view_parse ] --START--
[ 2012-09-14T22:51:42+08:00 ] /xxx2/admin.php/Classname/class_lis | NOTIC: [8] Undefined variable: username 94743470017d182f670f0de0649921d1.php 第 70 行.
[ 2012-09-14T22:51:42+08:00 ] /xxx2/admin.php/Classname/class_lis | NOTIC: [8] Undefined variable: username 94743470017d182f670f0de0649921d1.php 第 70 行.
[ 2012-09-14T22:51:42+08:00 ] /xxx2/admin.php/Classname/class_lis | NOTIC: [8] Undefined variable: username 94743470017d182f670f0de0649921d1.php 第 146 行.
[ 2012-09-14T22:51:42+08:00 ] /xxx2/admin.php/Classname/class_lis | NOTIC: [8] Undefined index: clas 94743470017d182f670f0de0649921d1.php 第 170 行.
[ 2012-09-14T22:51:42+08:00 ] /xxx2/admin.php/Classname/class_lis | NOTIC: [8] Undefined index: clas 94743470017d182f670f0de0649921d1.php 第 170 行.
[ 2012-09-14T22:51:42+08:00 ] /xxx2/admin.php/Classname/class_lis | INFO: Run ParseTemplate Behavior [ RunTime:0.028679s ]
[ 2012-09-14T22:51:42+08:00 ] /xxx2/admin.php/Classname/class_lis | INFO: Tag[ view_parse ] --END-- [ RunTime:0.028776s ]
[ 2012-09-14T22:51:42+08:00 ] /xxx2/admin.php/Classname/class_lis | INFO: Tag[ view_filter ] --START--
[ 2012-09-14T22:51:42+08:00 ] /xxx2/admin.php/Classname/class_lis | INFO: Run ContentReplace Behavior [ RunTime:0.008109s ]
[ 2012-09-14T22:51:42+08:00 ] /xxx2/admin.php/Classname/class_lis | INFO: Run TokenBuild Behavior [ RunTime:0.000993s ]
[ 2012-09-14T22:51:42+08:00 ] /xxx2/admin.php/Classname/class_lis | INFO: Run WriteHtmlCache Behavior [ RunTime:0.000436s ]
[ 2012-09-14T22:51:42+08:00 ] /xxx2/admin.php/Classname/class_lis | INFO: Run ShowRuntime Behavior [ RunTime:0.001489s ]
[ 2012-09-14T22:51:42+08:00 ] /xxx2/admin.php/Classname/class_lis | INFO: Tag[ view_filter ] --END-- [ RunTime:0.011294s ]
[ 2012-09-14T22:51:42+08:00 ] /xxx2/admin.php/Classname/class_lis | NOTIC: [2] Cannot modify header information - headers already sent by (output started at D:\XAMPP\xampp\htdocs\xxx2\admin\Lib\Action\ClassnameAction.class.php:1) View.class.php 第 120 行.
[ 2012-09-14T22:51:42+08:00 ] /xxx2/admin.php/Classname/class_lis | NOTIC: [2] Cannot modify header information - headers already sent by (output started at D:\XAMPP\xampp\htdocs\xxx2\admin\Lib\Action\ClassnameAction.class.php:1) View.class.php 第 121 行.
[ 2012-09-14T22:51:42+08:00 ] /xxx2/admin.php/Classname/class_lis | NOTIC: [2] Cannot modify header information - headers already sent by (output started at D:\XAMPP\xampp\htdocs\xxx2\admin\Lib\Action\ClassnameAction.class.php:1) View.class.php 第 122 行.
[ 2012-09-14T22:51:42+08:00 ] /xxx2/admin.php/Classname/class_lis | INFO: Tag[ view_end ] --START--
[ 2012-09-14T22:51:42+08:00 ] /xxx2/admin.php/Classname/class_lis | INFO: Run ShowPageTrace Behavior [ RunTime:0.001692s ]
[ 2012-09-14T22:51:42+08:00 ] /xxx2/admin.php/Classname/class_lis | INFO: Tag[ view_end ] --END-- [ RunTime:0.001822s ]
[ 2012-09-14T22:51:53+08:00 ] /xxx2/admin.php | INFO: Tag[ app_begin ] --START--
[ 2012-09-14T22:51:53+08:00 ] /xxx2/admin.php | INFO: Run ReadHtmlCache Behavior [ RunTime:0.006604s ]
[ 2012-09-14T22:51:53+08:00 ] /xxx2/admin.php | INFO: Tag[ app_begin ] --END-- [ RunTime:0.006785s ]
[ 2012-09-14T22:51:53+08:00 ] /xxx2/admin.php | NOTIC: [2] Cannot modify header information - headers already sent by (output started at D:\XAMPP\xampp\htdocs\xxx2\admin\Lib\Action\IndexAction.class.php:1) IndexAction.class.php 第 12 行.
[ 2012-09-14T22:51:53+08:00 ] /xxx2/admin.php | INFO: Tag[ view_template ] --START--
[ 2012-09-14T22:51:53+08:00 ] /xxx2/admin.php | INFO: Run LocationTemplate Behavior [ RunTime:0.000869s ]
[ 2012-09-14T22:51:53+08:00 ] /xxx2/admin.php | INFO: Tag[ view_template ] --END-- [ RunTime:0.000974s ]
[ 2012-09-14T22:51:53+08:00 ] /xxx2/admin.php | INFO: Tag[ view_parse ] --START--
[ 2012-09-14T22:51:53+08:00 ] /xxx2/admin.php | NOTIC: [8] Undefined variable: title 4c18d5952d0dbf1eedb8a1ec796fa788.php 第 5 行.
[ 2012-09-14T22:51:53+08:00 ] /xxx2/admin.php | INFO: Run ParseTemplate Behavior [ RunTime:0.023037s ]
[ 2012-09-14T22:51:53+08:00 ] /xxx2/admin.php | INFO: Tag[ view_parse ] --END-- [ RunTime:0.023139s ]
[ 2012-09-14T22:51:53+08:00 ] /xxx2/admin.php | INFO: Tag[ view_filter ] --START--
[ 2012-09-14T22:51:53+08:00 ] /xxx2/admin.php | INFO: Run ContentReplace Behavior [ RunTime:0.006311s ]
[ 2012-09-14T22:51:53+08:00 ] /xxx2/admin.php | INFO: Run TokenBuild Behavior [ RunTime:0.001438s ]
[ 2012-09-14T22:51:53+08:00 ] /xxx2/admin.php | INFO: Run WriteHtmlCache Behavior [ RunTime:0.000988s ]
[ 2012-09-14T22:51:53+08:00 ] /xxx2/admin.php | INFO: Run ShowRuntime Behavior [ RunTime:0.003624s ]
[ 2012-09-14T22:51:53+08:00 ] /xxx2/admin.php | INFO: Tag[ view_filter ] --END-- [ RunTime:0.012719s ]
[ 2012-09-14T22:51:53+08:00 ] /xxx2/admin.php | NOTIC: [2] Cannot modify header information - headers already sent by (output started at D:\XAMPP\xampp\htdocs\xxx2\admin\Lib\Action\IndexAction.class.php:1) View.class.php 第 120 行.
[ 2012-09-14T22:51:53+08:00 ] /xxx2/admin.php | NOTIC: [2] Cannot modify header information - headers already sent by (output started at D:\XAMPP\xampp\htdocs\xxx2\admin\Lib\Action\IndexAction.class.php:1) View.class.php 第 121 行.
[ 2012-09-14T22:51:53+08:00 ] /xxx2/admin.php | NOTIC: [2] Cannot modify header information - headers already sent by (output started at D:\XAMPP\xampp\htdocs\xxx2\admin\Lib\Action\IndexAction.class.php:1) View.class.php 第 122 行.
[ 2012-09-14T22:51:53+08:00 ] /xxx2/admin.php | INFO: Tag[ view_end ] --START--
[ 2012-09-14T22:51:53+08:00 ] /xxx2/admin.php | INFO: Run ShowPageTrace Behavior [ RunTime:0.001166s ]
[ 2012-09-14T22:51:53+08:00 ] /xxx2/admin.php | INFO: Tag[ view_end ] --END-- [ RunTime:0.001304s ]
[ 2012-09-14T23:08:41+08:00 ] /xxx2/admin.php/Classname/classname | INFO: Tag[ route_check ] --START--
[ 2012-09-14T23:08:41+08:00 ] /xxx2/admin.php/Classname/classname | INFO: Run CheckRoute Behavior [ RunTime:0.001772s ]
[ 2012-09-14T23:08:41+08:00 ] /xxx2/admin.php/Classname/classname | INFO: Tag[ route_check ] --END-- [ RunTime:0.001927s ]
[ 2012-09-14T23:08:41+08:00 ] /xxx2/admin.php/Classname/classname | INFO: Tag[ app_begin ] --START--
[ 2012-09-14T23:08:41+08:00 ] /xxx2/admin.php/Classname/classname | INFO: Run ReadHtmlCache Behavior [ RunTime:0.001773s ]
[ 2012-09-14T23:08:41+08:00 ] /xxx2/admin.php/Classname/classname | INFO: Tag[ app_begin ] --END-- [ RunTime:0.001915s ]
[ 2012-09-14T23:08:41+08:00 ] /xxx2/admin.php/Classname/classname | NOTIC: [2] Cannot modify header information - headers already sent by (output started at D:\XAMPP\xampp\htdocs\xxx2\admin\Lib\Action\ClassnameAction.class.php:1) ClassnameAction.class.php 第 12 行.
[ 2012-09-14T23:08:41+08:00 ] /xxx2/admin.php/Classname/classname | SQL: SHOW COLUMNS FROM `think_class` [ RunTime:0.003210s ]
[ 2012-09-14T23:08:41+08:00 ] /xxx2/admin.php/Classname/classname | SQL: SELECT `class` FROM `think_class`  [ RunTime:0.002148s ]
[ 2012-09-14T23:08:41+08:00 ] /xxx2/admin.php/Classname/classname | SQL: SHOW COLUMNS FROM `think_login` [ RunTime:0.083466s ]
[ 2012-09-14T23:08:41+08:00 ] /xxx2/admin.php/Classname/classname | NOTIC: [8] Undefined index: clas ClassnameAction.class.php 第 18 行.
[ 2012-09-14T23:08:41+08:00 ] /xxx2/admin.php/Classname/classname | SQL: SELECT COUNT(*) AS tp_count FROM `think_login` WHERE clas='通信1101' LIMIT 1   [ RunTime:0.045489s ]
[ 2012-09-14T23:08:41+08:00 ] /xxx2/admin.php/Classname/classname | SQL: SELECT `clas`,`username`,`phone`,`num` FROM `think_login` WHERE clas='通信1101'  [ RunTime:0.001074s ]
[ 2012-09-14T23:08:41+08:00 ] /xxx2/admin.php/Classname/classname | INFO: Tag[ view_template ] --START--
[ 2012-09-14T23:08:41+08:00 ] /xxx2/admin.php/Classname/classname | INFO: Run LocationTemplate Behavior [ RunTime:0.001358s ]
[ 2012-09-14T23:08:41+08:00 ] /xxx2/admin.php/Classname/classname | INFO: Tag[ view_template ] --END-- [ RunTime:0.001489s ]
[ 2012-09-14T23:08:41+08:00 ] /xxx2/admin.php/Classname/classname | INFO: Tag[ view_parse ] --START--
[ 2012-09-14T23:08:41+08:00 ] /xxx2/admin.php/Classname/classname | NOTIC: [8] Undefined variable: username 3e074f6f9cb561b89b8f8c5d0ac36e44.php 第 70 行.
[ 2012-09-14T23:08:41+08:00 ] /xxx2/admin.php/Classname/classname | NOTIC: [8] Undefined variable: username 3e074f6f9cb561b89b8f8c5d0ac36e44.php 第 70 行.
[ 2012-09-14T23:08:41+08:00 ] /xxx2/admin.php/Classname/classname | NOTIC: [8] Undefined variable: username 3e074f6f9cb561b89b8f8c5d0ac36e44.php 第 155 行.
[ 2012-09-14T23:08:41+08:00 ] /xxx2/admin.php/Classname/classname | NOTIC: [8] Undefined index: id 3e074f6f9cb561b89b8f8c5d0ac36e44.php 第 182 行.
[ 2012-09-14T23:08:41+08:00 ] /xxx2/admin.php/Classname/classname | NOTIC: [8] Undefined index: id 3e074f6f9cb561b89b8f8c5d0ac36e44.php 第 182 行.
[ 2012-09-14T23:08:41+08:00 ] /xxx2/admin.php/Classname/classname | NOTIC: [8] Undefined index: id 3e074f6f9cb561b89b8f8c5d0ac36e44.php 第 182 行.
[ 2012-09-14T23:08:41+08:00 ] /xxx2/admin.php/Classname/classname | NOTIC: [8] Undefined index: id 3e074f6f9cb561b89b8f8c5d0ac36e44.php 第 182 行.
[ 2012-09-14T23:08:41+08:00 ] /xxx2/admin.php/Classname/classname | NOTIC: [8] Undefined index: id 3e074f6f9cb561b89b8f8c5d0ac36e44.php 第 182 行.
[ 2012-09-14T23:08:41+08:00 ] /xxx2/admin.php/Classname/classname | NOTIC: [8] Undefined index: id 3e074f6f9cb561b89b8f8c5d0ac36e44.php 第 182 行.
[ 2012-09-14T23:08:41+08:00 ] /xxx2/admin.php/Classname/classname | INFO: Run ParseTemplate Behavior [ RunTime:0.065623s ]
[ 2012-09-14T23:08:41+08:00 ] /xxx2/admin.php/Classname/classname | INFO: Tag[ view_parse ] --END-- [ RunTime:0.065733s ]
[ 2012-09-14T23:08:41+08:00 ] /xxx2/admin.php/Classname/classname | INFO: Tag[ view_filter ] --START--
[ 2012-09-14T23:08:41+08:00 ] /xxx2/admin.php/Classname/classname | INFO: Run ContentReplace Behavior [ RunTime:0.002701s ]
[ 2012-09-14T23:08:41+08:00 ] /xxx2/admin.php/Classname/classname | INFO: Run TokenBuild Behavior [ RunTime:0.001087s ]
[ 2012-09-14T23:08:41+08:00 ] /xxx2/admin.php/Classname/classname | INFO: Run WriteHtmlCache Behavior [ RunTime:0.002185s ]
[ 2012-09-14T23:08:41+08:00 ] /xxx2/admin.php/Classname/classname | INFO: Run ShowRuntime Behavior [ RunTime:0.001651s ]
[ 2012-09-14T23:08:41+08:00 ] /xxx2/admin.php/Classname/classname | INFO: Tag[ view_filter ] --END-- [ RunTime:0.008322s ]
[ 2012-09-14T23:08:41+08:00 ] /xxx2/admin.php/Classname/classname | NOTIC: [2] Cannot modify header information - headers already sent by (output started at D:\XAMPP\xampp\htdocs\xxx2\admin\Lib\Action\ClassnameAction.class.php:1) View.class.php 第 120 行.
[ 2012-09-14T23:08:41+08:00 ] /xxx2/admin.php/Classname/classname | NOTIC: [2] Cannot modify header information - headers already sent by (output started at D:\XAMPP\xampp\htdocs\xxx2\admin\Lib\Action\ClassnameAction.class.php:1) View.class.php 第 121 行.
[ 2012-09-14T23:08:41+08:00 ] /xxx2/admin.php/Classname/classname | NOTIC: [2] Cannot modify header information - headers already sent by (output started at D:\XAMPP\xampp\htdocs\xxx2\admin\Lib\Action\ClassnameAction.class.php:1) View.class.php 第 122 行.
[ 2012-09-14T23:08:41+08:00 ] /xxx2/admin.php/Classname/classname | INFO: Tag[ view_end ] --START--
[ 2012-09-14T23:08:41+08:00 ] /xxx2/admin.php/Classname/classname | INFO: Run ShowPageTrace Behavior [ RunTime:0.003673s ]
[ 2012-09-14T23:08:41+08:00 ] /xxx2/admin.php/Classname/classname | INFO: Tag[ view_end ] --END-- [ RunTime:0.003810s ]
