[ 2012-09-28T17:40:10+08:00 ] /xxx2/admin.php/Login/index/ | INFO: Tag[ route_check ] --START--
[ 2012-09-28T17:40:10+08:00 ] /xxx2/admin.php/Login/index/ | INFO: Run CheckRoute Behavior [ RunTime:0.102882s ]
[ 2012-09-28T17:40:10+08:00 ] /xxx2/admin.php/Login/index/ | INFO: Tag[ route_check ] --END-- [ RunTime:0.103018s ]
[ 2012-09-28T17:40:10+08:00 ] /xxx2/admin.php/Login/index/ | INFO: Tag[ app_begin ] --START--
[ 2012-09-28T17:40:10+08:00 ] /xxx2/admin.php/Login/index/ | INFO: Run ReadHtmlCache Behavior [ RunTime:0.000694s ]
[ 2012-09-28T17:40:10+08:00 ] /xxx2/admin.php/Login/index/ | INFO: Tag[ app_begin ] --END-- [ RunTime:0.000774s ]
[ 2012-09-28T17:40:10+08:00 ] /xxx2/admin.php/Login/index/ | INFO: Tag[ view_template ] --START--
[ 2012-09-28T17:40:10+08:00 ] /xxx2/admin.php/Login/index/ | INFO: Run LocationTemplate Behavior [ RunTime:0.000860s ]
[ 2012-09-28T17:40:10+08:00 ] /xxx2/admin.php/Login/index/ | INFO: Tag[ view_template ] --END-- [ RunTime:0.000979s ]
[ 2012-09-28T17:40:10+08:00 ] /xxx2/admin.php/Login/index/ | INFO: Tag[ view_parse ] --START--
[ 2012-09-28T17:40:10+08:00 ] /xxx2/admin.php/Login/index/ | INFO: Run ParseTemplate Behavior [ RunTime:0.085059s ]
[ 2012-09-28T17:40:10+08:00 ] /xxx2/admin.php/Login/index/ | INFO: Tag[ view_parse ] --END-- [ RunTime:0.085199s ]
[ 2012-09-28T17:40:10+08:00 ] /xxx2/admin.php/Login/index/ | INFO: Tag[ view_filter ] --START--
[ 2012-09-28T17:40:10+08:00 ] /xxx2/admin.php/Login/index/ | INFO: Run ContentReplace Behavior [ RunTime:0.000438s ]
[ 2012-09-28T17:40:10+08:00 ] /xxx2/admin.php/Login/index/ | INFO: Run TokenBuild Behavior [ RunTime:0.000464s ]
[ 2012-09-28T17:40:10+08:00 ] /xxx2/admin.php/Login/index/ | INFO: Run WriteHtmlCache Behavior [ RunTime:0.000306s ]
[ 2012-09-28T17:40:10+08:00 ] /xxx2/admin.php/Login/index/ | INFO: Run ShowRuntime Behavior [ RunTime:0.000515s ]
[ 2012-09-28T17:40:10+08:00 ] /xxx2/admin.php/Login/index/ | INFO: Tag[ view_filter ] --END-- [ RunTime:0.001907s ]
[ 2012-09-28T17:40:10+08:00 ] /xxx2/admin.php/Login/index/ | NOTIC: [2] Cannot modify header information - headers already sent by (output started at D:\XAMPP\xampp\htdocs\xxx2\admin\Lib\Action\LoginAction.class.php:1) View.class.php 第 120 行.
[ 2012-09-28T17:40:10+08:00 ] /xxx2/admin.php/Login/index/ | NOTIC: [2] Cannot modify header information - headers already sent by (output started at D:\XAMPP\xampp\htdocs\xxx2\admin\Lib\Action\LoginAction.class.php:1) View.class.php 第 121 行.
[ 2012-09-28T17:40:10+08:00 ] /xxx2/admin.php/Login/index/ | NOTIC: [2] Cannot modify header information - headers already sent by (output started at D:\XAMPP\xampp\htdocs\xxx2\admin\Lib\Action\LoginAction.class.php:1) View.class.php 第 122 行.
[ 2012-09-28T17:40:10+08:00 ] /xxx2/admin.php/Login/index/ | INFO: Tag[ view_end ] --START--
[ 2012-09-28T17:40:10+08:00 ] /xxx2/admin.php/Login/index/ | INFO: Run ShowPageTrace Behavior [ RunTime:0.000463s ]
[ 2012-09-28T17:40:10+08:00 ] /xxx2/admin.php/Login/index/ | INFO: Tag[ view_end ] --END-- [ RunTime:0.000525s ]
[ 2012-09-28T17:40:11+08:00 ] /xxx2/admin.php/Common/verify | INFO: Tag[ route_check ] --START--
[ 2012-09-28T17:40:11+08:00 ] /xxx2/admin.php/Common/verify | INFO: Run CheckRoute Behavior [ RunTime:0.001366s ]
[ 2012-09-28T17:40:11+08:00 ] /xxx2/admin.php/Common/verify | INFO: Tag[ route_check ] --END-- [ RunTime:0.001496s ]
[ 2012-09-28T17:40:11+08:00 ] /xxx2/admin.php/Common/verify | INFO: Tag[ app_begin ] --START--
[ 2012-09-28T17:40:11+08:00 ] /xxx2/admin.php/Common/verify | INFO: Run ReadHtmlCache Behavior [ RunTime:0.000969s ]
[ 2012-09-28T17:40:11+08:00 ] /xxx2/admin.php/Common/verify | INFO: Tag[ app_begin ] --END-- [ RunTime:0.001045s ]
[ 2012-09-28T17:40:11+08:00 ] /xxx2/admin.php/Login/index/resources/images/closelabel.gif | INFO: Tag[ route_check ] --START--
[ 2012-09-28T17:40:11+08:00 ] /xxx2/admin.php/Login/index/resources/images/closelabel.gif | INFO: Run CheckRoute Behavior [ RunTime:0.001388s ]
[ 2012-09-28T17:40:11+08:00 ] /xxx2/admin.php/Login/index/resources/images/closelabel.gif | INFO: Tag[ route_check ] --END-- [ RunTime:0.001519s ]
[ 2012-09-28T17:40:11+08:00 ] /xxx2/admin.php/Login/index/resources/images/closelabel.gif | INFO: Tag[ app_begin ] --START--
[ 2012-09-28T17:40:11+08:00 ] /xxx2/admin.php/Login/index/resources/images/closelabel.gif | INFO: Run ReadHtmlCache Behavior [ RunTime:0.000827s ]
[ 2012-09-28T17:40:11+08:00 ] /xxx2/admin.php/Login/index/resources/images/closelabel.gif | INFO: Tag[ app_begin ] --END-- [ RunTime:0.000902s ]
[ 2012-09-28T17:40:11+08:00 ] /xxx2/admin.php/Login/index/resources/images/closelabel.gif | INFO: Tag[ view_template ] --START--
[ 2012-09-28T17:40:11+08:00 ] /xxx2/admin.php/Login/index/resources/images/closelabel.gif | INFO: Run LocationTemplate Behavior [ RunTime:0.001129s ]
[ 2012-09-28T17:40:11+08:00 ] /xxx2/admin.php/Login/index/resources/images/closelabel.gif | INFO: Tag[ view_template ] --END-- [ RunTime:0.001250s ]
[ 2012-09-28T17:40:11+08:00 ] /xxx2/admin.php/Login/index/resources/images/closelabel.gif | INFO: Tag[ view_parse ] --START--
[ 2012-09-28T17:40:11+08:00 ] /xxx2/admin.php/Login/index/resources/images/closelabel.gif | INFO: Run ParseTemplate Behavior [ RunTime:0.016834s ]
[ 2012-09-28T17:40:11+08:00 ] /xxx2/admin.php/Login/index/resources/images/closelabel.gif | INFO: Tag[ view_parse ] --END-- [ RunTime:0.016971s ]
[ 2012-09-28T17:40:11+08:00 ] /xxx2/admin.php/Login/index/resources/images/closelabel.gif | INFO: Tag[ view_filter ] --START--
[ 2012-09-28T17:40:11+08:00 ] /xxx2/admin.php/Login/index/resources/images/closelabel.gif | INFO: Run ContentReplace Behavior [ RunTime:0.000675s ]
[ 2012-09-28T17:40:11+08:00 ] /xxx2/admin.php/Login/index/resources/images/closelabel.gif | INFO: Run TokenBuild Behavior [ RunTime:0.000836s ]
[ 2012-09-28T17:40:11+08:00 ] /xxx2/admin.php/Login/index/resources/images/closelabel.gif | INFO: Run WriteHtmlCache Behavior [ RunTime:0.001123s ]
[ 2012-09-28T17:40:11+08:00 ] /xxx2/admin.php/Login/index/resources/images/closelabel.gif | INFO: Run ShowRuntime Behavior [ RunTime:0.000732s ]
[ 2012-09-28T17:40:11+08:00 ] /xxx2/admin.php/Login/index/resources/images/closelabel.gif | INFO: Tag[ view_filter ] --END-- [ RunTime:0.003596s ]
[ 2012-09-28T17:40:11+08:00 ] /xxx2/admin.php/Login/index/resources/images/closelabel.gif | NOTIC: [2] Cannot modify header information - headers already sent by (output started at D:\XAMPP\xampp\htdocs\xxx2\admin\Lib\Action\LoginAction.class.php:1) View.class.php 第 120 行.
[ 2012-09-28T17:40:11+08:00 ] /xxx2/admin.php/Login/index/resources/images/closelabel.gif | NOTIC: [2] Cannot modify header information - headers already sent by (output started at D:\XAMPP\xampp\htdocs\xxx2\admin\Lib\Action\LoginAction.class.php:1) View.class.php 第 121 行.
[ 2012-09-28T17:40:11+08:00 ] /xxx2/admin.php/Login/index/resources/images/closelabel.gif | NOTIC: [2] Cannot modify header information - headers already sent by (output started at D:\XAMPP\xampp\htdocs\xxx2\admin\Lib\Action\LoginAction.class.php:1) View.class.php 第 122 行.
[ 2012-09-28T17:40:11+08:00 ] /xxx2/admin.php/Login/index/resources/images/closelabel.gif | INFO: Tag[ view_end ] --START--
[ 2012-09-28T17:40:11+08:00 ] /xxx2/admin.php/Login/index/resources/images/closelabel.gif | INFO: Run ShowPageTrace Behavior [ RunTime:0.000697s ]
[ 2012-09-28T17:40:11+08:00 ] /xxx2/admin.php/Login/index/resources/images/closelabel.gif | INFO: Tag[ view_end ] --END-- [ RunTime:0.000768s ]
[ 2012-09-28T17:40:23+08:00 ] /xxx2/admin.php/Index/index/username/admin | INFO: Tag[ route_check ] --START--
[ 2012-09-28T17:40:23+08:00 ] /xxx2/admin.php/Index/index/username/admin | INFO: Run CheckRoute Behavior [ RunTime:0.000939s ]
[ 2012-09-28T17:40:23+08:00 ] /xxx2/admin.php/Index/index/username/admin | INFO: Tag[ route_check ] --END-- [ RunTime:0.001041s ]
[ 2012-09-28T17:40:23+08:00 ] /xxx2/admin.php/Index/index/username/admin | INFO: Tag[ app_begin ] --START--
[ 2012-09-28T17:40:23+08:00 ] /xxx2/admin.php/Index/index/username/admin | INFO: Run ReadHtmlCache Behavior [ RunTime:0.000615s ]
[ 2012-09-28T17:40:23+08:00 ] /xxx2/admin.php/Index/index/username/admin | INFO: Tag[ app_begin ] --END-- [ RunTime:0.000678s ]
[ 2012-09-28T17:40:23+08:00 ] /xxx2/admin.php/Index/index/username/admin | NOTIC: [2] Cannot modify header information - headers already sent by (output started at D:\XAMPP\xampp\htdocs\xxx2\admin\Lib\Action\IndexAction.class.php:1) IndexAction.class.php 第 12 行.
[ 2012-09-28T17:40:23+08:00 ] /xxx2/admin.php/Index/index/username/admin | INFO: Tag[ view_template ] --START--
[ 2012-09-28T17:40:23+08:00 ] /xxx2/admin.php/Index/index/username/admin | INFO: Run LocationTemplate Behavior [ RunTime:0.057155s ]
[ 2012-09-28T17:40:23+08:00 ] /xxx2/admin.php/Index/index/username/admin | INFO: Tag[ view_template ] --END-- [ RunTime:0.057268s ]
[ 2012-09-28T17:40:23+08:00 ] /xxx2/admin.php/Index/index/username/admin | INFO: Tag[ view_parse ] --START--
[ 2012-09-28T17:40:23+08:00 ] /xxx2/admin.php/Index/index/username/admin | NOTIC: [8] Undefined variable: title 4c18d5952d0dbf1eedb8a1ec796fa788.php 第 5 行.
[ 2012-09-28T17:40:23+08:00 ] /xxx2/admin.php/Index/index/username/admin | INFO: Run ParseTemplate Behavior [ RunTime:0.050073s ]
[ 2012-09-28T17:40:23+08:00 ] /xxx2/admin.php/Index/index/username/admin | INFO: Tag[ view_parse ] --END-- [ RunTime:0.050210s ]
[ 2012-09-28T17:40:23+08:00 ] /xxx2/admin.php/Index/index/username/admin | INFO: Tag[ view_filter ] --START--
[ 2012-09-28T17:40:23+08:00 ] /xxx2/admin.php/Index/index/username/admin | INFO: Run ContentReplace Behavior [ RunTime:0.000769s ]
[ 2012-09-28T17:40:23+08:00 ] /xxx2/admin.php/Index/index/username/admin | INFO: Run TokenBuild Behavior [ RunTime:0.001306s ]
[ 2012-09-28T17:40:23+08:00 ] /xxx2/admin.php/Index/index/username/admin | INFO: Run WriteHtmlCache Behavior [ RunTime:0.000548s ]
[ 2012-09-28T17:40:23+08:00 ] /xxx2/admin.php/Index/index/username/admin | INFO: Run ShowRuntime Behavior [ RunTime:0.000854s ]
[ 2012-09-28T17:40:23+08:00 ] /xxx2/admin.php/Index/index/username/admin | INFO: Tag[ view_filter ] --END-- [ RunTime:0.004394s ]
[ 2012-09-28T17:40:23+08:00 ] /xxx2/admin.php/Index/index/username/admin | NOTIC: [2] Cannot modify header information - headers already sent by (output started at D:\XAMPP\xampp\htdocs\xxx2\admin\Lib\Action\IndexAction.class.php:1) View.class.php 第 120 行.
[ 2012-09-28T17:40:23+08:00 ] /xxx2/admin.php/Index/index/username/admin | NOTIC: [2] Cannot modify header information - headers already sent by (output started at D:\XAMPP\xampp\htdocs\xxx2\admin\Lib\Action\IndexAction.class.php:1) View.class.php 第 121 行.
[ 2012-09-28T17:40:23+08:00 ] /xxx2/admin.php/Index/index/username/admin | NOTIC: [2] Cannot modify header information - headers already sent by (output started at D:\XAMPP\xampp\htdocs\xxx2\admin\Lib\Action\IndexAction.class.php:1) View.class.php 第 122 行.
[ 2012-09-28T17:40:23+08:00 ] /xxx2/admin.php/Index/index/username/admin | INFO: Tag[ view_end ] --START--
[ 2012-09-28T17:40:23+08:00 ] /xxx2/admin.php/Index/index/username/admin | INFO: Run ShowPageTrace Behavior [ RunTime:0.000641s ]
[ 2012-09-28T17:40:23+08:00 ] /xxx2/admin.php/Index/index/username/admin | INFO: Tag[ view_end ] --END-- [ RunTime:0.000705s ]
[ 2012-09-28T17:40:23+08:00 ] /xxx2/admin.php/Index/index/username/resources/images/closelabel.gif | INFO: Tag[ route_check ] --START--
[ 2012-09-28T17:40:23+08:00 ] /xxx2/admin.php/Index/index/username/resources/images/closelabel.gif | INFO: Run CheckRoute Behavior [ RunTime:0.001370s ]
[ 2012-09-28T17:40:23+08:00 ] /xxx2/admin.php/Index/index/username/resources/images/closelabel.gif | INFO: Tag[ route_check ] --END-- [ RunTime:0.001504s ]
[ 2012-09-28T17:40:23+08:00 ] /xxx2/admin.php/Index/index/username/resources/images/closelabel.gif | INFO: Tag[ app_begin ] --START--
[ 2012-09-28T17:40:23+08:00 ] /xxx2/admin.php/Index/index/username/resources/images/closelabel.gif | INFO: Run ReadHtmlCache Behavior [ RunTime:0.000896s ]
[ 2012-09-28T17:40:23+08:00 ] /xxx2/admin.php/Index/index/username/resources/images/closelabel.gif | INFO: Tag[ app_begin ] --END-- [ RunTime:0.000986s ]
[ 2012-09-28T17:40:23+08:00 ] /xxx2/admin.php/Index/index/username/resources/images/closelabel.gif | NOTIC: [2] Cannot modify header information - headers already sent by (output started at D:\XAMPP\xampp\htdocs\xxx2\admin\Lib\Action\IndexAction.class.php:1) IndexAction.class.php 第 12 行.
[ 2012-09-28T17:40:23+08:00 ] /xxx2/admin.php/Index/index/username/resources/images/closelabel.gif | INFO: Tag[ view_template ] --START--
[ 2012-09-28T17:40:23+08:00 ] /xxx2/admin.php/Index/index/username/resources/images/closelabel.gif | INFO: Run LocationTemplate Behavior [ RunTime:0.002517s ]
[ 2012-09-28T17:40:23+08:00 ] /xxx2/admin.php/Index/index/username/resources/images/closelabel.gif | INFO: Tag[ view_template ] --END-- [ RunTime:0.002635s ]
[ 2012-09-28T17:40:23+08:00 ] /xxx2/admin.php/Index/index/username/resources/images/closelabel.gif | INFO: Tag[ view_parse ] --START--
[ 2012-09-28T17:40:23+08:00 ] /xxx2/admin.php/Index/index/username/resources/images/closelabel.gif | NOTIC: [8] Undefined variable: title 4c18d5952d0dbf1eedb8a1ec796fa788.php 第 5 行.
[ 2012-09-28T17:40:23+08:00 ] /xxx2/admin.php/Index/index/username/resources/images/closelabel.gif | INFO: Run ParseTemplate Behavior [ RunTime:0.021079s ]
[ 2012-09-28T17:40:23+08:00 ] /xxx2/admin.php/Index/index/username/resources/images/closelabel.gif | INFO: Tag[ view_parse ] --END-- [ RunTime:0.021167s ]
[ 2012-09-28T17:40:23+08:00 ] /xxx2/admin.php/Index/index/username/resources/images/closelabel.gif | INFO: Tag[ view_filter ] --START--
[ 2012-09-28T17:40:23+08:00 ] /xxx2/admin.php/Index/index/username/resources/images/closelabel.gif | INFO: Run ContentReplace Behavior [ RunTime:0.000759s ]
[ 2012-09-28T17:40:23+08:00 ] /xxx2/admin.php/Index/index/username/resources/images/closelabel.gif | INFO: Run TokenBuild Behavior [ RunTime:0.000746s ]
[ 2012-09-28T17:40:23+08:00 ] /xxx2/admin.php/Index/index/username/resources/images/closelabel.gif | INFO: Run WriteHtmlCache Behavior [ RunTime:0.000455s ]
[ 2012-09-28T17:40:23+08:00 ] /xxx2/admin.php/Index/index/username/resources/images/closelabel.gif | INFO: Run ShowRuntime Behavior [ RunTime:0.000720s ]
[ 2012-09-28T17:40:23+08:00 ] /xxx2/admin.php/Index/index/username/resources/images/closelabel.gif | INFO: Tag[ view_filter ] --END-- [ RunTime:0.002898s ]
[ 2012-09-28T17:40:23+08:00 ] /xxx2/admin.php/Index/index/username/resources/images/closelabel.gif | NOTIC: [2] Cannot modify header information - headers already sent by (output started at D:\XAMPP\xampp\htdocs\xxx2\admin\Lib\Action\IndexAction.class.php:1) View.class.php 第 120 行.
[ 2012-09-28T17:40:23+08:00 ] /xxx2/admin.php/Index/index/username/resources/images/closelabel.gif | NOTIC: [2] Cannot modify header information - headers already sent by (output started at D:\XAMPP\xampp\htdocs\xxx2\admin\Lib\Action\IndexAction.class.php:1) View.class.php 第 121 行.
[ 2012-09-28T17:40:23+08:00 ] /xxx2/admin.php/Index/index/username/resources/images/closelabel.gif | NOTIC: [2] Cannot modify header information - headers already sent by (output started at D:\XAMPP\xampp\htdocs\xxx2\admin\Lib\Action\IndexAction.class.php:1) View.class.php 第 122 行.
[ 2012-09-28T17:40:23+08:00 ] /xxx2/admin.php/Index/index/username/resources/images/closelabel.gif | INFO: Tag[ view_end ] --START--
[ 2012-09-28T17:40:23+08:00 ] /xxx2/admin.php/Index/index/username/resources/images/closelabel.gif | INFO: Run ShowPageTrace Behavior [ RunTime:0.001163s ]
[ 2012-09-28T17:40:23+08:00 ] /xxx2/admin.php/Index/index/username/resources/images/closelabel.gif | INFO: Tag[ view_end ] --END-- [ RunTime:0.001301s ]
