[ 2012-08-09T23:28:22+08:00 ] /xxx/admin.php/Login/index/ | INFO: Tag[ route_check ] --START--
[ 2012-08-09T23:28:22+08:00 ] /xxx/admin.php/Login/index/ | INFO: Run CheckRoute Behavior [ RunTime:0.001931s ]
[ 2012-08-09T23:28:22+08:00 ] /xxx/admin.php/Login/index/ | INFO: Tag[ route_check ] --END-- [ RunTime:0.002060s ]
[ 2012-08-09T23:28:22+08:00 ] /xxx/admin.php/Login/index/ | INFO: Tag[ app_begin ] --START--
[ 2012-08-09T23:28:22+08:00 ] /xxx/admin.php/Login/index/ | INFO: Run ReadHtmlCache Behavior [ RunTime:0.000759s ]
[ 2012-08-09T23:28:22+08:00 ] /xxx/admin.php/Login/index/ | INFO: Tag[ app_begin ] --END-- [ RunTime:0.000851s ]
[ 2012-08-09T23:28:22+08:00 ] /xxx/admin.php/Login/index/ | INFO: Tag[ view_template ] --START--
[ 2012-08-09T23:28:22+08:00 ] /xxx/admin.php/Login/index/ | INFO: Run LocationTemplate Behavior [ RunTime:0.001189s ]
[ 2012-08-09T23:28:22+08:00 ] /xxx/admin.php/Login/index/ | INFO: Tag[ view_template ] --END-- [ RunTime:0.001276s ]
[ 2012-08-09T23:28:22+08:00 ] /xxx/admin.php/Login/index/ | INFO: Tag[ view_parse ] --START--
[ 2012-08-09T23:28:22+08:00 ] /xxx/admin.php/Login/index/ | INFO: Run ParseTemplate Behavior [ RunTime:0.010922s ]
[ 2012-08-09T23:28:22+08:00 ] /xxx/admin.php/Login/index/ | INFO: Tag[ view_parse ] --END-- [ RunTime:0.011030s ]
[ 2012-08-09T23:28:22+08:00 ] /xxx/admin.php/Login/index/ | INFO: Tag[ view_filter ] --START--
[ 2012-08-09T23:28:22+08:00 ] /xxx/admin.php/Login/index/ | INFO: Run ContentReplace Behavior [ RunTime:0.001619s ]
[ 2012-08-09T23:28:22+08:00 ] /xxx/admin.php/Login/index/ | INFO: Run TokenBuild Behavior [ RunTime:0.001263s ]
[ 2012-08-09T23:28:22+08:00 ] /xxx/admin.php/Login/index/ | INFO: Run WriteHtmlCache Behavior [ RunTime:0.000601s ]
[ 2012-08-09T23:28:22+08:00 ] /xxx/admin.php/Login/index/ | INFO: Run ShowRuntime Behavior [ RunTime:0.000817s ]
[ 2012-08-09T23:28:22+08:00 ] /xxx/admin.php/Login/index/ | INFO: Tag[ view_filter ] --END-- [ RunTime:0.004669s ]
[ 2012-08-09T23:28:22+08:00 ] /xxx/admin.php/Login/index/ | NOTIC: [2] Cannot modify header information - headers already sent by (output started at D:\XAMPP\xampp\htdocs\xxx\admin\Lib\Action\LoginAction.class.php:1) View.class.php 第 120 行.
[ 2012-08-09T23:28:22+08:00 ] /xxx/admin.php/Login/index/ | NOTIC: [2] Cannot modify header information - headers already sent by (output started at D:\XAMPP\xampp\htdocs\xxx\admin\Lib\Action\LoginAction.class.php:1) View.class.php 第 121 行.
[ 2012-08-09T23:28:22+08:00 ] /xxx/admin.php/Login/index/ | NOTIC: [2] Cannot modify header information - headers already sent by (output started at D:\XAMPP\xampp\htdocs\xxx\admin\Lib\Action\LoginAction.class.php:1) View.class.php 第 122 行.
[ 2012-08-09T23:28:22+08:00 ] /xxx/admin.php/Login/index/ | INFO: Tag[ view_end ] --START--
[ 2012-08-09T23:28:22+08:00 ] /xxx/admin.php/Login/index/ | INFO: Run ShowPageTrace Behavior [ RunTime:0.000981s ]
[ 2012-08-09T23:28:22+08:00 ] /xxx/admin.php/Login/index/ | INFO: Tag[ view_end ] --END-- [ RunTime:0.001205s ]
[ 2012-08-09T23:28:23+08:00 ] /xxx/admin.php/Common/verify | INFO: Tag[ route_check ] --START--
[ 2012-08-09T23:28:23+08:00 ] /xxx/admin.php/Common/verify | INFO: Run CheckRoute Behavior [ RunTime:0.001248s ]
[ 2012-08-09T23:28:23+08:00 ] /xxx/admin.php/Common/verify | INFO: Tag[ route_check ] --END-- [ RunTime:0.001361s ]
[ 2012-08-09T23:28:23+08:00 ] /xxx/admin.php/Common/verify | INFO: Tag[ app_begin ] --START--
[ 2012-08-09T23:28:23+08:00 ] /xxx/admin.php/Common/verify | INFO: Run ReadHtmlCache Behavior [ RunTime:0.000820s ]
[ 2012-08-09T23:28:23+08:00 ] /xxx/admin.php/Common/verify | INFO: Tag[ app_begin ] --END-- [ RunTime:0.000896s ]
[ 2012-08-09T23:28:23+08:00 ] /xxx/admin.php/Login/index/resources/images/closelabel.gif | INFO: Tag[ route_check ] --START--
[ 2012-08-09T23:28:23+08:00 ] /xxx/admin.php/Login/index/resources/images/closelabel.gif | INFO: Run CheckRoute Behavior [ RunTime:0.001563s ]
[ 2012-08-09T23:28:23+08:00 ] /xxx/admin.php/Login/index/resources/images/closelabel.gif | INFO: Tag[ route_check ] --END-- [ RunTime:0.001716s ]
[ 2012-08-09T23:28:23+08:00 ] /xxx/admin.php/Login/index/resources/images/closelabel.gif | INFO: Tag[ app_begin ] --START--
[ 2012-08-09T23:28:23+08:00 ] /xxx/admin.php/Login/index/resources/images/closelabel.gif | INFO: Run ReadHtmlCache Behavior [ RunTime:0.001686s ]
[ 2012-08-09T23:28:23+08:00 ] /xxx/admin.php/Login/index/resources/images/closelabel.gif | INFO: Tag[ app_begin ] --END-- [ RunTime:0.001805s ]
[ 2012-08-09T23:28:23+08:00 ] /xxx/admin.php/Login/index/resources/images/closelabel.gif | INFO: Tag[ view_template ] --START--
[ 2012-08-09T23:28:23+08:00 ] /xxx/admin.php/Login/index/resources/images/closelabel.gif | INFO: Run LocationTemplate Behavior [ RunTime:0.001231s ]
[ 2012-08-09T23:28:23+08:00 ] /xxx/admin.php/Login/index/resources/images/closelabel.gif | INFO: Tag[ view_template ] --END-- [ RunTime:0.001363s ]
[ 2012-08-09T23:28:23+08:00 ] /xxx/admin.php/Login/index/resources/images/closelabel.gif | INFO: Tag[ view_parse ] --START--
[ 2012-08-09T23:28:23+08:00 ] /xxx/admin.php/Login/index/resources/images/closelabel.gif | INFO: Run ParseTemplate Behavior [ RunTime:0.017482s ]
[ 2012-08-09T23:28:23+08:00 ] /xxx/admin.php/Login/index/resources/images/closelabel.gif | INFO: Tag[ view_parse ] --END-- [ RunTime:0.017588s ]
[ 2012-08-09T23:28:23+08:00 ] /xxx/admin.php/Login/index/resources/images/closelabel.gif | INFO: Tag[ view_filter ] --START--
[ 2012-08-09T23:28:23+08:00 ] /xxx/admin.php/Login/index/resources/images/closelabel.gif | INFO: Run ContentReplace Behavior [ RunTime:0.000572s ]
[ 2012-08-09T23:28:23+08:00 ] /xxx/admin.php/Login/index/resources/images/closelabel.gif | INFO: Run TokenBuild Behavior [ RunTime:0.001529s ]
[ 2012-08-09T23:28:23+08:00 ] /xxx/admin.php/Login/index/resources/images/closelabel.gif | INFO: Run WriteHtmlCache Behavior [ RunTime:0.000568s ]
[ 2012-08-09T23:28:23+08:00 ] /xxx/admin.php/Login/index/resources/images/closelabel.gif | INFO: Run ShowRuntime Behavior [ RunTime:0.000764s ]
[ 2012-08-09T23:28:23+08:00 ] /xxx/admin.php/Login/index/resources/images/closelabel.gif | INFO: Tag[ view_filter ] --END-- [ RunTime:0.003661s ]
[ 2012-08-09T23:28:23+08:00 ] /xxx/admin.php/Login/index/resources/images/closelabel.gif | NOTIC: [2] Cannot modify header information - headers already sent by (output started at D:\XAMPP\xampp\htdocs\xxx\admin\Lib\Action\LoginAction.class.php:1) View.class.php 第 120 行.
[ 2012-08-09T23:28:23+08:00 ] /xxx/admin.php/Login/index/resources/images/closelabel.gif | NOTIC: [2] Cannot modify header information - headers already sent by (output started at D:\XAMPP\xampp\htdocs\xxx\admin\Lib\Action\LoginAction.class.php:1) View.class.php 第 121 行.
[ 2012-08-09T23:28:23+08:00 ] /xxx/admin.php/Login/index/resources/images/closelabel.gif | NOTIC: [2] Cannot modify header information - headers already sent by (output started at D:\XAMPP\xampp\htdocs\xxx\admin\Lib\Action\LoginAction.class.php:1) View.class.php 第 122 行.
[ 2012-08-09T23:28:23+08:00 ] /xxx/admin.php/Login/index/resources/images/closelabel.gif | INFO: Tag[ view_end ] --START--
[ 2012-08-09T23:28:23+08:00 ] /xxx/admin.php/Login/index/resources/images/closelabel.gif | INFO: Run ShowPageTrace Behavior [ RunTime:0.000726s ]
[ 2012-08-09T23:28:23+08:00 ] /xxx/admin.php/Login/index/resources/images/closelabel.gif | INFO: Tag[ view_end ] --END-- [ RunTime:0.000800s ]
[ 2012-08-09T23:28:55+08:00 ] /xxx/admin.php/Index/index/username/ruby97 | INFO: Tag[ route_check ] --START--
[ 2012-08-09T23:28:55+08:00 ] /xxx/admin.php/Index/index/username/ruby97 | INFO: Run CheckRoute Behavior [ RunTime:0.001077s ]
[ 2012-08-09T23:28:55+08:00 ] /xxx/admin.php/Index/index/username/ruby97 | INFO: Tag[ route_check ] --END-- [ RunTime:0.001205s ]
[ 2012-08-09T23:28:55+08:00 ] /xxx/admin.php/Index/index/username/ruby97 | INFO: Tag[ app_begin ] --START--
[ 2012-08-09T23:28:55+08:00 ] /xxx/admin.php/Index/index/username/ruby97 | INFO: Run ReadHtmlCache Behavior [ RunTime:0.000734s ]
[ 2012-08-09T23:28:55+08:00 ] /xxx/admin.php/Index/index/username/ruby97 | INFO: Tag[ app_begin ] --END-- [ RunTime:0.000815s ]
[ 2012-08-09T23:28:55+08:00 ] /xxx/admin.php/Index/index/username/ruby97 | NOTIC: [2] Cannot modify header information - headers already sent by (output started at D:\XAMPP\xampp\htdocs\xxx\admin\Lib\Action\IndexAction.class.php:1) IndexAction.class.php 第 12 行.
[ 2012-08-09T23:28:55+08:00 ] /xxx/admin.php/Index/index/username/ruby97 | SQL: SHOW COLUMNS FROM `think_article` [ RunTime:0.003368s ]
[ 2012-08-09T23:28:55+08:00 ] /xxx/admin.php/Index/index/username/ruby97 | SQL: SELECT COUNT(*) AS tp_count FROM `think_article` LIMIT 1   [ RunTime:0.003828s ]
[ 2012-08-09T23:28:55+08:00 ] /xxx/admin.php/Index/index/username/ruby97 | SQL: SELECT `id`,`subject`,`author`,`createtime` FROM `think_article` ORDER BY id desc LIMIT 0,8   [ RunTime:0.009845s ]
[ 2012-08-09T23:28:55+08:00 ] /xxx/admin.php/Index/index/username/ruby97 | NOTIC: [8] Undefined index: lastmodifytime IndexAction.class.php 第 112 行.
[ 2012-08-09T23:28:55+08:00 ] /xxx/admin.php/Index/index/username/ruby97 | NOTIC: [8] Undefined index: lastmodifytime IndexAction.class.php 第 112 行.
[ 2012-08-09T23:28:55+08:00 ] /xxx/admin.php/Index/index/username/ruby97 | NOTIC: [8] Undefined index: lastmodifytime IndexAction.class.php 第 112 行.
[ 2012-08-09T23:28:55+08:00 ] /xxx/admin.php/Index/index/username/ruby97 | INFO: Tag[ view_template ] --START--
[ 2012-08-09T23:28:55+08:00 ] /xxx/admin.php/Index/index/username/ruby97 | INFO: Run LocationTemplate Behavior [ RunTime:0.001283s ]
[ 2012-08-09T23:28:55+08:00 ] /xxx/admin.php/Index/index/username/ruby97 | INFO: Tag[ view_template ] --END-- [ RunTime:0.001369s ]
[ 2012-08-09T23:28:55+08:00 ] /xxx/admin.php/Index/index/username/ruby97 | INFO: Tag[ view_parse ] --START--
[ 2012-08-09T23:28:55+08:00 ] /xxx/admin.php/Index/index/username/ruby97 | INFO: Run ParseTemplate Behavior [ RunTime:0.016625s ]
[ 2012-08-09T23:28:55+08:00 ] /xxx/admin.php/Index/index/username/ruby97 | INFO: Tag[ view_parse ] --END-- [ RunTime:0.016739s ]
[ 2012-08-09T23:28:55+08:00 ] /xxx/admin.php/Index/index/username/ruby97 | INFO: Tag[ view_filter ] --START--
[ 2012-08-09T23:28:55+08:00 ] /xxx/admin.php/Index/index/username/ruby97 | INFO: Run ContentReplace Behavior [ RunTime:0.000821s ]
[ 2012-08-09T23:28:55+08:00 ] /xxx/admin.php/Index/index/username/ruby97 | INFO: Run TokenBuild Behavior [ RunTime:0.000811s ]
[ 2012-08-09T23:28:55+08:00 ] /xxx/admin.php/Index/index/username/ruby97 | INFO: Run WriteHtmlCache Behavior [ RunTime:0.000514s ]
[ 2012-08-09T23:28:55+08:00 ] /xxx/admin.php/Index/index/username/ruby97 | INFO: Run ShowRuntime Behavior [ RunTime:0.001352s ]
[ 2012-08-09T23:28:55+08:00 ] /xxx/admin.php/Index/index/username/ruby97 | INFO: Tag[ view_filter ] --END-- [ RunTime:0.003723s ]
[ 2012-08-09T23:28:55+08:00 ] /xxx/admin.php/Index/index/username/ruby97 | NOTIC: [2] Cannot modify header information - headers already sent by (output started at D:\XAMPP\xampp\htdocs\xxx\admin\Lib\Action\IndexAction.class.php:1) View.class.php 第 120 行.
[ 2012-08-09T23:28:55+08:00 ] /xxx/admin.php/Index/index/username/ruby97 | NOTIC: [2] Cannot modify header information - headers already sent by (output started at D:\XAMPP\xampp\htdocs\xxx\admin\Lib\Action\IndexAction.class.php:1) View.class.php 第 121 行.
[ 2012-08-09T23:28:55+08:00 ] /xxx/admin.php/Index/index/username/ruby97 | NOTIC: [2] Cannot modify header information - headers already sent by (output started at D:\XAMPP\xampp\htdocs\xxx\admin\Lib\Action\IndexAction.class.php:1) View.class.php 第 122 行.
[ 2012-08-09T23:28:55+08:00 ] /xxx/admin.php/Index/index/username/ruby97 | INFO: Tag[ view_end ] --START--
[ 2012-08-09T23:28:55+08:00 ] /xxx/admin.php/Index/index/username/ruby97 | INFO: Run ShowPageTrace Behavior [ RunTime:0.000982s ]
[ 2012-08-09T23:28:55+08:00 ] /xxx/admin.php/Index/index/username/ruby97 | INFO: Tag[ view_end ] --END-- [ RunTime:0.001117s ]
[ 2012-08-09T23:28:55+08:00 ] /xxx/admin.php/Index/index/username/resources/images/closelabel.gif | INFO: Tag[ route_check ] --START--
[ 2012-08-09T23:28:55+08:00 ] /xxx/admin.php/Index/index/username/resources/images/closelabel.gif | INFO: Run CheckRoute Behavior [ RunTime:0.000970s ]
[ 2012-08-09T23:28:55+08:00 ] /xxx/admin.php/Index/index/username/resources/images/closelabel.gif | INFO: Tag[ route_check ] --END-- [ RunTime:0.001086s ]
[ 2012-08-09T23:28:55+08:00 ] /xxx/admin.php/Index/index/username/resources/images/closelabel.gif | INFO: Tag[ app_begin ] --START--
[ 2012-08-09T23:28:55+08:00 ] /xxx/admin.php/Index/index/username/resources/images/closelabel.gif | INFO: Run ReadHtmlCache Behavior [ RunTime:0.000744s ]
[ 2012-08-09T23:28:55+08:00 ] /xxx/admin.php/Index/index/username/resources/images/closelabel.gif | INFO: Tag[ app_begin ] --END-- [ RunTime:0.000819s ]
[ 2012-08-09T23:28:55+08:00 ] /xxx/admin.php/Index/index/username/resources/images/closelabel.gif | NOTIC: [2] Cannot modify header information - headers already sent by (output started at D:\XAMPP\xampp\htdocs\xxx\admin\Lib\Action\IndexAction.class.php:1) IndexAction.class.php 第 12 行.
[ 2012-08-09T23:28:56+08:00 ] /xxx/admin.php/Index/index/username/resources/images/closelabel.gif | SQL: SHOW COLUMNS FROM `think_article` [ RunTime:0.004250s ]
[ 2012-08-09T23:28:56+08:00 ] /xxx/admin.php/Index/index/username/resources/images/closelabel.gif | SQL: SELECT COUNT(*) AS tp_count FROM `think_article` LIMIT 1   [ RunTime:0.007781s ]
[ 2012-08-09T23:28:56+08:00 ] /xxx/admin.php/Index/index/username/resources/images/closelabel.gif | SQL: SELECT `id`,`subject`,`author`,`createtime` FROM `think_article` ORDER BY id desc LIMIT 0,8   [ RunTime:0.002532s ]
[ 2012-08-09T23:28:56+08:00 ] /xxx/admin.php/Index/index/username/resources/images/closelabel.gif | NOTIC: [8] Undefined index: lastmodifytime IndexAction.class.php 第 112 行.
[ 2012-08-09T23:28:56+08:00 ] /xxx/admin.php/Index/index/username/resources/images/closelabel.gif | NOTIC: [8] Undefined index: lastmodifytime IndexAction.class.php 第 112 行.
[ 2012-08-09T23:28:56+08:00 ] /xxx/admin.php/Index/index/username/resources/images/closelabel.gif | NOTIC: [8] Undefined index: lastmodifytime IndexAction.class.php 第 112 行.
[ 2012-08-09T23:28:56+08:00 ] /xxx/admin.php/Index/index/username/resources/images/closelabel.gif | INFO: Tag[ view_template ] --START--
[ 2012-08-09T23:28:56+08:00 ] /xxx/admin.php/Index/index/username/resources/images/closelabel.gif | INFO: Run LocationTemplate Behavior [ RunTime:0.001321s ]
[ 2012-08-09T23:28:56+08:00 ] /xxx/admin.php/Index/index/username/resources/images/closelabel.gif | INFO: Tag[ view_template ] --END-- [ RunTime:0.001434s ]
[ 2012-08-09T23:28:56+08:00 ] /xxx/admin.php/Index/index/username/resources/images/closelabel.gif | INFO: Tag[ view_parse ] --START--
[ 2012-08-09T23:28:56+08:00 ] /xxx/admin.php/Index/index/username/resources/images/closelabel.gif | INFO: Run ParseTemplate Behavior [ RunTime:0.023781s ]
[ 2012-08-09T23:28:56+08:00 ] /xxx/admin.php/Index/index/username/resources/images/closelabel.gif | INFO: Tag[ view_parse ] --END-- [ RunTime:0.023904s ]
[ 2012-08-09T23:28:56+08:00 ] /xxx/admin.php/Index/index/username/resources/images/closelabel.gif | INFO: Tag[ view_filter ] --START--
[ 2012-08-09T23:28:56+08:00 ] /xxx/admin.php/Index/index/username/resources/images/closelabel.gif | INFO: Run ContentReplace Behavior [ RunTime:0.000821s ]
[ 2012-08-09T23:28:56+08:00 ] /xxx/admin.php/Index/index/username/resources/images/closelabel.gif | INFO: Run TokenBuild Behavior [ RunTime:0.000834s ]
[ 2012-08-09T23:28:56+08:00 ] /xxx/admin.php/Index/index/username/resources/images/closelabel.gif | INFO: Run WriteHtmlCache Behavior [ RunTime:0.000536s ]
[ 2012-08-09T23:28:56+08:00 ] /xxx/admin.php/Index/index/username/resources/images/closelabel.gif | INFO: Run ShowRuntime Behavior [ RunTime:0.000917s ]
[ 2012-08-09T23:28:56+08:00 ] /xxx/admin.php/Index/index/username/resources/images/closelabel.gif | INFO: Tag[ view_filter ] --END-- [ RunTime:0.003327s ]
[ 2012-08-09T23:28:56+08:00 ] /xxx/admin.php/Index/index/username/resources/images/closelabel.gif | NOTIC: [2] Cannot modify header information - headers already sent by (output started at D:\XAMPP\xampp\htdocs\xxx\admin\Lib\Action\IndexAction.class.php:1) View.class.php 第 120 行.
[ 2012-08-09T23:28:56+08:00 ] /xxx/admin.php/Index/index/username/resources/images/closelabel.gif | NOTIC: [2] Cannot modify header information - headers already sent by (output started at D:\XAMPP\xampp\htdocs\xxx\admin\Lib\Action\IndexAction.class.php:1) View.class.php 第 121 行.
[ 2012-08-09T23:28:56+08:00 ] /xxx/admin.php/Index/index/username/resources/images/closelabel.gif | NOTIC: [2] Cannot modify header information - headers already sent by (output started at D:\XAMPP\xampp\htdocs\xxx\admin\Lib\Action\IndexAction.class.php:1) View.class.php 第 122 行.
[ 2012-08-09T23:28:56+08:00 ] /xxx/admin.php/Index/index/username/resources/images/closelabel.gif | INFO: Tag[ view_end ] --START--
[ 2012-08-09T23:28:56+08:00 ] /xxx/admin.php/Index/index/username/resources/images/closelabel.gif | INFO: Run ShowPageTrace Behavior [ RunTime:0.000971s ]
[ 2012-08-09T23:28:56+08:00 ] /xxx/admin.php/Index/index/username/resources/images/closelabel.gif | INFO: Tag[ view_end ] --END-- [ RunTime:0.001091s ]
[ 2012-08-09T23:29:29+08:00 ] /xxx/admin.php/Article/index | INFO: Tag[ route_check ] --START--
[ 2012-08-09T23:29:29+08:00 ] /xxx/admin.php/Article/index | INFO: Run CheckRoute Behavior [ RunTime:0.001037s ]
[ 2012-08-09T23:29:29+08:00 ] /xxx/admin.php/Article/index | INFO: Tag[ route_check ] --END-- [ RunTime:0.001164s ]
[ 2012-08-09T23:29:29+08:00 ] /xxx/admin.php/Article/index | INFO: Tag[ app_begin ] --START--
[ 2012-08-09T23:29:29+08:00 ] /xxx/admin.php/Article/index | INFO: Run ReadHtmlCache Behavior [ RunTime:0.000733s ]
[ 2012-08-09T23:29:29+08:00 ] /xxx/admin.php/Article/index | INFO: Tag[ app_begin ] --END-- [ RunTime:0.000807s ]
[ 2012-08-09T23:29:29+08:00 ] /xxx/admin.php/Article/index | NOTIC: [2] Cannot modify header information - headers already sent by (output started at D:\XAMPP\xampp\htdocs\xxx\admin\Lib\Action\ArticleAction.class.php:1) ArticleAction.class.php 第 11 行.
[ 2012-08-09T23:29:29+08:00 ] /xxx/admin.php/Article/index | NOTIC: [8] Undefined index: id ArticleAction.class.php 第 13 行.
[ 2012-08-09T23:29:29+08:00 ] /xxx/admin.php/Article/index | INFO: Tag[ view_template ] --START--
[ 2012-08-09T23:29:29+08:00 ] /xxx/admin.php/Article/index | INFO: Run LocationTemplate Behavior [ RunTime:0.001252s ]
[ 2012-08-09T23:29:29+08:00 ] /xxx/admin.php/Article/index | INFO: Tag[ view_template ] --END-- [ RunTime:0.001347s ]
[ 2012-08-09T23:29:29+08:00 ] /xxx/admin.php/Article/index | INFO: Tag[ view_parse ] --START--
[ 2012-08-09T23:29:29+08:00 ] /xxx/admin.php/Article/index | NOTIC: [8] Undefined variable: username 6a0fa1355e20b485f823227ab394fc93.php 第 34 行.
[ 2012-08-09T23:29:29+08:00 ] /xxx/admin.php/Article/index | NOTIC: [8] Undefined variable: username 6a0fa1355e20b485f823227ab394fc93.php 第 34 行.
[ 2012-08-09T23:29:29+08:00 ] /xxx/admin.php/Article/index | NOTIC: [8] Undefined variable: article_item 6a0fa1355e20b485f823227ab394fc93.php 第 101 行.
[ 2012-08-09T23:29:29+08:00 ] /xxx/admin.php/Article/index | NOTIC: [8] Undefined variable: article_item 6a0fa1355e20b485f823227ab394fc93.php 第 108 行.
[ 2012-08-09T23:29:29+08:00 ] /xxx/admin.php/Article/index | NOTIC: [8] Undefined variable: article_item 6a0fa1355e20b485f823227ab394fc93.php 第 114 行.
[ 2012-08-09T23:29:29+08:00 ] /xxx/admin.php/Article/index | INFO: Run ParseTemplate Behavior [ RunTime:0.015645s ]
[ 2012-08-09T23:29:29+08:00 ] /xxx/admin.php/Article/index | INFO: Tag[ view_parse ] --END-- [ RunTime:0.015733s ]
[ 2012-08-09T23:29:29+08:00 ] /xxx/admin.php/Article/index | INFO: Tag[ view_filter ] --START--
[ 2012-08-09T23:29:29+08:00 ] /xxx/admin.php/Article/index | INFO: Run ContentReplace Behavior [ RunTime:0.001898s ]
[ 2012-08-09T23:29:29+08:00 ] /xxx/admin.php/Article/index | INFO: Run TokenBuild Behavior [ RunTime:0.000818s ]
[ 2012-08-09T23:29:29+08:00 ] /xxx/admin.php/Article/index | INFO: Run WriteHtmlCache Behavior [ RunTime:0.000757s ]
[ 2012-08-09T23:29:29+08:00 ] /xxx/admin.php/Article/index | INFO: Run ShowRuntime Behavior [ RunTime:0.000898s ]
[ 2012-08-09T23:29:29+08:00 ] /xxx/admin.php/Article/index | INFO: Tag[ view_filter ] --END-- [ RunTime:0.005323s ]
[ 2012-08-09T23:29:29+08:00 ] /xxx/admin.php/Article/index | NOTIC: [2] Cannot modify header information - headers already sent by (output started at D:\XAMPP\xampp\htdocs\xxx\admin\Lib\Action\ArticleAction.class.php:1) View.class.php 第 120 行.
[ 2012-08-09T23:29:29+08:00 ] /xxx/admin.php/Article/index | NOTIC: [2] Cannot modify header information - headers already sent by (output started at D:\XAMPP\xampp\htdocs\xxx\admin\Lib\Action\ArticleAction.class.php:1) View.class.php 第 121 行.
[ 2012-08-09T23:29:29+08:00 ] /xxx/admin.php/Article/index | NOTIC: [2] Cannot modify header information - headers already sent by (output started at D:\XAMPP\xampp\htdocs\xxx\admin\Lib\Action\ArticleAction.class.php:1) View.class.php 第 122 行.
[ 2012-08-09T23:29:29+08:00 ] /xxx/admin.php/Article/index | INFO: Tag[ view_end ] --START--
[ 2012-08-09T23:29:29+08:00 ] /xxx/admin.php/Article/index | INFO: Run ShowPageTrace Behavior [ RunTime:0.000929s ]
[ 2012-08-09T23:29:29+08:00 ] /xxx/admin.php/Article/index | INFO: Tag[ view_end ] --END-- [ RunTime:0.001009s ]
[ 2012-08-09T23:29:30+08:00 ] /xxx/admin.php/Article/resources/images/closelabel.gif | ERR: (ThinkException) 非法操作resources
[ 2012-08-09T23:30:00+08:00 ] /xxx/admin.php/Article/add | INFO: Tag[ route_check ] --START--
[ 2012-08-09T23:30:00+08:00 ] /xxx/admin.php/Article/add | INFO: Run CheckRoute Behavior [ RunTime:0.001216s ]
[ 2012-08-09T23:30:00+08:00 ] /xxx/admin.php/Article/add | INFO: Tag[ route_check ] --END-- [ RunTime:0.001322s ]
[ 2012-08-09T23:30:00+08:00 ] /xxx/admin.php/Article/add | INFO: Tag[ app_begin ] --START--
[ 2012-08-09T23:30:00+08:00 ] /xxx/admin.php/Article/add | INFO: Run ReadHtmlCache Behavior [ RunTime:0.000735s ]
[ 2012-08-09T23:30:00+08:00 ] /xxx/admin.php/Article/add | INFO: Tag[ app_begin ] --END-- [ RunTime:0.000798s ]
[ 2012-08-09T23:30:00+08:00 ] /xxx/admin.php/Article/add | NOTIC: [2] Cannot modify header information - headers already sent by (output started at D:\XAMPP\xampp\htdocs\xxx\admin\Lib\Action\ArticleAction.class.php:1) ArticleAction.class.php 第 31 行.
[ 2012-08-09T23:30:00+08:00 ] /xxx/admin.php/Article/add | SQL: SHOW COLUMNS FROM `think_article` [ RunTime:0.002104s ]
[ 2012-08-09T23:30:00+08:00 ] /xxx/admin.php/Article/add | SQL: INSERT INTO `think_article` (`id`,`subject`,`createtime`,`message`,`author`) VALUES ('','ss',1344526200,'<p>sssssssssssss</p>','ruby97') [ RunTime:0.000365s ]
[ 2012-08-09T23:30:00+08:00 ] /xxx/admin.php/Article/add | INFO: Tag[ view_template ] --START--
[ 2012-08-09T23:30:00+08:00 ] /xxx/admin.php/Article/add | INFO: Run LocationTemplate Behavior [ RunTime:0.000861s ]
[ 2012-08-09T23:30:00+08:00 ] /xxx/admin.php/Article/add | INFO: Tag[ view_template ] --END-- [ RunTime:0.000931s ]
[ 2012-08-09T23:30:00+08:00 ] /xxx/admin.php/Article/add | INFO: Tag[ view_parse ] --START--
[ 2012-08-09T23:30:00+08:00 ] /xxx/admin.php/Article/add | INFO: Run ParseTemplate Behavior [ RunTime:0.017250s ]
[ 2012-08-09T23:30:00+08:00 ] /xxx/admin.php/Article/add | INFO: Tag[ view_parse ] --END-- [ RunTime:0.017351s ]
[ 2012-08-09T23:30:00+08:00 ] /xxx/admin.php/Article/add | INFO: Tag[ view_filter ] --START--
[ 2012-08-09T23:30:00+08:00 ] /xxx/admin.php/Article/add | INFO: Run ContentReplace Behavior [ RunTime:0.000536s ]
[ 2012-08-09T23:30:00+08:00 ] /xxx/admin.php/Article/add | INFO: Run TokenBuild Behavior [ RunTime:0.000780s ]
[ 2012-08-09T23:30:00+08:00 ] /xxx/admin.php/Article/add | INFO: Run WriteHtmlCache Behavior [ RunTime:0.000390s ]
[ 2012-08-09T23:30:00+08:00 ] /xxx/admin.php/Article/add | INFO: Run ShowRuntime Behavior [ RunTime:0.000616s ]
[ 2012-08-09T23:30:00+08:00 ] /xxx/admin.php/Article/add | INFO: Tag[ view_filter ] --END-- [ RunTime:0.002496s ]
[ 2012-08-09T23:30:00+08:00 ] /xxx/admin.php/Article/add | NOTIC: [2] Cannot modify header information - headers already sent by (output started at D:\XAMPP\xampp\htdocs\xxx\admin\Lib\Action\ArticleAction.class.php:1) View.class.php 第 120 行.
[ 2012-08-09T23:30:00+08:00 ] /xxx/admin.php/Article/add | NOTIC: [2] Cannot modify header information - headers already sent by (output started at D:\XAMPP\xampp\htdocs\xxx\admin\Lib\Action\ArticleAction.class.php:1) View.class.php 第 121 行.
[ 2012-08-09T23:30:00+08:00 ] /xxx/admin.php/Article/add | NOTIC: [2] Cannot modify header information - headers already sent by (output started at D:\XAMPP\xampp\htdocs\xxx\admin\Lib\Action\ArticleAction.class.php:1) View.class.php 第 122 行.
[ 2012-08-09T23:30:00+08:00 ] /xxx/admin.php/Article/add | INFO: Tag[ view_end ] --START--
[ 2012-08-09T23:30:00+08:00 ] /xxx/admin.php/Article/add | INFO: Run ShowPageTrace Behavior [ RunTime:0.000587s ]
[ 2012-08-09T23:30:00+08:00 ] /xxx/admin.php/Article/add | INFO: Tag[ view_end ] --END-- [ RunTime:0.000648s ]
[ 2012-08-09T23:30:01+08:00 ] /xxx/admin.php/Index/index | INFO: Tag[ route_check ] --START--
[ 2012-08-09T23:30:01+08:00 ] /xxx/admin.php/Index/index | INFO: Run CheckRoute Behavior [ RunTime:0.000869s ]
[ 2012-08-09T23:30:01+08:00 ] /xxx/admin.php/Index/index | INFO: Tag[ route_check ] --END-- [ RunTime:0.000985s ]
[ 2012-08-09T23:30:01+08:00 ] /xxx/admin.php/Index/index | INFO: Tag[ app_begin ] --START--
[ 2012-08-09T23:30:01+08:00 ] /xxx/admin.php/Index/index | INFO: Run ReadHtmlCache Behavior [ RunTime:0.000593s ]
[ 2012-08-09T23:30:01+08:00 ] /xxx/admin.php/Index/index | INFO: Tag[ app_begin ] --END-- [ RunTime:0.000657s ]
[ 2012-08-09T23:30:01+08:00 ] /xxx/admin.php/Index/index | NOTIC: [2] Cannot modify header information - headers already sent by (output started at D:\XAMPP\xampp\htdocs\xxx\admin\Lib\Action\IndexAction.class.php:1) IndexAction.class.php 第 12 行.
[ 2012-08-09T23:30:01+08:00 ] /xxx/admin.php/Index/index | SQL: SHOW COLUMNS FROM `think_article` [ RunTime:0.002325s ]
[ 2012-08-09T23:30:01+08:00 ] /xxx/admin.php/Index/index | SQL: SELECT COUNT(*) AS tp_count FROM `think_article` LIMIT 1   [ RunTime:0.000250s ]
[ 2012-08-09T23:30:01+08:00 ] /xxx/admin.php/Index/index | SQL: SELECT `id`,`subject`,`author`,`createtime` FROM `think_article` ORDER BY id desc LIMIT 0,8   [ RunTime:0.000301s ]
[ 2012-08-09T23:30:01+08:00 ] /xxx/admin.php/Index/index | NOTIC: [8] Undefined index: lastmodifytime IndexAction.class.php 第 112 行.
[ 2012-08-09T23:30:01+08:00 ] /xxx/admin.php/Index/index | NOTIC: [8] Undefined index: lastmodifytime IndexAction.class.php 第 112 行.
[ 2012-08-09T23:30:01+08:00 ] /xxx/admin.php/Index/index | NOTIC: [8] Undefined index: lastmodifytime IndexAction.class.php 第 112 行.
[ 2012-08-09T23:30:01+08:00 ] /xxx/admin.php/Index/index | NOTIC: [8] Undefined index: lastmodifytime IndexAction.class.php 第 112 行.
[ 2012-08-09T23:30:01+08:00 ] /xxx/admin.php/Index/index | INFO: Tag[ view_template ] --START--
[ 2012-08-09T23:30:01+08:00 ] /xxx/admin.php/Index/index | INFO: Run LocationTemplate Behavior [ RunTime:0.001013s ]
[ 2012-08-09T23:30:01+08:00 ] /xxx/admin.php/Index/index | INFO: Tag[ view_template ] --END-- [ RunTime:0.001103s ]
[ 2012-08-09T23:30:01+08:00 ] /xxx/admin.php/Index/index | INFO: Tag[ view_parse ] --START--
[ 2012-08-09T23:30:01+08:00 ] /xxx/admin.php/Index/index | INFO: Run ParseTemplate Behavior [ RunTime:0.014206s ]
[ 2012-08-09T23:30:01+08:00 ] /xxx/admin.php/Index/index | INFO: Tag[ view_parse ] --END-- [ RunTime:0.014339s ]
[ 2012-08-09T23:30:01+08:00 ] /xxx/admin.php/Index/index | INFO: Tag[ view_filter ] --START--
[ 2012-08-09T23:30:01+08:00 ] /xxx/admin.php/Index/index | INFO: Run ContentReplace Behavior [ RunTime:0.000852s ]
[ 2012-08-09T23:30:01+08:00 ] /xxx/admin.php/Index/index | INFO: Run TokenBuild Behavior [ RunTime:0.000686s ]
[ 2012-08-09T23:30:01+08:00 ] /xxx/admin.php/Index/index | INFO: Run WriteHtmlCache Behavior [ RunTime:0.000272s ]
[ 2012-08-09T23:30:01+08:00 ] /xxx/admin.php/Index/index | INFO: Run ShowRuntime Behavior [ RunTime:0.000597s ]
[ 2012-08-09T23:30:01+08:00 ] /xxx/admin.php/Index/index | INFO: Tag[ view_filter ] --END-- [ RunTime:0.002625s ]
[ 2012-08-09T23:30:01+08:00 ] /xxx/admin.php/Index/index | NOTIC: [2] Cannot modify header information - headers already sent by (output started at D:\XAMPP\xampp\htdocs\xxx\admin\Lib\Action\IndexAction.class.php:1) View.class.php 第 120 行.
[ 2012-08-09T23:30:01+08:00 ] /xxx/admin.php/Index/index | NOTIC: [2] Cannot modify header information - headers already sent by (output started at D:\XAMPP\xampp\htdocs\xxx\admin\Lib\Action\IndexAction.class.php:1) View.class.php 第 121 行.
[ 2012-08-09T23:30:01+08:00 ] /xxx/admin.php/Index/index | NOTIC: [2] Cannot modify header information - headers already sent by (output started at D:\XAMPP\xampp\htdocs\xxx\admin\Lib\Action\IndexAction.class.php:1) View.class.php 第 122 行.
[ 2012-08-09T23:30:01+08:00 ] /xxx/admin.php/Index/index | INFO: Tag[ view_end ] --START--
[ 2012-08-09T23:30:01+08:00 ] /xxx/admin.php/Index/index | INFO: Run ShowPageTrace Behavior [ RunTime:0.000532s ]
[ 2012-08-09T23:30:01+08:00 ] /xxx/admin.php/Index/index | INFO: Tag[ view_end ] --END-- [ RunTime:0.000604s ]
[ 2012-08-09T23:30:02+08:00 ] /xxx/admin.php/Index/resources/images/closelabel.gif | ERR: (ThinkException) 非法操作resources
[ 2012-08-09T23:30:12+08:00 ] /xxx/admin.php/Index/index | INFO: Tag[ route_check ] --START--
[ 2012-08-09T23:30:12+08:00 ] /xxx/admin.php/Index/index | INFO: Run CheckRoute Behavior [ RunTime:0.003170s ]
[ 2012-08-09T23:30:12+08:00 ] /xxx/admin.php/Index/index | INFO: Tag[ route_check ] --END-- [ RunTime:0.003313s ]
[ 2012-08-09T23:30:12+08:00 ] /xxx/admin.php/Index/index | INFO: Tag[ app_begin ] --START--
[ 2012-08-09T23:30:12+08:00 ] /xxx/admin.php/Index/index | INFO: Run ReadHtmlCache Behavior [ RunTime:0.000948s ]
[ 2012-08-09T23:30:12+08:00 ] /xxx/admin.php/Index/index | INFO: Tag[ app_begin ] --END-- [ RunTime:0.001181s ]
[ 2012-08-09T23:30:12+08:00 ] /xxx/admin.php/Index/index | NOTIC: [2] Cannot modify header information - headers already sent by (output started at D:\XAMPP\xampp\htdocs\xxx\admin\Lib\Action\IndexAction.class.php:1) IndexAction.class.php 第 12 行.
[ 2012-08-09T23:30:12+08:00 ] /xxx/admin.php/Index/index | SQL: SHOW COLUMNS FROM `think_article` [ RunTime:0.002184s ]
[ 2012-08-09T23:30:12+08:00 ] /xxx/admin.php/Index/index | SQL: SELECT COUNT(*) AS tp_count FROM `think_article` LIMIT 1   [ RunTime:0.000372s ]
[ 2012-08-09T23:30:12+08:00 ] /xxx/admin.php/Index/index | SQL: SELECT `id`,`subject`,`author`,`createtime` FROM `think_article` ORDER BY id desc LIMIT 0,8   [ RunTime:0.000403s ]
[ 2012-08-09T23:30:12+08:00 ] /xxx/admin.php/Index/index | NOTIC: [8] Undefined index: lastmodifytime IndexAction.class.php 第 112 行.
[ 2012-08-09T23:30:12+08:00 ] /xxx/admin.php/Index/index | NOTIC: [8] Undefined index: lastmodifytime IndexAction.class.php 第 112 行.
[ 2012-08-09T23:30:12+08:00 ] /xxx/admin.php/Index/index | NOTIC: [8] Undefined index: lastmodifytime IndexAction.class.php 第 112 行.
[ 2012-08-09T23:30:12+08:00 ] /xxx/admin.php/Index/index | NOTIC: [8] Undefined index: lastmodifytime IndexAction.class.php 第 112 行.
[ 2012-08-09T23:30:12+08:00 ] /xxx/admin.php/Index/index | INFO: Tag[ view_template ] --START--
[ 2012-08-09T23:30:12+08:00 ] /xxx/admin.php/Index/index | INFO: Run LocationTemplate Behavior [ RunTime:0.001053s ]
[ 2012-08-09T23:30:12+08:00 ] /xxx/admin.php/Index/index | INFO: Tag[ view_template ] --END-- [ RunTime:0.001123s ]
[ 2012-08-09T23:30:12+08:00 ] /xxx/admin.php/Index/index | INFO: Tag[ view_parse ] --START--
[ 2012-08-09T23:30:12+08:00 ] /xxx/admin.php/Index/index | INFO: Run ParseTemplate Behavior [ RunTime:0.020765s ]
[ 2012-08-09T23:30:12+08:00 ] /xxx/admin.php/Index/index | INFO: Tag[ view_parse ] --END-- [ RunTime:0.020880s ]
[ 2012-08-09T23:30:12+08:00 ] /xxx/admin.php/Index/index | INFO: Tag[ view_filter ] --START--
[ 2012-08-09T23:30:12+08:00 ] /xxx/admin.php/Index/index | INFO: Run ContentReplace Behavior [ RunTime:0.000700s ]
[ 2012-08-09T23:30:12+08:00 ] /xxx/admin.php/Index/index | INFO: Run TokenBuild Behavior [ RunTime:0.000837s ]
[ 2012-08-09T23:30:12+08:00 ] /xxx/admin.php/Index/index | INFO: Run WriteHtmlCache Behavior [ RunTime:0.000445s ]
[ 2012-08-09T23:30:12+08:00 ] /xxx/admin.php/Index/index | INFO: Run ShowRuntime Behavior [ RunTime:0.001162s ]
[ 2012-08-09T23:30:12+08:00 ] /xxx/admin.php/Index/index | INFO: Tag[ view_filter ] --END-- [ RunTime:0.003347s ]
[ 2012-08-09T23:30:12+08:00 ] /xxx/admin.php/Index/index | NOTIC: [2] Cannot modify header information - headers already sent by (output started at D:\XAMPP\xampp\htdocs\xxx\admin\Lib\Action\IndexAction.class.php:1) View.class.php 第 120 行.
[ 2012-08-09T23:30:12+08:00 ] /xxx/admin.php/Index/index | NOTIC: [2] Cannot modify header information - headers already sent by (output started at D:\XAMPP\xampp\htdocs\xxx\admin\Lib\Action\IndexAction.class.php:1) View.class.php 第 121 行.
[ 2012-08-09T23:30:12+08:00 ] /xxx/admin.php/Index/index | NOTIC: [2] Cannot modify header information - headers already sent by (output started at D:\XAMPP\xampp\htdocs\xxx\admin\Lib\Action\IndexAction.class.php:1) View.class.php 第 122 行.
[ 2012-08-09T23:30:12+08:00 ] /xxx/admin.php/Index/index | INFO: Tag[ view_end ] --START--
[ 2012-08-09T23:30:12+08:00 ] /xxx/admin.php/Index/index | INFO: Run ShowPageTrace Behavior [ RunTime:0.001571s ]
[ 2012-08-09T23:30:12+08:00 ] /xxx/admin.php/Index/index | INFO: Tag[ view_end ] --END-- [ RunTime:0.001671s ]
[ 2012-08-09T23:30:13+08:00 ] /xxx/admin.php/Index/resources/images/closelabel.gif | ERR: (ThinkException) 非法操作resources
