[ 2012-10-11T14:35:45+08:00 ] /xxx2/admin.php/Login/index/ | INFO: Tag[ route_check ] --START--
[ 2012-10-11T14:35:45+08:00 ] /xxx2/admin.php/Login/index/ | INFO: Run CheckRoute Behavior [ RunTime:0.023209s ]
[ 2012-10-11T14:35:45+08:00 ] /xxx2/admin.php/Login/index/ | INFO: Tag[ route_check ] --END-- [ RunTime:0.023359s ]
[ 2012-10-11T14:35:45+08:00 ] /xxx2/admin.php/Login/index/ | INFO: Tag[ app_begin ] --START--
[ 2012-10-11T14:35:45+08:00 ] /xxx2/admin.php/Login/index/ | INFO: Run ReadHtmlCache Behavior [ RunTime:0.000730s ]
[ 2012-10-11T14:35:45+08:00 ] /xxx2/admin.php/Login/index/ | INFO: Tag[ app_begin ] --END-- [ RunTime:0.000806s ]
[ 2012-10-11T14:35:46+08:00 ] /xxx2/admin.php/Login/index/ | INFO: Tag[ view_template ] --START--
[ 2012-10-11T14:35:46+08:00 ] /xxx2/admin.php/Login/index/ | INFO: Run LocationTemplate Behavior [ RunTime:0.092705s ]
[ 2012-10-11T14:35:46+08:00 ] /xxx2/admin.php/Login/index/ | INFO: Tag[ view_template ] --END-- [ RunTime:0.092837s ]
[ 2012-10-11T14:35:46+08:00 ] /xxx2/admin.php/Login/index/ | INFO: Tag[ view_parse ] --START--
[ 2012-10-11T14:35:46+08:00 ] /xxx2/admin.php/Login/index/ | INFO: Run ParseTemplate Behavior [ RunTime:0.044126s ]
[ 2012-10-11T14:35:46+08:00 ] /xxx2/admin.php/Login/index/ | INFO: Tag[ view_parse ] --END-- [ RunTime:0.044444s ]
[ 2012-10-11T14:35:46+08:00 ] /xxx2/admin.php/Login/index/ | INFO: Tag[ view_filter ] --START--
[ 2012-10-11T14:35:46+08:00 ] /xxx2/admin.php/Login/index/ | INFO: Run ContentReplace Behavior [ RunTime:0.000429s ]
[ 2012-10-11T14:35:46+08:00 ] /xxx2/admin.php/Login/index/ | INFO: Run TokenBuild Behavior [ RunTime:0.000459s ]
[ 2012-10-11T14:35:46+08:00 ] /xxx2/admin.php/Login/index/ | INFO: Run WriteHtmlCache Behavior [ RunTime:0.000243s ]
[ 2012-10-11T14:35:46+08:00 ] /xxx2/admin.php/Login/index/ | INFO: Run ShowRuntime Behavior [ RunTime:0.000559s ]
[ 2012-10-11T14:35:46+08:00 ] /xxx2/admin.php/Login/index/ | INFO: Tag[ view_filter ] --END-- [ RunTime:0.001873s ]
[ 2012-10-11T14:35:46+08:00 ] /xxx2/admin.php/Login/index/ | NOTIC: [2] Cannot modify header information - headers already sent by (output started at D:\XAMPP\xampp\htdocs\xxx2\admin\Lib\Action\LoginAction.class.php:1) View.class.php 第 120 行.
[ 2012-10-11T14:35:46+08:00 ] /xxx2/admin.php/Login/index/ | NOTIC: [2] Cannot modify header information - headers already sent by (output started at D:\XAMPP\xampp\htdocs\xxx2\admin\Lib\Action\LoginAction.class.php:1) View.class.php 第 121 行.
[ 2012-10-11T14:35:46+08:00 ] /xxx2/admin.php/Login/index/ | NOTIC: [2] Cannot modify header information - headers already sent by (output started at D:\XAMPP\xampp\htdocs\xxx2\admin\Lib\Action\LoginAction.class.php:1) View.class.php 第 122 行.
[ 2012-10-11T14:35:46+08:00 ] /xxx2/admin.php/Login/index/ | INFO: Tag[ view_end ] --START--
[ 2012-10-11T14:35:46+08:00 ] /xxx2/admin.php/Login/index/ | INFO: Run ShowPageTrace Behavior [ RunTime:0.000981s ]
[ 2012-10-11T14:35:46+08:00 ] /xxx2/admin.php/Login/index/ | INFO: Tag[ view_end ] --END-- [ RunTime:0.001053s ]
[ 2012-10-11T14:35:46+08:00 ] /xxx2/admin.php/Common/verify/ | INFO: Tag[ route_check ] --START--
[ 2012-10-11T14:35:46+08:00 ] /xxx2/admin.php/Common/verify/ | INFO: Run CheckRoute Behavior [ RunTime:0.000958s ]
[ 2012-10-11T14:35:46+08:00 ] /xxx2/admin.php/Common/verify/ | INFO: Tag[ route_check ] --END-- [ RunTime:0.001085s ]
[ 2012-10-11T14:35:46+08:00 ] /xxx2/admin.php/Common/verify/ | INFO: Tag[ app_begin ] --START--
[ 2012-10-11T14:35:46+08:00 ] /xxx2/admin.php/Common/verify/ | INFO: Run ReadHtmlCache Behavior [ RunTime:0.000632s ]
[ 2012-10-11T14:35:46+08:00 ] /xxx2/admin.php/Common/verify/ | INFO: Tag[ app_begin ] --END-- [ RunTime:0.000699s ]
[ 2012-10-11T14:35:46+08:00 ] /xxx2/admin.php/Login/index/resources/images/closelabel.gif | INFO: Tag[ route_check ] --START--
[ 2012-10-11T14:35:46+08:00 ] /xxx2/admin.php/Login/index/resources/images/closelabel.gif | INFO: Run CheckRoute Behavior [ RunTime:0.001300s ]
[ 2012-10-11T14:35:46+08:00 ] /xxx2/admin.php/Login/index/resources/images/closelabel.gif | INFO: Tag[ route_check ] --END-- [ RunTime:0.001436s ]
[ 2012-10-11T14:35:46+08:00 ] /xxx2/admin.php/Login/index/resources/images/closelabel.gif | INFO: Tag[ app_begin ] --START--
[ 2012-10-11T14:35:46+08:00 ] /xxx2/admin.php/Login/index/resources/images/closelabel.gif | INFO: Run ReadHtmlCache Behavior [ RunTime:0.000854s ]
[ 2012-10-11T14:35:46+08:00 ] /xxx2/admin.php/Login/index/resources/images/closelabel.gif | INFO: Tag[ app_begin ] --END-- [ RunTime:0.000924s ]
[ 2012-10-11T14:35:46+08:00 ] /xxx2/admin.php/Login/index/resources/images/closelabel.gif | INFO: Tag[ view_template ] --START--
[ 2012-10-11T14:35:46+08:00 ] /xxx2/admin.php/Login/index/resources/images/closelabel.gif | INFO: Run LocationTemplate Behavior [ RunTime:0.001418s ]
[ 2012-10-11T14:35:46+08:00 ] /xxx2/admin.php/Login/index/resources/images/closelabel.gif | INFO: Tag[ view_template ] --END-- [ RunTime:0.002249s ]
[ 2012-10-11T14:35:46+08:00 ] /xxx2/admin.php/Login/index/resources/images/closelabel.gif | INFO: Tag[ view_parse ] --START--
[ 2012-10-11T14:35:46+08:00 ] /xxx2/admin.php/Login/index/resources/images/closelabel.gif | INFO: Run ParseTemplate Behavior [ RunTime:0.037871s ]
[ 2012-10-11T14:35:46+08:00 ] /xxx2/admin.php/Login/index/resources/images/closelabel.gif | INFO: Tag[ view_parse ] --END-- [ RunTime:0.038004s ]
[ 2012-10-11T14:35:46+08:00 ] /xxx2/admin.php/Login/index/resources/images/closelabel.gif | INFO: Tag[ view_filter ] --START--
[ 2012-10-11T14:35:46+08:00 ] /xxx2/admin.php/Login/index/resources/images/closelabel.gif | INFO: Run ContentReplace Behavior [ RunTime:0.000659s ]
[ 2012-10-11T14:35:46+08:00 ] /xxx2/admin.php/Login/index/resources/images/closelabel.gif | INFO: Run TokenBuild Behavior [ RunTime:0.000851s ]
[ 2012-10-11T14:35:46+08:00 ] /xxx2/admin.php/Login/index/resources/images/closelabel.gif | INFO: Run WriteHtmlCache Behavior [ RunTime:0.000441s ]
[ 2012-10-11T14:35:46+08:00 ] /xxx2/admin.php/Login/index/resources/images/closelabel.gif | INFO: Run ShowRuntime Behavior [ RunTime:0.000687s ]
[ 2012-10-11T14:35:46+08:00 ] /xxx2/admin.php/Login/index/resources/images/closelabel.gif | INFO: Tag[ view_filter ] --END-- [ RunTime:0.003381s ]
[ 2012-10-11T14:35:46+08:00 ] /xxx2/admin.php/Login/index/resources/images/closelabel.gif | NOTIC: [2] Cannot modify header information - headers already sent by (output started at D:\XAMPP\xampp\htdocs\xxx2\admin\Lib\Action\LoginAction.class.php:1) View.class.php 第 120 行.
[ 2012-10-11T14:35:46+08:00 ] /xxx2/admin.php/Login/index/resources/images/closelabel.gif | NOTIC: [2] Cannot modify header information - headers already sent by (output started at D:\XAMPP\xampp\htdocs\xxx2\admin\Lib\Action\LoginAction.class.php:1) View.class.php 第 121 行.
[ 2012-10-11T14:35:46+08:00 ] /xxx2/admin.php/Login/index/resources/images/closelabel.gif | NOTIC: [2] Cannot modify header information - headers already sent by (output started at D:\XAMPP\xampp\htdocs\xxx2\admin\Lib\Action\LoginAction.class.php:1) View.class.php 第 122 行.
[ 2012-10-11T14:35:46+08:00 ] /xxx2/admin.php/Login/index/resources/images/closelabel.gif | INFO: Tag[ view_end ] --START--
[ 2012-10-11T14:35:46+08:00 ] /xxx2/admin.php/Login/index/resources/images/closelabel.gif | INFO: Run ShowPageTrace Behavior [ RunTime:0.000713s ]
[ 2012-10-11T14:35:46+08:00 ] /xxx2/admin.php/Login/index/resources/images/closelabel.gif | INFO: Tag[ view_end ] --END-- [ RunTime:0.000791s ]
[ 2012-10-11T14:35:54+08:00 ] /xxx2/admin.php/Index/index/username/admin | INFO: Tag[ route_check ] --START--
[ 2012-10-11T14:35:54+08:00 ] /xxx2/admin.php/Index/index/username/admin | INFO: Run CheckRoute Behavior [ RunTime:0.000950s ]
[ 2012-10-11T14:35:54+08:00 ] /xxx2/admin.php/Index/index/username/admin | INFO: Tag[ route_check ] --END-- [ RunTime:0.001096s ]
[ 2012-10-11T14:35:54+08:00 ] /xxx2/admin.php/Index/index/username/admin | INFO: Tag[ app_begin ] --START--
[ 2012-10-11T14:35:54+08:00 ] /xxx2/admin.php/Index/index/username/admin | INFO: Run ReadHtmlCache Behavior [ RunTime:0.000689s ]
[ 2012-10-11T14:35:54+08:00 ] /xxx2/admin.php/Index/index/username/admin | INFO: Tag[ app_begin ] --END-- [ RunTime:0.000753s ]
[ 2012-10-11T14:35:54+08:00 ] /xxx2/admin.php/Index/index/username/admin | NOTIC: [2] Cannot modify header information - headers already sent by (output started at D:\XAMPP\xampp\htdocs\xxx2\admin\Lib\Action\IndexAction.class.php:1) IndexAction.class.php 第 12 行.
[ 2012-10-11T14:35:54+08:00 ] /xxx2/admin.php/Index/index/username/admin | INFO: Tag[ view_template ] --START--
[ 2012-10-11T14:35:54+08:00 ] /xxx2/admin.php/Index/index/username/admin | INFO: Run LocationTemplate Behavior [ RunTime:0.172109s ]
[ 2012-10-11T14:35:54+08:00 ] /xxx2/admin.php/Index/index/username/admin | INFO: Tag[ view_template ] --END-- [ RunTime:0.172238s ]
[ 2012-10-11T14:35:54+08:00 ] /xxx2/admin.php/Index/index/username/admin | INFO: Tag[ view_parse ] --START--
[ 2012-10-11T14:35:54+08:00 ] /xxx2/admin.php/Index/index/username/admin | NOTIC: [8] Undefined variable: title 4c18d5952d0dbf1eedb8a1ec796fa788.php 第 5 行.
[ 2012-10-11T14:35:54+08:00 ] /xxx2/admin.php/Index/index/username/admin | INFO: Run ParseTemplate Behavior [ RunTime:0.206349s ]
[ 2012-10-11T14:35:54+08:00 ] /xxx2/admin.php/Index/index/username/admin | INFO: Tag[ view_parse ] --END-- [ RunTime:0.206432s ]
[ 2012-10-11T14:35:54+08:00 ] /xxx2/admin.php/Index/index/username/admin | INFO: Tag[ view_filter ] --START--
[ 2012-10-11T14:35:54+08:00 ] /xxx2/admin.php/Index/index/username/admin | INFO: Run ContentReplace Behavior [ RunTime:0.000458s ]
[ 2012-10-11T14:35:54+08:00 ] /xxx2/admin.php/Index/index/username/admin | INFO: Run TokenBuild Behavior [ RunTime:0.000409s ]
[ 2012-10-11T14:35:54+08:00 ] /xxx2/admin.php/Index/index/username/admin | INFO: Run WriteHtmlCache Behavior [ RunTime:0.000247s ]
[ 2012-10-11T14:35:54+08:00 ] /xxx2/admin.php/Index/index/username/admin | INFO: Run ShowRuntime Behavior [ RunTime:0.000501s ]
[ 2012-10-11T14:35:54+08:00 ] /xxx2/admin.php/Index/index/username/admin | INFO: Tag[ view_filter ] --END-- [ RunTime:0.001800s ]
[ 2012-10-11T14:35:54+08:00 ] /xxx2/admin.php/Index/index/username/admin | NOTIC: [2] Cannot modify header information - headers already sent by (output started at D:\XAMPP\xampp\htdocs\xxx2\admin\Lib\Action\IndexAction.class.php:1) View.class.php 第 120 行.
[ 2012-10-11T14:35:54+08:00 ] /xxx2/admin.php/Index/index/username/admin | NOTIC: [2] Cannot modify header information - headers already sent by (output started at D:\XAMPP\xampp\htdocs\xxx2\admin\Lib\Action\IndexAction.class.php:1) View.class.php 第 121 行.
[ 2012-10-11T14:35:54+08:00 ] /xxx2/admin.php/Index/index/username/admin | NOTIC: [2] Cannot modify header information - headers already sent by (output started at D:\XAMPP\xampp\htdocs\xxx2\admin\Lib\Action\IndexAction.class.php:1) View.class.php 第 122 行.
[ 2012-10-11T14:35:54+08:00 ] /xxx2/admin.php/Index/index/username/admin | INFO: Tag[ view_end ] --START--
[ 2012-10-11T14:35:54+08:00 ] /xxx2/admin.php/Index/index/username/admin | INFO: Run ShowPageTrace Behavior [ RunTime:0.000453s ]
[ 2012-10-11T14:35:54+08:00 ] /xxx2/admin.php/Index/index/username/admin | INFO: Tag[ view_end ] --END-- [ RunTime:0.000514s ]
[ 2012-10-11T14:35:54+08:00 ] /xxx2/admin.php/Index/index/username/resources/images/closelabel.gif | INFO: Tag[ route_check ] --START--
[ 2012-10-11T14:35:54+08:00 ] /xxx2/admin.php/Index/index/username/resources/images/closelabel.gif | INFO: Run CheckRoute Behavior [ RunTime:0.000925s ]
[ 2012-10-11T14:35:54+08:00 ] /xxx2/admin.php/Index/index/username/resources/images/closelabel.gif | INFO: Tag[ route_check ] --END-- [ RunTime:0.001034s ]
[ 2012-10-11T14:35:54+08:00 ] /xxx2/admin.php/Index/index/username/resources/images/closelabel.gif | INFO: Tag[ app_begin ] --START--
[ 2012-10-11T14:35:54+08:00 ] /xxx2/admin.php/Index/index/username/resources/images/closelabel.gif | INFO: Run ReadHtmlCache Behavior [ RunTime:0.000743s ]
[ 2012-10-11T14:35:54+08:00 ] /xxx2/admin.php/Index/index/username/resources/images/closelabel.gif | INFO: Tag[ app_begin ] --END-- [ RunTime:0.000828s ]
[ 2012-10-11T14:35:54+08:00 ] /xxx2/admin.php/Index/index/username/resources/images/closelabel.gif | NOTIC: [2] Cannot modify header information - headers already sent by (output started at D:\XAMPP\xampp\htdocs\xxx2\admin\Lib\Action\IndexAction.class.php:1) IndexAction.class.php 第 12 行.
[ 2012-10-11T14:35:54+08:00 ] /xxx2/admin.php/Index/index/username/resources/images/closelabel.gif | INFO: Tag[ view_template ] --START--
[ 2012-10-11T14:35:54+08:00 ] /xxx2/admin.php/Index/index/username/resources/images/closelabel.gif | INFO: Run LocationTemplate Behavior [ RunTime:0.002173s ]
[ 2012-10-11T14:35:54+08:00 ] /xxx2/admin.php/Index/index/username/resources/images/closelabel.gif | INFO: Tag[ view_template ] --END-- [ RunTime:0.002283s ]
[ 2012-10-11T14:35:54+08:00 ] /xxx2/admin.php/Index/index/username/resources/images/closelabel.gif | INFO: Tag[ view_parse ] --START--
[ 2012-10-11T14:35:54+08:00 ] /xxx2/admin.php/Index/index/username/resources/images/closelabel.gif | NOTIC: [8] Undefined variable: title 4c18d5952d0dbf1eedb8a1ec796fa788.php 第 5 行.
[ 2012-10-11T14:35:54+08:00 ] /xxx2/admin.php/Index/index/username/resources/images/closelabel.gif | INFO: Run ParseTemplate Behavior [ RunTime:0.013851s ]
[ 2012-10-11T14:35:54+08:00 ] /xxx2/admin.php/Index/index/username/resources/images/closelabel.gif | INFO: Tag[ view_parse ] --END-- [ RunTime:0.013931s ]
[ 2012-10-11T14:35:54+08:00 ] /xxx2/admin.php/Index/index/username/resources/images/closelabel.gif | INFO: Tag[ view_filter ] --START--
[ 2012-10-11T14:35:54+08:00 ] /xxx2/admin.php/Index/index/username/resources/images/closelabel.gif | INFO: Run ContentReplace Behavior [ RunTime:0.000451s ]
[ 2012-10-11T14:35:54+08:00 ] /xxx2/admin.php/Index/index/username/resources/images/closelabel.gif | INFO: Run TokenBuild Behavior [ RunTime:0.000409s ]
[ 2012-10-11T14:35:54+08:00 ] /xxx2/admin.php/Index/index/username/resources/images/closelabel.gif | INFO: Run WriteHtmlCache Behavior [ RunTime:0.000309s ]
[ 2012-10-11T14:35:54+08:00 ] /xxx2/admin.php/Index/index/username/resources/images/closelabel.gif | INFO: Run ShowRuntime Behavior [ RunTime:0.001061s ]
[ 2012-10-11T14:35:54+08:00 ] /xxx2/admin.php/Index/index/username/resources/images/closelabel.gif | INFO: Tag[ view_filter ] --END-- [ RunTime:0.003955s ]
[ 2012-10-11T14:35:54+08:00 ] /xxx2/admin.php/Index/index/username/resources/images/closelabel.gif | NOTIC: [2] Cannot modify header information - headers already sent by (output started at D:\XAMPP\xampp\htdocs\xxx2\admin\Lib\Action\IndexAction.class.php:1) View.class.php 第 120 行.
[ 2012-10-11T14:35:54+08:00 ] /xxx2/admin.php/Index/index/username/resources/images/closelabel.gif | NOTIC: [2] Cannot modify header information - headers already sent by (output started at D:\XAMPP\xampp\htdocs\xxx2\admin\Lib\Action\IndexAction.class.php:1) View.class.php 第 121 行.
[ 2012-10-11T14:35:54+08:00 ] /xxx2/admin.php/Index/index/username/resources/images/closelabel.gif | NOTIC: [2] Cannot modify header information - headers already sent by (output started at D:\XAMPP\xampp\htdocs\xxx2\admin\Lib\Action\IndexAction.class.php:1) View.class.php 第 122 行.
[ 2012-10-11T14:35:54+08:00 ] /xxx2/admin.php/Index/index/username/resources/images/closelabel.gif | INFO: Tag[ view_end ] --START--
[ 2012-10-11T14:35:54+08:00 ] /xxx2/admin.php/Index/index/username/resources/images/closelabel.gif | INFO: Run ShowPageTrace Behavior [ RunTime:0.000615s ]
[ 2012-10-11T14:35:54+08:00 ] /xxx2/admin.php/Index/index/username/resources/images/closelabel.gif | INFO: Tag[ view_end ] --END-- [ RunTime:0.000693s ]
[ 2012-10-11T14:35:57+08:00 ] /xxx2/admin.php/Article/index | INFO: Tag[ route_check ] --START--
[ 2012-10-11T14:35:57+08:00 ] /xxx2/admin.php/Article/index | INFO: Run CheckRoute Behavior [ RunTime:0.000930s ]
[ 2012-10-11T14:35:57+08:00 ] /xxx2/admin.php/Article/index | INFO: Tag[ route_check ] --END-- [ RunTime:0.001048s ]
[ 2012-10-11T14:35:57+08:00 ] /xxx2/admin.php/Article/index | INFO: Tag[ app_begin ] --START--
[ 2012-10-11T14:35:57+08:00 ] /xxx2/admin.php/Article/index | INFO: Run ReadHtmlCache Behavior [ RunTime:0.000637s ]
[ 2012-10-11T14:35:57+08:00 ] /xxx2/admin.php/Article/index | INFO: Tag[ app_begin ] --END-- [ RunTime:0.000703s ]
[ 2012-10-11T14:35:57+08:00 ] /xxx2/admin.php/Article/index | NOTIC: [2] Cannot modify header information - headers already sent by (output started at D:\XAMPP\xampp\htdocs\xxx2\admin\Lib\Action\ArticleAction.class.php:1) ArticleAction.class.php 第 35 行.
[ 2012-10-11T14:35:57+08:00 ] /xxx2/admin.php/Article/index | SQL: SHOW COLUMNS FROM `think_catalog` [ RunTime:0.002514s ]
[ 2012-10-11T14:35:57+08:00 ] /xxx2/admin.php/Article/index | NOTIC: [8] Undefined index: id ArticleAction.class.php 第 39 行.
[ 2012-10-11T14:35:57+08:00 ] /xxx2/admin.php/Article/index | SQL: SELECT `id`,`f_cata`,`isf`,`f_id`,`p_id` FROM `think_catalog` WHERE f_id='0'  [ RunTime:0.000699s ]
[ 2012-10-11T14:35:57+08:00 ] /xxx2/admin.php/Article/index | INFO: Tag[ view_template ] --START--
[ 2012-10-11T14:35:57+08:00 ] /xxx2/admin.php/Article/index | INFO: Run LocationTemplate Behavior [ RunTime:0.006480s ]
[ 2012-10-11T14:35:57+08:00 ] /xxx2/admin.php/Article/index | INFO: Tag[ view_template ] --END-- [ RunTime:0.006612s ]
[ 2012-10-11T14:35:57+08:00 ] /xxx2/admin.php/Article/index | INFO: Tag[ view_parse ] --START--
[ 2012-10-11T14:35:57+08:00 ] /xxx2/admin.php/Article/index | NOTIC: [8] Undefined variable: username 6a0fa1355e20b485f823227ab394fc93.php 第 66 行.
[ 2012-10-11T14:35:57+08:00 ] /xxx2/admin.php/Article/index | NOTIC: [8] Undefined variable: username 6a0fa1355e20b485f823227ab394fc93.php 第 66 行.
[ 2012-10-11T14:35:57+08:00 ] /xxx2/admin.php/Article/index | NOTIC: [8] Undefined variable: article_item 6a0fa1355e20b485f823227ab394fc93.php 第 140 行.
[ 2012-10-11T14:35:57+08:00 ] /xxx2/admin.php/Article/index | NOTIC: [8] Undefined variable: article_item 6a0fa1355e20b485f823227ab394fc93.php 第 170 行.
[ 2012-10-11T14:35:57+08:00 ] /xxx2/admin.php/Article/index | NOTIC: [8] Undefined variable: article_item 6a0fa1355e20b485f823227ab394fc93.php 第 176 行.
[ 2012-10-11T14:35:57+08:00 ] /xxx2/admin.php/Article/index | INFO: Run ParseTemplate Behavior [ RunTime:0.031558s ]
[ 2012-10-11T14:35:57+08:00 ] /xxx2/admin.php/Article/index | INFO: Tag[ view_parse ] --END-- [ RunTime:0.031649s ]
[ 2012-10-11T14:35:57+08:00 ] /xxx2/admin.php/Article/index | INFO: Tag[ view_filter ] --START--
[ 2012-10-11T14:35:57+08:00 ] /xxx2/admin.php/Article/index | INFO: Run ContentReplace Behavior [ RunTime:0.000515s ]
[ 2012-10-11T14:35:57+08:00 ] /xxx2/admin.php/Article/index | INFO: Run TokenBuild Behavior [ RunTime:0.000505s ]
[ 2012-10-11T14:35:57+08:00 ] /xxx2/admin.php/Article/index | INFO: Run WriteHtmlCache Behavior [ RunTime:0.000243s ]
[ 2012-10-11T14:35:57+08:00 ] /xxx2/admin.php/Article/index | INFO: Run ShowRuntime Behavior [ RunTime:0.000513s ]
[ 2012-10-11T14:35:57+08:00 ] /xxx2/admin.php/Article/index | INFO: Tag[ view_filter ] --END-- [ RunTime:0.001956s ]
[ 2012-10-11T14:35:57+08:00 ] /xxx2/admin.php/Article/index | NOTIC: [2] Cannot modify header information - headers already sent by (output started at D:\XAMPP\xampp\htdocs\xxx2\admin\Lib\Action\ArticleAction.class.php:1) View.class.php 第 120 行.
[ 2012-10-11T14:35:57+08:00 ] /xxx2/admin.php/Article/index | NOTIC: [2] Cannot modify header information - headers already sent by (output started at D:\XAMPP\xampp\htdocs\xxx2\admin\Lib\Action\ArticleAction.class.php:1) View.class.php 第 121 行.
[ 2012-10-11T14:35:57+08:00 ] /xxx2/admin.php/Article/index | NOTIC: [2] Cannot modify header information - headers already sent by (output started at D:\XAMPP\xampp\htdocs\xxx2\admin\Lib\Action\ArticleAction.class.php:1) View.class.php 第 122 行.
[ 2012-10-11T14:35:57+08:00 ] /xxx2/admin.php/Article/index | INFO: Tag[ view_end ] --START--
[ 2012-10-11T14:35:57+08:00 ] /xxx2/admin.php/Article/index | INFO: Run ShowPageTrace Behavior [ RunTime:0.000451s ]
[ 2012-10-11T14:35:57+08:00 ] /xxx2/admin.php/Article/index | INFO: Tag[ view_end ] --END-- [ RunTime:0.000512s ]
[ 2012-10-11T14:35:58+08:00 ] /xxx2/admin.php/Article/resources/images/closelabel.gif | ERR: (ThinkException) 非法操作resources
[ 2012-10-11T14:36:00+08:00 ] /xxx2/admin.php/Film/film_mag | INFO: Tag[ route_check ] --START--
[ 2012-10-11T14:36:00+08:00 ] /xxx2/admin.php/Film/film_mag | INFO: Run CheckRoute Behavior [ RunTime:0.001038s ]
[ 2012-10-11T14:36:00+08:00 ] /xxx2/admin.php/Film/film_mag | INFO: Tag[ route_check ] --END-- [ RunTime:0.001192s ]
[ 2012-10-11T14:36:00+08:00 ] /xxx2/admin.php/Film/film_mag | INFO: Tag[ app_begin ] --START--
[ 2012-10-11T14:36:00+08:00 ] /xxx2/admin.php/Film/film_mag | INFO: Run ReadHtmlCache Behavior [ RunTime:0.000936s ]
[ 2012-10-11T14:36:00+08:00 ] /xxx2/admin.php/Film/film_mag | INFO: Tag[ app_begin ] --END-- [ RunTime:0.001029s ]
[ 2012-10-11T14:36:00+08:00 ] /xxx2/admin.php/Film/film_mag | NOTIC: [2] Cannot modify header information - headers already sent by (output started at D:\XAMPP\xampp\htdocs\xxx2\admin\Lib\Action\FilmAction.class.php:1) FilmAction.class.php 第 64 行.
[ 2012-10-11T14:36:00+08:00 ] /xxx2/admin.php/Film/film_mag | SQL: SHOW COLUMNS FROM `think_catalog` [ RunTime:0.001944s ]
[ 2012-10-11T14:36:00+08:00 ] /xxx2/admin.php/Film/film_mag | SQL: SELECT `id`,`f_cata`,`isf`,`f_id`,`p_id` FROM `think_catalog` WHERE isf=1  [ RunTime:0.000805s ]
[ 2012-10-11T14:36:00+08:00 ] /xxx2/admin.php/Film/film_mag | NOTIC: [8] Undefined index: select FilmAction.class.php 第 71 行.
[ 2012-10-11T14:36:00+08:00 ] /xxx2/admin.php/Film/film_mag | SQL: SHOW COLUMNS FROM `think_film` [ RunTime:0.030511s ]
[ 2012-10-11T14:36:00+08:00 ] /xxx2/admin.php/Film/film_mag | SQL: SELECT COUNT(*) AS tp_count FROM `think_film` LIMIT 1   [ RunTime:0.023428s ]
[ 2012-10-11T14:36:00+08:00 ] /xxx2/admin.php/Film/film_mag | SQL: SELECT `id`,`title`,`f_cata`,`user`,`title`,`dt` FROM `think_film` ORDER BY id desc LIMIT 0,8   [ RunTime:0.016022s ]
[ 2012-10-11T14:36:00+08:00 ] /xxx2/admin.php/Film/film_mag | INFO: Tag[ view_template ] --START--
[ 2012-10-11T14:36:00+08:00 ] /xxx2/admin.php/Film/film_mag | INFO: Run LocationTemplate Behavior [ RunTime:0.073437s ]
[ 2012-10-11T14:36:00+08:00 ] /xxx2/admin.php/Film/film_mag | INFO: Tag[ view_template ] --END-- [ RunTime:0.073567s ]
[ 2012-10-11T14:36:00+08:00 ] /xxx2/admin.php/Film/film_mag | INFO: Tag[ view_parse ] --START--
[ 2012-10-11T14:36:00+08:00 ] /xxx2/admin.php/Film/film_mag | INFO: Run ParseTemplate Behavior [ RunTime:0.041249s ]
[ 2012-10-11T14:36:00+08:00 ] /xxx2/admin.php/Film/film_mag | INFO: Tag[ view_parse ] --END-- [ RunTime:0.041373s ]
[ 2012-10-11T14:36:00+08:00 ] /xxx2/admin.php/Film/film_mag | INFO: Tag[ view_filter ] --START--
[ 2012-10-11T14:36:00+08:00 ] /xxx2/admin.php/Film/film_mag | INFO: Run ContentReplace Behavior [ RunTime:0.000520s ]
[ 2012-10-11T14:36:00+08:00 ] /xxx2/admin.php/Film/film_mag | INFO: Run TokenBuild Behavior [ RunTime:0.000506s ]
[ 2012-10-11T14:36:00+08:00 ] /xxx2/admin.php/Film/film_mag | INFO: Run WriteHtmlCache Behavior [ RunTime:0.000524s ]
[ 2012-10-11T14:36:00+08:00 ] /xxx2/admin.php/Film/film_mag | INFO: Run ShowRuntime Behavior [ RunTime:0.000529s ]
[ 2012-10-11T14:36:00+08:00 ] /xxx2/admin.php/Film/film_mag | INFO: Tag[ view_filter ] --END-- [ RunTime:0.002258s ]
[ 2012-10-11T14:36:00+08:00 ] /xxx2/admin.php/Film/film_mag | NOTIC: [2] Cannot modify header information - headers already sent by (output started at D:\XAMPP\xampp\htdocs\xxx2\admin\Lib\Action\FilmAction.class.php:1) View.class.php 第 120 行.
[ 2012-10-11T14:36:00+08:00 ] /xxx2/admin.php/Film/film_mag | NOTIC: [2] Cannot modify header information - headers already sent by (output started at D:\XAMPP\xampp\htdocs\xxx2\admin\Lib\Action\FilmAction.class.php:1) View.class.php 第 121 行.
[ 2012-10-11T14:36:00+08:00 ] /xxx2/admin.php/Film/film_mag | NOTIC: [2] Cannot modify header information - headers already sent by (output started at D:\XAMPP\xampp\htdocs\xxx2\admin\Lib\Action\FilmAction.class.php:1) View.class.php 第 122 行.
[ 2012-10-11T14:36:00+08:00 ] /xxx2/admin.php/Film/film_mag | INFO: Tag[ view_end ] --START--
[ 2012-10-11T14:36:00+08:00 ] /xxx2/admin.php/Film/film_mag | INFO: Run ShowPageTrace Behavior [ RunTime:0.000927s ]
[ 2012-10-11T14:36:00+08:00 ] /xxx2/admin.php/Film/film_mag | INFO: Tag[ view_end ] --END-- [ RunTime:0.001030s ]
[ 2012-10-11T14:36:00+08:00 ] /xxx2/admin.php/Film/resources/images/closelabel.gif | ERR: (ThinkException) 非法操作resources
[ 2012-10-11T14:36:01+08:00 ] /xxx2/admin.php/Film/film_add | INFO: Tag[ route_check ] --START--
[ 2012-10-11T14:36:01+08:00 ] /xxx2/admin.php/Film/film_add | INFO: Run CheckRoute Behavior [ RunTime:0.001297s ]
[ 2012-10-11T14:36:01+08:00 ] /xxx2/admin.php/Film/film_add | INFO: Tag[ route_check ] --END-- [ RunTime:0.001431s ]
[ 2012-10-11T14:36:01+08:00 ] /xxx2/admin.php/Film/film_add | INFO: Tag[ app_begin ] --START--
[ 2012-10-11T14:36:01+08:00 ] /xxx2/admin.php/Film/film_add | INFO: Run ReadHtmlCache Behavior [ RunTime:0.000778s ]
[ 2012-10-11T14:36:01+08:00 ] /xxx2/admin.php/Film/film_add | INFO: Tag[ app_begin ] --END-- [ RunTime:0.000857s ]
[ 2012-10-11T14:36:01+08:00 ] /xxx2/admin.php/Film/film_add | NOTIC: [2] Cannot modify header information - headers already sent by (output started at D:\XAMPP\xampp\htdocs\xxx2\admin\Lib\Action\FilmAction.class.php:1) FilmAction.class.php 第 35 行.
[ 2012-10-11T14:36:01+08:00 ] /xxx2/admin.php/Film/film_add | SQL: SHOW COLUMNS FROM `think_catalog` [ RunTime:0.001983s ]
[ 2012-10-11T14:36:01+08:00 ] /xxx2/admin.php/Film/film_add | NOTIC: [8] Undefined index: id FilmAction.class.php 第 39 行.
[ 2012-10-11T14:36:01+08:00 ] /xxx2/admin.php/Film/film_add | SQL: SELECT `id`,`f_cata`,`isf`,`f_id`,`p_id` FROM `think_catalog` WHERE isf=1  [ RunTime:0.000652s ]
[ 2012-10-11T14:36:01+08:00 ] /xxx2/admin.php/Film/film_add | INFO: Tag[ view_template ] --START--
[ 2012-10-11T14:36:01+08:00 ] /xxx2/admin.php/Film/film_add | INFO: Run LocationTemplate Behavior [ RunTime:0.000879s ]
[ 2012-10-11T14:36:01+08:00 ] /xxx2/admin.php/Film/film_add | INFO: Tag[ view_template ] --END-- [ RunTime:0.000949s ]
[ 2012-10-11T14:36:01+08:00 ] /xxx2/admin.php/Film/film_add | INFO: Tag[ view_parse ] --START--
[ 2012-10-11T14:36:01+08:00 ] /xxx2/admin.php/Film/film_add | NOTIC: [8] Undefined variable: username db554cbc7d369621f0bacb60f263ba18.php 第 66 行.
[ 2012-10-11T14:36:01+08:00 ] /xxx2/admin.php/Film/film_add | NOTIC: [8] Undefined variable: username db554cbc7d369621f0bacb60f263ba18.php 第 66 行.
[ 2012-10-11T14:36:01+08:00 ] /xxx2/admin.php/Film/film_add | NOTIC: [8] Undefined variable: film_item db554cbc7d369621f0bacb60f263ba18.php 第 140 行.
[ 2012-10-11T14:36:01+08:00 ] /xxx2/admin.php/Film/film_add | NOTIC: [8] Undefined variable: film_item db554cbc7d369621f0bacb60f263ba18.php 第 169 行.
[ 2012-10-11T14:36:01+08:00 ] /xxx2/admin.php/Film/film_add | NOTIC: [8] Undefined variable: film_item db554cbc7d369621f0bacb60f263ba18.php 第 175 行.
[ 2012-10-11T14:36:01+08:00 ] /xxx2/admin.php/Film/film_add | INFO: Run ParseTemplate Behavior [ RunTime:0.045025s ]
[ 2012-10-11T14:36:01+08:00 ] /xxx2/admin.php/Film/film_add | INFO: Tag[ view_parse ] --END-- [ RunTime:0.045104s ]
[ 2012-10-11T14:36:01+08:00 ] /xxx2/admin.php/Film/film_add | INFO: Tag[ view_filter ] --START--
[ 2012-10-11T14:36:01+08:00 ] /xxx2/admin.php/Film/film_add | INFO: Run ContentReplace Behavior [ RunTime:0.000459s ]
[ 2012-10-11T14:36:01+08:00 ] /xxx2/admin.php/Film/film_add | INFO: Run TokenBuild Behavior [ RunTime:0.000527s ]
[ 2012-10-11T14:36:01+08:00 ] /xxx2/admin.php/Film/film_add | INFO: Run WriteHtmlCache Behavior [ RunTime:0.000247s ]
[ 2012-10-11T14:36:01+08:00 ] /xxx2/admin.php/Film/film_add | INFO: Run ShowRuntime Behavior [ RunTime:0.000516s ]
[ 2012-10-11T14:36:01+08:00 ] /xxx2/admin.php/Film/film_add | INFO: Tag[ view_filter ] --END-- [ RunTime:0.001920s ]
[ 2012-10-11T14:36:01+08:00 ] /xxx2/admin.php/Film/film_add | NOTIC: [2] Cannot modify header information - headers already sent by (output started at D:\XAMPP\xampp\htdocs\xxx2\admin\Lib\Action\FilmAction.class.php:1) View.class.php 第 120 行.
[ 2012-10-11T14:36:01+08:00 ] /xxx2/admin.php/Film/film_add | NOTIC: [2] Cannot modify header information - headers already sent by (output started at D:\XAMPP\xampp\htdocs\xxx2\admin\Lib\Action\FilmAction.class.php:1) View.class.php 第 121 行.
[ 2012-10-11T14:36:01+08:00 ] /xxx2/admin.php/Film/film_add | NOTIC: [2] Cannot modify header information - headers already sent by (output started at D:\XAMPP\xampp\htdocs\xxx2\admin\Lib\Action\FilmAction.class.php:1) View.class.php 第 122 行.
[ 2012-10-11T14:36:01+08:00 ] /xxx2/admin.php/Film/film_add | INFO: Tag[ view_end ] --START--
[ 2012-10-11T14:36:01+08:00 ] /xxx2/admin.php/Film/film_add | INFO: Run ShowPageTrace Behavior [ RunTime:0.000459s ]
[ 2012-10-11T14:36:01+08:00 ] /xxx2/admin.php/Film/film_add | INFO: Tag[ view_end ] --END-- [ RunTime:0.000520s ]
[ 2012-10-11T14:36:01+08:00 ] /xxx2/admin.php/Film/resources/images/closelabel.gif | ERR: (ThinkException) 非法操作resources
[ 2012-10-11T21:25:12+08:00 ] /xxx2/admin.php/Login/index/ | INFO: Tag[ route_check ] --START--
[ 2012-10-11T21:25:12+08:00 ] /xxx2/admin.php/Login/index/ | INFO: Run CheckRoute Behavior [ RunTime:0.023732s ]
[ 2012-10-11T21:25:12+08:00 ] /xxx2/admin.php/Login/index/ | INFO: Tag[ route_check ] --END-- [ RunTime:0.024562s ]
[ 2012-10-11T21:25:12+08:00 ] /xxx2/admin.php/Login/index/ | INFO: Tag[ app_begin ] --START--
[ 2012-10-11T21:25:12+08:00 ] /xxx2/admin.php/Login/index/ | INFO: Run ReadHtmlCache Behavior [ RunTime:0.000661s ]
[ 2012-10-11T21:25:12+08:00 ] /xxx2/admin.php/Login/index/ | INFO: Tag[ app_begin ] --END-- [ RunTime:0.000727s ]
[ 2012-10-11T21:25:12+08:00 ] /xxx2/admin.php/Login/index/ | INFO: Tag[ view_template ] --START--
[ 2012-10-11T21:25:12+08:00 ] /xxx2/admin.php/Login/index/ | INFO: Run LocationTemplate Behavior [ RunTime:0.019782s ]
[ 2012-10-11T21:25:12+08:00 ] /xxx2/admin.php/Login/index/ | INFO: Tag[ view_template ] --END-- [ RunTime:0.020010s ]
[ 2012-10-11T21:25:12+08:00 ] /xxx2/admin.php/Login/index/ | INFO: Tag[ view_parse ] --START--
[ 2012-10-11T21:25:12+08:00 ] /xxx2/admin.php/Login/index/ | INFO: Run ParseTemplate Behavior [ RunTime:0.065142s ]
[ 2012-10-11T21:25:12+08:00 ] /xxx2/admin.php/Login/index/ | INFO: Tag[ view_parse ] --END-- [ RunTime:0.065285s ]
[ 2012-10-11T21:25:12+08:00 ] /xxx2/admin.php/Login/index/ | INFO: Tag[ view_filter ] --START--
[ 2012-10-11T21:25:12+08:00 ] /xxx2/admin.php/Login/index/ | INFO: Run ContentReplace Behavior [ RunTime:0.000764s ]
[ 2012-10-11T21:25:12+08:00 ] /xxx2/admin.php/Login/index/ | INFO: Run TokenBuild Behavior [ RunTime:0.000918s ]
[ 2012-10-11T21:25:12+08:00 ] /xxx2/admin.php/Login/index/ | INFO: Run WriteHtmlCache Behavior [ RunTime:0.000559s ]
[ 2012-10-11T21:25:12+08:00 ] /xxx2/admin.php/Login/index/ | INFO: Run ShowRuntime Behavior [ RunTime:0.000770s ]
[ 2012-10-11T21:25:12+08:00 ] /xxx2/admin.php/Login/index/ | INFO: Tag[ view_filter ] --END-- [ RunTime:0.003268s ]
[ 2012-10-11T21:25:12+08:00 ] /xxx2/admin.php/Login/index/ | NOTIC: [2] Cannot modify header information - headers already sent by (output started at D:\XAMPP\xampp\htdocs\xxx2\admin\Lib\Action\LoginAction.class.php:1) View.class.php 第 120 行.
[ 2012-10-11T21:25:12+08:00 ] /xxx2/admin.php/Login/index/ | NOTIC: [2] Cannot modify header information - headers already sent by (output started at D:\XAMPP\xampp\htdocs\xxx2\admin\Lib\Action\LoginAction.class.php:1) View.class.php 第 121 行.
[ 2012-10-11T21:25:12+08:00 ] /xxx2/admin.php/Login/index/ | NOTIC: [2] Cannot modify header information - headers already sent by (output started at D:\XAMPP\xampp\htdocs\xxx2\admin\Lib\Action\LoginAction.class.php:1) View.class.php 第 122 行.
[ 2012-10-11T21:25:12+08:00 ] /xxx2/admin.php/Login/index/ | INFO: Tag[ view_end ] --START--
[ 2012-10-11T21:25:12+08:00 ] /xxx2/admin.php/Login/index/ | INFO: Run ShowPageTrace Behavior [ RunTime:0.000781s ]
[ 2012-10-11T21:25:12+08:00 ] /xxx2/admin.php/Login/index/ | INFO: Tag[ view_end ] --END-- [ RunTime:0.000867s ]
[ 2012-10-11T21:25:13+08:00 ] /xxx2/admin.php/Common/verify/ | INFO: Tag[ route_check ] --START--
[ 2012-10-11T21:25:13+08:00 ] /xxx2/admin.php/Common/verify/ | INFO: Run CheckRoute Behavior [ RunTime:0.003282s ]
[ 2012-10-11T21:25:13+08:00 ] /xxx2/admin.php/Common/verify/ | INFO: Tag[ route_check ] --END-- [ RunTime:0.003398s ]
[ 2012-10-11T21:25:13+08:00 ] /xxx2/admin.php/Common/verify/ | INFO: Tag[ app_begin ] --START--
[ 2012-10-11T21:25:13+08:00 ] /xxx2/admin.php/Common/verify/ | INFO: Run ReadHtmlCache Behavior [ RunTime:0.000813s ]
[ 2012-10-11T21:25:13+08:00 ] /xxx2/admin.php/Common/verify/ | INFO: Tag[ app_begin ] --END-- [ RunTime:0.000881s ]
[ 2012-10-11T21:25:13+08:00 ] /xxx2/admin.php/Login/index/resources/images/closelabel.gif | INFO: Tag[ route_check ] --START--
[ 2012-10-11T21:25:13+08:00 ] /xxx2/admin.php/Login/index/resources/images/closelabel.gif | INFO: Run CheckRoute Behavior [ RunTime:0.001381s ]
[ 2012-10-11T21:25:13+08:00 ] /xxx2/admin.php/Login/index/resources/images/closelabel.gif | INFO: Tag[ route_check ] --END-- [ RunTime:0.001494s ]
[ 2012-10-11T21:25:13+08:00 ] /xxx2/admin.php/Login/index/resources/images/closelabel.gif | INFO: Tag[ app_begin ] --START--
[ 2012-10-11T21:25:13+08:00 ] /xxx2/admin.php/Login/index/resources/images/closelabel.gif | INFO: Run ReadHtmlCache Behavior [ RunTime:0.003012s ]
[ 2012-10-11T21:25:13+08:00 ] /xxx2/admin.php/Login/index/resources/images/closelabel.gif | INFO: Tag[ app_begin ] --END-- [ RunTime:0.003129s ]
[ 2012-10-11T21:25:13+08:00 ] /xxx2/admin.php/Login/index/resources/images/closelabel.gif | INFO: Tag[ view_template ] --START--
[ 2012-10-11T21:25:13+08:00 ] /xxx2/admin.php/Login/index/resources/images/closelabel.gif | INFO: Run LocationTemplate Behavior [ RunTime:0.001022s ]
[ 2012-10-11T21:25:13+08:00 ] /xxx2/admin.php/Login/index/resources/images/closelabel.gif | INFO: Tag[ view_template ] --END-- [ RunTime:0.001155s ]
[ 2012-10-11T21:25:13+08:00 ] /xxx2/admin.php/Login/index/resources/images/closelabel.gif | INFO: Tag[ view_parse ] --START--
[ 2012-10-11T21:25:13+08:00 ] /xxx2/admin.php/Login/index/resources/images/closelabel.gif | INFO: Run ParseTemplate Behavior [ RunTime:0.012698s ]
[ 2012-10-11T21:25:13+08:00 ] /xxx2/admin.php/Login/index/resources/images/closelabel.gif | INFO: Tag[ view_parse ] --END-- [ RunTime:0.012829s ]
[ 2012-10-11T21:25:13+08:00 ] /xxx2/admin.php/Login/index/resources/images/closelabel.gif | INFO: Tag[ view_filter ] --START--
[ 2012-10-11T21:25:13+08:00 ] /xxx2/admin.php/Login/index/resources/images/closelabel.gif | INFO: Run ContentReplace Behavior [ RunTime:0.000692s ]
[ 2012-10-11T21:25:13+08:00 ] /xxx2/admin.php/Login/index/resources/images/closelabel.gif | INFO: Run TokenBuild Behavior [ RunTime:0.000670s ]
[ 2012-10-11T21:25:13+08:00 ] /xxx2/admin.php/Login/index/resources/images/closelabel.gif | INFO: Run WriteHtmlCache Behavior [ RunTime:0.000393s ]
[ 2012-10-11T21:25:13+08:00 ] /xxx2/admin.php/Login/index/resources/images/closelabel.gif | INFO: Run ShowRuntime Behavior [ RunTime:0.000637s ]
[ 2012-10-11T21:25:13+08:00 ] /xxx2/admin.php/Login/index/resources/images/closelabel.gif | INFO: Tag[ view_filter ] --END-- [ RunTime:0.002751s ]
[ 2012-10-11T21:25:13+08:00 ] /xxx2/admin.php/Login/index/resources/images/closelabel.gif | NOTIC: [2] Cannot modify header information - headers already sent by (output started at D:\XAMPP\xampp\htdocs\xxx2\admin\Lib\Action\LoginAction.class.php:1) View.class.php 第 120 行.
[ 2012-10-11T21:25:13+08:00 ] /xxx2/admin.php/Login/index/resources/images/closelabel.gif | NOTIC: [2] Cannot modify header information - headers already sent by (output started at D:\XAMPP\xampp\htdocs\xxx2\admin\Lib\Action\LoginAction.class.php:1) View.class.php 第 121 行.
[ 2012-10-11T21:25:13+08:00 ] /xxx2/admin.php/Login/index/resources/images/closelabel.gif | NOTIC: [2] Cannot modify header information - headers already sent by (output started at D:\XAMPP\xampp\htdocs\xxx2\admin\Lib\Action\LoginAction.class.php:1) View.class.php 第 122 行.
[ 2012-10-11T21:25:13+08:00 ] /xxx2/admin.php/Login/index/resources/images/closelabel.gif | INFO: Tag[ view_end ] --START--
[ 2012-10-11T21:25:13+08:00 ] /xxx2/admin.php/Login/index/resources/images/closelabel.gif | INFO: Run ShowPageTrace Behavior [ RunTime:0.000595s ]
[ 2012-10-11T21:25:13+08:00 ] /xxx2/admin.php/Login/index/resources/images/closelabel.gif | INFO: Tag[ view_end ] --END-- [ RunTime:0.000658s ]
[ 2012-10-11T21:25:21+08:00 ] /xxx2/admin.php/Index/index/username/admin | INFO: Tag[ route_check ] --START--
[ 2012-10-11T21:25:21+08:00 ] /xxx2/admin.php/Index/index/username/admin | INFO: Run CheckRoute Behavior [ RunTime:0.001008s ]
[ 2012-10-11T21:25:21+08:00 ] /xxx2/admin.php/Index/index/username/admin | INFO: Tag[ route_check ] --END-- [ RunTime:0.001138s ]
[ 2012-10-11T21:25:21+08:00 ] /xxx2/admin.php/Index/index/username/admin | INFO: Tag[ app_begin ] --START--
[ 2012-10-11T21:25:21+08:00 ] /xxx2/admin.php/Index/index/username/admin | INFO: Run ReadHtmlCache Behavior [ RunTime:0.000620s ]
[ 2012-10-11T21:25:21+08:00 ] /xxx2/admin.php/Index/index/username/admin | INFO: Tag[ app_begin ] --END-- [ RunTime:0.000687s ]
[ 2012-10-11T21:25:21+08:00 ] /xxx2/admin.php/Index/index/username/admin | NOTIC: [2] Cannot modify header information - headers already sent by (output started at D:\XAMPP\xampp\htdocs\xxx2\admin\Lib\Action\IndexAction.class.php:1) IndexAction.class.php 第 12 行.
[ 2012-10-11T21:25:21+08:00 ] /xxx2/admin.php/Index/index/username/admin | INFO: Tag[ view_template ] --START--
[ 2012-10-11T21:25:21+08:00 ] /xxx2/admin.php/Index/index/username/admin | INFO: Run LocationTemplate Behavior [ RunTime:0.045021s ]
[ 2012-10-11T21:25:21+08:00 ] /xxx2/admin.php/Index/index/username/admin | INFO: Tag[ view_template ] --END-- [ RunTime:0.045132s ]
[ 2012-10-11T21:25:21+08:00 ] /xxx2/admin.php/Index/index/username/admin | INFO: Tag[ view_parse ] --START--
[ 2012-10-11T21:25:21+08:00 ] /xxx2/admin.php/Index/index/username/admin | NOTIC: [8] Undefined variable: title 4c18d5952d0dbf1eedb8a1ec796fa788.php 第 5 行.
[ 2012-10-11T21:25:21+08:00 ] /xxx2/admin.php/Index/index/username/admin | INFO: Run ParseTemplate Behavior [ RunTime:0.110497s ]
[ 2012-10-11T21:25:21+08:00 ] /xxx2/admin.php/Index/index/username/admin | INFO: Tag[ view_parse ] --END-- [ RunTime:0.110584s ]
[ 2012-10-11T21:25:21+08:00 ] /xxx2/admin.php/Index/index/username/admin | INFO: Tag[ view_filter ] --START--
[ 2012-10-11T21:25:21+08:00 ] /xxx2/admin.php/Index/index/username/admin | INFO: Run ContentReplace Behavior [ RunTime:0.000783s ]
[ 2012-10-11T21:25:21+08:00 ] /xxx2/admin.php/Index/index/username/admin | INFO: Run TokenBuild Behavior [ RunTime:0.000621s ]
[ 2012-10-11T21:25:21+08:00 ] /xxx2/admin.php/Index/index/username/admin | INFO: Run WriteHtmlCache Behavior [ RunTime:0.000408s ]
[ 2012-10-11T21:25:21+08:00 ] /xxx2/admin.php/Index/index/username/admin | INFO: Run ShowRuntime Behavior [ RunTime:0.001012s ]
[ 2012-10-11T21:25:21+08:00 ] /xxx2/admin.php/Index/index/username/admin | INFO: Tag[ view_filter ] --END-- [ RunTime:0.003052s ]
[ 2012-10-11T21:25:21+08:00 ] /xxx2/admin.php/Index/index/username/admin | NOTIC: [2] Cannot modify header information - headers already sent by (output started at D:\XAMPP\xampp\htdocs\xxx2\admin\Lib\Action\IndexAction.class.php:1) View.class.php 第 120 行.
[ 2012-10-11T21:25:21+08:00 ] /xxx2/admin.php/Index/index/username/admin | NOTIC: [2] Cannot modify header information - headers already sent by (output started at D:\XAMPP\xampp\htdocs\xxx2\admin\Lib\Action\IndexAction.class.php:1) View.class.php 第 121 行.
[ 2012-10-11T21:25:21+08:00 ] /xxx2/admin.php/Index/index/username/admin | NOTIC: [2] Cannot modify header information - headers already sent by (output started at D:\XAMPP\xampp\htdocs\xxx2\admin\Lib\Action\IndexAction.class.php:1) View.class.php 第 122 行.
[ 2012-10-11T21:25:21+08:00 ] /xxx2/admin.php/Index/index/username/admin | INFO: Tag[ view_end ] --START--
[ 2012-10-11T21:25:21+08:00 ] /xxx2/admin.php/Index/index/username/admin | INFO: Run ShowPageTrace Behavior [ RunTime:0.003453s ]
[ 2012-10-11T21:25:21+08:00 ] /xxx2/admin.php/Index/index/username/admin | INFO: Tag[ view_end ] --END-- [ RunTime:0.003641s ]
[ 2012-10-11T21:25:22+08:00 ] /xxx2/admin.php/Index/index/username/resources/images/closelabel.gif | INFO: Tag[ route_check ] --START--
[ 2012-10-11T21:25:22+08:00 ] /xxx2/admin.php/Index/index/username/resources/images/closelabel.gif | INFO: Run CheckRoute Behavior [ RunTime:0.012498s ]
[ 2012-10-11T21:25:22+08:00 ] /xxx2/admin.php/Index/index/username/resources/images/closelabel.gif | INFO: Tag[ route_check ] --END-- [ RunTime:0.012637s ]
[ 2012-10-11T21:25:22+08:00 ] /xxx2/admin.php/Index/index/username/resources/images/closelabel.gif | INFO: Tag[ app_begin ] --START--
[ 2012-10-11T21:25:22+08:00 ] /xxx2/admin.php/Index/index/username/resources/images/closelabel.gif | INFO: Run ReadHtmlCache Behavior [ RunTime:0.000829s ]
[ 2012-10-11T21:25:22+08:00 ] /xxx2/admin.php/Index/index/username/resources/images/closelabel.gif | INFO: Tag[ app_begin ] --END-- [ RunTime:0.000904s ]
[ 2012-10-11T21:25:22+08:00 ] /xxx2/admin.php/Index/index/username/resources/images/closelabel.gif | NOTIC: [2] Cannot modify header information - headers already sent by (output started at D:\XAMPP\xampp\htdocs\xxx2\admin\Lib\Action\IndexAction.class.php:1) IndexAction.class.php 第 12 行.
[ 2012-10-11T21:25:22+08:00 ] /xxx2/admin.php/Index/index/username/resources/images/closelabel.gif | INFO: Tag[ view_template ] --START--
[ 2012-10-11T21:25:22+08:00 ] /xxx2/admin.php/Index/index/username/resources/images/closelabel.gif | INFO: Run LocationTemplate Behavior [ RunTime:0.004124s ]
[ 2012-10-11T21:25:22+08:00 ] /xxx2/admin.php/Index/index/username/resources/images/closelabel.gif | INFO: Tag[ view_template ] --END-- [ RunTime:0.004229s ]
[ 2012-10-11T21:25:22+08:00 ] /xxx2/admin.php/Index/index/username/resources/images/closelabel.gif | INFO: Tag[ view_parse ] --START--
[ 2012-10-11T21:25:22+08:00 ] /xxx2/admin.php/Index/index/username/resources/images/closelabel.gif | NOTIC: [8] Undefined variable: title 4c18d5952d0dbf1eedb8a1ec796fa788.php 第 5 行.
[ 2012-10-11T21:25:22+08:00 ] /xxx2/admin.php/Index/index/username/resources/images/closelabel.gif | INFO: Run ParseTemplate Behavior [ RunTime:0.015298s ]
[ 2012-10-11T21:25:22+08:00 ] /xxx2/admin.php/Index/index/username/resources/images/closelabel.gif | INFO: Tag[ view_parse ] --END-- [ RunTime:0.015415s ]
[ 2012-10-11T21:25:22+08:00 ] /xxx2/admin.php/Index/index/username/resources/images/closelabel.gif | INFO: Tag[ view_filter ] --START--
[ 2012-10-11T21:25:22+08:00 ] /xxx2/admin.php/Index/index/username/resources/images/closelabel.gif | INFO: Run ContentReplace Behavior [ RunTime:0.000882s ]
[ 2012-10-11T21:25:22+08:00 ] /xxx2/admin.php/Index/index/username/resources/images/closelabel.gif | INFO: Run TokenBuild Behavior [ RunTime:0.000794s ]
[ 2012-10-11T21:25:22+08:00 ] /xxx2/admin.php/Index/index/username/resources/images/closelabel.gif | INFO: Run WriteHtmlCache Behavior [ RunTime:0.000701s ]
[ 2012-10-11T21:25:22+08:00 ] /xxx2/admin.php/Index/index/username/resources/images/closelabel.gif | INFO: Run ShowRuntime Behavior [ RunTime:0.000860s ]
[ 2012-10-11T21:25:22+08:00 ] /xxx2/admin.php/Index/index/username/resources/images/closelabel.gif | INFO: Tag[ view_filter ] --END-- [ RunTime:0.003513s ]
[ 2012-10-11T21:25:22+08:00 ] /xxx2/admin.php/Index/index/username/resources/images/closelabel.gif | NOTIC: [2] Cannot modify header information - headers already sent by (output started at D:\XAMPP\xampp\htdocs\xxx2\admin\Lib\Action\IndexAction.class.php:1) View.class.php 第 120 行.
[ 2012-10-11T21:25:22+08:00 ] /xxx2/admin.php/Index/index/username/resources/images/closelabel.gif | NOTIC: [2] Cannot modify header information - headers already sent by (output started at D:\XAMPP\xampp\htdocs\xxx2\admin\Lib\Action\IndexAction.class.php:1) View.class.php 第 121 行.
[ 2012-10-11T21:25:22+08:00 ] /xxx2/admin.php/Index/index/username/resources/images/closelabel.gif | NOTIC: [2] Cannot modify header information - headers already sent by (output started at D:\XAMPP\xampp\htdocs\xxx2\admin\Lib\Action\IndexAction.class.php:1) View.class.php 第 122 行.
[ 2012-10-11T21:25:22+08:00 ] /xxx2/admin.php/Index/index/username/resources/images/closelabel.gif | INFO: Tag[ view_end ] --START--
[ 2012-10-11T21:25:22+08:00 ] /xxx2/admin.php/Index/index/username/resources/images/closelabel.gif | INFO: Run ShowPageTrace Behavior [ RunTime:0.000903s ]
[ 2012-10-11T21:25:22+08:00 ] /xxx2/admin.php/Index/index/username/resources/images/closelabel.gif | INFO: Tag[ view_end ] --END-- [ RunTime:0.001010s ]
