[ 2012-12-09T22:11:19+08:00 ] /xxx2/admin.php/Login/index/ | INFO: Tag[ route_check ] --START--
[ 2012-12-09T22:11:19+08:00 ] /xxx2/admin.php/Login/index/ | INFO: Run CheckRoute Behavior [ RunTime:0.001968s ]
[ 2012-12-09T22:11:19+08:00 ] /xxx2/admin.php/Login/index/ | INFO: Tag[ route_check ] --END-- [ RunTime:0.002109s ]
[ 2012-12-09T22:11:19+08:00 ] /xxx2/admin.php/Login/index/ | INFO: Tag[ app_begin ] --START--
[ 2012-12-09T22:11:19+08:00 ] /xxx2/admin.php/Login/index/ | INFO: Run ReadHtmlCache Behavior [ RunTime:0.001181s ]
[ 2012-12-09T22:11:19+08:00 ] /xxx2/admin.php/Login/index/ | INFO: Tag[ app_begin ] --END-- [ RunTime:0.001273s ]
[ 2012-12-09T22:11:19+08:00 ] /xxx2/admin.php/Login/index/ | INFO: Tag[ view_template ] --START--
[ 2012-12-09T22:11:19+08:00 ] /xxx2/admin.php/Login/index/ | INFO: Run LocationTemplate Behavior [ RunTime:0.097888s ]
[ 2012-12-09T22:11:19+08:00 ] /xxx2/admin.php/Login/index/ | INFO: Tag[ view_template ] --END-- [ RunTime:0.098037s ]
[ 2012-12-09T22:11:19+08:00 ] /xxx2/admin.php/Login/index/ | INFO: Tag[ view_parse ] --START--
[ 2012-12-09T22:11:19+08:00 ] /xxx2/admin.php/Login/index/ | INFO: Run ParseTemplate Behavior [ RunTime:0.131172s ]
[ 2012-12-09T22:11:19+08:00 ] /xxx2/admin.php/Login/index/ | INFO: Tag[ view_parse ] --END-- [ RunTime:0.131296s ]
[ 2012-12-09T22:11:19+08:00 ] /xxx2/admin.php/Login/index/ | INFO: Tag[ view_filter ] --START--
[ 2012-12-09T22:11:19+08:00 ] /xxx2/admin.php/Login/index/ | INFO: Run ContentReplace Behavior [ RunTime:0.000527s ]
[ 2012-12-09T22:11:19+08:00 ] /xxx2/admin.php/Login/index/ | INFO: Run TokenBuild Behavior [ RunTime:0.000551s ]
[ 2012-12-09T22:11:19+08:00 ] /xxx2/admin.php/Login/index/ | INFO: Run WriteHtmlCache Behavior [ RunTime:0.000402s ]
[ 2012-12-09T22:11:19+08:00 ] /xxx2/admin.php/Login/index/ | INFO: Run ShowRuntime Behavior [ RunTime:0.000585s ]
[ 2012-12-09T22:11:19+08:00 ] /xxx2/admin.php/Login/index/ | INFO: Tag[ view_filter ] --END-- [ RunTime:0.002257s ]
[ 2012-12-09T22:11:19+08:00 ] /xxx2/admin.php/Login/index/ | NOTIC: [2] Cannot modify header information - headers already sent by (output started at D:\XAMPP\xampp\htdocs\xxx2\admin\Lib\Action\LoginAction.class.php:1) View.class.php 第 120 行.
[ 2012-12-09T22:11:19+08:00 ] /xxx2/admin.php/Login/index/ | NOTIC: [2] Cannot modify header information - headers already sent by (output started at D:\XAMPP\xampp\htdocs\xxx2\admin\Lib\Action\LoginAction.class.php:1) View.class.php 第 121 行.
[ 2012-12-09T22:11:19+08:00 ] /xxx2/admin.php/Login/index/ | NOTIC: [2] Cannot modify header information - headers already sent by (output started at D:\XAMPP\xampp\htdocs\xxx2\admin\Lib\Action\LoginAction.class.php:1) View.class.php 第 122 行.
[ 2012-12-09T22:11:19+08:00 ] /xxx2/admin.php/Login/index/ | INFO: Tag[ view_end ] --START--
[ 2012-12-09T22:11:19+08:00 ] /xxx2/admin.php/Login/index/ | INFO: Run ShowPageTrace Behavior [ RunTime:0.000566s ]
[ 2012-12-09T22:11:19+08:00 ] /xxx2/admin.php/Login/index/ | INFO: Tag[ view_end ] --END-- [ RunTime:0.000632s ]
[ 2012-12-09T22:11:20+08:00 ] /xxx2/admin.php/Common/verify/ | INFO: Tag[ route_check ] --START--
[ 2012-12-09T22:11:20+08:00 ] /xxx2/admin.php/Common/verify/ | INFO: Run CheckRoute Behavior [ RunTime:0.001580s ]
[ 2012-12-09T22:11:20+08:00 ] /xxx2/admin.php/Common/verify/ | INFO: Tag[ route_check ] --END-- [ RunTime:0.001692s ]
[ 2012-12-09T22:11:20+08:00 ] /xxx2/admin.php/Common/verify/ | INFO: Tag[ app_begin ] --START--
[ 2012-12-09T22:11:20+08:00 ] /xxx2/admin.php/Common/verify/ | INFO: Run ReadHtmlCache Behavior [ RunTime:0.001159s ]
[ 2012-12-09T22:11:20+08:00 ] /xxx2/admin.php/Common/verify/ | INFO: Tag[ app_begin ] --END-- [ RunTime:0.001242s ]
[ 2012-12-09T22:11:20+08:00 ] /xxx2/admin.php/Login/index/resources/images/closelabel.gif | INFO: Tag[ route_check ] --START--
[ 2012-12-09T22:11:20+08:00 ] /xxx2/admin.php/Login/index/resources/images/closelabel.gif | INFO: Run CheckRoute Behavior [ RunTime:0.011618s ]
[ 2012-12-09T22:11:20+08:00 ] /xxx2/admin.php/Login/index/resources/images/closelabel.gif | INFO: Tag[ route_check ] --END-- [ RunTime:0.011757s ]
[ 2012-12-09T22:11:20+08:00 ] /xxx2/admin.php/Login/index/resources/images/closelabel.gif | INFO: Tag[ app_begin ] --START--
[ 2012-12-09T22:11:20+08:00 ] /xxx2/admin.php/Login/index/resources/images/closelabel.gif | INFO: Run ReadHtmlCache Behavior [ RunTime:0.001119s ]
[ 2012-12-09T22:11:20+08:00 ] /xxx2/admin.php/Login/index/resources/images/closelabel.gif | INFO: Tag[ app_begin ] --END-- [ RunTime:0.001216s ]
[ 2012-12-09T22:11:20+08:00 ] /xxx2/admin.php/Login/index/resources/images/closelabel.gif | INFO: Tag[ view_template ] --START--
[ 2012-12-09T22:11:20+08:00 ] /xxx2/admin.php/Login/index/resources/images/closelabel.gif | INFO: Run LocationTemplate Behavior [ RunTime:0.001941s ]
[ 2012-12-09T22:11:20+08:00 ] /xxx2/admin.php/Login/index/resources/images/closelabel.gif | INFO: Tag[ view_template ] --END-- [ RunTime:0.002091s ]
[ 2012-12-09T22:11:20+08:00 ] /xxx2/admin.php/Login/index/resources/images/closelabel.gif | INFO: Tag[ view_parse ] --START--
[ 2012-12-09T22:11:20+08:00 ] /xxx2/admin.php/Login/index/resources/images/closelabel.gif | INFO: Run ParseTemplate Behavior [ RunTime:0.012710s ]
[ 2012-12-09T22:11:20+08:00 ] /xxx2/admin.php/Login/index/resources/images/closelabel.gif | INFO: Tag[ view_parse ] --END-- [ RunTime:0.012817s ]
[ 2012-12-09T22:11:20+08:00 ] /xxx2/admin.php/Login/index/resources/images/closelabel.gif | INFO: Tag[ view_filter ] --START--
[ 2012-12-09T22:11:20+08:00 ] /xxx2/admin.php/Login/index/resources/images/closelabel.gif | INFO: Run ContentReplace Behavior [ RunTime:0.000790s ]
[ 2012-12-09T22:11:20+08:00 ] /xxx2/admin.php/Login/index/resources/images/closelabel.gif | INFO: Run TokenBuild Behavior [ RunTime:0.000818s ]
[ 2012-12-09T22:11:20+08:00 ] /xxx2/admin.php/Login/index/resources/images/closelabel.gif | INFO: Run WriteHtmlCache Behavior [ RunTime:0.000615s ]
[ 2012-12-09T22:11:20+08:00 ] /xxx2/admin.php/Login/index/resources/images/closelabel.gif | INFO: Run ShowRuntime Behavior [ RunTime:0.001056s ]
[ 2012-12-09T22:11:20+08:00 ] /xxx2/admin.php/Login/index/resources/images/closelabel.gif | INFO: Tag[ view_filter ] --END-- [ RunTime:0.003473s ]
[ 2012-12-09T22:11:20+08:00 ] /xxx2/admin.php/Login/index/resources/images/closelabel.gif | NOTIC: [2] Cannot modify header information - headers already sent by (output started at D:\XAMPP\xampp\htdocs\xxx2\admin\Lib\Action\LoginAction.class.php:1) View.class.php 第 120 行.
[ 2012-12-09T22:11:20+08:00 ] /xxx2/admin.php/Login/index/resources/images/closelabel.gif | NOTIC: [2] Cannot modify header information - headers already sent by (output started at D:\XAMPP\xampp\htdocs\xxx2\admin\Lib\Action\LoginAction.class.php:1) View.class.php 第 121 行.
[ 2012-12-09T22:11:20+08:00 ] /xxx2/admin.php/Login/index/resources/images/closelabel.gif | NOTIC: [2] Cannot modify header information - headers already sent by (output started at D:\XAMPP\xampp\htdocs\xxx2\admin\Lib\Action\LoginAction.class.php:1) View.class.php 第 122 行.
[ 2012-12-09T22:11:20+08:00 ] /xxx2/admin.php/Login/index/resources/images/closelabel.gif | INFO: Tag[ view_end ] --START--
[ 2012-12-09T22:11:20+08:00 ] /xxx2/admin.php/Login/index/resources/images/closelabel.gif | INFO: Run ShowPageTrace Behavior [ RunTime:0.001743s ]
[ 2012-12-09T22:11:20+08:00 ] /xxx2/admin.php/Login/index/resources/images/closelabel.gif | INFO: Tag[ view_end ] --END-- [ RunTime:0.001830s ]
[ 2012-12-09T22:11:29+08:00 ] /xxx2/admin.php/Index/index/username/admin | INFO: Tag[ route_check ] --START--
[ 2012-12-09T22:11:29+08:00 ] /xxx2/admin.php/Index/index/username/admin | INFO: Run CheckRoute Behavior [ RunTime:0.000968s ]
[ 2012-12-09T22:11:29+08:00 ] /xxx2/admin.php/Index/index/username/admin | INFO: Tag[ route_check ] --END-- [ RunTime:0.001075s ]
[ 2012-12-09T22:11:29+08:00 ] /xxx2/admin.php/Index/index/username/admin | INFO: Tag[ app_begin ] --START--
[ 2012-12-09T22:11:29+08:00 ] /xxx2/admin.php/Index/index/username/admin | INFO: Run ReadHtmlCache Behavior [ RunTime:0.000663s ]
[ 2012-12-09T22:11:29+08:00 ] /xxx2/admin.php/Index/index/username/admin | INFO: Tag[ app_begin ] --END-- [ RunTime:0.000728s ]
[ 2012-12-09T22:11:29+08:00 ] /xxx2/admin.php/Index/index/username/admin | NOTIC: [2] Cannot modify header information - headers already sent by (output started at D:\XAMPP\xampp\htdocs\xxx2\admin\Lib\Action\IndexAction.class.php:1) IndexAction.class.php 第 12 行.
[ 2012-12-09T22:11:29+08:00 ] /xxx2/admin.php/Index/index/username/admin | INFO: Tag[ view_template ] --START--
[ 2012-12-09T22:11:29+08:00 ] /xxx2/admin.php/Index/index/username/admin | INFO: Run LocationTemplate Behavior [ RunTime:0.077703s ]
[ 2012-12-09T22:11:29+08:00 ] /xxx2/admin.php/Index/index/username/admin | INFO: Tag[ view_template ] --END-- [ RunTime:0.077815s ]
[ 2012-12-09T22:11:29+08:00 ] /xxx2/admin.php/Index/index/username/admin | INFO: Tag[ view_parse ] --START--
[ 2012-12-09T22:11:30+08:00 ] /xxx2/admin.php/Index/index/username/admin | NOTIC: [8] Undefined variable: title 4c18d5952d0dbf1eedb8a1ec796fa788.php 第 5 行.
[ 2012-12-09T22:11:30+08:00 ] /xxx2/admin.php/Index/index/username/admin | INFO: Run ParseTemplate Behavior [ RunTime:0.061556s ]
[ 2012-12-09T22:11:30+08:00 ] /xxx2/admin.php/Index/index/username/admin | INFO: Tag[ view_parse ] --END-- [ RunTime:0.061638s ]
[ 2012-12-09T22:11:30+08:00 ] /xxx2/admin.php/Index/index/username/admin | INFO: Tag[ view_filter ] --START--
[ 2012-12-09T22:11:30+08:00 ] /xxx2/admin.php/Index/index/username/admin | INFO: Run ContentReplace Behavior [ RunTime:0.000511s ]
[ 2012-12-09T22:11:30+08:00 ] /xxx2/admin.php/Index/index/username/admin | INFO: Run TokenBuild Behavior [ RunTime:0.000479s ]
[ 2012-12-09T22:11:30+08:00 ] /xxx2/admin.php/Index/index/username/admin | INFO: Run WriteHtmlCache Behavior [ RunTime:0.000315s ]
[ 2012-12-09T22:11:30+08:00 ] /xxx2/admin.php/Index/index/username/admin | INFO: Run ShowRuntime Behavior [ RunTime:0.000571s ]
[ 2012-12-09T22:11:30+08:00 ] /xxx2/admin.php/Index/index/username/admin | INFO: Tag[ view_filter ] --END-- [ RunTime:0.002061s ]
[ 2012-12-09T22:11:30+08:00 ] /xxx2/admin.php/Index/index/username/admin | NOTIC: [2] Cannot modify header information - headers already sent by (output started at D:\XAMPP\xampp\htdocs\xxx2\admin\Lib\Action\IndexAction.class.php:1) View.class.php 第 120 行.
[ 2012-12-09T22:11:30+08:00 ] /xxx2/admin.php/Index/index/username/admin | NOTIC: [2] Cannot modify header information - headers already sent by (output started at D:\XAMPP\xampp\htdocs\xxx2\admin\Lib\Action\IndexAction.class.php:1) View.class.php 第 121 行.
[ 2012-12-09T22:11:30+08:00 ] /xxx2/admin.php/Index/index/username/admin | NOTIC: [2] Cannot modify header information - headers already sent by (output started at D:\XAMPP\xampp\htdocs\xxx2\admin\Lib\Action\IndexAction.class.php:1) View.class.php 第 122 行.
[ 2012-12-09T22:11:30+08:00 ] /xxx2/admin.php/Index/index/username/admin | INFO: Tag[ view_end ] --START--
[ 2012-12-09T22:11:30+08:00 ] /xxx2/admin.php/Index/index/username/admin | INFO: Run ShowPageTrace Behavior [ RunTime:0.000524s ]
[ 2012-12-09T22:11:30+08:00 ] /xxx2/admin.php/Index/index/username/admin | INFO: Tag[ view_end ] --END-- [ RunTime:0.000586s ]
[ 2012-12-09T22:11:30+08:00 ] /xxx2/admin.php/Index/index/username/resources/images/closelabel.gif | INFO: Tag[ route_check ] --START--
[ 2012-12-09T22:11:30+08:00 ] /xxx2/admin.php/Index/index/username/resources/images/closelabel.gif | INFO: Run CheckRoute Behavior [ RunTime:0.007102s ]
[ 2012-12-09T22:11:30+08:00 ] /xxx2/admin.php/Index/index/username/resources/images/closelabel.gif | INFO: Tag[ route_check ] --END-- [ RunTime:0.007235s ]
[ 2012-12-09T22:11:30+08:00 ] /xxx2/admin.php/Index/index/username/resources/images/closelabel.gif | INFO: Tag[ app_begin ] --START--
[ 2012-12-09T22:11:30+08:00 ] /xxx2/admin.php/Index/index/username/resources/images/closelabel.gif | INFO: Run ReadHtmlCache Behavior [ RunTime:0.001044s ]
[ 2012-12-09T22:11:30+08:00 ] /xxx2/admin.php/Index/index/username/resources/images/closelabel.gif | INFO: Tag[ app_begin ] --END-- [ RunTime:0.001123s ]
[ 2012-12-09T22:11:30+08:00 ] /xxx2/admin.php/Index/index/username/resources/images/closelabel.gif | NOTIC: [2] Cannot modify header information - headers already sent by (output started at D:\XAMPP\xampp\htdocs\xxx2\admin\Lib\Action\IndexAction.class.php:1) IndexAction.class.php 第 12 行.
[ 2012-12-09T22:11:30+08:00 ] /xxx2/admin.php/Index/index/username/resources/images/closelabel.gif | INFO: Tag[ view_template ] --START--
[ 2012-12-09T22:11:30+08:00 ] /xxx2/admin.php/Index/index/username/resources/images/closelabel.gif | INFO: Run LocationTemplate Behavior [ RunTime:0.001500s ]
[ 2012-12-09T22:11:30+08:00 ] /xxx2/admin.php/Index/index/username/resources/images/closelabel.gif | INFO: Tag[ view_template ] --END-- [ RunTime:0.001585s ]
[ 2012-12-09T22:11:30+08:00 ] /xxx2/admin.php/Index/index/username/resources/images/closelabel.gif | INFO: Tag[ view_parse ] --START--
[ 2012-12-09T22:11:30+08:00 ] /xxx2/admin.php/Index/index/username/resources/images/closelabel.gif | NOTIC: [8] Undefined variable: title 4c18d5952d0dbf1eedb8a1ec796fa788.php 第 5 行.
[ 2012-12-09T22:11:30+08:00 ] /xxx2/admin.php/Index/index/username/resources/images/closelabel.gif | INFO: Run ParseTemplate Behavior [ RunTime:0.036247s ]
[ 2012-12-09T22:11:30+08:00 ] /xxx2/admin.php/Index/index/username/resources/images/closelabel.gif | INFO: Tag[ view_parse ] --END-- [ RunTime:0.036331s ]
[ 2012-12-09T22:11:30+08:00 ] /xxx2/admin.php/Index/index/username/resources/images/closelabel.gif | INFO: Tag[ view_filter ] --START--
[ 2012-12-09T22:11:30+08:00 ] /xxx2/admin.php/Index/index/username/resources/images/closelabel.gif | INFO: Run ContentReplace Behavior [ RunTime:0.001008s ]
[ 2012-12-09T22:11:30+08:00 ] /xxx2/admin.php/Index/index/username/resources/images/closelabel.gif | INFO: Run TokenBuild Behavior [ RunTime:0.000985s ]
[ 2012-12-09T22:11:30+08:00 ] /xxx2/admin.php/Index/index/username/resources/images/closelabel.gif | INFO: Run WriteHtmlCache Behavior [ RunTime:0.000741s ]
[ 2012-12-09T22:11:30+08:00 ] /xxx2/admin.php/Index/index/username/resources/images/closelabel.gif | INFO: Run ShowRuntime Behavior [ RunTime:0.003203s ]
[ 2012-12-09T22:11:30+08:00 ] /xxx2/admin.php/Index/index/username/resources/images/closelabel.gif | INFO: Tag[ view_filter ] --END-- [ RunTime:0.006369s ]
[ 2012-12-09T22:11:30+08:00 ] /xxx2/admin.php/Index/index/username/resources/images/closelabel.gif | NOTIC: [2] Cannot modify header information - headers already sent by (output started at D:\XAMPP\xampp\htdocs\xxx2\admin\Lib\Action\IndexAction.class.php:1) View.class.php 第 120 行.
[ 2012-12-09T22:11:30+08:00 ] /xxx2/admin.php/Index/index/username/resources/images/closelabel.gif | NOTIC: [2] Cannot modify header information - headers already sent by (output started at D:\XAMPP\xampp\htdocs\xxx2\admin\Lib\Action\IndexAction.class.php:1) View.class.php 第 121 行.
[ 2012-12-09T22:11:30+08:00 ] /xxx2/admin.php/Index/index/username/resources/images/closelabel.gif | NOTIC: [2] Cannot modify header information - headers already sent by (output started at D:\XAMPP\xampp\htdocs\xxx2\admin\Lib\Action\IndexAction.class.php:1) View.class.php 第 122 行.
[ 2012-12-09T22:11:30+08:00 ] /xxx2/admin.php/Index/index/username/resources/images/closelabel.gif | INFO: Tag[ view_end ] --START--
[ 2012-12-09T22:11:30+08:00 ] /xxx2/admin.php/Index/index/username/resources/images/closelabel.gif | INFO: Run ShowPageTrace Behavior [ RunTime:0.001302s ]
[ 2012-12-09T22:11:30+08:00 ] /xxx2/admin.php/Index/index/username/resources/images/closelabel.gif | INFO: Tag[ view_end ] --END-- [ RunTime:0.001403s ]
[ 2012-12-09T22:11:33+08:00 ] /xxx2/admin.php/Article/index | INFO: Tag[ route_check ] --START--
[ 2012-12-09T22:11:33+08:00 ] /xxx2/admin.php/Article/index | INFO: Run CheckRoute Behavior [ RunTime:0.001274s ]
[ 2012-12-09T22:11:33+08:00 ] /xxx2/admin.php/Article/index | INFO: Tag[ route_check ] --END-- [ RunTime:0.001414s ]
[ 2012-12-09T22:11:33+08:00 ] /xxx2/admin.php/Article/index | INFO: Tag[ app_begin ] --START--
[ 2012-12-09T22:11:33+08:00 ] /xxx2/admin.php/Article/index | INFO: Run ReadHtmlCache Behavior [ RunTime:0.000922s ]
[ 2012-12-09T22:11:33+08:00 ] /xxx2/admin.php/Article/index | INFO: Tag[ app_begin ] --END-- [ RunTime:0.001008s ]
[ 2012-12-09T22:11:33+08:00 ] /xxx2/admin.php/Article/index | NOTIC: [2] Cannot modify header information - headers already sent by (output started at D:\XAMPP\xampp\htdocs\xxx2\admin\Lib\Action\ArticleAction.class.php:1) ArticleAction.class.php 第 35 行.
[ 2012-12-09T22:11:33+08:00 ] /xxx2/admin.php/Article/index | SQL: SHOW COLUMNS FROM `think_catalog` [ RunTime:0.002973s ]
[ 2012-12-09T22:11:33+08:00 ] /xxx2/admin.php/Article/index | NOTIC: [8] Undefined index: id ArticleAction.class.php 第 39 行.
[ 2012-12-09T22:11:33+08:00 ] /xxx2/admin.php/Article/index | SQL: SELECT `id`,`f_cata`,`isf`,`f_id`,`p_id` FROM `think_catalog` WHERE f_id='0'  [ RunTime:0.000622s ]
[ 2012-12-09T22:11:33+08:00 ] /xxx2/admin.php/Article/index | INFO: Tag[ view_template ] --START--
[ 2012-12-09T22:11:33+08:00 ] /xxx2/admin.php/Article/index | INFO: Run LocationTemplate Behavior [ RunTime:0.022049s ]
[ 2012-12-09T22:11:33+08:00 ] /xxx2/admin.php/Article/index | INFO: Tag[ view_template ] --END-- [ RunTime:0.022163s ]
[ 2012-12-09T22:11:33+08:00 ] /xxx2/admin.php/Article/index | INFO: Tag[ view_parse ] --START--
[ 2012-12-09T22:11:33+08:00 ] /xxx2/admin.php/Article/index | NOTIC: [8] Undefined variable: username 6a0fa1355e20b485f823227ab394fc93.php 第 66 行.
[ 2012-12-09T22:11:33+08:00 ] /xxx2/admin.php/Article/index | NOTIC: [8] Undefined variable: username 6a0fa1355e20b485f823227ab394fc93.php 第 66 行.
[ 2012-12-09T22:11:33+08:00 ] /xxx2/admin.php/Article/index | NOTIC: [8] Undefined variable: article_item 6a0fa1355e20b485f823227ab394fc93.php 第 140 行.
[ 2012-12-09T22:11:33+08:00 ] /xxx2/admin.php/Article/index | NOTIC: [8] Undefined variable: article_item 6a0fa1355e20b485f823227ab394fc93.php 第 170 行.
[ 2012-12-09T22:11:33+08:00 ] /xxx2/admin.php/Article/index | NOTIC: [8] Undefined variable: article_item 6a0fa1355e20b485f823227ab394fc93.php 第 176 行.
[ 2012-12-09T22:11:33+08:00 ] /xxx2/admin.php/Article/index | INFO: Run ParseTemplate Behavior [ RunTime:0.043107s ]
[ 2012-12-09T22:11:33+08:00 ] /xxx2/admin.php/Article/index | INFO: Tag[ view_parse ] --END-- [ RunTime:0.043190s ]
[ 2012-12-09T22:11:33+08:00 ] /xxx2/admin.php/Article/index | INFO: Tag[ view_filter ] --START--
[ 2012-12-09T22:11:33+08:00 ] /xxx2/admin.php/Article/index | INFO: Run ContentReplace Behavior [ RunTime:0.000545s ]
[ 2012-12-09T22:11:33+08:00 ] /xxx2/admin.php/Article/index | INFO: Run TokenBuild Behavior [ RunTime:0.000534s ]
[ 2012-12-09T22:11:33+08:00 ] /xxx2/admin.php/Article/index | INFO: Run WriteHtmlCache Behavior [ RunTime:0.000296s ]
[ 2012-12-09T22:11:33+08:00 ] /xxx2/admin.php/Article/index | INFO: Run ShowRuntime Behavior [ RunTime:0.000567s ]
[ 2012-12-09T22:11:33+08:00 ] /xxx2/admin.php/Article/index | INFO: Tag[ view_filter ] --END-- [ RunTime:0.002121s ]
[ 2012-12-09T22:11:33+08:00 ] /xxx2/admin.php/Article/index | NOTIC: [2] Cannot modify header information - headers already sent by (output started at D:\XAMPP\xampp\htdocs\xxx2\admin\Lib\Action\ArticleAction.class.php:1) View.class.php 第 120 行.
[ 2012-12-09T22:11:33+08:00 ] /xxx2/admin.php/Article/index | NOTIC: [2] Cannot modify header information - headers already sent by (output started at D:\XAMPP\xampp\htdocs\xxx2\admin\Lib\Action\ArticleAction.class.php:1) View.class.php 第 121 行.
[ 2012-12-09T22:11:33+08:00 ] /xxx2/admin.php/Article/index | NOTIC: [2] Cannot modify header information - headers already sent by (output started at D:\XAMPP\xampp\htdocs\xxx2\admin\Lib\Action\ArticleAction.class.php:1) View.class.php 第 122 行.
[ 2012-12-09T22:11:33+08:00 ] /xxx2/admin.php/Article/index | INFO: Tag[ view_end ] --START--
[ 2012-12-09T22:11:33+08:00 ] /xxx2/admin.php/Article/index | INFO: Run ShowPageTrace Behavior [ RunTime:0.000525s ]
[ 2012-12-09T22:11:33+08:00 ] /xxx2/admin.php/Article/index | INFO: Tag[ view_end ] --END-- [ RunTime:0.000586s ]
[ 2012-12-09T22:11:34+08:00 ] /xxx2/admin.php/Article/resources/images/closelabel.gif | ERR: (ThinkException) 非法操作resources
[ 2012-12-09T22:11:35+08:00 ] /xxx2/admin.php/Article/lis | INFO: Tag[ route_check ] --START--
[ 2012-12-09T22:11:35+08:00 ] /xxx2/admin.php/Article/lis | INFO: Run CheckRoute Behavior [ RunTime:0.001633s ]
[ 2012-12-09T22:11:35+08:00 ] /xxx2/admin.php/Article/lis | INFO: Tag[ route_check ] --END-- [ RunTime:0.001752s ]
[ 2012-12-09T22:11:35+08:00 ] /xxx2/admin.php/Article/lis | INFO: Tag[ app_begin ] --START--
[ 2012-12-09T22:11:35+08:00 ] /xxx2/admin.php/Article/lis | INFO: Run ReadHtmlCache Behavior [ RunTime:0.001070s ]
[ 2012-12-09T22:11:35+08:00 ] /xxx2/admin.php/Article/lis | INFO: Tag[ app_begin ] --END-- [ RunTime:0.001138s ]
[ 2012-12-09T22:11:35+08:00 ] /xxx2/admin.php/Article/lis | NOTIC: [2] Cannot modify header information - headers already sent by (output started at D:\XAMPP\xampp\htdocs\xxx2\admin\Lib\Action\ArticleAction.class.php:1) ArticleAction.class.php 第 67 行.
[ 2012-12-09T22:11:35+08:00 ] /xxx2/admin.php/Article/lis | SQL: SHOW COLUMNS FROM `think_catalog` [ RunTime:0.002991s ]
[ 2012-12-09T22:11:35+08:00 ] /xxx2/admin.php/Article/lis | SQL: SELECT * FROM `think_catalog` WHERE f_id=0  [ RunTime:0.000513s ]
[ 2012-12-09T22:11:35+08:00 ] /xxx2/admin.php/Article/lis | NOTIC: [8] Undefined index: select ArticleAction.class.php 第 74 行.
[ 2012-12-09T22:11:35+08:00 ] /xxx2/admin.php/Article/lis | SQL: SHOW COLUMNS FROM `think_cata` [ RunTime:0.002303s ]
[ 2012-12-09T22:11:35+08:00 ] /xxx2/admin.php/Article/lis | SQL: SELECT COUNT(*) AS tp_count FROM `think_cata` LIMIT 1   [ RunTime:0.000548s ]
[ 2012-12-09T22:11:35+08:00 ] /xxx2/admin.php/Article/lis | SQL: SELECT `id`,`title`,`Catalog`,`f_catalog`,`user`,`title`,`dt` FROM `think_cata` ORDER BY id desc LIMIT 0,8   [ RunTime:0.001071s ]
[ 2012-12-09T22:11:35+08:00 ] /xxx2/admin.php/Article/lis | INFO: Tag[ view_template ] --START--
[ 2012-12-09T22:11:35+08:00 ] /xxx2/admin.php/Article/lis | INFO: Run LocationTemplate Behavior [ RunTime:0.001702s ]
[ 2012-12-09T22:11:35+08:00 ] /xxx2/admin.php/Article/lis | INFO: Tag[ view_template ] --END-- [ RunTime:0.001793s ]
[ 2012-12-09T22:11:35+08:00 ] /xxx2/admin.php/Article/lis | INFO: Tag[ view_parse ] --START--
[ 2012-12-09T22:11:35+08:00 ] /xxx2/admin.php/Article/lis | INFO: Run ParseTemplate Behavior [ RunTime:0.080570s ]
[ 2012-12-09T22:11:35+08:00 ] /xxx2/admin.php/Article/lis | INFO: Tag[ view_parse ] --END-- [ RunTime:0.080690s ]
[ 2012-12-09T22:11:35+08:00 ] /xxx2/admin.php/Article/lis | INFO: Tag[ view_filter ] --START--
[ 2012-12-09T22:11:35+08:00 ] /xxx2/admin.php/Article/lis | INFO: Run ContentReplace Behavior [ RunTime:0.000907s ]
[ 2012-12-09T22:11:35+08:00 ] /xxx2/admin.php/Article/lis | INFO: Run TokenBuild Behavior [ RunTime:0.000879s ]
[ 2012-12-09T22:11:35+08:00 ] /xxx2/admin.php/Article/lis | INFO: Run WriteHtmlCache Behavior [ RunTime:0.000615s ]
[ 2012-12-09T22:11:35+08:00 ] /xxx2/admin.php/Article/lis | INFO: Run ShowRuntime Behavior [ RunTime:0.000865s ]
[ 2012-12-09T22:11:35+08:00 ] /xxx2/admin.php/Article/lis | INFO: Tag[ view_filter ] --END-- [ RunTime:0.003551s ]
[ 2012-12-09T22:11:35+08:00 ] /xxx2/admin.php/Article/lis | NOTIC: [2] Cannot modify header information - headers already sent by (output started at D:\XAMPP\xampp\htdocs\xxx2\admin\Lib\Action\ArticleAction.class.php:1) View.class.php 第 120 行.
[ 2012-12-09T22:11:35+08:00 ] /xxx2/admin.php/Article/lis | NOTIC: [2] Cannot modify header information - headers already sent by (output started at D:\XAMPP\xampp\htdocs\xxx2\admin\Lib\Action\ArticleAction.class.php:1) View.class.php 第 121 行.
[ 2012-12-09T22:11:35+08:00 ] /xxx2/admin.php/Article/lis | NOTIC: [2] Cannot modify header information - headers already sent by (output started at D:\XAMPP\xampp\htdocs\xxx2\admin\Lib\Action\ArticleAction.class.php:1) View.class.php 第 122 行.
[ 2012-12-09T22:11:35+08:00 ] /xxx2/admin.php/Article/lis | INFO: Tag[ view_end ] --START--
[ 2012-12-09T22:11:35+08:00 ] /xxx2/admin.php/Article/lis | INFO: Run ShowPageTrace Behavior [ RunTime:0.004214s ]
[ 2012-12-09T22:11:35+08:00 ] /xxx2/admin.php/Article/lis | INFO: Tag[ view_end ] --END-- [ RunTime:0.004329s ]
[ 2012-12-09T22:11:36+08:00 ] /xxx2/admin.php/Article/resources/images/closelabel.gif | ERR: (ThinkException) 非法操作resources
[ 2012-12-09T22:11:38+08:00 ] /xxx2/admin.php/Film/film_mag | INFO: Tag[ route_check ] --START--
[ 2012-12-09T22:11:38+08:00 ] /xxx2/admin.php/Film/film_mag | INFO: Run CheckRoute Behavior [ RunTime:0.001058s ]
[ 2012-12-09T22:11:38+08:00 ] /xxx2/admin.php/Film/film_mag | INFO: Tag[ route_check ] --END-- [ RunTime:0.001193s ]
[ 2012-12-09T22:11:38+08:00 ] /xxx2/admin.php/Film/film_mag | INFO: Tag[ app_begin ] --START--
[ 2012-12-09T22:11:38+08:00 ] /xxx2/admin.php/Film/film_mag | INFO: Run ReadHtmlCache Behavior [ RunTime:0.000803s ]
[ 2012-12-09T22:11:38+08:00 ] /xxx2/admin.php/Film/film_mag | INFO: Tag[ app_begin ] --END-- [ RunTime:0.000931s ]
[ 2012-12-09T22:11:38+08:00 ] /xxx2/admin.php/Film/film_mag | NOTIC: [2] Cannot modify header information - headers already sent by (output started at D:\XAMPP\xampp\htdocs\xxx2\admin\Lib\Action\FilmAction.class.php:1) FilmAction.class.php 第 64 行.
[ 2012-12-09T22:11:38+08:00 ] /xxx2/admin.php/Film/film_mag | SQL: SHOW COLUMNS FROM `think_catalog` [ RunTime:0.002362s ]
[ 2012-12-09T22:11:38+08:00 ] /xxx2/admin.php/Film/film_mag | SQL: SELECT `id`,`f_cata`,`isf`,`f_id`,`p_id` FROM `think_catalog` WHERE isf=1  [ RunTime:0.000697s ]
[ 2012-12-09T22:11:38+08:00 ] /xxx2/admin.php/Film/film_mag | NOTIC: [8] Undefined index: select FilmAction.class.php 第 71 行.
[ 2012-12-09T22:11:38+08:00 ] /xxx2/admin.php/Film/film_mag | SQL: SHOW COLUMNS FROM `think_film` [ RunTime:0.002281s ]
[ 2012-12-09T22:11:38+08:00 ] /xxx2/admin.php/Film/film_mag | SQL: SELECT COUNT(*) AS tp_count FROM `think_film` LIMIT 1   [ RunTime:0.000553s ]
[ 2012-12-09T22:11:38+08:00 ] /xxx2/admin.php/Film/film_mag | SQL: SELECT `id`,`title`,`f_cata`,`user`,`title`,`dt` FROM `think_film` ORDER BY id desc LIMIT 0,8   [ RunTime:0.000418s ]
[ 2012-12-09T22:11:38+08:00 ] /xxx2/admin.php/Film/film_mag | INFO: Tag[ view_template ] --START--
[ 2012-12-09T22:11:38+08:00 ] /xxx2/admin.php/Film/film_mag | INFO: Run LocationTemplate Behavior [ RunTime:0.008258s ]
[ 2012-12-09T22:11:38+08:00 ] /xxx2/admin.php/Film/film_mag | INFO: Tag[ view_template ] --END-- [ RunTime:0.008368s ]
[ 2012-12-09T22:11:38+08:00 ] /xxx2/admin.php/Film/film_mag | INFO: Tag[ view_parse ] --START--
[ 2012-12-09T22:11:38+08:00 ] /xxx2/admin.php/Film/film_mag | INFO: Run ParseTemplate Behavior [ RunTime:0.047512s ]
[ 2012-12-09T22:11:38+08:00 ] /xxx2/admin.php/Film/film_mag | INFO: Tag[ view_parse ] --END-- [ RunTime:0.047633s ]
[ 2012-12-09T22:11:38+08:00 ] /xxx2/admin.php/Film/film_mag | INFO: Tag[ view_filter ] --START--
[ 2012-12-09T22:11:38+08:00 ] /xxx2/admin.php/Film/film_mag | INFO: Run ContentReplace Behavior [ RunTime:0.000564s ]
[ 2012-12-09T22:11:38+08:00 ] /xxx2/admin.php/Film/film_mag | INFO: Run TokenBuild Behavior [ RunTime:0.000570s ]
[ 2012-12-09T22:11:38+08:00 ] /xxx2/admin.php/Film/film_mag | INFO: Run WriteHtmlCache Behavior [ RunTime:0.000322s ]
[ 2012-12-09T22:11:38+08:00 ] /xxx2/admin.php/Film/film_mag | INFO: Run ShowRuntime Behavior [ RunTime:0.001106s ]
[ 2012-12-09T22:11:38+08:00 ] /xxx2/admin.php/Film/film_mag | INFO: Tag[ view_filter ] --END-- [ RunTime:0.002763s ]
[ 2012-12-09T22:11:38+08:00 ] /xxx2/admin.php/Film/film_mag | NOTIC: [2] Cannot modify header information - headers already sent by (output started at D:\XAMPP\xampp\htdocs\xxx2\admin\Lib\Action\FilmAction.class.php:1) View.class.php 第 120 行.
[ 2012-12-09T22:11:38+08:00 ] /xxx2/admin.php/Film/film_mag | NOTIC: [2] Cannot modify header information - headers already sent by (output started at D:\XAMPP\xampp\htdocs\xxx2\admin\Lib\Action\FilmAction.class.php:1) View.class.php 第 121 行.
[ 2012-12-09T22:11:38+08:00 ] /xxx2/admin.php/Film/film_mag | NOTIC: [2] Cannot modify header information - headers already sent by (output started at D:\XAMPP\xampp\htdocs\xxx2\admin\Lib\Action\FilmAction.class.php:1) View.class.php 第 122 行.
[ 2012-12-09T22:11:38+08:00 ] /xxx2/admin.php/Film/film_mag | INFO: Tag[ view_end ] --START--
[ 2012-12-09T22:11:38+08:00 ] /xxx2/admin.php/Film/film_mag | INFO: Run ShowPageTrace Behavior [ RunTime:0.001363s ]
[ 2012-12-09T22:11:38+08:00 ] /xxx2/admin.php/Film/film_mag | INFO: Tag[ view_end ] --END-- [ RunTime:0.001459s ]
[ 2012-12-09T22:11:38+08:00 ] /xxx2/admin.php/Film/resources/images/closelabel.gif | ERR: (ThinkException) 非法操作resources
[ 2012-12-09T22:11:39+08:00 ] /xxx2/admin.php/Film/film_add | INFO: Tag[ route_check ] --START--
[ 2012-12-09T22:11:39+08:00 ] /xxx2/admin.php/Film/film_add | INFO: Run CheckRoute Behavior [ RunTime:0.000944s ]
[ 2012-12-09T22:11:39+08:00 ] /xxx2/admin.php/Film/film_add | INFO: Tag[ route_check ] --END-- [ RunTime:0.001054s ]
[ 2012-12-09T22:11:39+08:00 ] /xxx2/admin.php/Film/film_add | INFO: Tag[ app_begin ] --START--
[ 2012-12-09T22:11:39+08:00 ] /xxx2/admin.php/Film/film_add | INFO: Run ReadHtmlCache Behavior [ RunTime:0.000663s ]
[ 2012-12-09T22:11:39+08:00 ] /xxx2/admin.php/Film/film_add | INFO: Tag[ app_begin ] --END-- [ RunTime:0.000733s ]
[ 2012-12-09T22:11:39+08:00 ] /xxx2/admin.php/Film/film_add | NOTIC: [2] Cannot modify header information - headers already sent by (output started at D:\XAMPP\xampp\htdocs\xxx2\admin\Lib\Action\FilmAction.class.php:1) FilmAction.class.php 第 35 行.
[ 2012-12-09T22:11:39+08:00 ] /xxx2/admin.php/Film/film_add | SQL: SHOW COLUMNS FROM `think_catalog` [ RunTime:0.002336s ]
[ 2012-12-09T22:11:39+08:00 ] /xxx2/admin.php/Film/film_add | NOTIC: [8] Undefined index: id FilmAction.class.php 第 39 行.
[ 2012-12-09T22:11:39+08:00 ] /xxx2/admin.php/Film/film_add | SQL: SELECT `id`,`f_cata`,`isf`,`f_id`,`p_id` FROM `think_catalog` WHERE isf=1  [ RunTime:0.000562s ]
[ 2012-12-09T22:11:39+08:00 ] /xxx2/admin.php/Film/film_add | INFO: Tag[ view_template ] --START--
[ 2012-12-09T22:11:39+08:00 ] /xxx2/admin.php/Film/film_add | INFO: Run LocationTemplate Behavior [ RunTime:0.001310s ]
[ 2012-12-09T22:11:39+08:00 ] /xxx2/admin.php/Film/film_add | INFO: Tag[ view_template ] --END-- [ RunTime:0.001424s ]
[ 2012-12-09T22:11:39+08:00 ] /xxx2/admin.php/Film/film_add | INFO: Tag[ view_parse ] --START--
[ 2012-12-09T22:11:39+08:00 ] /xxx2/admin.php/Film/film_add | NOTIC: [8] Undefined variable: username db554cbc7d369621f0bacb60f263ba18.php 第 66 行.
[ 2012-12-09T22:11:39+08:00 ] /xxx2/admin.php/Film/film_add | NOTIC: [8] Undefined variable: username db554cbc7d369621f0bacb60f263ba18.php 第 66 行.
[ 2012-12-09T22:11:39+08:00 ] /xxx2/admin.php/Film/film_add | NOTIC: [8] Undefined variable: film_item db554cbc7d369621f0bacb60f263ba18.php 第 140 行.
[ 2012-12-09T22:11:39+08:00 ] /xxx2/admin.php/Film/film_add | NOTIC: [8] Undefined variable: film_item db554cbc7d369621f0bacb60f263ba18.php 第 169 行.
[ 2012-12-09T22:11:39+08:00 ] /xxx2/admin.php/Film/film_add | NOTIC: [8] Undefined variable: film_item db554cbc7d369621f0bacb60f263ba18.php 第 175 行.
[ 2012-12-09T22:11:39+08:00 ] /xxx2/admin.php/Film/film_add | INFO: Run ParseTemplate Behavior [ RunTime:0.024579s ]
[ 2012-12-09T22:11:39+08:00 ] /xxx2/admin.php/Film/film_add | INFO: Tag[ view_parse ] --END-- [ RunTime:0.024661s ]
[ 2012-12-09T22:11:39+08:00 ] /xxx2/admin.php/Film/film_add | INFO: Tag[ view_filter ] --START--
[ 2012-12-09T22:11:39+08:00 ] /xxx2/admin.php/Film/film_add | INFO: Run ContentReplace Behavior [ RunTime:0.000561s ]
[ 2012-12-09T22:11:39+08:00 ] /xxx2/admin.php/Film/film_add | INFO: Run TokenBuild Behavior [ RunTime:0.000656s ]
[ 2012-12-09T22:11:39+08:00 ] /xxx2/admin.php/Film/film_add | INFO: Run WriteHtmlCache Behavior [ RunTime:0.000438s ]
[ 2012-12-09T22:11:39+08:00 ] /xxx2/admin.php/Film/film_add | INFO: Run ShowRuntime Behavior [ RunTime:0.000610s ]
[ 2012-12-09T22:11:39+08:00 ] /xxx2/admin.php/Film/film_add | INFO: Tag[ view_filter ] --END-- [ RunTime:0.002473s ]
[ 2012-12-09T22:11:39+08:00 ] /xxx2/admin.php/Film/film_add | NOTIC: [2] Cannot modify header information - headers already sent by (output started at D:\XAMPP\xampp\htdocs\xxx2\admin\Lib\Action\FilmAction.class.php:1) View.class.php 第 120 行.
[ 2012-12-09T22:11:39+08:00 ] /xxx2/admin.php/Film/film_add | NOTIC: [2] Cannot modify header information - headers already sent by (output started at D:\XAMPP\xampp\htdocs\xxx2\admin\Lib\Action\FilmAction.class.php:1) View.class.php 第 121 行.
[ 2012-12-09T22:11:39+08:00 ] /xxx2/admin.php/Film/film_add | NOTIC: [2] Cannot modify header information - headers already sent by (output started at D:\XAMPP\xampp\htdocs\xxx2\admin\Lib\Action\FilmAction.class.php:1) View.class.php 第 122 行.
[ 2012-12-09T22:11:39+08:00 ] /xxx2/admin.php/Film/film_add | INFO: Tag[ view_end ] --START--
[ 2012-12-09T22:11:39+08:00 ] /xxx2/admin.php/Film/film_add | INFO: Run ShowPageTrace Behavior [ RunTime:0.000557s ]
[ 2012-12-09T22:11:39+08:00 ] /xxx2/admin.php/Film/film_add | INFO: Tag[ view_end ] --END-- [ RunTime:0.000629s ]
[ 2012-12-09T22:11:39+08:00 ] /xxx2/admin.php/Film/resources/images/closelabel.gif | ERR: (ThinkException) 非法操作resources
[ 2012-12-09T22:11:43+08:00 ] /xxx2/admin.php/Index/catalog | INFO: Tag[ route_check ] --START--
[ 2012-12-09T22:11:43+08:00 ] /xxx2/admin.php/Index/catalog | INFO: Run CheckRoute Behavior [ RunTime:0.001037s ]
[ 2012-12-09T22:11:43+08:00 ] /xxx2/admin.php/Index/catalog | INFO: Tag[ route_check ] --END-- [ RunTime:0.001156s ]
[ 2012-12-09T22:11:43+08:00 ] /xxx2/admin.php/Index/catalog | INFO: Tag[ app_begin ] --START--
[ 2012-12-09T22:11:43+08:00 ] /xxx2/admin.php/Index/catalog | INFO: Run ReadHtmlCache Behavior [ RunTime:0.000923s ]
[ 2012-12-09T22:11:43+08:00 ] /xxx2/admin.php/Index/catalog | INFO: Tag[ app_begin ] --END-- [ RunTime:0.001016s ]
[ 2012-12-09T22:11:43+08:00 ] /xxx2/admin.php/Index/catalog | NOTIC: [2] Cannot modify header information - headers already sent by (output started at D:\XAMPP\xampp\htdocs\xxx2\admin\Lib\Action\IndexAction.class.php:1) IndexAction.class.php 第 103 行.
[ 2012-12-09T22:11:43+08:00 ] /xxx2/admin.php/Index/catalog | SQL: SHOW COLUMNS FROM `think_catalog` [ RunTime:0.002676s ]
[ 2012-12-09T22:11:43+08:00 ] /xxx2/admin.php/Index/catalog | SQL: SELECT COUNT(*) AS tp_count FROM `think_catalog` LIMIT 1   [ RunTime:0.000764s ]
[ 2012-12-09T22:11:43+08:00 ] /xxx2/admin.php/Index/catalog | SQL: SELECT `id`,`f_cata`,`isf`,`f_id`,`p_id` FROM `think_catalog`  [ RunTime:0.000785s ]
[ 2012-12-09T22:11:43+08:00 ] /xxx2/admin.php/Index/catalog | NOTIC: [8] Undefined variable: show IndexAction.class.php 第 113 行.
[ 2012-12-09T22:11:43+08:00 ] /xxx2/admin.php/Index/catalog | INFO: Tag[ view_template ] --START--
[ 2012-12-09T22:11:43+08:00 ] /xxx2/admin.php/Index/catalog | INFO: Run LocationTemplate Behavior [ RunTime:0.019272s ]
[ 2012-12-09T22:11:43+08:00 ] /xxx2/admin.php/Index/catalog | INFO: Tag[ view_template ] --END-- [ RunTime:0.019386s ]
[ 2012-12-09T22:11:43+08:00 ] /xxx2/admin.php/Index/catalog | INFO: Tag[ view_parse ] --START--
[ 2012-12-09T22:11:43+08:00 ] /xxx2/admin.php/Index/catalog | INFO: Run ParseTemplate Behavior [ RunTime:0.082264s ]
[ 2012-12-09T22:11:43+08:00 ] /xxx2/admin.php/Index/catalog | INFO: Tag[ view_parse ] --END-- [ RunTime:0.082388s ]
[ 2012-12-09T22:11:43+08:00 ] /xxx2/admin.php/Index/catalog | INFO: Tag[ view_filter ] --START--
[ 2012-12-09T22:11:43+08:00 ] /xxx2/admin.php/Index/catalog | INFO: Run ContentReplace Behavior [ RunTime:0.000898s ]
[ 2012-12-09T22:11:43+08:00 ] /xxx2/admin.php/Index/catalog | INFO: Run TokenBuild Behavior [ RunTime:0.000817s ]
[ 2012-12-09T22:11:43+08:00 ] /xxx2/admin.php/Index/catalog | INFO: Run WriteHtmlCache Behavior [ RunTime:0.000516s ]
[ 2012-12-09T22:11:43+08:00 ] /xxx2/admin.php/Index/catalog | INFO: Run ShowRuntime Behavior [ RunTime:0.000747s ]
[ 2012-12-09T22:11:43+08:00 ] /xxx2/admin.php/Index/catalog | INFO: Tag[ view_filter ] --END-- [ RunTime:0.003328s ]
[ 2012-12-09T22:11:43+08:00 ] /xxx2/admin.php/Index/catalog | NOTIC: [2] Cannot modify header information - headers already sent by (output started at D:\XAMPP\xampp\htdocs\xxx2\admin\Lib\Action\IndexAction.class.php:1) View.class.php 第 120 行.
[ 2012-12-09T22:11:43+08:00 ] /xxx2/admin.php/Index/catalog | NOTIC: [2] Cannot modify header information - headers already sent by (output started at D:\XAMPP\xampp\htdocs\xxx2\admin\Lib\Action\IndexAction.class.php:1) View.class.php 第 121 行.
[ 2012-12-09T22:11:43+08:00 ] /xxx2/admin.php/Index/catalog | NOTIC: [2] Cannot modify header information - headers already sent by (output started at D:\XAMPP\xampp\htdocs\xxx2\admin\Lib\Action\IndexAction.class.php:1) View.class.php 第 122 行.
[ 2012-12-09T22:11:43+08:00 ] /xxx2/admin.php/Index/catalog | INFO: Tag[ view_end ] --START--
[ 2012-12-09T22:11:43+08:00 ] /xxx2/admin.php/Index/catalog | INFO: Run ShowPageTrace Behavior [ RunTime:0.000923s ]
[ 2012-12-09T22:11:43+08:00 ] /xxx2/admin.php/Index/catalog | INFO: Tag[ view_end ] --END-- [ RunTime:0.001207s ]
[ 2012-12-09T22:11:55+08:00 ] /xxx2/admin.php/Index/add_second | INFO: Tag[ route_check ] --START--
[ 2012-12-09T22:11:55+08:00 ] /xxx2/admin.php/Index/add_second | INFO: Run CheckRoute Behavior [ RunTime:0.001560s ]
[ 2012-12-09T22:11:55+08:00 ] /xxx2/admin.php/Index/add_second | INFO: Tag[ route_check ] --END-- [ RunTime:0.001680s ]
[ 2012-12-09T22:11:55+08:00 ] /xxx2/admin.php/Index/add_second | INFO: Tag[ app_begin ] --START--
[ 2012-12-09T22:11:55+08:00 ] /xxx2/admin.php/Index/add_second | INFO: Run ReadHtmlCache Behavior [ RunTime:0.000768s ]
[ 2012-12-09T22:11:55+08:00 ] /xxx2/admin.php/Index/add_second | INFO: Tag[ app_begin ] --END-- [ RunTime:0.000835s ]
[ 2012-12-09T22:11:55+08:00 ] /xxx2/admin.php/Index/add_second | SQL: SHOW COLUMNS FROM `think_catalog` [ RunTime:0.002191s ]
[ 2012-12-09T22:11:55+08:00 ] /xxx2/admin.php/Index/add_second | NOTIC: [8] Undefined index: id IndexAction.class.php 第 174 行.
[ 2012-12-09T22:11:55+08:00 ] /xxx2/admin.php/Index/add_second | SQL: SELECT `id`,`f_cata`,`isf`,`f_id`,`p_id` FROM `think_catalog` WHERE f_id='0'  [ RunTime:0.000812s ]
[ 2012-12-09T22:11:55+08:00 ] /xxx2/admin.php/Index/add_second | INFO: Tag[ view_template ] --START--
[ 2012-12-09T22:11:55+08:00 ] /xxx2/admin.php/Index/add_second | INFO: Run LocationTemplate Behavior [ RunTime:0.021742s ]
[ 2012-12-09T22:11:55+08:00 ] /xxx2/admin.php/Index/add_second | INFO: Tag[ view_template ] --END-- [ RunTime:0.021857s ]
[ 2012-12-09T22:11:55+08:00 ] /xxx2/admin.php/Index/add_second | INFO: Tag[ view_parse ] --START--
[ 2012-12-09T22:11:55+08:00 ] /xxx2/admin.php/Index/add_second | NOTIC: [8] Undefined variable: username cd182087b83552f9bd38d84c8275057e.php 第 74 行.
[ 2012-12-09T22:11:55+08:00 ] /xxx2/admin.php/Index/add_second | NOTIC: [8] Undefined variable: username cd182087b83552f9bd38d84c8275057e.php 第 74 行.
[ 2012-12-09T22:11:55+08:00 ] /xxx2/admin.php/Index/add_second | INFO: Run ParseTemplate Behavior [ RunTime:0.066057s ]
[ 2012-12-09T22:11:55+08:00 ] /xxx2/admin.php/Index/add_second | INFO: Tag[ view_parse ] --END-- [ RunTime:0.066138s ]
[ 2012-12-09T22:11:55+08:00 ] /xxx2/admin.php/Index/add_second | INFO: Tag[ view_filter ] --START--
[ 2012-12-09T22:11:55+08:00 ] /xxx2/admin.php/Index/add_second | INFO: Run ContentReplace Behavior [ RunTime:0.000557s ]
[ 2012-12-09T22:11:55+08:00 ] /xxx2/admin.php/Index/add_second | INFO: Run TokenBuild Behavior [ RunTime:0.000531s ]
[ 2012-12-09T22:11:55+08:00 ] /xxx2/admin.php/Index/add_second | INFO: Run WriteHtmlCache Behavior [ RunTime:0.000295s ]
[ 2012-12-09T22:11:55+08:00 ] /xxx2/admin.php/Index/add_second | INFO: Run ShowRuntime Behavior [ RunTime:0.000559s ]
[ 2012-12-09T22:11:55+08:00 ] /xxx2/admin.php/Index/add_second | INFO: Tag[ view_filter ] --END-- [ RunTime:0.002118s ]
[ 2012-12-09T22:11:55+08:00 ] /xxx2/admin.php/Index/add_second | NOTIC: [2] Cannot modify header information - headers already sent by (output started at D:\XAMPP\xampp\htdocs\xxx2\admin\Lib\Action\IndexAction.class.php:1) View.class.php 第 120 行.
[ 2012-12-09T22:11:55+08:00 ] /xxx2/admin.php/Index/add_second | NOTIC: [2] Cannot modify header information - headers already sent by (output started at D:\XAMPP\xampp\htdocs\xxx2\admin\Lib\Action\IndexAction.class.php:1) View.class.php 第 121 行.
[ 2012-12-09T22:11:55+08:00 ] /xxx2/admin.php/Index/add_second | NOTIC: [2] Cannot modify header information - headers already sent by (output started at D:\XAMPP\xampp\htdocs\xxx2\admin\Lib\Action\IndexAction.class.php:1) View.class.php 第 122 行.
[ 2012-12-09T22:11:55+08:00 ] /xxx2/admin.php/Index/add_second | INFO: Tag[ view_end ] --START--
[ 2012-12-09T22:11:55+08:00 ] /xxx2/admin.php/Index/add_second | INFO: Run ShowPageTrace Behavior [ RunTime:0.000517s ]
[ 2012-12-09T22:11:55+08:00 ] /xxx2/admin.php/Index/add_second | INFO: Tag[ view_end ] --END-- [ RunTime:0.000585s ]
[ 2012-12-09T22:11:57+08:00 ] /xxx2/admin.php/Inform/tzlis/ | INFO: Tag[ route_check ] --START--
[ 2012-12-09T22:11:57+08:00 ] /xxx2/admin.php/Inform/tzlis/ | INFO: Run CheckRoute Behavior [ RunTime:0.001342s ]
[ 2012-12-09T22:11:57+08:00 ] /xxx2/admin.php/Inform/tzlis/ | INFO: Tag[ route_check ] --END-- [ RunTime:0.001488s ]
[ 2012-12-09T22:11:57+08:00 ] /xxx2/admin.php/Inform/tzlis/ | INFO: Tag[ app_begin ] --START--
[ 2012-12-09T22:11:57+08:00 ] /xxx2/admin.php/Inform/tzlis/ | INFO: Run ReadHtmlCache Behavior [ RunTime:0.000860s ]
[ 2012-12-09T22:11:57+08:00 ] /xxx2/admin.php/Inform/tzlis/ | INFO: Tag[ app_begin ] --END-- [ RunTime:0.000948s ]
[ 2012-12-09T22:11:57+08:00 ] /xxx2/admin.php/Inform/tzlis/ | NOTIC: [2] Cannot modify header information - headers already sent by (output started at D:\XAMPP\xampp\htdocs\xxx2\admin\Lib\Action\InformAction.class.php:1) InformAction.class.php 第 8 行.
[ 2012-12-09T22:11:57+08:00 ] /xxx2/admin.php/Inform/tzlis/ | SQL: SHOW COLUMNS FROM `think_tongzhi` [ RunTime:0.028928s ]
[ 2012-12-09T22:11:57+08:00 ] /xxx2/admin.php/Inform/tzlis/ | SQL: SELECT COUNT(*) AS tp_count FROM `think_tongzhi` LIMIT 1   [ RunTime:0.000417s ]
[ 2012-12-09T22:11:57+08:00 ] /xxx2/admin.php/Inform/tzlis/ | SQL: SELECT `id`,`title`,`content`,`name`,`dt`,`display` FROM `think_tongzhi` ORDER BY id desc LIMIT 0,10   [ RunTime:0.000535s ]
[ 2012-12-09T22:11:57+08:00 ] /xxx2/admin.php/Inform/tzlis/ | NOTIC: [8] Undefined index: createtime InformAction.class.php 第 236 行.
[ 2012-12-09T22:11:57+08:00 ] /xxx2/admin.php/Inform/tzlis/ | NOTIC: [8] Undefined index: lastmodifytime InformAction.class.php 第 239 行.
[ 2012-12-09T22:11:57+08:00 ] /xxx2/admin.php/Inform/tzlis/ | NOTIC: [8] Undefined index: subject InformAction.class.php 第 246 行.
[ 2012-12-09T22:11:57+08:00 ] /xxx2/admin.php/Inform/tzlis/ | INFO: Tag[ view_template ] --START--
[ 2012-12-09T22:11:57+08:00 ] /xxx2/admin.php/Inform/tzlis/ | INFO: Run LocationTemplate Behavior [ RunTime:0.020659s ]
[ 2012-12-09T22:11:57+08:00 ] /xxx2/admin.php/Inform/tzlis/ | INFO: Tag[ view_template ] --END-- [ RunTime:0.020775s ]
[ 2012-12-09T22:11:57+08:00 ] /xxx2/admin.php/Inform/tzlis/ | INFO: Tag[ view_parse ] --START--
[ 2012-12-09T22:11:57+08:00 ] /xxx2/admin.php/Inform/tzlis/ | INFO: Run ParseTemplate Behavior [ RunTime:0.043624s ]
[ 2012-12-09T22:11:57+08:00 ] /xxx2/admin.php/Inform/tzlis/ | INFO: Tag[ view_parse ] --END-- [ RunTime:0.043743s ]
[ 2012-12-09T22:11:57+08:00 ] /xxx2/admin.php/Inform/tzlis/ | INFO: Tag[ view_filter ] --START--
[ 2012-12-09T22:11:57+08:00 ] /xxx2/admin.php/Inform/tzlis/ | INFO: Run ContentReplace Behavior [ RunTime:0.000593s ]
[ 2012-12-09T22:11:57+08:00 ] /xxx2/admin.php/Inform/tzlis/ | INFO: Run TokenBuild Behavior [ RunTime:0.000607s ]
[ 2012-12-09T22:11:57+08:00 ] /xxx2/admin.php/Inform/tzlis/ | INFO: Run WriteHtmlCache Behavior [ RunTime:0.000319s ]
[ 2012-12-09T22:11:57+08:00 ] /xxx2/admin.php/Inform/tzlis/ | INFO: Run ShowRuntime Behavior [ RunTime:0.000585s ]
[ 2012-12-09T22:11:57+08:00 ] /xxx2/admin.php/Inform/tzlis/ | INFO: Tag[ view_filter ] --END-- [ RunTime:0.002292s ]
[ 2012-12-09T22:11:57+08:00 ] /xxx2/admin.php/Inform/tzlis/ | NOTIC: [2] Cannot modify header information - headers already sent by (output started at D:\XAMPP\xampp\htdocs\xxx2\admin\Lib\Action\InformAction.class.php:1) View.class.php 第 120 行.
[ 2012-12-09T22:11:57+08:00 ] /xxx2/admin.php/Inform/tzlis/ | NOTIC: [2] Cannot modify header information - headers already sent by (output started at D:\XAMPP\xampp\htdocs\xxx2\admin\Lib\Action\InformAction.class.php:1) View.class.php 第 121 行.
[ 2012-12-09T22:11:57+08:00 ] /xxx2/admin.php/Inform/tzlis/ | NOTIC: [2] Cannot modify header information - headers already sent by (output started at D:\XAMPP\xampp\htdocs\xxx2\admin\Lib\Action\InformAction.class.php:1) View.class.php 第 122 行.
[ 2012-12-09T22:11:57+08:00 ] /xxx2/admin.php/Inform/tzlis/ | INFO: Tag[ view_end ] --START--
[ 2012-12-09T22:11:57+08:00 ] /xxx2/admin.php/Inform/tzlis/ | INFO: Run ShowPageTrace Behavior [ RunTime:0.000543s ]
[ 2012-12-09T22:11:57+08:00 ] /xxx2/admin.php/Inform/tzlis/ | INFO: Tag[ view_end ] --END-- [ RunTime:0.000607s ]
[ 2012-12-09T22:11:57+08:00 ] /xxx2/admin.php/Inform/tzlis/resources/images/closelabel.gif | INFO: Tag[ route_check ] --START--
[ 2012-12-09T22:11:57+08:00 ] /xxx2/admin.php/Inform/tzlis/resources/images/closelabel.gif | INFO: Run CheckRoute Behavior [ RunTime:0.001762s ]
[ 2012-12-09T22:11:57+08:00 ] /xxx2/admin.php/Inform/tzlis/resources/images/closelabel.gif | INFO: Tag[ route_check ] --END-- [ RunTime:0.001917s ]
[ 2012-12-09T22:11:57+08:00 ] /xxx2/admin.php/Inform/tzlis/resources/images/closelabel.gif | INFO: Tag[ app_begin ] --START--
[ 2012-12-09T22:11:57+08:00 ] /xxx2/admin.php/Inform/tzlis/resources/images/closelabel.gif | INFO: Run ReadHtmlCache Behavior [ RunTime:0.000697s ]
[ 2012-12-09T22:11:57+08:00 ] /xxx2/admin.php/Inform/tzlis/resources/images/closelabel.gif | INFO: Tag[ app_begin ] --END-- [ RunTime:0.000773s ]
[ 2012-12-09T22:11:57+08:00 ] /xxx2/admin.php/Inform/tzlis/resources/images/closelabel.gif | NOTIC: [2] Cannot modify header information - headers already sent by (output started at D:\XAMPP\xampp\htdocs\xxx2\admin\Lib\Action\InformAction.class.php:1) InformAction.class.php 第 8 行.
[ 2012-12-09T22:11:58+08:00 ] /xxx2/admin.php/Inform/tzlis/resources/images/closelabel.gif | SQL: SHOW COLUMNS FROM `think_tongzhi` [ RunTime:0.004068s ]
[ 2012-12-09T22:11:58+08:00 ] /xxx2/admin.php/Inform/tzlis/resources/images/closelabel.gif | SQL: SELECT COUNT(*) AS tp_count FROM `think_tongzhi` LIMIT 1   [ RunTime:0.001671s ]
[ 2012-12-09T22:11:58+08:00 ] /xxx2/admin.php/Inform/tzlis/resources/images/closelabel.gif | SQL: SELECT `id`,`title`,`content`,`name`,`dt`,`display` FROM `think_tongzhi` ORDER BY id desc LIMIT 0,10   [ RunTime:0.000902s ]
[ 2012-12-09T22:11:58+08:00 ] /xxx2/admin.php/Inform/tzlis/resources/images/closelabel.gif | NOTIC: [8] Undefined index: createtime InformAction.class.php 第 236 行.
[ 2012-12-09T22:11:58+08:00 ] /xxx2/admin.php/Inform/tzlis/resources/images/closelabel.gif | NOTIC: [8] Undefined index: lastmodifytime InformAction.class.php 第 239 行.
[ 2012-12-09T22:11:58+08:00 ] /xxx2/admin.php/Inform/tzlis/resources/images/closelabel.gif | NOTIC: [8] Undefined index: subject InformAction.class.php 第 246 行.
[ 2012-12-09T22:11:58+08:00 ] /xxx2/admin.php/Inform/tzlis/resources/images/closelabel.gif | INFO: Tag[ view_template ] --START--
[ 2012-12-09T22:11:58+08:00 ] /xxx2/admin.php/Inform/tzlis/resources/images/closelabel.gif | INFO: Run LocationTemplate Behavior [ RunTime:0.000694s ]
[ 2012-12-09T22:11:58+08:00 ] /xxx2/admin.php/Inform/tzlis/resources/images/closelabel.gif | INFO: Tag[ view_template ] --END-- [ RunTime:0.000773s ]
[ 2012-12-09T22:11:58+08:00 ] /xxx2/admin.php/Inform/tzlis/resources/images/closelabel.gif | INFO: Tag[ view_parse ] --START--
[ 2012-12-09T22:11:58+08:00 ] /xxx2/admin.php/Inform/tzlis/resources/images/closelabel.gif | INFO: Run ParseTemplate Behavior [ RunTime:0.018310s ]
[ 2012-12-09T22:11:58+08:00 ] /xxx2/admin.php/Inform/tzlis/resources/images/closelabel.gif | INFO: Tag[ view_parse ] --END-- [ RunTime:0.018431s ]
[ 2012-12-09T22:11:58+08:00 ] /xxx2/admin.php/Inform/tzlis/resources/images/closelabel.gif | INFO: Tag[ view_filter ] --START--
[ 2012-12-09T22:11:58+08:00 ] /xxx2/admin.php/Inform/tzlis/resources/images/closelabel.gif | INFO: Run ContentReplace Behavior [ RunTime:0.000679s ]
[ 2012-12-09T22:11:58+08:00 ] /xxx2/admin.php/Inform/tzlis/resources/images/closelabel.gif | INFO: Run TokenBuild Behavior [ RunTime:0.006446s ]
[ 2012-12-09T22:11:58+08:00 ] /xxx2/admin.php/Inform/tzlis/resources/images/closelabel.gif | INFO: Run WriteHtmlCache Behavior [ RunTime:0.000751s ]
[ 2012-12-09T22:11:58+08:00 ] /xxx2/admin.php/Inform/tzlis/resources/images/closelabel.gif | INFO: Run ShowRuntime Behavior [ RunTime:0.000692s ]
[ 2012-12-09T22:11:58+08:00 ] /xxx2/admin.php/Inform/tzlis/resources/images/closelabel.gif | INFO: Tag[ view_filter ] --END-- [ RunTime:0.008844s ]
[ 2012-12-09T22:11:58+08:00 ] /xxx2/admin.php/Inform/tzlis/resources/images/closelabel.gif | NOTIC: [2] Cannot modify header information - headers already sent by (output started at D:\XAMPP\xampp\htdocs\xxx2\admin\Lib\Action\InformAction.class.php:1) View.class.php 第 120 行.
[ 2012-12-09T22:11:58+08:00 ] /xxx2/admin.php/Inform/tzlis/resources/images/closelabel.gif | NOTIC: [2] Cannot modify header information - headers already sent by (output started at D:\XAMPP\xampp\htdocs\xxx2\admin\Lib\Action\InformAction.class.php:1) View.class.php 第 121 行.
[ 2012-12-09T22:11:58+08:00 ] /xxx2/admin.php/Inform/tzlis/resources/images/closelabel.gif | NOTIC: [2] Cannot modify header information - headers already sent by (output started at D:\XAMPP\xampp\htdocs\xxx2\admin\Lib\Action\InformAction.class.php:1) View.class.php 第 122 行.
[ 2012-12-09T22:11:58+08:00 ] /xxx2/admin.php/Inform/tzlis/resources/images/closelabel.gif | INFO: Tag[ view_end ] --START--
[ 2012-12-09T22:11:58+08:00 ] /xxx2/admin.php/Inform/tzlis/resources/images/closelabel.gif | INFO: Run ShowPageTrace Behavior [ RunTime:0.002226s ]
[ 2012-12-09T22:11:58+08:00 ] /xxx2/admin.php/Inform/tzlis/resources/images/closelabel.gif | INFO: Tag[ view_end ] --END-- [ RunTime:0.002357s ]
[ 2012-12-09T22:11:58+08:00 ] /xxx2/admin.php/Inform/add_tz | INFO: Tag[ route_check ] --START--
[ 2012-12-09T22:11:58+08:00 ] /xxx2/admin.php/Inform/add_tz | INFO: Run CheckRoute Behavior [ RunTime:0.000937s ]
[ 2012-12-09T22:11:58+08:00 ] /xxx2/admin.php/Inform/add_tz | INFO: Tag[ route_check ] --END-- [ RunTime:0.001039s ]
[ 2012-12-09T22:11:58+08:00 ] /xxx2/admin.php/Inform/add_tz | INFO: Tag[ app_begin ] --START--
[ 2012-12-09T22:11:58+08:00 ] /xxx2/admin.php/Inform/add_tz | INFO: Run ReadHtmlCache Behavior [ RunTime:0.000648s ]
[ 2012-12-09T22:11:58+08:00 ] /xxx2/admin.php/Inform/add_tz | INFO: Tag[ app_begin ] --END-- [ RunTime:0.000712s ]
[ 2012-12-09T22:11:58+08:00 ] /xxx2/admin.php/Inform/add_tz | NOTIC: [2] Cannot modify header information - headers already sent by (output started at D:\XAMPP\xampp\htdocs\xxx2\admin\Lib\Action\InformAction.class.php:1) InformAction.class.php 第 52 行.
[ 2012-12-09T22:11:58+08:00 ] /xxx2/admin.php/Inform/add_tz | SQL: SHOW COLUMNS FROM `think_tongzhi` [ RunTime:0.002497s ]
[ 2012-12-09T22:11:58+08:00 ] /xxx2/admin.php/Inform/add_tz | NOTIC: [8] Undefined index: id InformAction.class.php 第 55 行.
[ 2012-12-09T22:11:58+08:00 ] /xxx2/admin.php/Inform/add_tz | INFO: Tag[ view_template ] --START--
[ 2012-12-09T22:11:58+08:00 ] /xxx2/admin.php/Inform/add_tz | INFO: Run LocationTemplate Behavior [ RunTime:0.035226s ]
[ 2012-12-09T22:11:58+08:00 ] /xxx2/admin.php/Inform/add_tz | INFO: Tag[ view_template ] --END-- [ RunTime:0.035338s ]
[ 2012-12-09T22:11:58+08:00 ] /xxx2/admin.php/Inform/add_tz | INFO: Tag[ view_parse ] --START--
[ 2012-12-09T22:11:58+08:00 ] /xxx2/admin.php/Inform/add_tz | NOTIC: [8] Undefined variable: username 3d67408967ccf8988130f935748a6138.php 第 35 行.
[ 2012-12-09T22:11:58+08:00 ] /xxx2/admin.php/Inform/add_tz | NOTIC: [8] Undefined variable: username 3d67408967ccf8988130f935748a6138.php 第 35 行.
[ 2012-12-09T22:11:58+08:00 ] /xxx2/admin.php/Inform/add_tz | NOTIC: [8] Undefined variable: tongzhi_item 3d67408967ccf8988130f935748a6138.php 第 109 行.
[ 2012-12-09T22:11:58+08:00 ] /xxx2/admin.php/Inform/add_tz | NOTIC: [8] Undefined variable: tongzhi_item 3d67408967ccf8988130f935748a6138.php 第 118 行.
[ 2012-12-09T22:11:58+08:00 ] /xxx2/admin.php/Inform/add_tz | NOTIC: [8] Undefined variable: tongzhi_item 3d67408967ccf8988130f935748a6138.php 第 124 行.
[ 2012-12-09T22:11:58+08:00 ] /xxx2/admin.php/Inform/add_tz | INFO: Run ParseTemplate Behavior [ RunTime:0.045499s ]
[ 2012-12-09T22:11:58+08:00 ] /xxx2/admin.php/Inform/add_tz | INFO: Tag[ view_parse ] --END-- [ RunTime:0.045581s ]
[ 2012-12-09T22:11:58+08:00 ] /xxx2/admin.php/Inform/add_tz | INFO: Tag[ view_filter ] --START--
[ 2012-12-09T22:11:58+08:00 ] /xxx2/admin.php/Inform/add_tz | INFO: Run ContentReplace Behavior [ RunTime:0.000535s ]
[ 2012-12-09T22:11:58+08:00 ] /xxx2/admin.php/Inform/add_tz | INFO: Run TokenBuild Behavior [ RunTime:0.000526s ]
[ 2012-12-09T22:11:58+08:00 ] /xxx2/admin.php/Inform/add_tz | INFO: Run WriteHtmlCache Behavior [ RunTime:0.000296s ]
[ 2012-12-09T22:11:58+08:00 ] /xxx2/admin.php/Inform/add_tz | INFO: Run ShowRuntime Behavior [ RunTime:0.000624s ]
[ 2012-12-09T22:11:58+08:00 ] /xxx2/admin.php/Inform/add_tz | INFO: Tag[ view_filter ] --END-- [ RunTime:0.002170s ]
[ 2012-12-09T22:11:58+08:00 ] /xxx2/admin.php/Inform/add_tz | NOTIC: [2] Cannot modify header information - headers already sent by (output started at D:\XAMPP\xampp\htdocs\xxx2\admin\Lib\Action\InformAction.class.php:1) View.class.php 第 120 行.
[ 2012-12-09T22:11:58+08:00 ] /xxx2/admin.php/Inform/add_tz | NOTIC: [2] Cannot modify header information - headers already sent by (output started at D:\XAMPP\xampp\htdocs\xxx2\admin\Lib\Action\InformAction.class.php:1) View.class.php 第 121 行.
[ 2012-12-09T22:11:58+08:00 ] /xxx2/admin.php/Inform/add_tz | NOTIC: [2] Cannot modify header information - headers already sent by (output started at D:\XAMPP\xampp\htdocs\xxx2\admin\Lib\Action\InformAction.class.php:1) View.class.php 第 122 行.
[ 2012-12-09T22:11:58+08:00 ] /xxx2/admin.php/Inform/add_tz | INFO: Tag[ view_end ] --START--
[ 2012-12-09T22:11:58+08:00 ] /xxx2/admin.php/Inform/add_tz | INFO: Run ShowPageTrace Behavior [ RunTime:0.000532s ]
[ 2012-12-09T22:11:58+08:00 ] /xxx2/admin.php/Inform/add_tz | INFO: Tag[ view_end ] --END-- [ RunTime:0.000594s ]
[ 2012-12-09T22:11:59+08:00 ] /xxx2/admin.php/Inform/resources/images/closelabel.gif | ERR: (ThinkException) 非法操作resources
[ 2012-12-09T22:12:01+08:00 ] /xxx2/admin.php/Article/index | INFO: Tag[ route_check ] --START--
[ 2012-12-09T22:12:01+08:00 ] /xxx2/admin.php/Article/index | INFO: Run CheckRoute Behavior [ RunTime:0.001147s ]
[ 2012-12-09T22:12:01+08:00 ] /xxx2/admin.php/Article/index | INFO: Tag[ route_check ] --END-- [ RunTime:0.001280s ]
[ 2012-12-09T22:12:01+08:00 ] /xxx2/admin.php/Article/index | INFO: Tag[ app_begin ] --START--
[ 2012-12-09T22:12:01+08:00 ] /xxx2/admin.php/Article/index | INFO: Run ReadHtmlCache Behavior [ RunTime:0.000902s ]
[ 2012-12-09T22:12:01+08:00 ] /xxx2/admin.php/Article/index | INFO: Tag[ app_begin ] --END-- [ RunTime:0.000993s ]
[ 2012-12-09T22:12:01+08:00 ] /xxx2/admin.php/Article/index | NOTIC: [2] Cannot modify header information - headers already sent by (output started at D:\XAMPP\xampp\htdocs\xxx2\admin\Lib\Action\ArticleAction.class.php:1) ArticleAction.class.php 第 35 行.
[ 2012-12-09T22:12:01+08:00 ] /xxx2/admin.php/Article/index | SQL: SHOW COLUMNS FROM `think_catalog` [ RunTime:0.002486s ]
[ 2012-12-09T22:12:01+08:00 ] /xxx2/admin.php/Article/index | NOTIC: [8] Undefined index: id ArticleAction.class.php 第 39 行.
[ 2012-12-09T22:12:01+08:00 ] /xxx2/admin.php/Article/index | SQL: SELECT `id`,`f_cata`,`isf`,`f_id`,`p_id` FROM `think_catalog` WHERE f_id='0'  [ RunTime:0.000688s ]
[ 2012-12-09T22:12:01+08:00 ] /xxx2/admin.php/Article/index | INFO: Tag[ view_template ] --START--
[ 2012-12-09T22:12:01+08:00 ] /xxx2/admin.php/Article/index | INFO: Run LocationTemplate Behavior [ RunTime:0.001065s ]
[ 2012-12-09T22:12:01+08:00 ] /xxx2/admin.php/Article/index | INFO: Tag[ view_template ] --END-- [ RunTime:0.001138s ]
[ 2012-12-09T22:12:01+08:00 ] /xxx2/admin.php/Article/index | INFO: Tag[ view_parse ] --START--
[ 2012-12-09T22:12:01+08:00 ] /xxx2/admin.php/Article/index | NOTIC: [8] Undefined variable: username 6a0fa1355e20b485f823227ab394fc93.php 第 66 行.
[ 2012-12-09T22:12:01+08:00 ] /xxx2/admin.php/Article/index | NOTIC: [8] Undefined variable: username 6a0fa1355e20b485f823227ab394fc93.php 第 66 行.
[ 2012-12-09T22:12:01+08:00 ] /xxx2/admin.php/Article/index | NOTIC: [8] Undefined variable: article_item 6a0fa1355e20b485f823227ab394fc93.php 第 140 行.
[ 2012-12-09T22:12:01+08:00 ] /xxx2/admin.php/Article/index | NOTIC: [8] Undefined variable: article_item 6a0fa1355e20b485f823227ab394fc93.php 第 170 行.
[ 2012-12-09T22:12:01+08:00 ] /xxx2/admin.php/Article/index | NOTIC: [8] Undefined variable: article_item 6a0fa1355e20b485f823227ab394fc93.php 第 176 行.
[ 2012-12-09T22:12:01+08:00 ] /xxx2/admin.php/Article/index | INFO: Run ParseTemplate Behavior [ RunTime:0.012681s ]
[ 2012-12-09T22:12:01+08:00 ] /xxx2/admin.php/Article/index | INFO: Tag[ view_parse ] --END-- [ RunTime:0.012767s ]
[ 2012-12-09T22:12:01+08:00 ] /xxx2/admin.php/Article/index | INFO: Tag[ view_filter ] --START--
[ 2012-12-09T22:12:01+08:00 ] /xxx2/admin.php/Article/index | INFO: Run ContentReplace Behavior [ RunTime:0.000605s ]
[ 2012-12-09T22:12:01+08:00 ] /xxx2/admin.php/Article/index | INFO: Run TokenBuild Behavior [ RunTime:0.000581s ]
[ 2012-12-09T22:12:01+08:00 ] /xxx2/admin.php/Article/index | INFO: Run WriteHtmlCache Behavior [ RunTime:0.000355s ]
[ 2012-12-09T22:12:01+08:00 ] /xxx2/admin.php/Article/index | INFO: Run ShowRuntime Behavior [ RunTime:0.000616s ]
[ 2012-12-09T22:12:01+08:00 ] /xxx2/admin.php/Article/index | INFO: Tag[ view_filter ] --END-- [ RunTime:0.002351s ]
[ 2012-12-09T22:12:01+08:00 ] /xxx2/admin.php/Article/index | NOTIC: [2] Cannot modify header information - headers already sent by (output started at D:\XAMPP\xampp\htdocs\xxx2\admin\Lib\Action\ArticleAction.class.php:1) View.class.php 第 120 行.
[ 2012-12-09T22:12:01+08:00 ] /xxx2/admin.php/Article/index | NOTIC: [2] Cannot modify header information - headers already sent by (output started at D:\XAMPP\xampp\htdocs\xxx2\admin\Lib\Action\ArticleAction.class.php:1) View.class.php 第 121 行.
[ 2012-12-09T22:12:01+08:00 ] /xxx2/admin.php/Article/index | NOTIC: [2] Cannot modify header information - headers already sent by (output started at D:\XAMPP\xampp\htdocs\xxx2\admin\Lib\Action\ArticleAction.class.php:1) View.class.php 第 122 行.
[ 2012-12-09T22:12:01+08:00 ] /xxx2/admin.php/Article/index | INFO: Tag[ view_end ] --START--
[ 2012-12-09T22:12:01+08:00 ] /xxx2/admin.php/Article/index | INFO: Run ShowPageTrace Behavior [ RunTime:0.000542s ]
[ 2012-12-09T22:12:01+08:00 ] /xxx2/admin.php/Article/index | INFO: Tag[ view_end ] --END-- [ RunTime:0.000606s ]
[ 2012-12-09T22:12:01+08:00 ] /xxx2/admin.php/Article/resources/images/closelabel.gif | ERR: (ThinkException) 非法操作resources
[ 2012-12-09T22:12:02+08:00 ] /xxx2/admin.php/Article/lis | INFO: Tag[ route_check ] --START--
[ 2012-12-09T22:12:02+08:00 ] /xxx2/admin.php/Article/lis | INFO: Run CheckRoute Behavior [ RunTime:0.001084s ]
[ 2012-12-09T22:12:02+08:00 ] /xxx2/admin.php/Article/lis | INFO: Tag[ route_check ] --END-- [ RunTime:0.001215s ]
[ 2012-12-09T22:12:02+08:00 ] /xxx2/admin.php/Article/lis | INFO: Tag[ app_begin ] --START--
[ 2012-12-09T22:12:02+08:00 ] /xxx2/admin.php/Article/lis | INFO: Run ReadHtmlCache Behavior [ RunTime:0.000797s ]
[ 2012-12-09T22:12:02+08:00 ] /xxx2/admin.php/Article/lis | INFO: Tag[ app_begin ] --END-- [ RunTime:0.000866s ]
[ 2012-12-09T22:12:02+08:00 ] /xxx2/admin.php/Article/lis | NOTIC: [2] Cannot modify header information - headers already sent by (output started at D:\XAMPP\xampp\htdocs\xxx2\admin\Lib\Action\ArticleAction.class.php:1) ArticleAction.class.php 第 67 行.
[ 2012-12-09T22:12:02+08:00 ] /xxx2/admin.php/Article/lis | SQL: SHOW COLUMNS FROM `think_catalog` [ RunTime:0.002785s ]
[ 2012-12-09T22:12:02+08:00 ] /xxx2/admin.php/Article/lis | SQL: SELECT * FROM `think_catalog` WHERE f_id=0  [ RunTime:0.000546s ]
[ 2012-12-09T22:12:02+08:00 ] /xxx2/admin.php/Article/lis | NOTIC: [8] Undefined index: select ArticleAction.class.php 第 74 行.
[ 2012-12-09T22:12:02+08:00 ] /xxx2/admin.php/Article/lis | SQL: SHOW COLUMNS FROM `think_cata` [ RunTime:0.002695s ]
[ 2012-12-09T22:12:02+08:00 ] /xxx2/admin.php/Article/lis | SQL: SELECT COUNT(*) AS tp_count FROM `think_cata` LIMIT 1   [ RunTime:0.000617s ]
[ 2012-12-09T22:12:02+08:00 ] /xxx2/admin.php/Article/lis | SQL: SELECT `id`,`title`,`Catalog`,`f_catalog`,`user`,`title`,`dt` FROM `think_cata` ORDER BY id desc LIMIT 0,8   [ RunTime:0.001117s ]
[ 2012-12-09T22:12:02+08:00 ] /xxx2/admin.php/Article/lis | INFO: Tag[ view_template ] --START--
[ 2012-12-09T22:12:02+08:00 ] /xxx2/admin.php/Article/lis | INFO: Run LocationTemplate Behavior [ RunTime:0.000786s ]
[ 2012-12-09T22:12:02+08:00 ] /xxx2/admin.php/Article/lis | INFO: Tag[ view_template ] --END-- [ RunTime:0.000875s ]
[ 2012-12-09T22:12:02+08:00 ] /xxx2/admin.php/Article/lis | INFO: Tag[ view_parse ] --START--
[ 2012-12-09T22:12:02+08:00 ] /xxx2/admin.php/Article/lis | INFO: Run ParseTemplate Behavior [ RunTime:0.014573s ]
[ 2012-12-09T22:12:02+08:00 ] /xxx2/admin.php/Article/lis | INFO: Tag[ view_parse ] --END-- [ RunTime:0.014679s ]
[ 2012-12-09T22:12:02+08:00 ] /xxx2/admin.php/Article/lis | INFO: Tag[ view_filter ] --START--
[ 2012-12-09T22:12:02+08:00 ] /xxx2/admin.php/Article/lis | INFO: Run ContentReplace Behavior [ RunTime:0.000588s ]
[ 2012-12-09T22:12:02+08:00 ] /xxx2/admin.php/Article/lis | INFO: Run TokenBuild Behavior [ RunTime:0.000849s ]
[ 2012-12-09T22:12:02+08:00 ] /xxx2/admin.php/Article/lis | INFO: Run WriteHtmlCache Behavior [ RunTime:0.000481s ]
[ 2012-12-09T22:12:02+08:00 ] /xxx2/admin.php/Article/lis | INFO: Run ShowRuntime Behavior [ RunTime:0.000600s ]
[ 2012-12-09T22:12:02+08:00 ] /xxx2/admin.php/Article/lis | INFO: Tag[ view_filter ] --END-- [ RunTime:0.002721s ]
[ 2012-12-09T22:12:02+08:00 ] /xxx2/admin.php/Article/lis | NOTIC: [2] Cannot modify header information - headers already sent by (output started at D:\XAMPP\xampp\htdocs\xxx2\admin\Lib\Action\ArticleAction.class.php:1) View.class.php 第 120 行.
[ 2012-12-09T22:12:02+08:00 ] /xxx2/admin.php/Article/lis | NOTIC: [2] Cannot modify header information - headers already sent by (output started at D:\XAMPP\xampp\htdocs\xxx2\admin\Lib\Action\ArticleAction.class.php:1) View.class.php 第 121 行.
[ 2012-12-09T22:12:02+08:00 ] /xxx2/admin.php/Article/lis | NOTIC: [2] Cannot modify header information - headers already sent by (output started at D:\XAMPP\xampp\htdocs\xxx2\admin\Lib\Action\ArticleAction.class.php:1) View.class.php 第 122 行.
[ 2012-12-09T22:12:02+08:00 ] /xxx2/admin.php/Article/lis | INFO: Tag[ view_end ] --START--
[ 2012-12-09T22:12:02+08:00 ] /xxx2/admin.php/Article/lis | INFO: Run ShowPageTrace Behavior [ RunTime:0.001196s ]
[ 2012-12-09T22:12:02+08:00 ] /xxx2/admin.php/Article/lis | INFO: Tag[ view_end ] --END-- [ RunTime:0.001293s ]
[ 2012-12-09T22:12:03+08:00 ] /xxx2/admin.php/Article/resources/images/closelabel.gif | ERR: (ThinkException) 非法操作resources
[ 2012-12-09T22:12:05+08:00 ] /xxx2/admin.php/Article/index/id/39 | INFO: Tag[ route_check ] --START--
[ 2012-12-09T22:12:05+08:00 ] /xxx2/admin.php/Article/index/id/39 | INFO: Run CheckRoute Behavior [ RunTime:0.001136s ]
[ 2012-12-09T22:12:05+08:00 ] /xxx2/admin.php/Article/index/id/39 | INFO: Tag[ route_check ] --END-- [ RunTime:0.001278s ]
[ 2012-12-09T22:12:05+08:00 ] /xxx2/admin.php/Article/index/id/39 | INFO: Tag[ app_begin ] --START--
[ 2012-12-09T22:12:05+08:00 ] /xxx2/admin.php/Article/index/id/39 | INFO: Run ReadHtmlCache Behavior [ RunTime:0.004218s ]
[ 2012-12-09T22:12:05+08:00 ] /xxx2/admin.php/Article/index/id/39 | INFO: Tag[ app_begin ] --END-- [ RunTime:0.009928s ]
[ 2012-12-09T22:12:05+08:00 ] /xxx2/admin.php/Article/index/id/39 | NOTIC: [2] Cannot modify header information - headers already sent by (output started at D:\XAMPP\xampp\htdocs\xxx2\admin\Lib\Action\ArticleAction.class.php:1) ArticleAction.class.php 第 35 行.
[ 2012-12-09T22:12:05+08:00 ] /xxx2/admin.php/Article/index/id/39 | SQL: SHOW COLUMNS FROM `think_catalog` [ RunTime:0.002491s ]
[ 2012-12-09T22:12:05+08:00 ] /xxx2/admin.php/Article/index/id/39 | SQL: SHOW COLUMNS FROM `think_cata` [ RunTime:0.002549s ]
[ 2012-12-09T22:12:05+08:00 ] /xxx2/admin.php/Article/index/id/39 | SQL: SELECT * FROM `think_cata` WHERE id=39 LIMIT 1   [ RunTime:0.000915s ]
[ 2012-12-09T22:12:05+08:00 ] /xxx2/admin.php/Article/index/id/39 | NOTIC: [8] Undefined variable: mulu ArticleAction.class.php 第 58 行.
[ 2012-12-09T22:12:05+08:00 ] /xxx2/admin.php/Article/index/id/39 | INFO: Tag[ view_template ] --START--
[ 2012-12-09T22:12:05+08:00 ] /xxx2/admin.php/Article/index/id/39 | INFO: Run LocationTemplate Behavior [ RunTime:0.001813s ]
[ 2012-12-09T22:12:05+08:00 ] /xxx2/admin.php/Article/index/id/39 | INFO: Tag[ view_template ] --END-- [ RunTime:0.001920s ]
[ 2012-12-09T22:12:05+08:00 ] /xxx2/admin.php/Article/index/id/39 | INFO: Tag[ view_parse ] --START--
[ 2012-12-09T22:12:05+08:00 ] /xxx2/admin.php/Article/index/id/39 | NOTIC: [8] Undefined variable: username 6a0fa1355e20b485f823227ab394fc93.php 第 66 行.
[ 2012-12-09T22:12:05+08:00 ] /xxx2/admin.php/Article/index/id/39 | NOTIC: [8] Undefined variable: username 6a0fa1355e20b485f823227ab394fc93.php 第 66 行.
[ 2012-12-09T22:12:05+08:00 ] /xxx2/admin.php/Article/index/id/39 | INFO: Run ParseTemplate Behavior [ RunTime:0.015113s ]
[ 2012-12-09T22:12:05+08:00 ] /xxx2/admin.php/Article/index/id/39 | INFO: Tag[ view_parse ] --END-- [ RunTime:0.015198s ]
[ 2012-12-09T22:12:05+08:00 ] /xxx2/admin.php/Article/index/id/39 | INFO: Tag[ view_filter ] --START--
[ 2012-12-09T22:12:05+08:00 ] /xxx2/admin.php/Article/index/id/39 | INFO: Run ContentReplace Behavior [ RunTime:0.001022s ]
[ 2012-12-09T22:12:05+08:00 ] /xxx2/admin.php/Article/index/id/39 | INFO: Run TokenBuild Behavior [ RunTime:0.000873s ]
[ 2012-12-09T22:12:05+08:00 ] /xxx2/admin.php/Article/index/id/39 | INFO: Run WriteHtmlCache Behavior [ RunTime:0.001185s ]
[ 2012-12-09T22:12:05+08:00 ] /xxx2/admin.php/Article/index/id/39 | INFO: Run ShowRuntime Behavior [ RunTime:0.001134s ]
[ 2012-12-09T22:12:05+08:00 ] /xxx2/admin.php/Article/index/id/39 | INFO: Tag[ view_filter ] --END-- [ RunTime:0.004447s ]
[ 2012-12-09T22:12:05+08:00 ] /xxx2/admin.php/Article/index/id/39 | NOTIC: [2] Cannot modify header information - headers already sent by (output started at D:\XAMPP\xampp\htdocs\xxx2\admin\Lib\Action\ArticleAction.class.php:1) View.class.php 第 120 行.
[ 2012-12-09T22:12:05+08:00 ] /xxx2/admin.php/Article/index/id/39 | NOTIC: [2] Cannot modify header information - headers already sent by (output started at D:\XAMPP\xampp\htdocs\xxx2\admin\Lib\Action\ArticleAction.class.php:1) View.class.php 第 121 行.
[ 2012-12-09T22:12:05+08:00 ] /xxx2/admin.php/Article/index/id/39 | NOTIC: [2] Cannot modify header information - headers already sent by (output started at D:\XAMPP\xampp\htdocs\xxx2\admin\Lib\Action\ArticleAction.class.php:1) View.class.php 第 122 行.
[ 2012-12-09T22:12:05+08:00 ] /xxx2/admin.php/Article/index/id/39 | INFO: Tag[ view_end ] --START--
[ 2012-12-09T22:12:05+08:00 ] /xxx2/admin.php/Article/index/id/39 | INFO: Run ShowPageTrace Behavior [ RunTime:0.001017s ]
[ 2012-12-09T22:12:05+08:00 ] /xxx2/admin.php/Article/index/id/39 | INFO: Tag[ view_end ] --END-- [ RunTime:0.001213s ]
[ 2012-12-09T22:12:05+08:00 ] /xxx2/admin.php/Article/select?name=undefined | INFO: Tag[ route_check ] --START--
[ 2012-12-09T22:12:05+08:00 ] /xxx2/admin.php/Article/select?name=undefined | INFO: Run CheckRoute Behavior [ RunTime:0.001293s ]
[ 2012-12-09T22:12:05+08:00 ] /xxx2/admin.php/Article/select?name=undefined | INFO: Tag[ route_check ] --END-- [ RunTime:0.001412s ]
[ 2012-12-09T22:12:05+08:00 ] /xxx2/admin.php/Article/select?name=undefined | INFO: Tag[ app_begin ] --START--
[ 2012-12-09T22:12:05+08:00 ] /xxx2/admin.php/Article/select?name=undefined | INFO: Run ReadHtmlCache Behavior [ RunTime:0.000889s ]
[ 2012-12-09T22:12:05+08:00 ] /xxx2/admin.php/Article/select?name=undefined | INFO: Tag[ app_begin ] --END-- [ RunTime:0.000977s ]
[ 2012-12-09T22:12:05+08:00 ] /xxx2/admin.php/Article/select?name=undefined | SQL: SHOW COLUMNS FROM `think_catalog` [ RunTime:0.002650s ]
[ 2012-12-09T22:12:05+08:00 ] /xxx2/admin.php/Article/select?name=undefined | SQL: SELECT * FROM `think_catalog` WHERE f_cata='undefined' LIMIT 1   [ RunTime:0.002431s ]
[ 2012-12-09T22:12:05+08:00 ] /xxx2/admin.php/Article/index/id/resources/images/closelabel.gif | INFO: Tag[ route_check ] --START--
[ 2012-12-09T22:12:05+08:00 ] /xxx2/admin.php/Article/index/id/resources/images/closelabel.gif | INFO: Run CheckRoute Behavior [ RunTime:0.001030s ]
[ 2012-12-09T22:12:05+08:00 ] /xxx2/admin.php/Article/index/id/resources/images/closelabel.gif | INFO: Tag[ route_check ] --END-- [ RunTime:0.001150s ]
[ 2012-12-09T22:12:05+08:00 ] /xxx2/admin.php/Article/index/id/resources/images/closelabel.gif | INFO: Tag[ app_begin ] --START--
[ 2012-12-09T22:12:05+08:00 ] /xxx2/admin.php/Article/index/id/resources/images/closelabel.gif | INFO: Run ReadHtmlCache Behavior [ RunTime:0.002636s ]
[ 2012-12-09T22:12:05+08:00 ] /xxx2/admin.php/Article/index/id/resources/images/closelabel.gif | INFO: Tag[ app_begin ] --END-- [ RunTime:0.002743s ]
[ 2012-12-09T22:12:05+08:00 ] /xxx2/admin.php/Article/index/id/resources/images/closelabel.gif | NOTIC: [2] Cannot modify header information - headers already sent by (output started at D:\XAMPP\xampp\htdocs\xxx2\admin\Lib\Action\ArticleAction.class.php:1) ArticleAction.class.php 第 35 行.
[ 2012-12-09T22:12:05+08:00 ] /xxx2/admin.php/Article/index/id/resources/images/closelabel.gif | SQL: SHOW COLUMNS FROM `think_catalog` [ RunTime:0.004197s ]
[ 2012-12-09T22:12:05+08:00 ] /xxx2/admin.php/Article/index/id/resources/images/closelabel.gif | SQL: SELECT `id`,`f_cata`,`isf`,`f_id`,`p_id` FROM `think_catalog` WHERE f_id='0'  [ RunTime:0.000980s ]
[ 2012-12-09T22:12:05+08:00 ] /xxx2/admin.php/Article/index/id/resources/images/closelabel.gif | INFO: Tag[ view_template ] --START--
[ 2012-12-09T22:12:05+08:00 ] /xxx2/admin.php/Article/index/id/resources/images/closelabel.gif | INFO: Run LocationTemplate Behavior [ RunTime:0.000997s ]
[ 2012-12-09T22:12:05+08:00 ] /xxx2/admin.php/Article/index/id/resources/images/closelabel.gif | INFO: Tag[ view_template ] --END-- [ RunTime:0.001106s ]
[ 2012-12-09T22:12:05+08:00 ] /xxx2/admin.php/Article/index/id/resources/images/closelabel.gif | INFO: Tag[ view_parse ] --START--
[ 2012-12-09T22:12:06+08:00 ] /xxx2/admin.php/Article/index/id/resources/images/closelabel.gif | NOTIC: [8] Undefined variable: username 6a0fa1355e20b485f823227ab394fc93.php 第 66 行.
[ 2012-12-09T22:12:06+08:00 ] /xxx2/admin.php/Article/index/id/resources/images/closelabel.gif | NOTIC: [8] Undefined variable: username 6a0fa1355e20b485f823227ab394fc93.php 第 66 行.
[ 2012-12-09T22:12:06+08:00 ] /xxx2/admin.php/Article/index/id/resources/images/closelabel.gif | NOTIC: [8] Undefined variable: article_item 6a0fa1355e20b485f823227ab394fc93.php 第 140 行.
[ 2012-12-09T22:12:06+08:00 ] /xxx2/admin.php/Article/index/id/resources/images/closelabel.gif | NOTIC: [8] Undefined variable: article_item 6a0fa1355e20b485f823227ab394fc93.php 第 170 行.
[ 2012-12-09T22:12:06+08:00 ] /xxx2/admin.php/Article/index/id/resources/images/closelabel.gif | NOTIC: [8] Undefined variable: article_item 6a0fa1355e20b485f823227ab394fc93.php 第 176 行.
[ 2012-12-09T22:12:06+08:00 ] /xxx2/admin.php/Article/index/id/resources/images/closelabel.gif | INFO: Run ParseTemplate Behavior [ RunTime:0.026469s ]
[ 2012-12-09T22:12:06+08:00 ] /xxx2/admin.php/Article/index/id/resources/images/closelabel.gif | INFO: Tag[ view_parse ] --END-- [ RunTime:0.026558s ]
[ 2012-12-09T22:12:06+08:00 ] /xxx2/admin.php/Article/index/id/resources/images/closelabel.gif | INFO: Tag[ view_filter ] --START--
[ 2012-12-09T22:12:06+08:00 ] /xxx2/admin.php/Article/index/id/resources/images/closelabel.gif | INFO: Run ContentReplace Behavior [ RunTime:0.000725s ]
[ 2012-12-09T22:12:06+08:00 ] /xxx2/admin.php/Article/index/id/resources/images/closelabel.gif | INFO: Run TokenBuild Behavior [ RunTime:0.000936s ]
[ 2012-12-09T22:12:06+08:00 ] /xxx2/admin.php/Article/index/id/resources/images/closelabel.gif | INFO: Run WriteHtmlCache Behavior [ RunTime:0.000400s ]
[ 2012-12-09T22:12:06+08:00 ] /xxx2/admin.php/Article/index/id/resources/images/closelabel.gif | INFO: Run ShowRuntime Behavior [ RunTime:0.000711s ]
[ 2012-12-09T22:12:06+08:00 ] /xxx2/admin.php/Article/index/id/resources/images/closelabel.gif | INFO: Tag[ view_filter ] --END-- [ RunTime:0.003024s ]
[ 2012-12-09T22:12:06+08:00 ] /xxx2/admin.php/Article/index/id/resources/images/closelabel.gif | NOTIC: [2] Cannot modify header information - headers already sent by (output started at D:\XAMPP\xampp\htdocs\xxx2\admin\Lib\Action\ArticleAction.class.php:1) View.class.php 第 120 行.
[ 2012-12-09T22:12:06+08:00 ] /xxx2/admin.php/Article/index/id/resources/images/closelabel.gif | NOTIC: [2] Cannot modify header information - headers already sent by (output started at D:\XAMPP\xampp\htdocs\xxx2\admin\Lib\Action\ArticleAction.class.php:1) View.class.php 第 121 行.
[ 2012-12-09T22:12:06+08:00 ] /xxx2/admin.php/Article/index/id/resources/images/closelabel.gif | NOTIC: [2] Cannot modify header information - headers already sent by (output started at D:\XAMPP\xampp\htdocs\xxx2\admin\Lib\Action\ArticleAction.class.php:1) View.class.php 第 122 行.
[ 2012-12-09T22:12:06+08:00 ] /xxx2/admin.php/Article/index/id/resources/images/closelabel.gif | INFO: Tag[ view_end ] --START--
[ 2012-12-09T22:12:06+08:00 ] /xxx2/admin.php/Article/index/id/resources/images/closelabel.gif | INFO: Run ShowPageTrace Behavior [ RunTime:0.000799s ]
[ 2012-12-09T22:12:06+08:00 ] /xxx2/admin.php/Article/index/id/resources/images/closelabel.gif | INFO: Tag[ view_end ] --END-- [ RunTime:0.000887s ]
