[ 2012-12-03T15:39:52+08:00 ] /xxx2/admin.php/Login/index/ | INFO: Tag[ route_check ] --START--
[ 2012-12-03T15:39:52+08:00 ] /xxx2/admin.php/Login/index/ | INFO: Run CheckRoute Behavior [ RunTime:0.001381s ]
[ 2012-12-03T15:39:52+08:00 ] /xxx2/admin.php/Login/index/ | INFO: Tag[ route_check ] --END-- [ RunTime:0.001516s ]
[ 2012-12-03T15:39:52+08:00 ] /xxx2/admin.php/Login/index/ | INFO: Tag[ app_begin ] --START--
[ 2012-12-03T15:39:52+08:00 ] /xxx2/admin.php/Login/index/ | INFO: Run ReadHtmlCache Behavior [ RunTime:0.001358s ]
[ 2012-12-03T15:39:52+08:00 ] /xxx2/admin.php/Login/index/ | INFO: Tag[ app_begin ] --END-- [ RunTime:0.001480s ]
[ 2012-12-03T15:39:52+08:00 ] /xxx2/admin.php/Login/index/ | INFO: Tag[ view_template ] --START--
[ 2012-12-03T15:39:52+08:00 ] /xxx2/admin.php/Login/index/ | INFO: Run LocationTemplate Behavior [ RunTime:0.001476s ]
[ 2012-12-03T15:39:52+08:00 ] /xxx2/admin.php/Login/index/ | INFO: Tag[ view_template ] --END-- [ RunTime:0.001611s ]
[ 2012-12-03T15:39:52+08:00 ] /xxx2/admin.php/Login/index/ | INFO: Tag[ view_parse ] --START--
[ 2012-12-03T15:39:52+08:00 ] /xxx2/admin.php/Login/index/ | INFO: Run ParseTemplate Behavior [ RunTime:0.110466s ]
[ 2012-12-03T15:39:52+08:00 ] /xxx2/admin.php/Login/index/ | INFO: Tag[ view_parse ] --END-- [ RunTime:0.110589s ]
[ 2012-12-03T15:39:52+08:00 ] /xxx2/admin.php/Login/index/ | INFO: Tag[ view_filter ] --START--
[ 2012-12-03T15:39:52+08:00 ] /xxx2/admin.php/Login/index/ | INFO: Run ContentReplace Behavior [ RunTime:0.000489s ]
[ 2012-12-03T15:39:52+08:00 ] /xxx2/admin.php/Login/index/ | INFO: Run TokenBuild Behavior [ RunTime:0.000520s ]
[ 2012-12-03T15:39:52+08:00 ] /xxx2/admin.php/Login/index/ | INFO: Run WriteHtmlCache Behavior [ RunTime:0.000296s ]
[ 2012-12-03T15:39:52+08:00 ] /xxx2/admin.php/Login/index/ | INFO: Run ShowRuntime Behavior [ RunTime:0.001030s ]
[ 2012-12-03T15:39:52+08:00 ] /xxx2/admin.php/Login/index/ | INFO: Tag[ view_filter ] --END-- [ RunTime:0.002533s ]
[ 2012-12-03T15:39:52+08:00 ] /xxx2/admin.php/Login/index/ | NOTIC: [2] Cannot modify header information - headers already sent by (output started at D:\XAMPP\xampp\htdocs\xxx2\admin\Lib\Action\LoginAction.class.php:1) View.class.php 第 120 行.
[ 2012-12-03T15:39:52+08:00 ] /xxx2/admin.php/Login/index/ | NOTIC: [2] Cannot modify header information - headers already sent by (output started at D:\XAMPP\xampp\htdocs\xxx2\admin\Lib\Action\LoginAction.class.php:1) View.class.php 第 121 行.
[ 2012-12-03T15:39:52+08:00 ] /xxx2/admin.php/Login/index/ | NOTIC: [2] Cannot modify header information - headers already sent by (output started at D:\XAMPP\xampp\htdocs\xxx2\admin\Lib\Action\LoginAction.class.php:1) View.class.php 第 122 行.
[ 2012-12-03T15:39:52+08:00 ] /xxx2/admin.php/Login/index/ | INFO: Tag[ view_end ] --START--
[ 2012-12-03T15:39:52+08:00 ] /xxx2/admin.php/Login/index/ | INFO: Run ShowPageTrace Behavior [ RunTime:0.000717s ]
[ 2012-12-03T15:39:52+08:00 ] /xxx2/admin.php/Login/index/ | INFO: Tag[ view_end ] --END-- [ RunTime:0.000793s ]
[ 2012-12-03T15:39:53+08:00 ] /xxx2/admin.php/Login/index/resources/images/closelabel.gif | INFO: Tag[ route_check ] --START--
[ 2012-12-03T15:39:53+08:00 ] /xxx2/admin.php/Login/index/resources/images/closelabel.gif | INFO: Run CheckRoute Behavior [ RunTime:0.001162s ]
[ 2012-12-03T15:39:53+08:00 ] /xxx2/admin.php/Login/index/resources/images/closelabel.gif | INFO: Tag[ route_check ] --END-- [ RunTime:0.001299s ]
[ 2012-12-03T15:39:53+08:00 ] /xxx2/admin.php/Login/index/resources/images/closelabel.gif | INFO: Tag[ app_begin ] --START--
[ 2012-12-03T15:39:53+08:00 ] /xxx2/admin.php/Login/index/resources/images/closelabel.gif | INFO: Run ReadHtmlCache Behavior [ RunTime:0.000822s ]
[ 2012-12-03T15:39:53+08:00 ] /xxx2/admin.php/Login/index/resources/images/closelabel.gif | INFO: Tag[ app_begin ] --END-- [ RunTime:0.000906s ]
[ 2012-12-03T15:39:53+08:00 ] /xxx2/admin.php/Login/index/resources/images/closelabel.gif | INFO: Tag[ view_template ] --START--
[ 2012-12-03T15:39:53+08:00 ] /xxx2/admin.php/Login/index/resources/images/closelabel.gif | INFO: Run LocationTemplate Behavior [ RunTime:0.000975s ]
[ 2012-12-03T15:39:53+08:00 ] /xxx2/admin.php/Login/index/resources/images/closelabel.gif | INFO: Tag[ view_template ] --END-- [ RunTime:0.001091s ]
[ 2012-12-03T15:39:53+08:00 ] /xxx2/admin.php/Login/index/resources/images/closelabel.gif | INFO: Tag[ view_parse ] --START--
[ 2012-12-03T15:39:53+08:00 ] /xxx2/admin.php/Login/index/resources/images/closelabel.gif | INFO: Run ParseTemplate Behavior [ RunTime:0.008640s ]
[ 2012-12-03T15:39:53+08:00 ] /xxx2/admin.php/Login/index/resources/images/closelabel.gif | INFO: Tag[ view_parse ] --END-- [ RunTime:0.008764s ]
[ 2012-12-03T15:39:53+08:00 ] /xxx2/admin.php/Login/index/resources/images/closelabel.gif | INFO: Tag[ view_filter ] --START--
[ 2012-12-03T15:39:53+08:00 ] /xxx2/admin.php/Login/index/resources/images/closelabel.gif | INFO: Run ContentReplace Behavior [ RunTime:0.000611s ]
[ 2012-12-03T15:39:53+08:00 ] /xxx2/admin.php/Login/index/resources/images/closelabel.gif | INFO: Run TokenBuild Behavior [ RunTime:0.000570s ]
[ 2012-12-03T15:39:53+08:00 ] /xxx2/admin.php/Login/index/resources/images/closelabel.gif | INFO: Run WriteHtmlCache Behavior [ RunTime:0.000307s ]
[ 2012-12-03T15:39:53+08:00 ] /xxx2/admin.php/Login/index/resources/images/closelabel.gif | INFO: Run ShowRuntime Behavior [ RunTime:0.000551s ]
[ 2012-12-03T15:39:53+08:00 ] /xxx2/admin.php/Login/index/resources/images/closelabel.gif | INFO: Tag[ view_filter ] --END-- [ RunTime:0.002229s ]
[ 2012-12-03T15:39:53+08:00 ] /xxx2/admin.php/Login/index/resources/images/closelabel.gif | NOTIC: [2] Cannot modify header information - headers already sent by (output started at D:\XAMPP\xampp\htdocs\xxx2\admin\Lib\Action\LoginAction.class.php:1) View.class.php 第 120 行.
[ 2012-12-03T15:39:53+08:00 ] /xxx2/admin.php/Login/index/resources/images/closelabel.gif | NOTIC: [2] Cannot modify header information - headers already sent by (output started at D:\XAMPP\xampp\htdocs\xxx2\admin\Lib\Action\LoginAction.class.php:1) View.class.php 第 121 行.
[ 2012-12-03T15:39:53+08:00 ] /xxx2/admin.php/Login/index/resources/images/closelabel.gif | NOTIC: [2] Cannot modify header information - headers already sent by (output started at D:\XAMPP\xampp\htdocs\xxx2\admin\Lib\Action\LoginAction.class.php:1) View.class.php 第 122 行.
[ 2012-12-03T15:39:53+08:00 ] /xxx2/admin.php/Login/index/resources/images/closelabel.gif | INFO: Tag[ view_end ] --START--
[ 2012-12-03T15:39:53+08:00 ] /xxx2/admin.php/Login/index/resources/images/closelabel.gif | INFO: Run ShowPageTrace Behavior [ RunTime:0.000635s ]
[ 2012-12-03T15:39:53+08:00 ] /xxx2/admin.php/Login/index/resources/images/closelabel.gif | INFO: Tag[ view_end ] --END-- [ RunTime:0.000704s ]
[ 2012-12-03T15:39:53+08:00 ] /xxx2/admin.php/Common/verify/ | INFO: Tag[ route_check ] --START--
[ 2012-12-03T15:39:53+08:00 ] /xxx2/admin.php/Common/verify/ | INFO: Run CheckRoute Behavior [ RunTime:0.001058s ]
[ 2012-12-03T15:39:53+08:00 ] /xxx2/admin.php/Common/verify/ | INFO: Tag[ route_check ] --END-- [ RunTime:0.001172s ]
[ 2012-12-03T15:39:53+08:00 ] /xxx2/admin.php/Common/verify/ | INFO: Tag[ app_begin ] --START--
[ 2012-12-03T15:39:53+08:00 ] /xxx2/admin.php/Common/verify/ | INFO: Run ReadHtmlCache Behavior [ RunTime:0.000826s ]
[ 2012-12-03T15:39:53+08:00 ] /xxx2/admin.php/Common/verify/ | INFO: Tag[ app_begin ] --END-- [ RunTime:0.000896s ]
[ 2012-12-03T15:40:12+08:00 ] /xxx2/admin.php/Index/index/username/admin | INFO: Tag[ route_check ] --START--
[ 2012-12-03T15:40:12+08:00 ] /xxx2/admin.php/Index/index/username/admin | INFO: Run CheckRoute Behavior [ RunTime:0.001167s ]
[ 2012-12-03T15:40:12+08:00 ] /xxx2/admin.php/Index/index/username/admin | INFO: Tag[ route_check ] --END-- [ RunTime:0.001305s ]
[ 2012-12-03T15:40:12+08:00 ] /xxx2/admin.php/Index/index/username/admin | INFO: Tag[ app_begin ] --START--
[ 2012-12-03T15:40:12+08:00 ] /xxx2/admin.php/Index/index/username/admin | INFO: Run ReadHtmlCache Behavior [ RunTime:0.000857s ]
[ 2012-12-03T15:40:12+08:00 ] /xxx2/admin.php/Index/index/username/admin | INFO: Tag[ app_begin ] --END-- [ RunTime:0.000937s ]
[ 2012-12-03T15:40:12+08:00 ] /xxx2/admin.php/Index/index/username/admin | NOTIC: [2] Cannot modify header information - headers already sent by (output started at D:\XAMPP\xampp\htdocs\xxx2\admin\Lib\Action\IndexAction.class.php:1) IndexAction.class.php 第 12 行.
[ 2012-12-03T15:40:12+08:00 ] /xxx2/admin.php/Index/index/username/admin | INFO: Tag[ view_template ] --START--
[ 2012-12-03T15:40:12+08:00 ] /xxx2/admin.php/Index/index/username/admin | INFO: Run LocationTemplate Behavior [ RunTime:0.023067s ]
[ 2012-12-03T15:40:12+08:00 ] /xxx2/admin.php/Index/index/username/admin | INFO: Tag[ view_template ] --END-- [ RunTime:0.023194s ]
[ 2012-12-03T15:40:12+08:00 ] /xxx2/admin.php/Index/index/username/admin | INFO: Tag[ view_parse ] --START--
[ 2012-12-03T15:40:12+08:00 ] /xxx2/admin.php/Index/index/username/admin | NOTIC: [8] Undefined variable: title 4c18d5952d0dbf1eedb8a1ec796fa788.php 第 5 行.
[ 2012-12-03T15:40:12+08:00 ] /xxx2/admin.php/Index/index/username/admin | INFO: Run ParseTemplate Behavior [ RunTime:0.136931s ]
[ 2012-12-03T15:40:12+08:00 ] /xxx2/admin.php/Index/index/username/admin | INFO: Tag[ view_parse ] --END-- [ RunTime:0.137036s ]
[ 2012-12-03T15:40:12+08:00 ] /xxx2/admin.php/Index/index/username/admin | INFO: Tag[ view_filter ] --START--
[ 2012-12-03T15:40:12+08:00 ] /xxx2/admin.php/Index/index/username/admin | INFO: Run ContentReplace Behavior [ RunTime:0.000730s ]
[ 2012-12-03T15:40:12+08:00 ] /xxx2/admin.php/Index/index/username/admin | INFO: Run TokenBuild Behavior [ RunTime:0.000537s ]
[ 2012-12-03T15:40:12+08:00 ] /xxx2/admin.php/Index/index/username/admin | INFO: Run WriteHtmlCache Behavior [ RunTime:0.000351s ]
[ 2012-12-03T15:40:12+08:00 ] /xxx2/admin.php/Index/index/username/admin | INFO: Run ShowRuntime Behavior [ RunTime:0.000929s ]
[ 2012-12-03T15:40:12+08:00 ] /xxx2/admin.php/Index/index/username/admin | INFO: Tag[ view_filter ] --END-- [ RunTime:0.002767s ]
[ 2012-12-03T15:40:12+08:00 ] /xxx2/admin.php/Index/index/username/admin | NOTIC: [2] Cannot modify header information - headers already sent by (output started at D:\XAMPP\xampp\htdocs\xxx2\admin\Lib\Action\IndexAction.class.php:1) View.class.php 第 120 行.
[ 2012-12-03T15:40:12+08:00 ] /xxx2/admin.php/Index/index/username/admin | NOTIC: [2] Cannot modify header information - headers already sent by (output started at D:\XAMPP\xampp\htdocs\xxx2\admin\Lib\Action\IndexAction.class.php:1) View.class.php 第 121 行.
[ 2012-12-03T15:40:12+08:00 ] /xxx2/admin.php/Index/index/username/admin | NOTIC: [2] Cannot modify header information - headers already sent by (output started at D:\XAMPP\xampp\htdocs\xxx2\admin\Lib\Action\IndexAction.class.php:1) View.class.php 第 122 行.
[ 2012-12-03T15:40:12+08:00 ] /xxx2/admin.php/Index/index/username/admin | INFO: Tag[ view_end ] --START--
[ 2012-12-03T15:40:12+08:00 ] /xxx2/admin.php/Index/index/username/admin | INFO: Run ShowPageTrace Behavior [ RunTime:0.000814s ]
[ 2012-12-03T15:40:12+08:00 ] /xxx2/admin.php/Index/index/username/admin | INFO: Tag[ view_end ] --END-- [ RunTime:0.000896s ]
[ 2012-12-03T15:40:12+08:00 ] /xxx2/admin.php/Index/index/username/resources/images/closelabel.gif | INFO: Tag[ route_check ] --START--
[ 2012-12-03T15:40:12+08:00 ] /xxx2/admin.php/Index/index/username/resources/images/closelabel.gif | INFO: Run CheckRoute Behavior [ RunTime:0.001001s ]
[ 2012-12-03T15:40:12+08:00 ] /xxx2/admin.php/Index/index/username/resources/images/closelabel.gif | INFO: Tag[ route_check ] --END-- [ RunTime:0.001119s ]
[ 2012-12-03T15:40:12+08:00 ] /xxx2/admin.php/Index/index/username/resources/images/closelabel.gif | INFO: Tag[ app_begin ] --START--
[ 2012-12-03T15:40:12+08:00 ] /xxx2/admin.php/Index/index/username/resources/images/closelabel.gif | INFO: Run ReadHtmlCache Behavior [ RunTime:0.001351s ]
[ 2012-12-03T15:40:12+08:00 ] /xxx2/admin.php/Index/index/username/resources/images/closelabel.gif | INFO: Tag[ app_begin ] --END-- [ RunTime:0.001454s ]
[ 2012-12-03T15:40:12+08:00 ] /xxx2/admin.php/Index/index/username/resources/images/closelabel.gif | NOTIC: [2] Cannot modify header information - headers already sent by (output started at D:\XAMPP\xampp\htdocs\xxx2\admin\Lib\Action\IndexAction.class.php:1) IndexAction.class.php 第 12 行.
[ 2012-12-03T15:40:12+08:00 ] /xxx2/admin.php/Index/index/username/resources/images/closelabel.gif | INFO: Tag[ view_template ] --START--
[ 2012-12-03T15:40:12+08:00 ] /xxx2/admin.php/Index/index/username/resources/images/closelabel.gif | INFO: Run LocationTemplate Behavior [ RunTime:0.000567s ]
[ 2012-12-03T15:40:12+08:00 ] /xxx2/admin.php/Index/index/username/resources/images/closelabel.gif | INFO: Tag[ view_template ] --END-- [ RunTime:0.000647s ]
[ 2012-12-03T15:40:12+08:00 ] /xxx2/admin.php/Index/index/username/resources/images/closelabel.gif | INFO: Tag[ view_parse ] --START--
[ 2012-12-03T15:40:12+08:00 ] /xxx2/admin.php/Index/index/username/resources/images/closelabel.gif | NOTIC: [8] Undefined variable: title 4c18d5952d0dbf1eedb8a1ec796fa788.php 第 5 行.
[ 2012-12-03T15:40:12+08:00 ] /xxx2/admin.php/Index/index/username/resources/images/closelabel.gif | INFO: Run ParseTemplate Behavior [ RunTime:0.011525s ]
[ 2012-12-03T15:40:12+08:00 ] /xxx2/admin.php/Index/index/username/resources/images/closelabel.gif | INFO: Tag[ view_parse ] --END-- [ RunTime:0.011604s ]
[ 2012-12-03T15:40:12+08:00 ] /xxx2/admin.php/Index/index/username/resources/images/closelabel.gif | INFO: Tag[ view_filter ] --START--
[ 2012-12-03T15:40:12+08:00 ] /xxx2/admin.php/Index/index/username/resources/images/closelabel.gif | INFO: Run ContentReplace Behavior [ RunTime:0.000685s ]
[ 2012-12-03T15:40:12+08:00 ] /xxx2/admin.php/Index/index/username/resources/images/closelabel.gif | INFO: Run TokenBuild Behavior [ RunTime:0.000607s ]
[ 2012-12-03T15:40:12+08:00 ] /xxx2/admin.php/Index/index/username/resources/images/closelabel.gif | INFO: Run WriteHtmlCache Behavior [ RunTime:0.000308s ]
[ 2012-12-03T15:40:12+08:00 ] /xxx2/admin.php/Index/index/username/resources/images/closelabel.gif | INFO: Run ShowRuntime Behavior [ RunTime:0.000628s ]
[ 2012-12-03T15:40:12+08:00 ] /xxx2/admin.php/Index/index/username/resources/images/closelabel.gif | INFO: Tag[ view_filter ] --END-- [ RunTime:0.002488s ]
[ 2012-12-03T15:40:12+08:00 ] /xxx2/admin.php/Index/index/username/resources/images/closelabel.gif | NOTIC: [2] Cannot modify header information - headers already sent by (output started at D:\XAMPP\xampp\htdocs\xxx2\admin\Lib\Action\IndexAction.class.php:1) View.class.php 第 120 行.
[ 2012-12-03T15:40:12+08:00 ] /xxx2/admin.php/Index/index/username/resources/images/closelabel.gif | NOTIC: [2] Cannot modify header information - headers already sent by (output started at D:\XAMPP\xampp\htdocs\xxx2\admin\Lib\Action\IndexAction.class.php:1) View.class.php 第 121 行.
[ 2012-12-03T15:40:12+08:00 ] /xxx2/admin.php/Index/index/username/resources/images/closelabel.gif | NOTIC: [2] Cannot modify header information - headers already sent by (output started at D:\XAMPP\xampp\htdocs\xxx2\admin\Lib\Action\IndexAction.class.php:1) View.class.php 第 122 行.
[ 2012-12-03T15:40:12+08:00 ] /xxx2/admin.php/Index/index/username/resources/images/closelabel.gif | INFO: Tag[ view_end ] --START--
[ 2012-12-03T15:40:12+08:00 ] /xxx2/admin.php/Index/index/username/resources/images/closelabel.gif | INFO: Run ShowPageTrace Behavior [ RunTime:0.000631s ]
[ 2012-12-03T15:40:12+08:00 ] /xxx2/admin.php/Index/index/username/resources/images/closelabel.gif | INFO: Tag[ view_end ] --END-- [ RunTime:0.000704s ]
[ 2012-12-03T15:40:23+08:00 ] /xxx2/admin.php/Article/index | INFO: Tag[ route_check ] --START--
[ 2012-12-03T15:40:23+08:00 ] /xxx2/admin.php/Article/index | INFO: Run CheckRoute Behavior [ RunTime:0.001001s ]
[ 2012-12-03T15:40:23+08:00 ] /xxx2/admin.php/Article/index | INFO: Tag[ route_check ] --END-- [ RunTime:0.001118s ]
[ 2012-12-03T15:40:23+08:00 ] /xxx2/admin.php/Article/index | INFO: Tag[ app_begin ] --START--
[ 2012-12-03T15:40:23+08:00 ] /xxx2/admin.php/Article/index | INFO: Run ReadHtmlCache Behavior [ RunTime:0.000658s ]
[ 2012-12-03T15:40:23+08:00 ] /xxx2/admin.php/Article/index | INFO: Tag[ app_begin ] --END-- [ RunTime:0.000721s ]
[ 2012-12-03T15:40:23+08:00 ] /xxx2/admin.php/Article/index | NOTIC: [2] Cannot modify header information - headers already sent by (output started at D:\XAMPP\xampp\htdocs\xxx2\admin\Lib\Action\ArticleAction.class.php:1) ArticleAction.class.php 第 35 行.
[ 2012-12-03T15:40:23+08:00 ] /xxx2/admin.php/Article/index | SQL: SHOW COLUMNS FROM `think_catalog` [ RunTime:0.002295s ]
[ 2012-12-03T15:40:23+08:00 ] /xxx2/admin.php/Article/index | NOTIC: [8] Undefined index: id ArticleAction.class.php 第 39 行.
[ 2012-12-03T15:40:23+08:00 ] /xxx2/admin.php/Article/index | SQL: SELECT `id`,`f_cata`,`isf`,`f_id`,`p_id` FROM `think_catalog` WHERE f_id='0'  [ RunTime:0.001900s ]
[ 2012-12-03T15:40:23+08:00 ] /xxx2/admin.php/Article/index | INFO: Tag[ view_template ] --START--
[ 2012-12-03T15:40:23+08:00 ] /xxx2/admin.php/Article/index | INFO: Run LocationTemplate Behavior [ RunTime:0.018317s ]
[ 2012-12-03T15:40:23+08:00 ] /xxx2/admin.php/Article/index | INFO: Tag[ view_template ] --END-- [ RunTime:0.018435s ]
[ 2012-12-03T15:40:23+08:00 ] /xxx2/admin.php/Article/index | INFO: Tag[ view_parse ] --START--
[ 2012-12-03T15:40:23+08:00 ] /xxx2/admin.php/Article/index | NOTIC: [8] Undefined variable: username 6a0fa1355e20b485f823227ab394fc93.php 第 66 行.
[ 2012-12-03T15:40:23+08:00 ] /xxx2/admin.php/Article/index | NOTIC: [8] Undefined variable: username 6a0fa1355e20b485f823227ab394fc93.php 第 66 行.
[ 2012-12-03T15:40:23+08:00 ] /xxx2/admin.php/Article/index | NOTIC: [8] Undefined variable: article_item 6a0fa1355e20b485f823227ab394fc93.php 第 140 行.
[ 2012-12-03T15:40:23+08:00 ] /xxx2/admin.php/Article/index | NOTIC: [8] Undefined variable: article_item 6a0fa1355e20b485f823227ab394fc93.php 第 170 行.
[ 2012-12-03T15:40:23+08:00 ] /xxx2/admin.php/Article/index | NOTIC: [8] Undefined variable: article_item 6a0fa1355e20b485f823227ab394fc93.php 第 176 行.
[ 2012-12-03T15:40:23+08:00 ] /xxx2/admin.php/Article/index | INFO: Run ParseTemplate Behavior [ RunTime:0.035504s ]
[ 2012-12-03T15:40:23+08:00 ] /xxx2/admin.php/Article/index | INFO: Tag[ view_parse ] --END-- [ RunTime:0.035585s ]
[ 2012-12-03T15:40:23+08:00 ] /xxx2/admin.php/Article/index | INFO: Tag[ view_filter ] --START--
[ 2012-12-03T15:40:23+08:00 ] /xxx2/admin.php/Article/index | INFO: Run ContentReplace Behavior [ RunTime:0.000553s ]
[ 2012-12-03T15:40:23+08:00 ] /xxx2/admin.php/Article/index | INFO: Run TokenBuild Behavior [ RunTime:0.000588s ]
[ 2012-12-03T15:40:23+08:00 ] /xxx2/admin.php/Article/index | INFO: Run WriteHtmlCache Behavior [ RunTime:0.000407s ]
[ 2012-12-03T15:40:23+08:00 ] /xxx2/admin.php/Article/index | INFO: Run ShowRuntime Behavior [ RunTime:0.000670s ]
[ 2012-12-03T15:40:23+08:00 ] /xxx2/admin.php/Article/index | INFO: Tag[ view_filter ] --END-- [ RunTime:0.002438s ]
[ 2012-12-03T15:40:23+08:00 ] /xxx2/admin.php/Article/index | NOTIC: [2] Cannot modify header information - headers already sent by (output started at D:\XAMPP\xampp\htdocs\xxx2\admin\Lib\Action\ArticleAction.class.php:1) View.class.php 第 120 行.
[ 2012-12-03T15:40:23+08:00 ] /xxx2/admin.php/Article/index | NOTIC: [2] Cannot modify header information - headers already sent by (output started at D:\XAMPP\xampp\htdocs\xxx2\admin\Lib\Action\ArticleAction.class.php:1) View.class.php 第 121 行.
[ 2012-12-03T15:40:23+08:00 ] /xxx2/admin.php/Article/index | NOTIC: [2] Cannot modify header information - headers already sent by (output started at D:\XAMPP\xampp\htdocs\xxx2\admin\Lib\Action\ArticleAction.class.php:1) View.class.php 第 122 行.
[ 2012-12-03T15:40:23+08:00 ] /xxx2/admin.php/Article/index | INFO: Tag[ view_end ] --START--
[ 2012-12-03T15:40:23+08:00 ] /xxx2/admin.php/Article/index | INFO: Run ShowPageTrace Behavior [ RunTime:0.000697s ]
[ 2012-12-03T15:40:23+08:00 ] /xxx2/admin.php/Article/index | INFO: Tag[ view_end ] --END-- [ RunTime:0.000781s ]
[ 2012-12-03T15:40:24+08:00 ] /xxx2/admin.php/Article/resources/images/closelabel.gif | ERR: (ThinkException) 非法操作resources
[ 2012-12-03T15:40:25+08:00 ] /xxx2/admin.php/Article/lis | INFO: Tag[ route_check ] --START--
[ 2012-12-03T15:40:25+08:00 ] /xxx2/admin.php/Article/lis | INFO: Run CheckRoute Behavior [ RunTime:0.001912s ]
[ 2012-12-03T15:40:25+08:00 ] /xxx2/admin.php/Article/lis | INFO: Tag[ route_check ] --END-- [ RunTime:0.002047s ]
[ 2012-12-03T15:40:25+08:00 ] /xxx2/admin.php/Article/lis | INFO: Tag[ app_begin ] --START--
[ 2012-12-03T15:40:25+08:00 ] /xxx2/admin.php/Article/lis | INFO: Run ReadHtmlCache Behavior [ RunTime:0.001289s ]
[ 2012-12-03T15:40:25+08:00 ] /xxx2/admin.php/Article/lis | INFO: Tag[ app_begin ] --END-- [ RunTime:0.001451s ]
[ 2012-12-03T15:40:25+08:00 ] /xxx2/admin.php/Article/lis | NOTIC: [2] Cannot modify header information - headers already sent by (output started at D:\XAMPP\xampp\htdocs\xxx2\admin\Lib\Action\ArticleAction.class.php:1) ArticleAction.class.php 第 67 行.
[ 2012-12-03T15:40:25+08:00 ] /xxx2/admin.php/Article/lis | SQL: SHOW COLUMNS FROM `think_catalog` [ RunTime:0.002488s ]
[ 2012-12-03T15:40:25+08:00 ] /xxx2/admin.php/Article/lis | SQL: SELECT * FROM `think_catalog` WHERE f_id=0  [ RunTime:0.001132s ]
[ 2012-12-03T15:40:25+08:00 ] /xxx2/admin.php/Article/lis | NOTIC: [8] Undefined index: select ArticleAction.class.php 第 74 行.
[ 2012-12-03T15:40:25+08:00 ] /xxx2/admin.php/Article/lis | SQL: SHOW COLUMNS FROM `think_cata` [ RunTime:0.002656s ]
[ 2012-12-03T15:40:25+08:00 ] /xxx2/admin.php/Article/lis | SQL: SELECT COUNT(*) AS tp_count FROM `think_cata` LIMIT 1   [ RunTime:0.041719s ]
[ 2012-12-03T15:40:25+08:00 ] /xxx2/admin.php/Article/lis | SQL: SELECT `id`,`title`,`Catalog`,`f_catalog`,`user`,`title`,`dt` FROM `think_cata` ORDER BY id desc LIMIT 0,8   [ RunTime:0.001526s ]
[ 2012-12-03T15:40:25+08:00 ] /xxx2/admin.php/Article/lis | INFO: Tag[ view_template ] --START--
[ 2012-12-03T15:40:25+08:00 ] /xxx2/admin.php/Article/lis | INFO: Run LocationTemplate Behavior [ RunTime:0.001985s ]
[ 2012-12-03T15:40:25+08:00 ] /xxx2/admin.php/Article/lis | INFO: Tag[ view_template ] --END-- [ RunTime:0.002118s ]
[ 2012-12-03T15:40:25+08:00 ] /xxx2/admin.php/Article/lis | INFO: Tag[ view_parse ] --START--
[ 2012-12-03T15:40:25+08:00 ] /xxx2/admin.php/Article/lis | INFO: Run ParseTemplate Behavior [ RunTime:0.077489s ]
[ 2012-12-03T15:40:25+08:00 ] /xxx2/admin.php/Article/lis | INFO: Tag[ view_parse ] --END-- [ RunTime:0.077612s ]
[ 2012-12-03T15:40:25+08:00 ] /xxx2/admin.php/Article/lis | INFO: Tag[ view_filter ] --START--
[ 2012-12-03T15:40:25+08:00 ] /xxx2/admin.php/Article/lis | INFO: Run ContentReplace Behavior [ RunTime:0.000910s ]
[ 2012-12-03T15:40:25+08:00 ] /xxx2/admin.php/Article/lis | INFO: Run TokenBuild Behavior [ RunTime:0.000891s ]
[ 2012-12-03T15:40:25+08:00 ] /xxx2/admin.php/Article/lis | INFO: Run WriteHtmlCache Behavior [ RunTime:0.000628s ]
[ 2012-12-03T15:40:25+08:00 ] /xxx2/admin.php/Article/lis | INFO: Run ShowRuntime Behavior [ RunTime:0.000914s ]
[ 2012-12-03T15:40:25+08:00 ] /xxx2/admin.php/Article/lis | INFO: Tag[ view_filter ] --END-- [ RunTime:0.003535s ]
[ 2012-12-03T15:40:25+08:00 ] /xxx2/admin.php/Article/lis | NOTIC: [2] Cannot modify header information - headers already sent by (output started at D:\XAMPP\xampp\htdocs\xxx2\admin\Lib\Action\ArticleAction.class.php:1) View.class.php 第 120 行.
[ 2012-12-03T15:40:25+08:00 ] /xxx2/admin.php/Article/lis | NOTIC: [2] Cannot modify header information - headers already sent by (output started at D:\XAMPP\xampp\htdocs\xxx2\admin\Lib\Action\ArticleAction.class.php:1) View.class.php 第 121 行.
[ 2012-12-03T15:40:25+08:00 ] /xxx2/admin.php/Article/lis | NOTIC: [2] Cannot modify header information - headers already sent by (output started at D:\XAMPP\xampp\htdocs\xxx2\admin\Lib\Action\ArticleAction.class.php:1) View.class.php 第 122 行.
[ 2012-12-03T15:40:25+08:00 ] /xxx2/admin.php/Article/lis | INFO: Tag[ view_end ] --START--
[ 2012-12-03T15:40:25+08:00 ] /xxx2/admin.php/Article/lis | INFO: Run ShowPageTrace Behavior [ RunTime:0.006387s ]
[ 2012-12-03T15:40:25+08:00 ] /xxx2/admin.php/Article/lis | INFO: Tag[ view_end ] --END-- [ RunTime:0.006506s ]
[ 2012-12-03T15:40:26+08:00 ] /xxx2/admin.php/Article/resources/images/closelabel.gif | ERR: (ThinkException) 非法操作resources
[ 2012-12-03T15:41:56+08:00 ] /xxx2/admin.php/Article/index/id/39 | INFO: Tag[ route_check ] --START--
[ 2012-12-03T15:41:56+08:00 ] /xxx2/admin.php/Article/index/id/39 | INFO: Run CheckRoute Behavior [ RunTime:0.001086s ]
[ 2012-12-03T15:41:56+08:00 ] /xxx2/admin.php/Article/index/id/39 | INFO: Tag[ route_check ] --END-- [ RunTime:0.001263s ]
[ 2012-12-03T15:41:56+08:00 ] /xxx2/admin.php/Article/index/id/39 | INFO: Tag[ app_begin ] --START--
[ 2012-12-03T15:41:56+08:00 ] /xxx2/admin.php/Article/index/id/39 | INFO: Run ReadHtmlCache Behavior [ RunTime:0.000872s ]
[ 2012-12-03T15:41:56+08:00 ] /xxx2/admin.php/Article/index/id/39 | INFO: Tag[ app_begin ] --END-- [ RunTime:0.000971s ]
[ 2012-12-03T15:41:56+08:00 ] /xxx2/admin.php/Article/index/id/39 | NOTIC: [2] Cannot modify header information - headers already sent by (output started at D:\XAMPP\xampp\htdocs\xxx2\admin\Lib\Action\ArticleAction.class.php:1) ArticleAction.class.php 第 35 行.
[ 2012-12-03T15:41:56+08:00 ] /xxx2/admin.php/Article/index/id/39 | SQL: SHOW COLUMNS FROM `think_catalog` [ RunTime:0.024150s ]
[ 2012-12-03T15:41:56+08:00 ] /xxx2/admin.php/Article/index/id/39 | SQL: SHOW COLUMNS FROM `think_cata` [ RunTime:0.004891s ]
[ 2012-12-03T15:41:56+08:00 ] /xxx2/admin.php/Article/index/id/39 | SQL: SELECT * FROM `think_cata` WHERE id=39 LIMIT 1   [ RunTime:0.059522s ]
[ 2012-12-03T15:41:56+08:00 ] /xxx2/admin.php/Article/index/id/39 | NOTIC: [8] Undefined variable: mulu ArticleAction.class.php 第 58 行.
[ 2012-12-03T15:41:56+08:00 ] /xxx2/admin.php/Article/index/id/39 | INFO: Tag[ view_template ] --START--
[ 2012-12-03T15:41:56+08:00 ] /xxx2/admin.php/Article/index/id/39 | INFO: Run LocationTemplate Behavior [ RunTime:0.002417s ]
[ 2012-12-03T15:41:56+08:00 ] /xxx2/admin.php/Article/index/id/39 | INFO: Tag[ view_template ] --END-- [ RunTime:0.002511s ]
[ 2012-12-03T15:41:56+08:00 ] /xxx2/admin.php/Article/index/id/39 | INFO: Tag[ view_parse ] --START--
[ 2012-12-03T15:41:56+08:00 ] /xxx2/admin.php/Article/index/id/39 | NOTIC: [8] Undefined variable: username 6a0fa1355e20b485f823227ab394fc93.php 第 66 行.
[ 2012-12-03T15:41:56+08:00 ] /xxx2/admin.php/Article/index/id/39 | NOTIC: [8] Undefined variable: username 6a0fa1355e20b485f823227ab394fc93.php 第 66 行.
[ 2012-12-03T15:41:56+08:00 ] /xxx2/admin.php/Article/index/id/39 | INFO: Run ParseTemplate Behavior [ RunTime:0.014078s ]
[ 2012-12-03T15:41:56+08:00 ] /xxx2/admin.php/Article/index/id/39 | INFO: Tag[ view_parse ] --END-- [ RunTime:0.014159s ]
[ 2012-12-03T15:41:56+08:00 ] /xxx2/admin.php/Article/index/id/39 | INFO: Tag[ view_filter ] --START--
[ 2012-12-03T15:41:56+08:00 ] /xxx2/admin.php/Article/index/id/39 | INFO: Run ContentReplace Behavior [ RunTime:0.001089s ]
[ 2012-12-03T15:41:56+08:00 ] /xxx2/admin.php/Article/index/id/39 | INFO: Run TokenBuild Behavior [ RunTime:0.001086s ]
[ 2012-12-03T15:41:56+08:00 ] /xxx2/admin.php/Article/index/id/39 | INFO: Run WriteHtmlCache Behavior [ RunTime:0.000651s ]
[ 2012-12-03T15:41:56+08:00 ] /xxx2/admin.php/Article/index/id/39 | INFO: Run ShowRuntime Behavior [ RunTime:0.000886s ]
[ 2012-12-03T15:41:56+08:00 ] /xxx2/admin.php/Article/index/id/39 | INFO: Tag[ view_filter ] --END-- [ RunTime:0.003929s ]
[ 2012-12-03T15:41:56+08:00 ] /xxx2/admin.php/Article/index/id/39 | NOTIC: [2] Cannot modify header information - headers already sent by (output started at D:\XAMPP\xampp\htdocs\xxx2\admin\Lib\Action\ArticleAction.class.php:1) View.class.php 第 120 行.
[ 2012-12-03T15:41:56+08:00 ] /xxx2/admin.php/Article/index/id/39 | NOTIC: [2] Cannot modify header information - headers already sent by (output started at D:\XAMPP\xampp\htdocs\xxx2\admin\Lib\Action\ArticleAction.class.php:1) View.class.php 第 121 行.
[ 2012-12-03T15:41:56+08:00 ] /xxx2/admin.php/Article/index/id/39 | NOTIC: [2] Cannot modify header information - headers already sent by (output started at D:\XAMPP\xampp\htdocs\xxx2\admin\Lib\Action\ArticleAction.class.php:1) View.class.php 第 122 行.
[ 2012-12-03T15:41:56+08:00 ] /xxx2/admin.php/Article/index/id/39 | INFO: Tag[ view_end ] --START--
[ 2012-12-03T15:41:56+08:00 ] /xxx2/admin.php/Article/index/id/39 | INFO: Run ShowPageTrace Behavior [ RunTime:0.002115s ]
[ 2012-12-03T15:41:56+08:00 ] /xxx2/admin.php/Article/index/id/39 | INFO: Tag[ view_end ] --END-- [ RunTime:0.002211s ]
[ 2012-12-03T15:41:57+08:00 ] /xxx2/admin.php/Article/select?name=undefined | INFO: Tag[ route_check ] --START--
[ 2012-12-03T15:41:57+08:00 ] /xxx2/admin.php/Article/select?name=undefined | INFO: Run CheckRoute Behavior [ RunTime:0.004057s ]
[ 2012-12-03T15:41:57+08:00 ] /xxx2/admin.php/Article/select?name=undefined | INFO: Tag[ route_check ] --END-- [ RunTime:0.004198s ]
[ 2012-12-03T15:41:57+08:00 ] /xxx2/admin.php/Article/select?name=undefined | INFO: Tag[ app_begin ] --START--
[ 2012-12-03T15:41:57+08:00 ] /xxx2/admin.php/Article/select?name=undefined | INFO: Run ReadHtmlCache Behavior [ RunTime:0.000930s ]
[ 2012-12-03T15:41:57+08:00 ] /xxx2/admin.php/Article/select?name=undefined | INFO: Tag[ app_begin ] --END-- [ RunTime:0.001013s ]
[ 2012-12-03T15:41:57+08:00 ] /xxx2/admin.php/Article/select?name=undefined | SQL: SHOW COLUMNS FROM `think_catalog` [ RunTime:0.003380s ]
[ 2012-12-03T15:41:57+08:00 ] /xxx2/admin.php/Article/select?name=undefined | SQL: SELECT * FROM `think_catalog` WHERE f_cata='undefined' LIMIT 1   [ RunTime:0.002459s ]
[ 2012-12-03T15:41:57+08:00 ] /xxx2/admin.php/Article/index/id/resources/images/closelabel.gif | INFO: Tag[ route_check ] --START--
[ 2012-12-03T15:41:57+08:00 ] /xxx2/admin.php/Article/index/id/resources/images/closelabel.gif | INFO: Run CheckRoute Behavior [ RunTime:0.001400s ]
[ 2012-12-03T15:41:57+08:00 ] /xxx2/admin.php/Article/index/id/resources/images/closelabel.gif | INFO: Tag[ route_check ] --END-- [ RunTime:0.001574s ]
[ 2012-12-03T15:41:57+08:00 ] /xxx2/admin.php/Article/index/id/resources/images/closelabel.gif | INFO: Tag[ app_begin ] --START--
[ 2012-12-03T15:41:57+08:00 ] /xxx2/admin.php/Article/index/id/resources/images/closelabel.gif | INFO: Run ReadHtmlCache Behavior [ RunTime:0.003477s ]
[ 2012-12-03T15:41:57+08:00 ] /xxx2/admin.php/Article/index/id/resources/images/closelabel.gif | INFO: Tag[ app_begin ] --END-- [ RunTime:0.003608s ]
[ 2012-12-03T15:41:57+08:00 ] /xxx2/admin.php/Article/index/id/resources/images/closelabel.gif | NOTIC: [2] Cannot modify header information - headers already sent by (output started at D:\XAMPP\xampp\htdocs\xxx2\admin\Lib\Action\ArticleAction.class.php:1) ArticleAction.class.php 第 35 行.
[ 2012-12-03T15:41:57+08:00 ] /xxx2/admin.php/Article/index/id/resources/images/closelabel.gif | SQL: SHOW COLUMNS FROM `think_catalog` [ RunTime:0.002962s ]
[ 2012-12-03T15:41:57+08:00 ] /xxx2/admin.php/Article/index/id/resources/images/closelabel.gif | SQL: SELECT `id`,`f_cata`,`isf`,`f_id`,`p_id` FROM `think_catalog` WHERE f_id='0'  [ RunTime:0.000518s ]
[ 2012-12-03T15:41:57+08:00 ] /xxx2/admin.php/Article/index/id/resources/images/closelabel.gif | INFO: Tag[ view_template ] --START--
[ 2012-12-03T15:41:57+08:00 ] /xxx2/admin.php/Article/index/id/resources/images/closelabel.gif | INFO: Run LocationTemplate Behavior [ RunTime:0.000778s ]
[ 2012-12-03T15:41:57+08:00 ] /xxx2/admin.php/Article/index/id/resources/images/closelabel.gif | INFO: Tag[ view_template ] --END-- [ RunTime:0.000867s ]
[ 2012-12-03T15:41:57+08:00 ] /xxx2/admin.php/Article/index/id/resources/images/closelabel.gif | INFO: Tag[ view_parse ] --START--
[ 2012-12-03T15:41:57+08:00 ] /xxx2/admin.php/Article/index/id/resources/images/closelabel.gif | NOTIC: [8] Undefined variable: username 6a0fa1355e20b485f823227ab394fc93.php 第 66 行.
[ 2012-12-03T15:41:57+08:00 ] /xxx2/admin.php/Article/index/id/resources/images/closelabel.gif | NOTIC: [8] Undefined variable: username 6a0fa1355e20b485f823227ab394fc93.php 第 66 行.
[ 2012-12-03T15:41:57+08:00 ] /xxx2/admin.php/Article/index/id/resources/images/closelabel.gif | NOTIC: [8] Undefined variable: article_item 6a0fa1355e20b485f823227ab394fc93.php 第 140 行.
[ 2012-12-03T15:41:57+08:00 ] /xxx2/admin.php/Article/index/id/resources/images/closelabel.gif | NOTIC: [8] Undefined variable: article_item 6a0fa1355e20b485f823227ab394fc93.php 第 170 行.
[ 2012-12-03T15:41:57+08:00 ] /xxx2/admin.php/Article/index/id/resources/images/closelabel.gif | NOTIC: [8] Undefined variable: article_item 6a0fa1355e20b485f823227ab394fc93.php 第 176 行.
[ 2012-12-03T15:41:57+08:00 ] /xxx2/admin.php/Article/index/id/resources/images/closelabel.gif | INFO: Run ParseTemplate Behavior [ RunTime:0.015860s ]
[ 2012-12-03T15:41:57+08:00 ] /xxx2/admin.php/Article/index/id/resources/images/closelabel.gif | INFO: Tag[ view_parse ] --END-- [ RunTime:0.015954s ]
[ 2012-12-03T15:41:57+08:00 ] /xxx2/admin.php/Article/index/id/resources/images/closelabel.gif | INFO: Tag[ view_filter ] --START--
[ 2012-12-03T15:41:57+08:00 ] /xxx2/admin.php/Article/index/id/resources/images/closelabel.gif | INFO: Run ContentReplace Behavior [ RunTime:0.000858s ]
[ 2012-12-03T15:41:57+08:00 ] /xxx2/admin.php/Article/index/id/resources/images/closelabel.gif | INFO: Run TokenBuild Behavior [ RunTime:0.000707s ]
[ 2012-12-03T15:41:57+08:00 ] /xxx2/admin.php/Article/index/id/resources/images/closelabel.gif | INFO: Run WriteHtmlCache Behavior [ RunTime:0.000591s ]
[ 2012-12-03T15:41:57+08:00 ] /xxx2/admin.php/Article/index/id/resources/images/closelabel.gif | INFO: Run ShowRuntime Behavior [ RunTime:0.000701s ]
[ 2012-12-03T15:41:57+08:00 ] /xxx2/admin.php/Article/index/id/resources/images/closelabel.gif | INFO: Tag[ view_filter ] --END-- [ RunTime:0.003140s ]
[ 2012-12-03T15:41:57+08:00 ] /xxx2/admin.php/Article/index/id/resources/images/closelabel.gif | NOTIC: [2] Cannot modify header information - headers already sent by (output started at D:\XAMPP\xampp\htdocs\xxx2\admin\Lib\Action\ArticleAction.class.php:1) View.class.php 第 120 行.
[ 2012-12-03T15:41:57+08:00 ] /xxx2/admin.php/Article/index/id/resources/images/closelabel.gif | NOTIC: [2] Cannot modify header information - headers already sent by (output started at D:\XAMPP\xampp\htdocs\xxx2\admin\Lib\Action\ArticleAction.class.php:1) View.class.php 第 121 行.
[ 2012-12-03T15:41:57+08:00 ] /xxx2/admin.php/Article/index/id/resources/images/closelabel.gif | NOTIC: [2] Cannot modify header information - headers already sent by (output started at D:\XAMPP\xampp\htdocs\xxx2\admin\Lib\Action\ArticleAction.class.php:1) View.class.php 第 122 行.
[ 2012-12-03T15:41:57+08:00 ] /xxx2/admin.php/Article/index/id/resources/images/closelabel.gif | INFO: Tag[ view_end ] --START--
[ 2012-12-03T15:41:57+08:00 ] /xxx2/admin.php/Article/index/id/resources/images/closelabel.gif | INFO: Run ShowPageTrace Behavior [ RunTime:0.000626s ]
[ 2012-12-03T15:41:57+08:00 ] /xxx2/admin.php/Article/index/id/resources/images/closelabel.gif | INFO: Tag[ view_end ] --END-- [ RunTime:0.000699s ]
[ 2012-12-03T15:42:00+08:00 ] /xxx2/admin.php/Film/film_mag | INFO: Tag[ route_check ] --START--
[ 2012-12-03T15:42:00+08:00 ] /xxx2/admin.php/Film/film_mag | INFO: Run CheckRoute Behavior [ RunTime:0.001280s ]
[ 2012-12-03T15:42:00+08:00 ] /xxx2/admin.php/Film/film_mag | INFO: Tag[ route_check ] --END-- [ RunTime:0.001411s ]
[ 2012-12-03T15:42:00+08:00 ] /xxx2/admin.php/Film/film_mag | INFO: Tag[ app_begin ] --START--
[ 2012-12-03T15:42:00+08:00 ] /xxx2/admin.php/Film/film_mag | INFO: Run ReadHtmlCache Behavior [ RunTime:0.000807s ]
[ 2012-12-03T15:42:00+08:00 ] /xxx2/admin.php/Film/film_mag | INFO: Tag[ app_begin ] --END-- [ RunTime:0.000887s ]
[ 2012-12-03T15:42:00+08:00 ] /xxx2/admin.php/Film/film_mag | NOTIC: [2] Cannot modify header information - headers already sent by (output started at D:\XAMPP\xampp\htdocs\xxx2\admin\Lib\Action\FilmAction.class.php:1) FilmAction.class.php 第 64 行.
[ 2012-12-03T15:42:00+08:00 ] /xxx2/admin.php/Film/film_mag | SQL: SHOW COLUMNS FROM `think_catalog` [ RunTime:0.002211s ]
[ 2012-12-03T15:42:00+08:00 ] /xxx2/admin.php/Film/film_mag | SQL: SELECT `id`,`f_cata`,`isf`,`f_id`,`p_id` FROM `think_catalog` WHERE isf=1  [ RunTime:0.000722s ]
[ 2012-12-03T15:42:00+08:00 ] /xxx2/admin.php/Film/film_mag | NOTIC: [8] Undefined index: select FilmAction.class.php 第 71 行.
[ 2012-12-03T15:42:00+08:00 ] /xxx2/admin.php/Film/film_mag | SQL: SHOW COLUMNS FROM `think_film` [ RunTime:0.059348s ]
[ 2012-12-03T15:42:00+08:00 ] /xxx2/admin.php/Film/film_mag | SQL: SELECT COUNT(*) AS tp_count FROM `think_film` LIMIT 1   [ RunTime:0.007015s ]
[ 2012-12-03T15:42:00+08:00 ] /xxx2/admin.php/Film/film_mag | SQL: SELECT `id`,`title`,`f_cata`,`user`,`title`,`dt` FROM `think_film` ORDER BY id desc LIMIT 0,8   [ RunTime:0.030723s ]
[ 2012-12-03T15:42:00+08:00 ] /xxx2/admin.php/Film/film_mag | INFO: Tag[ view_template ] --START--
[ 2012-12-03T15:42:00+08:00 ] /xxx2/admin.php/Film/film_mag | INFO: Run LocationTemplate Behavior [ RunTime:0.001276s ]
[ 2012-12-03T15:42:00+08:00 ] /xxx2/admin.php/Film/film_mag | INFO: Tag[ view_template ] --END-- [ RunTime:0.001361s ]
[ 2012-12-03T15:42:00+08:00 ] /xxx2/admin.php/Film/film_mag | INFO: Tag[ view_parse ] --START--
[ 2012-12-03T15:42:00+08:00 ] /xxx2/admin.php/Film/film_mag | INFO: Run ParseTemplate Behavior [ RunTime:0.055078s ]
[ 2012-12-03T15:42:00+08:00 ] /xxx2/admin.php/Film/film_mag | INFO: Tag[ view_parse ] --END-- [ RunTime:0.055196s ]
[ 2012-12-03T15:42:00+08:00 ] /xxx2/admin.php/Film/film_mag | INFO: Tag[ view_filter ] --START--
[ 2012-12-03T15:42:00+08:00 ] /xxx2/admin.php/Film/film_mag | INFO: Run ContentReplace Behavior [ RunTime:0.000677s ]
[ 2012-12-03T15:42:00+08:00 ] /xxx2/admin.php/Film/film_mag | INFO: Run TokenBuild Behavior [ RunTime:0.000658s ]
[ 2012-12-03T15:42:00+08:00 ] /xxx2/admin.php/Film/film_mag | INFO: Run WriteHtmlCache Behavior [ RunTime:0.000332s ]
[ 2012-12-03T15:42:00+08:00 ] /xxx2/admin.php/Film/film_mag | INFO: Run ShowRuntime Behavior [ RunTime:0.000613s ]
[ 2012-12-03T15:42:00+08:00 ] /xxx2/admin.php/Film/film_mag | INFO: Tag[ view_filter ] --END-- [ RunTime:0.003506s ]
[ 2012-12-03T15:42:00+08:00 ] /xxx2/admin.php/Film/film_mag | NOTIC: [2] Cannot modify header information - headers already sent by (output started at D:\XAMPP\xampp\htdocs\xxx2\admin\Lib\Action\FilmAction.class.php:1) View.class.php 第 120 行.
[ 2012-12-03T15:42:00+08:00 ] /xxx2/admin.php/Film/film_mag | NOTIC: [2] Cannot modify header information - headers already sent by (output started at D:\XAMPP\xampp\htdocs\xxx2\admin\Lib\Action\FilmAction.class.php:1) View.class.php 第 121 行.
[ 2012-12-03T15:42:00+08:00 ] /xxx2/admin.php/Film/film_mag | NOTIC: [2] Cannot modify header information - headers already sent by (output started at D:\XAMPP\xampp\htdocs\xxx2\admin\Lib\Action\FilmAction.class.php:1) View.class.php 第 122 行.
[ 2012-12-03T15:42:00+08:00 ] /xxx2/admin.php/Film/film_mag | INFO: Tag[ view_end ] --START--
[ 2012-12-03T15:42:00+08:00 ] /xxx2/admin.php/Film/film_mag | INFO: Run ShowPageTrace Behavior [ RunTime:0.001287s ]
[ 2012-12-03T15:42:00+08:00 ] /xxx2/admin.php/Film/film_mag | INFO: Tag[ view_end ] --END-- [ RunTime:0.001408s ]
[ 2012-12-03T15:42:00+08:00 ] /xxx2/admin.php/Film/resources/images/closelabel.gif | ERR: (ThinkException) 非法操作resources
[ 2012-12-03T15:42:02+08:00 ] /xxx2/admin.php/Film/film_add | INFO: Tag[ route_check ] --START--
[ 2012-12-03T15:42:02+08:00 ] /xxx2/admin.php/Film/film_add | INFO: Run CheckRoute Behavior [ RunTime:0.000946s ]
[ 2012-12-03T15:42:02+08:00 ] /xxx2/admin.php/Film/film_add | INFO: Tag[ route_check ] --END-- [ RunTime:0.001059s ]
[ 2012-12-03T15:42:02+08:00 ] /xxx2/admin.php/Film/film_add | INFO: Tag[ app_begin ] --START--
[ 2012-12-03T15:42:02+08:00 ] /xxx2/admin.php/Film/film_add | INFO: Run ReadHtmlCache Behavior [ RunTime:0.000705s ]
[ 2012-12-03T15:42:02+08:00 ] /xxx2/admin.php/Film/film_add | INFO: Tag[ app_begin ] --END-- [ RunTime:0.000777s ]
[ 2012-12-03T15:42:02+08:00 ] /xxx2/admin.php/Film/film_add | NOTIC: [2] Cannot modify header information - headers already sent by (output started at D:\XAMPP\xampp\htdocs\xxx2\admin\Lib\Action\FilmAction.class.php:1) FilmAction.class.php 第 35 行.
[ 2012-12-03T15:42:02+08:00 ] /xxx2/admin.php/Film/film_add | SQL: SHOW COLUMNS FROM `think_catalog` [ RunTime:0.002484s ]
[ 2012-12-03T15:42:02+08:00 ] /xxx2/admin.php/Film/film_add | NOTIC: [8] Undefined index: id FilmAction.class.php 第 39 行.
[ 2012-12-03T15:42:02+08:00 ] /xxx2/admin.php/Film/film_add | SQL: SELECT `id`,`f_cata`,`isf`,`f_id`,`p_id` FROM `think_catalog` WHERE isf=1  [ RunTime:0.000810s ]
[ 2012-12-03T15:42:02+08:00 ] /xxx2/admin.php/Film/film_add | INFO: Tag[ view_template ] --START--
[ 2012-12-03T15:42:02+08:00 ] /xxx2/admin.php/Film/film_add | INFO: Run LocationTemplate Behavior [ RunTime:0.021727s ]
[ 2012-12-03T15:42:02+08:00 ] /xxx2/admin.php/Film/film_add | INFO: Tag[ view_template ] --END-- [ RunTime:0.021841s ]
[ 2012-12-03T15:42:02+08:00 ] /xxx2/admin.php/Film/film_add | INFO: Tag[ view_parse ] --START--
[ 2012-12-03T15:42:02+08:00 ] /xxx2/admin.php/Film/film_add | NOTIC: [8] Undefined variable: username db554cbc7d369621f0bacb60f263ba18.php 第 66 行.
[ 2012-12-03T15:42:02+08:00 ] /xxx2/admin.php/Film/film_add | NOTIC: [8] Undefined variable: username db554cbc7d369621f0bacb60f263ba18.php 第 66 行.
[ 2012-12-03T15:42:02+08:00 ] /xxx2/admin.php/Film/film_add | NOTIC: [8] Undefined variable: film_item db554cbc7d369621f0bacb60f263ba18.php 第 140 行.
[ 2012-12-03T15:42:02+08:00 ] /xxx2/admin.php/Film/film_add | NOTIC: [8] Undefined variable: film_item db554cbc7d369621f0bacb60f263ba18.php 第 169 行.
[ 2012-12-03T15:42:02+08:00 ] /xxx2/admin.php/Film/film_add | NOTIC: [8] Undefined variable: film_item db554cbc7d369621f0bacb60f263ba18.php 第 175 行.
[ 2012-12-03T15:42:02+08:00 ] /xxx2/admin.php/Film/film_add | INFO: Run ParseTemplate Behavior [ RunTime:0.056688s ]
[ 2012-12-03T15:42:02+08:00 ] /xxx2/admin.php/Film/film_add | INFO: Tag[ view_parse ] --END-- [ RunTime:0.056770s ]
[ 2012-12-03T15:42:02+08:00 ] /xxx2/admin.php/Film/film_add | INFO: Tag[ view_filter ] --START--
[ 2012-12-03T15:42:02+08:00 ] /xxx2/admin.php/Film/film_add | INFO: Run ContentReplace Behavior [ RunTime:0.001102s ]
[ 2012-12-03T15:42:02+08:00 ] /xxx2/admin.php/Film/film_add | INFO: Run TokenBuild Behavior [ RunTime:0.000964s ]
[ 2012-12-03T15:42:02+08:00 ] /xxx2/admin.php/Film/film_add | INFO: Run WriteHtmlCache Behavior [ RunTime:0.000750s ]
[ 2012-12-03T15:42:02+08:00 ] /xxx2/admin.php/Film/film_add | INFO: Run ShowRuntime Behavior [ RunTime:0.000902s ]
[ 2012-12-03T15:42:02+08:00 ] /xxx2/admin.php/Film/film_add | INFO: Tag[ view_filter ] --END-- [ RunTime:0.003946s ]
[ 2012-12-03T15:42:02+08:00 ] /xxx2/admin.php/Film/film_add | NOTIC: [2] Cannot modify header information - headers already sent by (output started at D:\XAMPP\xampp\htdocs\xxx2\admin\Lib\Action\FilmAction.class.php:1) View.class.php 第 120 行.
[ 2012-12-03T15:42:02+08:00 ] /xxx2/admin.php/Film/film_add | NOTIC: [2] Cannot modify header information - headers already sent by (output started at D:\XAMPP\xampp\htdocs\xxx2\admin\Lib\Action\FilmAction.class.php:1) View.class.php 第 121 行.
[ 2012-12-03T15:42:02+08:00 ] /xxx2/admin.php/Film/film_add | NOTIC: [2] Cannot modify header information - headers already sent by (output started at D:\XAMPP\xampp\htdocs\xxx2\admin\Lib\Action\FilmAction.class.php:1) View.class.php 第 122 行.
[ 2012-12-03T15:42:02+08:00 ] /xxx2/admin.php/Film/film_add | INFO: Tag[ view_end ] --START--
[ 2012-12-03T15:42:02+08:00 ] /xxx2/admin.php/Film/film_add | INFO: Run ShowPageTrace Behavior [ RunTime:0.000834s ]
[ 2012-12-03T15:42:02+08:00 ] /xxx2/admin.php/Film/film_add | INFO: Tag[ view_end ] --END-- [ RunTime:0.000903s ]
[ 2012-12-03T15:42:02+08:00 ] /xxx2/admin.php/Film/resources/images/closelabel.gif | ERR: (ThinkException) 非法操作resources
[ 2012-12-03T15:42:04+08:00 ] /xxx2/admin.php/Classname/add_class | INFO: Tag[ route_check ] --START--
[ 2012-12-03T15:42:04+08:00 ] /xxx2/admin.php/Classname/add_class | INFO: Run CheckRoute Behavior [ RunTime:0.001032s ]
[ 2012-12-03T15:42:04+08:00 ] /xxx2/admin.php/Classname/add_class | INFO: Tag[ route_check ] --END-- [ RunTime:0.001153s ]
[ 2012-12-03T15:42:04+08:00 ] /xxx2/admin.php/Classname/add_class | INFO: Tag[ app_begin ] --START--
[ 2012-12-03T15:42:04+08:00 ] /xxx2/admin.php/Classname/add_class | INFO: Run ReadHtmlCache Behavior [ RunTime:0.002024s ]
[ 2012-12-03T15:42:04+08:00 ] /xxx2/admin.php/Classname/add_class | INFO: Tag[ app_begin ] --END-- [ RunTime:0.002125s ]
[ 2012-12-03T15:42:04+08:00 ] /xxx2/admin.php/Classname/add_class | NOTIC: [2] Cannot modify header information - headers already sent by (output started at D:\XAMPP\xampp\htdocs\xxx2\admin\Lib\Action\ClassnameAction.class.php:1) ClassnameAction.class.php 第 206 行.
[ 2012-12-03T15:42:04+08:00 ] /xxx2/admin.php/Classname/add_class | SQL: SHOW COLUMNS FROM `think_class` [ RunTime:0.003389s ]
[ 2012-12-03T15:42:04+08:00 ] /xxx2/admin.php/Classname/add_class | NOTIC: [8] Undefined index: id ClassnameAction.class.php 第 210 行.
[ 2012-12-03T15:42:04+08:00 ] /xxx2/admin.php/Classname/add_class | INFO: Tag[ view_template ] --START--
[ 2012-12-03T15:42:04+08:00 ] /xxx2/admin.php/Classname/add_class | INFO: Run LocationTemplate Behavior [ RunTime:0.014539s ]
[ 2012-12-03T15:42:04+08:00 ] /xxx2/admin.php/Classname/add_class | INFO: Tag[ view_template ] --END-- [ RunTime:0.014726s ]
[ 2012-12-03T15:42:04+08:00 ] /xxx2/admin.php/Classname/add_class | INFO: Tag[ view_parse ] --START--
[ 2012-12-03T15:42:04+08:00 ] /xxx2/admin.php/Classname/add_class | NOTIC: [8] Undefined variable: username 9ca8cbec17633038cf93fa573059b3ea.php 第 71 行.
[ 2012-12-03T15:42:04+08:00 ] /xxx2/admin.php/Classname/add_class | NOTIC: [8] Undefined variable: username 9ca8cbec17633038cf93fa573059b3ea.php 第 71 行.
[ 2012-12-03T15:42:04+08:00 ] /xxx2/admin.php/Classname/add_class | NOTIC: [8] Undefined variable: class_item 9ca8cbec17633038cf93fa573059b3ea.php 第 145 行.
[ 2012-12-03T15:42:04+08:00 ] /xxx2/admin.php/Classname/add_class | NOTIC: [8] Undefined variable: class_item 9ca8cbec17633038cf93fa573059b3ea.php 第 148 行.
[ 2012-12-03T15:42:04+08:00 ] /xxx2/admin.php/Classname/add_class | NOTIC: [8] Undefined variable: class_item 9ca8cbec17633038cf93fa573059b3ea.php 第 151 行.
[ 2012-12-03T15:42:04+08:00 ] /xxx2/admin.php/Classname/add_class | NOTIC: [8] Undefined variable: class_item 9ca8cbec17633038cf93fa573059b3ea.php 第 154 行.
[ 2012-12-03T15:42:04+08:00 ] /xxx2/admin.php/Classname/add_class | INFO: Run ParseTemplate Behavior [ RunTime:0.021473s ]
[ 2012-12-03T15:42:04+08:00 ] /xxx2/admin.php/Classname/add_class | INFO: Tag[ view_parse ] --END-- [ RunTime:0.021556s ]
[ 2012-12-03T15:42:04+08:00 ] /xxx2/admin.php/Classname/add_class | INFO: Tag[ view_filter ] --START--
[ 2012-12-03T15:42:04+08:00 ] /xxx2/admin.php/Classname/add_class | INFO: Run ContentReplace Behavior [ RunTime:0.000526s ]
[ 2012-12-03T15:42:04+08:00 ] /xxx2/admin.php/Classname/add_class | INFO: Run TokenBuild Behavior [ RunTime:0.000919s ]
[ 2012-12-03T15:42:04+08:00 ] /xxx2/admin.php/Classname/add_class | INFO: Run WriteHtmlCache Behavior [ RunTime:0.000613s ]
[ 2012-12-03T15:42:04+08:00 ] /xxx2/admin.php/Classname/add_class | INFO: Run ShowRuntime Behavior [ RunTime:0.000619s ]
[ 2012-12-03T15:42:04+08:00 ] /xxx2/admin.php/Classname/add_class | INFO: Tag[ view_filter ] --END-- [ RunTime:0.002893s ]
[ 2012-12-03T15:42:04+08:00 ] /xxx2/admin.php/Classname/add_class | NOTIC: [2] Cannot modify header information - headers already sent by (output started at D:\XAMPP\xampp\htdocs\xxx2\admin\Lib\Action\ClassnameAction.class.php:1) View.class.php 第 120 行.
[ 2012-12-03T15:42:04+08:00 ] /xxx2/admin.php/Classname/add_class | NOTIC: [2] Cannot modify header information - headers already sent by (output started at D:\XAMPP\xampp\htdocs\xxx2\admin\Lib\Action\ClassnameAction.class.php:1) View.class.php 第 121 行.
[ 2012-12-03T15:42:04+08:00 ] /xxx2/admin.php/Classname/add_class | NOTIC: [2] Cannot modify header information - headers already sent by (output started at D:\XAMPP\xampp\htdocs\xxx2\admin\Lib\Action\ClassnameAction.class.php:1) View.class.php 第 122 行.
[ 2012-12-03T15:42:04+08:00 ] /xxx2/admin.php/Classname/add_class | INFO: Tag[ view_end ] --START--
[ 2012-12-03T15:42:04+08:00 ] /xxx2/admin.php/Classname/add_class | INFO: Run ShowPageTrace Behavior [ RunTime:0.000577s ]
[ 2012-12-03T15:42:04+08:00 ] /xxx2/admin.php/Classname/add_class | INFO: Tag[ view_end ] --END-- [ RunTime:0.000642s ]
[ 2012-12-03T15:42:05+08:00 ] /xxx2/admin.php/Classname/class_lis | INFO: Tag[ route_check ] --START--
[ 2012-12-03T15:42:05+08:00 ] /xxx2/admin.php/Classname/class_lis | INFO: Run CheckRoute Behavior [ RunTime:0.001202s ]
[ 2012-12-03T15:42:05+08:00 ] /xxx2/admin.php/Classname/class_lis | INFO: Tag[ route_check ] --END-- [ RunTime:0.001329s ]
[ 2012-12-03T15:42:05+08:00 ] /xxx2/admin.php/Classname/class_lis | INFO: Tag[ app_begin ] --START--
[ 2012-12-03T15:42:05+08:00 ] /xxx2/admin.php/Classname/class_lis | INFO: Run ReadHtmlCache Behavior [ RunTime:0.000865s ]
[ 2012-12-03T15:42:05+08:00 ] /xxx2/admin.php/Classname/class_lis | INFO: Tag[ app_begin ] --END-- [ RunTime:0.000934s ]
[ 2012-12-03T15:42:05+08:00 ] /xxx2/admin.php/Classname/class_lis | SQL: SHOW COLUMNS FROM `think_class` [ RunTime:0.002111s ]
[ 2012-12-03T15:42:05+08:00 ] /xxx2/admin.php/Classname/class_lis | SQL: SELECT COUNT(*) AS tp_count FROM `think_class` LIMIT 1   [ RunTime:0.000457s ]
[ 2012-12-03T15:42:05+08:00 ] /xxx2/admin.php/Classname/class_lis | SQL: SELECT `id`,`classname`,`teacher`,`amount` FROM `think_class` ORDER BY id desc LIMIT 0,8   [ RunTime:0.000423s ]
[ 2012-12-03T15:42:05+08:00 ] /xxx2/admin.php/Classname/class_lis | INFO: Tag[ view_template ] --START--
[ 2012-12-03T15:42:05+08:00 ] /xxx2/admin.php/Classname/class_lis | INFO: Run LocationTemplate Behavior [ RunTime:0.008356s ]
[ 2012-12-03T15:42:05+08:00 ] /xxx2/admin.php/Classname/class_lis | INFO: Tag[ view_template ] --END-- [ RunTime:0.008468s ]
[ 2012-12-03T15:42:05+08:00 ] /xxx2/admin.php/Classname/class_lis | INFO: Tag[ view_parse ] --START--
[ 2012-12-03T15:42:05+08:00 ] /xxx2/admin.php/Classname/class_lis | NOTIC: [8] Undefined variable: username 94743470017d182f670f0de0649921d1.php 第 71 行.
[ 2012-12-03T15:42:05+08:00 ] /xxx2/admin.php/Classname/class_lis | NOTIC: [8] Undefined variable: username 94743470017d182f670f0de0649921d1.php 第 71 行.
[ 2012-12-03T15:42:05+08:00 ] /xxx2/admin.php/Classname/class_lis | NOTIC: [8] Undefined variable: username 94743470017d182f670f0de0649921d1.php 第 155 行.
[ 2012-12-03T15:42:05+08:00 ] /xxx2/admin.php/Classname/class_lis | INFO: Run ParseTemplate Behavior [ RunTime:0.049295s ]
[ 2012-12-03T15:42:05+08:00 ] /xxx2/admin.php/Classname/class_lis | INFO: Tag[ view_parse ] --END-- [ RunTime:0.049384s ]
[ 2012-12-03T15:42:05+08:00 ] /xxx2/admin.php/Classname/class_lis | INFO: Tag[ view_filter ] --START--
[ 2012-12-03T15:42:05+08:00 ] /xxx2/admin.php/Classname/class_lis | INFO: Run ContentReplace Behavior [ RunTime:0.000710s ]
[ 2012-12-03T15:42:05+08:00 ] /xxx2/admin.php/Classname/class_lis | INFO: Run TokenBuild Behavior [ RunTime:0.000627s ]
[ 2012-12-03T15:42:05+08:00 ] /xxx2/admin.php/Classname/class_lis | INFO: Run WriteHtmlCache Behavior [ RunTime:0.000351s ]
[ 2012-12-03T15:42:05+08:00 ] /xxx2/admin.php/Classname/class_lis | INFO: Run ShowRuntime Behavior [ RunTime:0.000569s ]
[ 2012-12-03T15:42:05+08:00 ] /xxx2/admin.php/Classname/class_lis | INFO: Tag[ view_filter ] --END-- [ RunTime:0.002460s ]
[ 2012-12-03T15:42:05+08:00 ] /xxx2/admin.php/Classname/class_lis | NOTIC: [2] Cannot modify header information - headers already sent by (output started at D:\XAMPP\xampp\htdocs\xxx2\admin\Lib\Action\ClassnameAction.class.php:1) View.class.php 第 120 行.
[ 2012-12-03T15:42:05+08:00 ] /xxx2/admin.php/Classname/class_lis | NOTIC: [2] Cannot modify header information - headers already sent by (output started at D:\XAMPP\xampp\htdocs\xxx2\admin\Lib\Action\ClassnameAction.class.php:1) View.class.php 第 121 行.
[ 2012-12-03T15:42:05+08:00 ] /xxx2/admin.php/Classname/class_lis | NOTIC: [2] Cannot modify header information - headers already sent by (output started at D:\XAMPP\xampp\htdocs\xxx2\admin\Lib\Action\ClassnameAction.class.php:1) View.class.php 第 122 行.
[ 2012-12-03T15:42:05+08:00 ] /xxx2/admin.php/Classname/class_lis | INFO: Tag[ view_end ] --START--
[ 2012-12-03T15:42:05+08:00 ] /xxx2/admin.php/Classname/class_lis | INFO: Run ShowPageTrace Behavior [ RunTime:0.000600s ]
[ 2012-12-03T15:42:05+08:00 ] /xxx2/admin.php/Classname/class_lis | INFO: Tag[ view_end ] --END-- [ RunTime:0.000678s ]
[ 2012-12-03T15:42:06+08:00 ] /xxx2/admin.php/Classname/classname | INFO: Tag[ route_check ] --START--
[ 2012-12-03T15:42:06+08:00 ] /xxx2/admin.php/Classname/classname | INFO: Run CheckRoute Behavior [ RunTime:0.000940s ]
[ 2012-12-03T15:42:06+08:00 ] /xxx2/admin.php/Classname/classname | INFO: Tag[ route_check ] --END-- [ RunTime:0.001045s ]
[ 2012-12-03T15:42:06+08:00 ] /xxx2/admin.php/Classname/classname | INFO: Tag[ app_begin ] --START--
[ 2012-12-03T15:42:06+08:00 ] /xxx2/admin.php/Classname/classname | INFO: Run ReadHtmlCache Behavior [ RunTime:0.000647s ]
[ 2012-12-03T15:42:06+08:00 ] /xxx2/admin.php/Classname/classname | INFO: Tag[ app_begin ] --END-- [ RunTime:0.000709s ]
[ 2012-12-03T15:42:06+08:00 ] /xxx2/admin.php/Classname/classname | NOTIC: [2] Cannot modify header information - headers already sent by (output started at D:\XAMPP\xampp\htdocs\xxx2\admin\Lib\Action\ClassnameAction.class.php:1) ClassnameAction.class.php 第 12 行.
[ 2012-12-03T15:42:06+08:00 ] /xxx2/admin.php/Classname/classname | SQL: SHOW COLUMNS FROM `think_class` [ RunTime:0.002101s ]
[ 2012-12-03T15:42:06+08:00 ] /xxx2/admin.php/Classname/classname | SQL: SELECT `classname` FROM `think_class`  [ RunTime:0.001393s ]
[ 2012-12-03T15:42:06+08:00 ] /xxx2/admin.php/Classname/classname | SQL: SHOW COLUMNS FROM `think_login` [ RunTime:0.003651s ]
[ 2012-12-03T15:42:06+08:00 ] /xxx2/admin.php/Classname/classname | NOTIC: [8] Undefined index: clas ClassnameAction.class.php 第 18 行.
[ 2012-12-03T15:42:06+08:00 ] /xxx2/admin.php/Classname/classname | SQL: SELECT COUNT(*) AS tp_count FROM `think_login` WHERE clas='通信1101' LIMIT 1   [ RunTime:0.000749s ]
[ 2012-12-03T15:42:06+08:00 ] /xxx2/admin.php/Classname/classname | SQL: SELECT `id`,`clas`,`username`,`phone`,`num` FROM `think_login` WHERE clas='通信1101'  [ RunTime:0.000413s ]
[ 2012-12-03T15:42:06+08:00 ] /xxx2/admin.php/Classname/classname | INFO: Tag[ view_template ] --START--
[ 2012-12-03T15:42:06+08:00 ] /xxx2/admin.php/Classname/classname | INFO: Run LocationTemplate Behavior [ RunTime:0.039969s ]
[ 2012-12-03T15:42:06+08:00 ] /xxx2/admin.php/Classname/classname | INFO: Tag[ view_template ] --END-- [ RunTime:0.040088s ]
[ 2012-12-03T15:42:06+08:00 ] /xxx2/admin.php/Classname/classname | INFO: Tag[ view_parse ] --START--
[ 2012-12-03T15:42:07+08:00 ] /xxx2/admin.php/Classname/classname | NOTIC: [8] Undefined variable: username 3e074f6f9cb561b89b8f8c5d0ac36e44.php 第 71 行.
[ 2012-12-03T15:42:07+08:00 ] /xxx2/admin.php/Classname/classname | NOTIC: [8] Undefined variable: username 3e074f6f9cb561b89b8f8c5d0ac36e44.php 第 71 行.
[ 2012-12-03T15:42:07+08:00 ] /xxx2/admin.php/Classname/classname | NOTIC: [8] Undefined variable: username 3e074f6f9cb561b89b8f8c5d0ac36e44.php 第 165 行.
[ 2012-12-03T15:42:07+08:00 ] /xxx2/admin.php/Classname/classname | NOTIC: [8] Undefined index: name 3e074f6f9cb561b89b8f8c5d0ac36e44.php 第 187 行.
[ 2012-12-03T15:42:07+08:00 ] /xxx2/admin.php/Classname/classname | NOTIC: [8] Undefined index: name 3e074f6f9cb561b89b8f8c5d0ac36e44.php 第 187 行.
[ 2012-12-03T15:42:07+08:00 ] /xxx2/admin.php/Classname/classname | NOTIC: [8] Undefined index: name 3e074f6f9cb561b89b8f8c5d0ac36e44.php 第 187 行.
[ 2012-12-03T15:42:07+08:00 ] /xxx2/admin.php/Classname/classname | NOTIC: [8] Undefined index: name 3e074f6f9cb561b89b8f8c5d0ac36e44.php 第 187 行.
[ 2012-12-03T15:42:07+08:00 ] /xxx2/admin.php/Classname/classname | INFO: Run ParseTemplate Behavior [ RunTime:0.118562s ]
[ 2012-12-03T15:42:07+08:00 ] /xxx2/admin.php/Classname/classname | INFO: Tag[ view_parse ] --END-- [ RunTime:0.118649s ]
[ 2012-12-03T15:42:07+08:00 ] /xxx2/admin.php/Classname/classname | INFO: Tag[ view_filter ] --START--
[ 2012-12-03T15:42:07+08:00 ] /xxx2/admin.php/Classname/classname | INFO: Run ContentReplace Behavior [ RunTime:0.000587s ]
[ 2012-12-03T15:42:07+08:00 ] /xxx2/admin.php/Classname/classname | INFO: Run TokenBuild Behavior [ RunTime:0.000562s ]
[ 2012-12-03T15:42:07+08:00 ] /xxx2/admin.php/Classname/classname | INFO: Run WriteHtmlCache Behavior [ RunTime:0.000303s ]
[ 2012-12-03T15:42:07+08:00 ] /xxx2/admin.php/Classname/classname | INFO: Run ShowRuntime Behavior [ RunTime:0.000566s ]
[ 2012-12-03T15:42:07+08:00 ] /xxx2/admin.php/Classname/classname | INFO: Tag[ view_filter ] --END-- [ RunTime:0.002196s ]
[ 2012-12-03T15:42:07+08:00 ] /xxx2/admin.php/Classname/classname | NOTIC: [2] Cannot modify header information - headers already sent by (output started at D:\XAMPP\xampp\htdocs\xxx2\admin\Lib\Action\ClassnameAction.class.php:1) View.class.php 第 120 行.
[ 2012-12-03T15:42:07+08:00 ] /xxx2/admin.php/Classname/classname | NOTIC: [2] Cannot modify header information - headers already sent by (output started at D:\XAMPP\xampp\htdocs\xxx2\admin\Lib\Action\ClassnameAction.class.php:1) View.class.php 第 121 行.
[ 2012-12-03T15:42:07+08:00 ] /xxx2/admin.php/Classname/classname | NOTIC: [2] Cannot modify header information - headers already sent by (output started at D:\XAMPP\xampp\htdocs\xxx2\admin\Lib\Action\ClassnameAction.class.php:1) View.class.php 第 122 行.
[ 2012-12-03T15:42:07+08:00 ] /xxx2/admin.php/Classname/classname | INFO: Tag[ view_end ] --START--
[ 2012-12-03T15:42:07+08:00 ] /xxx2/admin.php/Classname/classname | INFO: Run ShowPageTrace Behavior [ RunTime:0.000613s ]
[ 2012-12-03T15:42:07+08:00 ] /xxx2/admin.php/Classname/classname | INFO: Tag[ view_end ] --END-- [ RunTime:0.000689s ]
