[ 2012-10-08T18:25:46+08:00 ] /xxx2/admin.php/Login/index/ | INFO: Tag[ route_check ] --START--
[ 2012-10-08T18:25:46+08:00 ] /xxx2/admin.php/Login/index/ | INFO: Run CheckRoute Behavior [ RunTime:0.014855s ]
[ 2012-10-08T18:25:46+08:00 ] /xxx2/admin.php/Login/index/ | INFO: Tag[ route_check ] --END-- [ RunTime:0.014978s ]
[ 2012-10-08T18:25:46+08:00 ] /xxx2/admin.php/Login/index/ | INFO: Tag[ app_begin ] --START--
[ 2012-10-08T18:25:46+08:00 ] /xxx2/admin.php/Login/index/ | INFO: Run ReadHtmlCache Behavior [ RunTime:0.000648s ]
[ 2012-10-08T18:25:46+08:00 ] /xxx2/admin.php/Login/index/ | INFO: Tag[ app_begin ] --END-- [ RunTime:0.000713s ]
[ 2012-10-08T18:25:46+08:00 ] /xxx2/admin.php/Login/index/ | INFO: Tag[ view_template ] --START--
[ 2012-10-08T18:25:46+08:00 ] /xxx2/admin.php/Login/index/ | INFO: Run LocationTemplate Behavior [ RunTime:0.004990s ]
[ 2012-10-08T18:25:46+08:00 ] /xxx2/admin.php/Login/index/ | INFO: Tag[ view_template ] --END-- [ RunTime:0.005096s ]
[ 2012-10-08T18:25:46+08:00 ] /xxx2/admin.php/Login/index/ | INFO: Tag[ view_parse ] --START--
[ 2012-10-08T18:25:46+08:00 ] /xxx2/admin.php/Login/index/ | INFO: Run ParseTemplate Behavior [ RunTime:0.052516s ]
[ 2012-10-08T18:25:46+08:00 ] /xxx2/admin.php/Login/index/ | INFO: Tag[ view_parse ] --END-- [ RunTime:0.052635s ]
[ 2012-10-08T18:25:46+08:00 ] /xxx2/admin.php/Login/index/ | INFO: Tag[ view_filter ] --START--
[ 2012-10-08T18:25:46+08:00 ] /xxx2/admin.php/Login/index/ | INFO: Run ContentReplace Behavior [ RunTime:0.000426s ]
[ 2012-10-08T18:25:46+08:00 ] /xxx2/admin.php/Login/index/ | INFO: Run TokenBuild Behavior [ RunTime:0.000460s ]
[ 2012-10-08T18:25:46+08:00 ] /xxx2/admin.php/Login/index/ | INFO: Run WriteHtmlCache Behavior [ RunTime:0.000246s ]
[ 2012-10-08T18:25:46+08:00 ] /xxx2/admin.php/Login/index/ | INFO: Run ShowRuntime Behavior [ RunTime:0.000491s ]
[ 2012-10-08T18:25:46+08:00 ] /xxx2/admin.php/Login/index/ | INFO: Tag[ view_filter ] --END-- [ RunTime:0.001792s ]
[ 2012-10-08T18:25:46+08:00 ] /xxx2/admin.php/Login/index/ | NOTIC: [2] Cannot modify header information - headers already sent by (output started at D:\XAMPP\xampp\htdocs\xxx2\admin\Lib\Action\LoginAction.class.php:1) View.class.php 第 120 行.
[ 2012-10-08T18:25:46+08:00 ] /xxx2/admin.php/Login/index/ | NOTIC: [2] Cannot modify header information - headers already sent by (output started at D:\XAMPP\xampp\htdocs\xxx2\admin\Lib\Action\LoginAction.class.php:1) View.class.php 第 121 行.
[ 2012-10-08T18:25:46+08:00 ] /xxx2/admin.php/Login/index/ | NOTIC: [2] Cannot modify header information - headers already sent by (output started at D:\XAMPP\xampp\htdocs\xxx2\admin\Lib\Action\LoginAction.class.php:1) View.class.php 第 122 行.
[ 2012-10-08T18:25:46+08:00 ] /xxx2/admin.php/Login/index/ | INFO: Tag[ view_end ] --START--
[ 2012-10-08T18:25:46+08:00 ] /xxx2/admin.php/Login/index/ | INFO: Run ShowPageTrace Behavior [ RunTime:0.000453s ]
[ 2012-10-08T18:25:46+08:00 ] /xxx2/admin.php/Login/index/ | INFO: Tag[ view_end ] --END-- [ RunTime:0.000513s ]
[ 2012-10-08T18:25:46+08:00 ] /xxx2/admin.php/Common/verify/ | INFO: Tag[ route_check ] --START--
[ 2012-10-08T18:25:46+08:00 ] /xxx2/admin.php/Common/verify/ | INFO: Run CheckRoute Behavior [ RunTime:0.001888s ]
[ 2012-10-08T18:25:46+08:00 ] /xxx2/admin.php/Common/verify/ | INFO: Tag[ route_check ] --END-- [ RunTime:0.002011s ]
[ 2012-10-08T18:25:46+08:00 ] /xxx2/admin.php/Common/verify/ | INFO: Tag[ app_begin ] --START--
[ 2012-10-08T18:25:46+08:00 ] /xxx2/admin.php/Common/verify/ | INFO: Run ReadHtmlCache Behavior [ RunTime:0.000686s ]
[ 2012-10-08T18:25:46+08:00 ] /xxx2/admin.php/Common/verify/ | INFO: Tag[ app_begin ] --END-- [ RunTime:0.000755s ]
[ 2012-10-08T18:25:46+08:00 ] /xxx2/admin.php/Login/index/resources/images/closelabel.gif | INFO: Tag[ route_check ] --START--
[ 2012-10-08T18:25:46+08:00 ] /xxx2/admin.php/Login/index/resources/images/closelabel.gif | INFO: Run CheckRoute Behavior [ RunTime:0.001338s ]
[ 2012-10-08T18:25:46+08:00 ] /xxx2/admin.php/Login/index/resources/images/closelabel.gif | INFO: Tag[ route_check ] --END-- [ RunTime:0.001459s ]
[ 2012-10-08T18:25:46+08:00 ] /xxx2/admin.php/Login/index/resources/images/closelabel.gif | INFO: Tag[ app_begin ] --START--
[ 2012-10-08T18:25:46+08:00 ] /xxx2/admin.php/Login/index/resources/images/closelabel.gif | INFO: Run ReadHtmlCache Behavior [ RunTime:0.000855s ]
[ 2012-10-08T18:25:46+08:00 ] /xxx2/admin.php/Login/index/resources/images/closelabel.gif | INFO: Tag[ app_begin ] --END-- [ RunTime:0.000930s ]
[ 2012-10-08T18:25:46+08:00 ] /xxx2/admin.php/Login/index/resources/images/closelabel.gif | INFO: Tag[ view_template ] --START--
[ 2012-10-08T18:25:46+08:00 ] /xxx2/admin.php/Login/index/resources/images/closelabel.gif | INFO: Run LocationTemplate Behavior [ RunTime:0.001113s ]
[ 2012-10-08T18:25:46+08:00 ] /xxx2/admin.php/Login/index/resources/images/closelabel.gif | INFO: Tag[ view_template ] --END-- [ RunTime:0.001252s ]
[ 2012-10-08T18:25:46+08:00 ] /xxx2/admin.php/Login/index/resources/images/closelabel.gif | INFO: Tag[ view_parse ] --START--
[ 2012-10-08T18:25:46+08:00 ] /xxx2/admin.php/Login/index/resources/images/closelabel.gif | INFO: Run ParseTemplate Behavior [ RunTime:0.016643s ]
[ 2012-10-08T18:25:46+08:00 ] /xxx2/admin.php/Login/index/resources/images/closelabel.gif | INFO: Tag[ view_parse ] --END-- [ RunTime:0.016757s ]
[ 2012-10-08T18:25:46+08:00 ] /xxx2/admin.php/Login/index/resources/images/closelabel.gif | INFO: Tag[ view_filter ] --START--
[ 2012-10-08T18:25:46+08:00 ] /xxx2/admin.php/Login/index/resources/images/closelabel.gif | INFO: Run ContentReplace Behavior [ RunTime:0.000614s ]
[ 2012-10-08T18:25:46+08:00 ] /xxx2/admin.php/Login/index/resources/images/closelabel.gif | INFO: Run TokenBuild Behavior [ RunTime:0.000745s ]
[ 2012-10-08T18:25:46+08:00 ] /xxx2/admin.php/Login/index/resources/images/closelabel.gif | INFO: Run WriteHtmlCache Behavior [ RunTime:0.000475s ]
[ 2012-10-08T18:25:46+08:00 ] /xxx2/admin.php/Login/index/resources/images/closelabel.gif | INFO: Run ShowRuntime Behavior [ RunTime:0.000632s ]
[ 2012-10-08T18:25:46+08:00 ] /xxx2/admin.php/Login/index/resources/images/closelabel.gif | INFO: Tag[ view_filter ] --END-- [ RunTime:0.002650s ]
[ 2012-10-08T18:25:46+08:00 ] /xxx2/admin.php/Login/index/resources/images/closelabel.gif | NOTIC: [2] Cannot modify header information - headers already sent by (output started at D:\XAMPP\xampp\htdocs\xxx2\admin\Lib\Action\LoginAction.class.php:1) View.class.php 第 120 行.
[ 2012-10-08T18:25:46+08:00 ] /xxx2/admin.php/Login/index/resources/images/closelabel.gif | NOTIC: [2] Cannot modify header information - headers already sent by (output started at D:\XAMPP\xampp\htdocs\xxx2\admin\Lib\Action\LoginAction.class.php:1) View.class.php 第 121 行.
[ 2012-10-08T18:25:46+08:00 ] /xxx2/admin.php/Login/index/resources/images/closelabel.gif | NOTIC: [2] Cannot modify header information - headers already sent by (output started at D:\XAMPP\xampp\htdocs\xxx2\admin\Lib\Action\LoginAction.class.php:1) View.class.php 第 122 行.
[ 2012-10-08T18:25:46+08:00 ] /xxx2/admin.php/Login/index/resources/images/closelabel.gif | INFO: Tag[ view_end ] --START--
[ 2012-10-08T18:25:46+08:00 ] /xxx2/admin.php/Login/index/resources/images/closelabel.gif | INFO: Run ShowPageTrace Behavior [ RunTime:0.000589s ]
[ 2012-10-08T18:25:46+08:00 ] /xxx2/admin.php/Login/index/resources/images/closelabel.gif | INFO: Tag[ view_end ] --END-- [ RunTime:0.000650s ]
[ 2012-10-08T18:25:52+08:00 ] /xxx2/admin.php/Index/index/username/admin | INFO: Tag[ route_check ] --START--
[ 2012-10-08T18:25:52+08:00 ] /xxx2/admin.php/Index/index/username/admin | INFO: Run CheckRoute Behavior [ RunTime:0.000861s ]
[ 2012-10-08T18:25:52+08:00 ] /xxx2/admin.php/Index/index/username/admin | INFO: Tag[ route_check ] --END-- [ RunTime:0.000962s ]
[ 2012-10-08T18:25:52+08:00 ] /xxx2/admin.php/Index/index/username/admin | INFO: Tag[ app_begin ] --START--
[ 2012-10-08T18:25:52+08:00 ] /xxx2/admin.php/Index/index/username/admin | INFO: Run ReadHtmlCache Behavior [ RunTime:0.000571s ]
[ 2012-10-08T18:25:52+08:00 ] /xxx2/admin.php/Index/index/username/admin | INFO: Tag[ app_begin ] --END-- [ RunTime:0.000634s ]
[ 2012-10-08T18:25:52+08:00 ] /xxx2/admin.php/Index/index/username/admin | NOTIC: [2] Cannot modify header information - headers already sent by (output started at D:\XAMPP\xampp\htdocs\xxx2\admin\Lib\Action\IndexAction.class.php:1) IndexAction.class.php 第 12 行.
[ 2012-10-08T18:25:52+08:00 ] /xxx2/admin.php/Index/index/username/admin | INFO: Tag[ view_template ] --START--
[ 2012-10-08T18:25:52+08:00 ] /xxx2/admin.php/Index/index/username/admin | INFO: Run LocationTemplate Behavior [ RunTime:0.019771s ]
[ 2012-10-08T18:25:52+08:00 ] /xxx2/admin.php/Index/index/username/admin | INFO: Tag[ view_template ] --END-- [ RunTime:0.019865s ]
[ 2012-10-08T18:25:52+08:00 ] /xxx2/admin.php/Index/index/username/admin | INFO: Tag[ view_parse ] --START--
[ 2012-10-08T18:25:52+08:00 ] /xxx2/admin.php/Index/index/username/admin | NOTIC: [8] Undefined variable: title 4c18d5952d0dbf1eedb8a1ec796fa788.php 第 5 行.
[ 2012-10-08T18:25:52+08:00 ] /xxx2/admin.php/Index/index/username/admin | INFO: Run ParseTemplate Behavior [ RunTime:0.022607s ]
[ 2012-10-08T18:25:52+08:00 ] /xxx2/admin.php/Index/index/username/admin | INFO: Tag[ view_parse ] --END-- [ RunTime:0.022684s ]
[ 2012-10-08T18:25:52+08:00 ] /xxx2/admin.php/Index/index/username/admin | INFO: Tag[ view_filter ] --START--
[ 2012-10-08T18:25:52+08:00 ] /xxx2/admin.php/Index/index/username/admin | INFO: Run ContentReplace Behavior [ RunTime:0.000434s ]
[ 2012-10-08T18:25:52+08:00 ] /xxx2/admin.php/Index/index/username/admin | INFO: Run TokenBuild Behavior [ RunTime:0.000402s ]
[ 2012-10-08T18:25:52+08:00 ] /xxx2/admin.php/Index/index/username/admin | INFO: Run WriteHtmlCache Behavior [ RunTime:0.000243s ]
[ 2012-10-08T18:25:52+08:00 ] /xxx2/admin.php/Index/index/username/admin | INFO: Run ShowRuntime Behavior [ RunTime:0.000498s ]
[ 2012-10-08T18:25:52+08:00 ] /xxx2/admin.php/Index/index/username/admin | INFO: Tag[ view_filter ] --END-- [ RunTime:0.001747s ]
[ 2012-10-08T18:25:52+08:00 ] /xxx2/admin.php/Index/index/username/admin | NOTIC: [2] Cannot modify header information - headers already sent by (output started at D:\XAMPP\xampp\htdocs\xxx2\admin\Lib\Action\IndexAction.class.php:1) View.class.php 第 120 行.
[ 2012-10-08T18:25:52+08:00 ] /xxx2/admin.php/Index/index/username/admin | NOTIC: [2] Cannot modify header information - headers already sent by (output started at D:\XAMPP\xampp\htdocs\xxx2\admin\Lib\Action\IndexAction.class.php:1) View.class.php 第 121 行.
[ 2012-10-08T18:25:52+08:00 ] /xxx2/admin.php/Index/index/username/admin | NOTIC: [2] Cannot modify header information - headers already sent by (output started at D:\XAMPP\xampp\htdocs\xxx2\admin\Lib\Action\IndexAction.class.php:1) View.class.php 第 122 行.
[ 2012-10-08T18:25:52+08:00 ] /xxx2/admin.php/Index/index/username/admin | INFO: Tag[ view_end ] --START--
[ 2012-10-08T18:25:52+08:00 ] /xxx2/admin.php/Index/index/username/admin | INFO: Run ShowPageTrace Behavior [ RunTime:0.000447s ]
[ 2012-10-08T18:25:52+08:00 ] /xxx2/admin.php/Index/index/username/admin | INFO: Tag[ view_end ] --END-- [ RunTime:0.000506s ]
[ 2012-10-08T18:25:53+08:00 ] /xxx2/admin.php/Index/index/username/resources/images/closelabel.gif | INFO: Tag[ route_check ] --START--
[ 2012-10-08T18:25:53+08:00 ] /xxx2/admin.php/Index/index/username/resources/images/closelabel.gif | INFO: Run CheckRoute Behavior [ RunTime:0.001357s ]
[ 2012-10-08T18:25:53+08:00 ] /xxx2/admin.php/Index/index/username/resources/images/closelabel.gif | INFO: Tag[ route_check ] --END-- [ RunTime:0.001479s ]
[ 2012-10-08T18:25:53+08:00 ] /xxx2/admin.php/Index/index/username/resources/images/closelabel.gif | INFO: Tag[ app_begin ] --START--
[ 2012-10-08T18:25:53+08:00 ] /xxx2/admin.php/Index/index/username/resources/images/closelabel.gif | INFO: Run ReadHtmlCache Behavior [ RunTime:0.000640s ]
[ 2012-10-08T18:25:53+08:00 ] /xxx2/admin.php/Index/index/username/resources/images/closelabel.gif | INFO: Tag[ app_begin ] --END-- [ RunTime:0.000710s ]
[ 2012-10-08T18:25:53+08:00 ] /xxx2/admin.php/Index/index/username/resources/images/closelabel.gif | NOTIC: [2] Cannot modify header information - headers already sent by (output started at D:\XAMPP\xampp\htdocs\xxx2\admin\Lib\Action\IndexAction.class.php:1) IndexAction.class.php 第 12 行.
[ 2012-10-08T18:25:53+08:00 ] /xxx2/admin.php/Index/index/username/resources/images/closelabel.gif | INFO: Tag[ view_template ] --START--
[ 2012-10-08T18:25:53+08:00 ] /xxx2/admin.php/Index/index/username/resources/images/closelabel.gif | INFO: Run LocationTemplate Behavior [ RunTime:0.000876s ]
[ 2012-10-08T18:25:53+08:00 ] /xxx2/admin.php/Index/index/username/resources/images/closelabel.gif | INFO: Tag[ view_template ] --END-- [ RunTime:0.000979s ]
[ 2012-10-08T18:25:53+08:00 ] /xxx2/admin.php/Index/index/username/resources/images/closelabel.gif | INFO: Tag[ view_parse ] --START--
[ 2012-10-08T18:25:53+08:00 ] /xxx2/admin.php/Index/index/username/resources/images/closelabel.gif | NOTIC: [8] Undefined variable: title 4c18d5952d0dbf1eedb8a1ec796fa788.php 第 5 行.
[ 2012-10-08T18:25:53+08:00 ] /xxx2/admin.php/Index/index/username/resources/images/closelabel.gif | INFO: Run ParseTemplate Behavior [ RunTime:0.010752s ]
[ 2012-10-08T18:25:53+08:00 ] /xxx2/admin.php/Index/index/username/resources/images/closelabel.gif | INFO: Tag[ view_parse ] --END-- [ RunTime:0.010832s ]
[ 2012-10-08T18:25:53+08:00 ] /xxx2/admin.php/Index/index/username/resources/images/closelabel.gif | INFO: Tag[ view_filter ] --START--
[ 2012-10-08T18:25:53+08:00 ] /xxx2/admin.php/Index/index/username/resources/images/closelabel.gif | INFO: Run ContentReplace Behavior [ RunTime:0.000460s ]
[ 2012-10-08T18:25:53+08:00 ] /xxx2/admin.php/Index/index/username/resources/images/closelabel.gif | INFO: Run TokenBuild Behavior [ RunTime:0.001199s ]
[ 2012-10-08T18:25:53+08:00 ] /xxx2/admin.php/Index/index/username/resources/images/closelabel.gif | INFO: Run WriteHtmlCache Behavior [ RunTime:0.000357s ]
[ 2012-10-08T18:25:53+08:00 ] /xxx2/admin.php/Index/index/username/resources/images/closelabel.gif | INFO: Run ShowRuntime Behavior [ RunTime:0.000551s ]
[ 2012-10-08T18:25:53+08:00 ] /xxx2/admin.php/Index/index/username/resources/images/closelabel.gif | INFO: Tag[ view_filter ] --END-- [ RunTime:0.002783s ]
[ 2012-10-08T18:25:53+08:00 ] /xxx2/admin.php/Index/index/username/resources/images/closelabel.gif | NOTIC: [2] Cannot modify header information - headers already sent by (output started at D:\XAMPP\xampp\htdocs\xxx2\admin\Lib\Action\IndexAction.class.php:1) View.class.php 第 120 行.
[ 2012-10-08T18:25:53+08:00 ] /xxx2/admin.php/Index/index/username/resources/images/closelabel.gif | NOTIC: [2] Cannot modify header information - headers already sent by (output started at D:\XAMPP\xampp\htdocs\xxx2\admin\Lib\Action\IndexAction.class.php:1) View.class.php 第 121 行.
[ 2012-10-08T18:25:53+08:00 ] /xxx2/admin.php/Index/index/username/resources/images/closelabel.gif | NOTIC: [2] Cannot modify header information - headers already sent by (output started at D:\XAMPP\xampp\htdocs\xxx2\admin\Lib\Action\IndexAction.class.php:1) View.class.php 第 122 行.
[ 2012-10-08T18:25:53+08:00 ] /xxx2/admin.php/Index/index/username/resources/images/closelabel.gif | INFO: Tag[ view_end ] --START--
[ 2012-10-08T18:25:53+08:00 ] /xxx2/admin.php/Index/index/username/resources/images/closelabel.gif | INFO: Run ShowPageTrace Behavior [ RunTime:0.000481s ]
[ 2012-10-08T18:25:53+08:00 ] /xxx2/admin.php/Index/index/username/resources/images/closelabel.gif | INFO: Tag[ view_end ] --END-- [ RunTime:0.000547s ]
[ 2012-10-08T18:25:54+08:00 ] /xxx2/admin.php/Article/index | INFO: Tag[ route_check ] --START--
[ 2012-10-08T18:25:54+08:00 ] /xxx2/admin.php/Article/index | INFO: Run CheckRoute Behavior [ RunTime:0.001785s ]
[ 2012-10-08T18:25:54+08:00 ] /xxx2/admin.php/Article/index | INFO: Tag[ route_check ] --END-- [ RunTime:0.001900s ]
[ 2012-10-08T18:25:54+08:00 ] /xxx2/admin.php/Article/index | INFO: Tag[ app_begin ] --START--
[ 2012-10-08T18:25:54+08:00 ] /xxx2/admin.php/Article/index | INFO: Run ReadHtmlCache Behavior [ RunTime:0.000687s ]
[ 2012-10-08T18:25:54+08:00 ] /xxx2/admin.php/Article/index | INFO: Tag[ app_begin ] --END-- [ RunTime:0.000759s ]
[ 2012-10-08T18:25:54+08:00 ] /xxx2/admin.php/Article/index | NOTIC: [2] Cannot modify header information - headers already sent by (output started at D:\XAMPP\xampp\htdocs\xxx2\admin\Lib\Action\ArticleAction.class.php:1) ArticleAction.class.php 第 35 行.
[ 2012-10-08T18:25:54+08:00 ] /xxx2/admin.php/Article/index | SQL: SHOW COLUMNS FROM `think_catalog` [ RunTime:0.003661s ]
[ 2012-10-08T18:25:54+08:00 ] /xxx2/admin.php/Article/index | NOTIC: [8] Undefined index: id ArticleAction.class.php 第 39 行.
[ 2012-10-08T18:25:54+08:00 ] /xxx2/admin.php/Article/index | SQL: SELECT `id`,`f_cata`,`s_cata`,`isf`,`f_id`,`p_id` FROM `think_catalog` WHERE f_id='0'  [ RunTime:0.002758s ]
[ 2012-10-08T18:25:54+08:00 ] /xxx2/admin.php/Article/index | INFO: Tag[ view_template ] --START--
[ 2012-10-08T18:25:55+08:00 ] /xxx2/admin.php/Article/index | INFO: Run LocationTemplate Behavior [ RunTime:0.073666s ]
[ 2012-10-08T18:25:55+08:00 ] /xxx2/admin.php/Article/index | INFO: Tag[ view_template ] --END-- [ RunTime:0.073776s ]
[ 2012-10-08T18:25:55+08:00 ] /xxx2/admin.php/Article/index | INFO: Tag[ view_parse ] --START--
[ 2012-10-08T18:25:55+08:00 ] /xxx2/admin.php/Article/index | NOTIC: [8] Undefined variable: username 6a0fa1355e20b485f823227ab394fc93.php 第 66 行.
[ 2012-10-08T18:25:55+08:00 ] /xxx2/admin.php/Article/index | NOTIC: [8] Undefined variable: username 6a0fa1355e20b485f823227ab394fc93.php 第 66 行.
[ 2012-10-08T18:25:55+08:00 ] /xxx2/admin.php/Article/index | NOTIC: [8] Undefined variable: article_item 6a0fa1355e20b485f823227ab394fc93.php 第 132 行.
[ 2012-10-08T18:25:55+08:00 ] /xxx2/admin.php/Article/index | NOTIC: [8] Undefined variable: article_item 6a0fa1355e20b485f823227ab394fc93.php 第 162 行.
[ 2012-10-08T18:25:55+08:00 ] /xxx2/admin.php/Article/index | NOTIC: [8] Undefined variable: article_item 6a0fa1355e20b485f823227ab394fc93.php 第 168 行.
[ 2012-10-08T18:25:55+08:00 ] /xxx2/admin.php/Article/index | INFO: Run ParseTemplate Behavior [ RunTime:0.026254s ]
[ 2012-10-08T18:25:55+08:00 ] /xxx2/admin.php/Article/index | INFO: Tag[ view_parse ] --END-- [ RunTime:0.026332s ]
[ 2012-10-08T18:25:55+08:00 ] /xxx2/admin.php/Article/index | INFO: Tag[ view_filter ] --START--
[ 2012-10-08T18:25:55+08:00 ] /xxx2/admin.php/Article/index | INFO: Run ContentReplace Behavior [ RunTime:0.000443s ]
[ 2012-10-08T18:25:55+08:00 ] /xxx2/admin.php/Article/index | INFO: Run TokenBuild Behavior [ RunTime:0.000462s ]
[ 2012-10-08T18:25:55+08:00 ] /xxx2/admin.php/Article/index | INFO: Run WriteHtmlCache Behavior [ RunTime:0.000238s ]
[ 2012-10-08T18:25:55+08:00 ] /xxx2/admin.php/Article/index | INFO: Run ShowRuntime Behavior [ RunTime:0.000500s ]
[ 2012-10-08T18:25:55+08:00 ] /xxx2/admin.php/Article/index | INFO: Tag[ view_filter ] --END-- [ RunTime:0.001811s ]
[ 2012-10-08T18:25:55+08:00 ] /xxx2/admin.php/Article/index | NOTIC: [2] Cannot modify header information - headers already sent by (output started at D:\XAMPP\xampp\htdocs\xxx2\admin\Lib\Action\ArticleAction.class.php:1) View.class.php 第 120 行.
[ 2012-10-08T18:25:55+08:00 ] /xxx2/admin.php/Article/index | NOTIC: [2] Cannot modify header information - headers already sent by (output started at D:\XAMPP\xampp\htdocs\xxx2\admin\Lib\Action\ArticleAction.class.php:1) View.class.php 第 121 行.
[ 2012-10-08T18:25:55+08:00 ] /xxx2/admin.php/Article/index | NOTIC: [2] Cannot modify header information - headers already sent by (output started at D:\XAMPP\xampp\htdocs\xxx2\admin\Lib\Action\ArticleAction.class.php:1) View.class.php 第 122 行.
[ 2012-10-08T18:25:55+08:00 ] /xxx2/admin.php/Article/index | INFO: Tag[ view_end ] --START--
[ 2012-10-08T18:25:55+08:00 ] /xxx2/admin.php/Article/index | INFO: Run ShowPageTrace Behavior [ RunTime:0.000445s ]
[ 2012-10-08T18:25:55+08:00 ] /xxx2/admin.php/Article/index | INFO: Tag[ view_end ] --END-- [ RunTime:0.000505s ]
[ 2012-10-08T18:25:55+08:00 ] /xxx2/admin.php/Article/resources/images/closelabel.gif | ERR: (ThinkException) 非法操作resources
[ 2012-10-08T18:25:58+08:00 ] /xxx2/admin.php/Article/lis | INFO: Tag[ route_check ] --START--
[ 2012-10-08T18:25:58+08:00 ] /xxx2/admin.php/Article/lis | INFO: Run CheckRoute Behavior [ RunTime:0.002092s ]
[ 2012-10-08T18:25:58+08:00 ] /xxx2/admin.php/Article/lis | INFO: Tag[ route_check ] --END-- [ RunTime:0.002235s ]
[ 2012-10-08T18:25:58+08:00 ] /xxx2/admin.php/Article/lis | INFO: Tag[ app_begin ] --START--
[ 2012-10-08T18:25:58+08:00 ] /xxx2/admin.php/Article/lis | INFO: Run ReadHtmlCache Behavior [ RunTime:0.000840s ]
[ 2012-10-08T18:25:58+08:00 ] /xxx2/admin.php/Article/lis | INFO: Tag[ app_begin ] --END-- [ RunTime:0.000927s ]
[ 2012-10-08T18:25:58+08:00 ] /xxx2/admin.php/Article/lis | NOTIC: [2] Cannot modify header information - headers already sent by (output started at D:\XAMPP\xampp\htdocs\xxx2\admin\Lib\Action\ArticleAction.class.php:1) ArticleAction.class.php 第 67 行.
[ 2012-10-08T18:25:58+08:00 ] /xxx2/admin.php/Article/lis | SQL: SHOW COLUMNS FROM `think_cata` [ RunTime:0.047535s ]
[ 2012-10-08T18:25:58+08:00 ] /xxx2/admin.php/Article/lis | SQL: SELECT COUNT(*) AS tp_count FROM `think_cata` LIMIT 1   [ RunTime:0.039612s ]
[ 2012-10-08T18:25:58+08:00 ] /xxx2/admin.php/Article/lis | SQL: SHOW COLUMNS FROM `think_catalog` [ RunTime:0.003021s ]
[ 2012-10-08T18:25:58+08:00 ] /xxx2/admin.php/Article/lis | SQL: SELECT * FROM `think_catalog` WHERE f_id=0  [ RunTime:0.001213s ]
[ 2012-10-08T18:25:58+08:00 ] /xxx2/admin.php/Article/lis | SQL: SELECT `id`,`title`,`Catalog`,`f_catalog`,`user`,`title`,`dt` FROM `think_cata` ORDER BY id desc LIMIT 0,8   [ RunTime:0.048281s ]
[ 2012-10-08T18:25:58+08:00 ] /xxx2/admin.php/Article/lis | INFO: Tag[ view_template ] --START--
[ 2012-10-08T18:25:58+08:00 ] /xxx2/admin.php/Article/lis | INFO: Run LocationTemplate Behavior [ RunTime:0.001149s ]
[ 2012-10-08T18:25:58+08:00 ] /xxx2/admin.php/Article/lis | INFO: Tag[ view_template ] --END-- [ RunTime:0.001244s ]
[ 2012-10-08T18:25:58+08:00 ] /xxx2/admin.php/Article/lis | INFO: Tag[ view_parse ] --START--
[ 2012-10-08T18:25:58+08:00 ] /xxx2/admin.php/Article/lis | INFO: Run ParseTemplate Behavior [ RunTime:0.033652s ]
[ 2012-10-08T18:25:58+08:00 ] /xxx2/admin.php/Article/lis | INFO: Tag[ view_parse ] --END-- [ RunTime:0.033782s ]
[ 2012-10-08T18:25:58+08:00 ] /xxx2/admin.php/Article/lis | INFO: Tag[ view_filter ] --START--
[ 2012-10-08T18:25:58+08:00 ] /xxx2/admin.php/Article/lis | INFO: Run ContentReplace Behavior [ RunTime:0.000659s ]
[ 2012-10-08T18:25:58+08:00 ] /xxx2/admin.php/Article/lis | INFO: Run TokenBuild Behavior [ RunTime:0.000664s ]
[ 2012-10-08T18:25:58+08:00 ] /xxx2/admin.php/Article/lis | INFO: Run WriteHtmlCache Behavior [ RunTime:0.000328s ]
[ 2012-10-08T18:25:58+08:00 ] /xxx2/admin.php/Article/lis | INFO: Run ShowRuntime Behavior [ RunTime:0.000684s ]
[ 2012-10-08T18:25:58+08:00 ] /xxx2/admin.php/Article/lis | INFO: Tag[ view_filter ] --END-- [ RunTime:0.002569s ]
[ 2012-10-08T18:25:58+08:00 ] /xxx2/admin.php/Article/lis | NOTIC: [2] Cannot modify header information - headers already sent by (output started at D:\XAMPP\xampp\htdocs\xxx2\admin\Lib\Action\ArticleAction.class.php:1) View.class.php 第 120 行.
[ 2012-10-08T18:25:58+08:00 ] /xxx2/admin.php/Article/lis | NOTIC: [2] Cannot modify header information - headers already sent by (output started at D:\XAMPP\xampp\htdocs\xxx2\admin\Lib\Action\ArticleAction.class.php:1) View.class.php 第 121 行.
[ 2012-10-08T18:25:58+08:00 ] /xxx2/admin.php/Article/lis | NOTIC: [2] Cannot modify header information - headers already sent by (output started at D:\XAMPP\xampp\htdocs\xxx2\admin\Lib\Action\ArticleAction.class.php:1) View.class.php 第 122 行.
[ 2012-10-08T18:25:58+08:00 ] /xxx2/admin.php/Article/lis | INFO: Tag[ view_end ] --START--
[ 2012-10-08T18:25:58+08:00 ] /xxx2/admin.php/Article/lis | INFO: Run ShowPageTrace Behavior [ RunTime:0.001090s ]
[ 2012-10-08T18:25:58+08:00 ] /xxx2/admin.php/Article/lis | INFO: Tag[ view_end ] --END-- [ RunTime:0.001206s ]
[ 2012-10-08T18:25:58+08:00 ] /xxx2/admin.php/Article/resources/images/closelabel.gif | ERR: (ThinkException) 非法操作resources
[ 2012-10-08T18:26:02+08:00 ] /xxx2/admin.php/Article/index | INFO: Tag[ route_check ] --START--
[ 2012-10-08T18:26:02+08:00 ] /xxx2/admin.php/Article/index | INFO: Run CheckRoute Behavior [ RunTime:0.001236s ]
[ 2012-10-08T18:26:02+08:00 ] /xxx2/admin.php/Article/index | INFO: Tag[ route_check ] --END-- [ RunTime:0.001365s ]
[ 2012-10-08T18:26:02+08:00 ] /xxx2/admin.php/Article/index | INFO: Tag[ app_begin ] --START--
[ 2012-10-08T18:26:02+08:00 ] /xxx2/admin.php/Article/index | INFO: Run ReadHtmlCache Behavior [ RunTime:0.000776s ]
[ 2012-10-08T18:26:02+08:00 ] /xxx2/admin.php/Article/index | INFO: Tag[ app_begin ] --END-- [ RunTime:0.000860s ]
[ 2012-10-08T18:26:02+08:00 ] /xxx2/admin.php/Article/index | NOTIC: [2] Cannot modify header information - headers already sent by (output started at D:\XAMPP\xampp\htdocs\xxx2\admin\Lib\Action\ArticleAction.class.php:1) ArticleAction.class.php 第 35 行.
[ 2012-10-08T18:26:02+08:00 ] /xxx2/admin.php/Article/index | SQL: SHOW COLUMNS FROM `think_catalog` [ RunTime:0.003536s ]
[ 2012-10-08T18:26:02+08:00 ] /xxx2/admin.php/Article/index | NOTIC: [8] Undefined index: id ArticleAction.class.php 第 39 行.
[ 2012-10-08T18:26:02+08:00 ] /xxx2/admin.php/Article/index | SQL: SELECT `id`,`f_cata`,`s_cata`,`isf`,`f_id`,`p_id` FROM `think_catalog` WHERE f_id='0'  [ RunTime:0.000500s ]
[ 2012-10-08T18:26:02+08:00 ] /xxx2/admin.php/Article/index | INFO: Tag[ view_template ] --START--
[ 2012-10-08T18:26:02+08:00 ] /xxx2/admin.php/Article/index | INFO: Run LocationTemplate Behavior [ RunTime:0.001202s ]
[ 2012-10-08T18:26:02+08:00 ] /xxx2/admin.php/Article/index | INFO: Tag[ view_template ] --END-- [ RunTime:0.001295s ]
[ 2012-10-08T18:26:02+08:00 ] /xxx2/admin.php/Article/index | INFO: Tag[ view_parse ] --START--
[ 2012-10-08T18:26:02+08:00 ] /xxx2/admin.php/Article/index | NOTIC: [8] Undefined variable: username 6a0fa1355e20b485f823227ab394fc93.php 第 66 行.
[ 2012-10-08T18:26:02+08:00 ] /xxx2/admin.php/Article/index | NOTIC: [8] Undefined variable: username 6a0fa1355e20b485f823227ab394fc93.php 第 66 行.
[ 2012-10-08T18:26:02+08:00 ] /xxx2/admin.php/Article/index | NOTIC: [8] Undefined variable: article_item 6a0fa1355e20b485f823227ab394fc93.php 第 132 行.
[ 2012-10-08T18:26:02+08:00 ] /xxx2/admin.php/Article/index | NOTIC: [8] Undefined variable: article_item 6a0fa1355e20b485f823227ab394fc93.php 第 162 行.
[ 2012-10-08T18:26:02+08:00 ] /xxx2/admin.php/Article/index | NOTIC: [8] Undefined variable: article_item 6a0fa1355e20b485f823227ab394fc93.php 第 168 行.
[ 2012-10-08T18:26:02+08:00 ] /xxx2/admin.php/Article/index | INFO: Run ParseTemplate Behavior [ RunTime:0.016525s ]
[ 2012-10-08T18:26:02+08:00 ] /xxx2/admin.php/Article/index | INFO: Tag[ view_parse ] --END-- [ RunTime:0.016624s ]
[ 2012-10-08T18:26:02+08:00 ] /xxx2/admin.php/Article/index | INFO: Tag[ view_filter ] --START--
[ 2012-10-08T18:26:02+08:00 ] /xxx2/admin.php/Article/index | INFO: Run ContentReplace Behavior [ RunTime:0.000854s ]
[ 2012-10-08T18:26:02+08:00 ] /xxx2/admin.php/Article/index | INFO: Run TokenBuild Behavior [ RunTime:0.000814s ]
[ 2012-10-08T18:26:02+08:00 ] /xxx2/admin.php/Article/index | INFO: Run WriteHtmlCache Behavior [ RunTime:0.000511s ]
[ 2012-10-08T18:26:02+08:00 ] /xxx2/admin.php/Article/index | INFO: Run ShowRuntime Behavior [ RunTime:0.000865s ]
[ 2012-10-08T18:26:02+08:00 ] /xxx2/admin.php/Article/index | INFO: Tag[ view_filter ] --END-- [ RunTime:0.003279s ]
[ 2012-10-08T18:26:02+08:00 ] /xxx2/admin.php/Article/index | NOTIC: [2] Cannot modify header information - headers already sent by (output started at D:\XAMPP\xampp\htdocs\xxx2\admin\Lib\Action\ArticleAction.class.php:1) View.class.php 第 120 行.
[ 2012-10-08T18:26:02+08:00 ] /xxx2/admin.php/Article/index | NOTIC: [2] Cannot modify header information - headers already sent by (output started at D:\XAMPP\xampp\htdocs\xxx2\admin\Lib\Action\ArticleAction.class.php:1) View.class.php 第 121 行.
[ 2012-10-08T18:26:02+08:00 ] /xxx2/admin.php/Article/index | NOTIC: [2] Cannot modify header information - headers already sent by (output started at D:\XAMPP\xampp\htdocs\xxx2\admin\Lib\Action\ArticleAction.class.php:1) View.class.php 第 122 行.
[ 2012-10-08T18:26:02+08:00 ] /xxx2/admin.php/Article/index | INFO: Tag[ view_end ] --START--
[ 2012-10-08T18:26:02+08:00 ] /xxx2/admin.php/Article/index | INFO: Run ShowPageTrace Behavior [ RunTime:0.000799s ]
[ 2012-10-08T18:26:02+08:00 ] /xxx2/admin.php/Article/index | INFO: Tag[ view_end ] --END-- [ RunTime:0.000882s ]
[ 2012-10-08T18:26:03+08:00 ] /xxx2/admin.php/Article/resources/images/closelabel.gif | ERR: (ThinkException) 非法操作resources
