[ 2012-09-14T22:48:44+08:00 ] /xxx2/index.php | INFO: Tag[ app_begin ] --START--
[ 2012-09-14T22:48:44+08:00 ] /xxx2/index.php | INFO: Run ReadHtmlCache Behavior [ RunTime:0.001740s ]
[ 2012-09-14T22:48:44+08:00 ] /xxx2/index.php | INFO: Tag[ app_begin ] --END-- [ RunTime:0.023816s ]
[ 2012-09-14T22:48:44+08:00 ] /xxx2/index.php | SQL: SHOW COLUMNS FROM `think_catalog` [ RunTime:0.044425s ]
[ 2012-09-14T22:48:44+08:00 ] /xxx2/index.php | SQL: SELECT `id`,`f_cata` FROM `think_catalog` WHERE f_id=0  [ RunTime:0.000835s ]
[ 2012-09-14T22:48:44+08:00 ] /xxx2/index.php | SQL: SHOW COLUMNS FROM `think_link` [ RunTime:0.013422s ]
[ 2012-09-14T22:48:44+08:00 ] /xxx2/index.php | SQL: SELECT `id`,`addr`,`info` FROM `think_link`  [ RunTime:0.039021s ]
[ 2012-09-14T22:48:44+08:00 ] /xxx2/index.php | SQL: SHOW COLUMNS FROM `think_tongzhi` [ RunTime:0.025397s ]
[ 2012-09-14T22:48:44+08:00 ] /xxx2/index.php | SQL: SELECT `id`,`title`,`content`,`name`,`dt` FROM `think_tongzhi`  [ RunTime:0.001011s ]
[ 2012-09-14T22:48:44+08:00 ] /xxx2/index.php | NOTIC: [8] Undefined index: username functions.php 第 441 行.
[ 2012-09-14T22:48:44+08:00 ] /xxx2/index.php | INFO: Tag[ view_template ] --START--
[ 2012-09-14T22:48:44+08:00 ] /xxx2/index.php | INFO: Run LocationTemplate Behavior [ RunTime:0.030890s ]
[ 2012-09-14T22:48:44+08:00 ] /xxx2/index.php | INFO: Tag[ view_template ] --END-- [ RunTime:0.031002s ]
[ 2012-09-14T22:48:44+08:00 ] /xxx2/index.php | INFO: Tag[ view_parse ] --START--
[ 2012-09-14T22:48:44+08:00 ] /xxx2/index.php | INFO: Run ParseTemplate Behavior [ RunTime:0.091046s ]
[ 2012-09-14T22:48:44+08:00 ] /xxx2/index.php | INFO: Tag[ view_parse ] --END-- [ RunTime:0.091179s ]
[ 2012-09-14T22:48:44+08:00 ] /xxx2/index.php | INFO: Tag[ view_filter ] --START--
[ 2012-09-14T22:48:44+08:00 ] /xxx2/index.php | INFO: Run ContentReplace Behavior [ RunTime:0.012695s ]
[ 2012-09-14T22:48:44+08:00 ] /xxx2/index.php | INFO: Run TokenBuild Behavior [ RunTime:0.001683s ]
[ 2012-09-14T22:48:44+08:00 ] /xxx2/index.php | INFO: Run WriteHtmlCache Behavior [ RunTime:0.001053s ]
[ 2012-09-14T22:48:44+08:00 ] /xxx2/index.php | INFO: Run ShowRuntime Behavior [ RunTime:0.001076s ]
[ 2012-09-14T22:48:44+08:00 ] /xxx2/index.php | INFO: Tag[ view_filter ] --END-- [ RunTime:0.016785s ]
[ 2012-09-14T22:48:44+08:00 ] /xxx2/index.php | INFO: Tag[ view_end ] --START--
[ 2012-09-14T22:48:44+08:00 ] /xxx2/index.php | INFO: Run ShowPageTrace Behavior [ RunTime:0.003142s ]
[ 2012-09-14T22:48:44+08:00 ] /xxx2/index.php | INFO: Tag[ view_end ] --END-- [ RunTime:0.003239s ]
[ 2012-09-14T22:49:02+08:00 ] /xxx2/index.php | INFO: Tag[ app_begin ] --START--
[ 2012-09-14T22:49:02+08:00 ] /xxx2/index.php | INFO: Run ReadHtmlCache Behavior [ RunTime:0.001972s ]
[ 2012-09-14T22:49:02+08:00 ] /xxx2/index.php | INFO: Tag[ app_begin ] --END-- [ RunTime:0.002109s ]
[ 2012-09-14T22:49:02+08:00 ] /xxx2/index.php | SQL: SHOW COLUMNS FROM `think_catalog` [ RunTime:0.008290s ]
[ 2012-09-14T22:49:02+08:00 ] /xxx2/index.php | SQL: SELECT `id`,`f_cata` FROM `think_catalog` WHERE f_id=0  [ RunTime:0.009813s ]
[ 2012-09-14T22:49:02+08:00 ] /xxx2/index.php | SQL: SHOW COLUMNS FROM `think_link` [ RunTime:0.013864s ]
[ 2012-09-14T22:49:02+08:00 ] /xxx2/index.php | SQL: SELECT `id`,`addr`,`info` FROM `think_link`  [ RunTime:0.008909s ]
[ 2012-09-14T22:49:02+08:00 ] /xxx2/index.php | SQL: SHOW COLUMNS FROM `think_tongzhi` [ RunTime:0.004058s ]
[ 2012-09-14T22:49:02+08:00 ] /xxx2/index.php | SQL: SELECT `id`,`title`,`content`,`name`,`dt` FROM `think_tongzhi`  [ RunTime:0.010689s ]
[ 2012-09-14T22:49:02+08:00 ] /xxx2/index.php | NOTIC: [8] Undefined index: username functions.php 第 441 行.
[ 2012-09-14T22:49:02+08:00 ] /xxx2/index.php | INFO: Tag[ view_template ] --START--
[ 2012-09-14T22:49:02+08:00 ] /xxx2/index.php | INFO: Run LocationTemplate Behavior [ RunTime:0.001469s ]
[ 2012-09-14T22:49:02+08:00 ] /xxx2/index.php | INFO: Tag[ view_template ] --END-- [ RunTime:0.001573s ]
[ 2012-09-14T22:49:02+08:00 ] /xxx2/index.php | INFO: Tag[ view_parse ] --START--
[ 2012-09-14T22:49:02+08:00 ] /xxx2/index.php | INFO: Run ParseTemplate Behavior [ RunTime:0.078258s ]
[ 2012-09-14T22:49:02+08:00 ] /xxx2/index.php | INFO: Tag[ view_parse ] --END-- [ RunTime:0.078383s ]
[ 2012-09-14T22:49:02+08:00 ] /xxx2/index.php | INFO: Tag[ view_filter ] --START--
[ 2012-09-14T22:49:02+08:00 ] /xxx2/index.php | INFO: Run ContentReplace Behavior [ RunTime:0.001015s ]
[ 2012-09-14T22:49:02+08:00 ] /xxx2/index.php | INFO: Run TokenBuild Behavior [ RunTime:0.001328s ]
[ 2012-09-14T22:49:02+08:00 ] /xxx2/index.php | INFO: Run WriteHtmlCache Behavior [ RunTime:0.002641s ]
[ 2012-09-14T22:49:02+08:00 ] /xxx2/index.php | INFO: Run ShowRuntime Behavior [ RunTime:0.001230s ]
[ 2012-09-14T22:49:02+08:00 ] /xxx2/index.php | INFO: Tag[ view_filter ] --END-- [ RunTime:0.006988s ]
[ 2012-09-14T22:49:02+08:00 ] /xxx2/index.php | INFO: Tag[ view_end ] --START--
[ 2012-09-14T22:49:02+08:00 ] /xxx2/index.php | INFO: Run ShowPageTrace Behavior [ RunTime:0.001492s ]
[ 2012-09-14T22:49:02+08:00 ] /xxx2/index.php | INFO: Tag[ view_end ] --END-- [ RunTime:0.001596s ]
[ 2012-09-14T22:49:03+08:00 ] /xxx2/index.php | INFO: Tag[ app_begin ] --START--
[ 2012-09-14T22:49:03+08:00 ] /xxx2/index.php | INFO: Run ReadHtmlCache Behavior [ RunTime:0.000864s ]
[ 2012-09-14T22:49:03+08:00 ] /xxx2/index.php | INFO: Tag[ app_begin ] --END-- [ RunTime:0.001055s ]
[ 2012-09-14T22:49:03+08:00 ] /xxx2/index.php | SQL: SHOW COLUMNS FROM `think_catalog` [ RunTime:0.005166s ]
[ 2012-09-14T22:49:03+08:00 ] /xxx2/index.php | SQL: SELECT `id`,`f_cata` FROM `think_catalog` WHERE f_id=0  [ RunTime:0.023440s ]
[ 2012-09-14T22:49:03+08:00 ] /xxx2/index.php | SQL: SHOW COLUMNS FROM `think_link` [ RunTime:0.003641s ]
[ 2012-09-14T22:49:03+08:00 ] /xxx2/index.php | SQL: SELECT `id`,`addr`,`info` FROM `think_link`  [ RunTime:0.001039s ]
[ 2012-09-14T22:49:03+08:00 ] /xxx2/index.php | SQL: SHOW COLUMNS FROM `think_tongzhi` [ RunTime:0.004578s ]
[ 2012-09-14T22:49:03+08:00 ] /xxx2/index.php | SQL: SELECT `id`,`title`,`content`,`name`,`dt` FROM `think_tongzhi`  [ RunTime:0.013080s ]
[ 2012-09-14T22:49:03+08:00 ] /xxx2/index.php | NOTIC: [8] Undefined index: username functions.php 第 441 行.
[ 2012-09-14T22:49:03+08:00 ] /xxx2/index.php | INFO: Tag[ view_template ] --START--
[ 2012-09-14T22:49:03+08:00 ] /xxx2/index.php | INFO: Run LocationTemplate Behavior [ RunTime:0.000777s ]
[ 2012-09-14T22:49:03+08:00 ] /xxx2/index.php | INFO: Tag[ view_template ] --END-- [ RunTime:0.000886s ]
[ 2012-09-14T22:49:03+08:00 ] /xxx2/index.php | INFO: Tag[ view_parse ] --START--
[ 2012-09-14T22:49:03+08:00 ] /xxx2/index.php | INFO: Run ParseTemplate Behavior [ RunTime:0.053427s ]
[ 2012-09-14T22:49:03+08:00 ] /xxx2/index.php | INFO: Tag[ view_parse ] --END-- [ RunTime:0.053579s ]
[ 2012-09-14T22:49:03+08:00 ] /xxx2/index.php | INFO: Tag[ view_filter ] --START--
[ 2012-09-14T22:49:03+08:00 ] /xxx2/index.php | INFO: Run ContentReplace Behavior [ RunTime:0.000718s ]
[ 2012-09-14T22:49:03+08:00 ] /xxx2/index.php | INFO: Run TokenBuild Behavior [ RunTime:0.000660s ]
[ 2012-09-14T22:49:03+08:00 ] /xxx2/index.php | INFO: Run WriteHtmlCache Behavior [ RunTime:0.000863s ]
[ 2012-09-14T22:49:03+08:00 ] /xxx2/index.php | INFO: Run ShowRuntime Behavior [ RunTime:0.001051s ]
[ 2012-09-14T22:49:03+08:00 ] /xxx2/index.php | INFO: Tag[ view_filter ] --END-- [ RunTime:0.003576s ]
[ 2012-09-14T22:49:03+08:00 ] /xxx2/index.php | INFO: Tag[ view_end ] --START--
[ 2012-09-14T22:49:03+08:00 ] /xxx2/index.php | INFO: Run ShowPageTrace Behavior [ RunTime:0.002576s ]
[ 2012-09-14T22:49:03+08:00 ] /xxx2/index.php | INFO: Tag[ view_end ] --END-- [ RunTime:0.002694s ]
[ 2012-09-14T22:49:03+08:00 ] /xxx2/index.php | INFO: Tag[ app_begin ] --START--
[ 2012-09-14T22:49:03+08:00 ] /xxx2/index.php | INFO: Run ReadHtmlCache Behavior [ RunTime:0.001221s ]
[ 2012-09-14T22:49:03+08:00 ] /xxx2/index.php | INFO: Tag[ app_begin ] --END-- [ RunTime:0.001373s ]
[ 2012-09-14T22:49:03+08:00 ] /xxx2/index.php | SQL: SHOW COLUMNS FROM `think_catalog` [ RunTime:0.010248s ]
[ 2012-09-14T22:49:03+08:00 ] /xxx2/index.php | SQL: SELECT `id`,`f_cata` FROM `think_catalog` WHERE f_id=0  [ RunTime:0.012010s ]
[ 2012-09-14T22:49:03+08:00 ] /xxx2/index.php | SQL: SHOW COLUMNS FROM `think_link` [ RunTime:0.003503s ]
[ 2012-09-14T22:49:03+08:00 ] /xxx2/index.php | SQL: SELECT `id`,`addr`,`info` FROM `think_link`  [ RunTime:0.013221s ]
[ 2012-09-14T22:49:03+08:00 ] /xxx2/index.php | SQL: SHOW COLUMNS FROM `think_tongzhi` [ RunTime:0.004624s ]
[ 2012-09-14T22:49:03+08:00 ] /xxx2/index.php | SQL: SELECT `id`,`title`,`content`,`name`,`dt` FROM `think_tongzhi`  [ RunTime:0.004119s ]
[ 2012-09-14T22:49:03+08:00 ] /xxx2/index.php | NOTIC: [8] Undefined index: username functions.php 第 441 行.
[ 2012-09-14T22:49:03+08:00 ] /xxx2/index.php | INFO: Tag[ view_template ] --START--
[ 2012-09-14T22:49:03+08:00 ] /xxx2/index.php | INFO: Run LocationTemplate Behavior [ RunTime:0.001020s ]
[ 2012-09-14T22:49:03+08:00 ] /xxx2/index.php | INFO: Tag[ view_template ] --END-- [ RunTime:0.001762s ]
[ 2012-09-14T22:49:03+08:00 ] /xxx2/index.php | INFO: Tag[ view_parse ] --START--
[ 2012-09-14T22:49:03+08:00 ] /xxx2/index.php | INFO: Run ParseTemplate Behavior [ RunTime:0.021859s ]
[ 2012-09-14T22:49:03+08:00 ] /xxx2/index.php | INFO: Tag[ view_parse ] --END-- [ RunTime:0.022326s ]
[ 2012-09-14T22:49:03+08:00 ] /xxx2/index.php | INFO: Tag[ view_filter ] --START--
[ 2012-09-14T22:49:03+08:00 ] /xxx2/index.php | INFO: Run ContentReplace Behavior [ RunTime:0.000621s ]
[ 2012-09-14T22:49:03+08:00 ] /xxx2/index.php | INFO: Run TokenBuild Behavior [ RunTime:0.002193s ]
[ 2012-09-14T22:49:03+08:00 ] /xxx2/index.php | INFO: Run WriteHtmlCache Behavior [ RunTime:0.009474s ]
[ 2012-09-14T22:49:03+08:00 ] /xxx2/index.php | INFO: Run ShowRuntime Behavior [ RunTime:0.001154s ]
[ 2012-09-14T22:49:03+08:00 ] /xxx2/index.php | INFO: Tag[ view_filter ] --END-- [ RunTime:0.013759s ]
[ 2012-09-14T22:49:03+08:00 ] /xxx2/index.php | INFO: Tag[ view_end ] --START--
[ 2012-09-14T22:49:03+08:00 ] /xxx2/index.php | INFO: Run ShowPageTrace Behavior [ RunTime:0.000931s ]
[ 2012-09-14T22:49:03+08:00 ] /xxx2/index.php | INFO: Tag[ view_end ] --END-- [ RunTime:0.001027s ]
[ 2012-09-14T22:49:03+08:00 ] /xxx2/index.php | INFO: Tag[ app_begin ] --START--
[ 2012-09-14T22:49:03+08:00 ] /xxx2/index.php | INFO: Run ReadHtmlCache Behavior [ RunTime:0.000938s ]
[ 2012-09-14T22:49:03+08:00 ] /xxx2/index.php | INFO: Tag[ app_begin ] --END-- [ RunTime:0.001078s ]
[ 2012-09-14T22:49:04+08:00 ] /xxx2/index.php | SQL: SHOW COLUMNS FROM `think_catalog` [ RunTime:0.003765s ]
[ 2012-09-14T22:49:04+08:00 ] /xxx2/index.php | SQL: SELECT `id`,`f_cata` FROM `think_catalog` WHERE f_id=0  [ RunTime:0.021222s ]
[ 2012-09-14T22:49:04+08:00 ] /xxx2/index.php | SQL: SHOW COLUMNS FROM `think_link` [ RunTime:0.004301s ]
[ 2012-09-14T22:49:04+08:00 ] /xxx2/index.php | SQL: SELECT `id`,`addr`,`info` FROM `think_link`  [ RunTime:0.002169s ]
[ 2012-09-14T22:49:04+08:00 ] /xxx2/index.php | SQL: SHOW COLUMNS FROM `think_tongzhi` [ RunTime:0.003260s ]
[ 2012-09-14T22:49:04+08:00 ] /xxx2/index.php | SQL: SELECT `id`,`title`,`content`,`name`,`dt` FROM `think_tongzhi`  [ RunTime:0.004571s ]
[ 2012-09-14T22:49:04+08:00 ] /xxx2/index.php | NOTIC: [8] Undefined index: username functions.php 第 441 行.
[ 2012-09-14T22:49:04+08:00 ] /xxx2/index.php | INFO: Tag[ view_template ] --START--
[ 2012-09-14T22:49:04+08:00 ] /xxx2/index.php | INFO: Run LocationTemplate Behavior [ RunTime:0.000918s ]
[ 2012-09-14T22:49:04+08:00 ] /xxx2/index.php | INFO: Tag[ view_template ] --END-- [ RunTime:0.001026s ]
[ 2012-09-14T22:49:04+08:00 ] /xxx2/index.php | INFO: Tag[ view_parse ] --START--
[ 2012-09-14T22:49:04+08:00 ] /xxx2/index.php | INFO: Run ParseTemplate Behavior [ RunTime:0.019849s ]
[ 2012-09-14T22:49:04+08:00 ] /xxx2/index.php | INFO: Tag[ view_parse ] --END-- [ RunTime:0.019987s ]
[ 2012-09-14T22:49:04+08:00 ] /xxx2/index.php | INFO: Tag[ view_filter ] --START--
[ 2012-09-14T22:49:04+08:00 ] /xxx2/index.php | INFO: Run ContentReplace Behavior [ RunTime:0.000590s ]
[ 2012-09-14T22:49:04+08:00 ] /xxx2/index.php | INFO: Run TokenBuild Behavior [ RunTime:0.000685s ]
[ 2012-09-14T22:49:04+08:00 ] /xxx2/index.php | INFO: Run WriteHtmlCache Behavior [ RunTime:0.000358s ]
[ 2012-09-14T22:49:04+08:00 ] /xxx2/index.php | INFO: Run ShowRuntime Behavior [ RunTime:0.001492s ]
[ 2012-09-14T22:49:04+08:00 ] /xxx2/index.php | INFO: Tag[ view_filter ] --END-- [ RunTime:0.003405s ]
[ 2012-09-14T22:49:04+08:00 ] /xxx2/index.php | INFO: Tag[ view_end ] --START--
[ 2012-09-14T22:49:04+08:00 ] /xxx2/index.php | INFO: Run ShowPageTrace Behavior [ RunTime:0.001072s ]
[ 2012-09-14T22:49:04+08:00 ] /xxx2/index.php | INFO: Tag[ view_end ] --END-- [ RunTime:0.001182s ]
[ 2012-09-14T22:49:04+08:00 ] /xxx2/index.php | INFO: Tag[ app_begin ] --START--
[ 2012-09-14T22:49:04+08:00 ] /xxx2/index.php | INFO: Run ReadHtmlCache Behavior [ RunTime:0.001157s ]
[ 2012-09-14T22:49:04+08:00 ] /xxx2/index.php | INFO: Tag[ app_begin ] --END-- [ RunTime:0.001309s ]
[ 2012-09-14T22:49:04+08:00 ] /xxx2/index.php | SQL: SHOW COLUMNS FROM `think_catalog` [ RunTime:0.003977s ]
[ 2012-09-14T22:49:04+08:00 ] /xxx2/index.php | SQL: SELECT `id`,`f_cata` FROM `think_catalog` WHERE f_id=0  [ RunTime:0.002315s ]
[ 2012-09-14T22:49:04+08:00 ] /xxx2/index.php | SQL: SHOW COLUMNS FROM `think_link` [ RunTime:0.004077s ]
[ 2012-09-14T22:49:04+08:00 ] /xxx2/index.php | SQL: SELECT `id`,`addr`,`info` FROM `think_link`  [ RunTime:0.000455s ]
[ 2012-09-14T22:49:04+08:00 ] /xxx2/index.php | SQL: SHOW COLUMNS FROM `think_tongzhi` [ RunTime:0.003635s ]
[ 2012-09-14T22:49:04+08:00 ] /xxx2/index.php | SQL: SELECT `id`,`title`,`content`,`name`,`dt` FROM `think_tongzhi`  [ RunTime:0.001637s ]
[ 2012-09-14T22:49:04+08:00 ] /xxx2/index.php | NOTIC: [8] Undefined index: username functions.php 第 441 行.
[ 2012-09-14T22:49:04+08:00 ] /xxx2/index.php | INFO: Tag[ view_template ] --START--
[ 2012-09-14T22:49:04+08:00 ] /xxx2/index.php | INFO: Run LocationTemplate Behavior [ RunTime:0.000990s ]
[ 2012-09-14T22:49:04+08:00 ] /xxx2/index.php | INFO: Tag[ view_template ] --END-- [ RunTime:0.001089s ]
[ 2012-09-14T22:49:04+08:00 ] /xxx2/index.php | INFO: Tag[ view_parse ] --START--
[ 2012-09-14T22:49:04+08:00 ] /xxx2/index.php | INFO: Run ParseTemplate Behavior [ RunTime:0.023699s ]
[ 2012-09-14T22:49:04+08:00 ] /xxx2/index.php | INFO: Tag[ view_parse ] --END-- [ RunTime:0.023842s ]
[ 2012-09-14T22:49:04+08:00 ] /xxx2/index.php | INFO: Tag[ view_filter ] --START--
[ 2012-09-14T22:49:04+08:00 ] /xxx2/index.php | INFO: Run ContentReplace Behavior [ RunTime:0.000824s ]
[ 2012-09-14T22:49:04+08:00 ] /xxx2/index.php | INFO: Run TokenBuild Behavior [ RunTime:0.001103s ]
[ 2012-09-14T22:49:04+08:00 ] /xxx2/index.php | INFO: Run WriteHtmlCache Behavior [ RunTime:0.001631s ]
[ 2012-09-14T22:49:04+08:00 ] /xxx2/index.php | INFO: Run ShowRuntime Behavior [ RunTime:0.001142s ]
[ 2012-09-14T22:49:04+08:00 ] /xxx2/index.php | INFO: Tag[ view_filter ] --END-- [ RunTime:0.006905s ]
[ 2012-09-14T22:49:04+08:00 ] /xxx2/index.php | INFO: Tag[ view_end ] --START--
[ 2012-09-14T22:49:04+08:00 ] /xxx2/index.php | INFO: Run ShowPageTrace Behavior [ RunTime:0.001217s ]
[ 2012-09-14T22:49:04+08:00 ] /xxx2/index.php | INFO: Tag[ view_end ] --END-- [ RunTime:0.001331s ]
[ 2012-09-14T22:49:04+08:00 ] /xxx2/index.php | INFO: Tag[ app_begin ] --START--
[ 2012-09-14T22:49:04+08:00 ] /xxx2/index.php | INFO: Run ReadHtmlCache Behavior [ RunTime:0.002237s ]
[ 2012-09-14T22:49:04+08:00 ] /xxx2/index.php | INFO: Tag[ app_begin ] --END-- [ RunTime:0.002395s ]
[ 2012-09-14T22:49:04+08:00 ] /xxx2/index.php | SQL: SHOW COLUMNS FROM `think_catalog` [ RunTime:0.004950s ]
[ 2012-09-14T22:49:04+08:00 ] /xxx2/index.php | SQL: SELECT `id`,`f_cata` FROM `think_catalog` WHERE f_id=0  [ RunTime:0.001157s ]
[ 2012-09-14T22:49:04+08:00 ] /xxx2/index.php | SQL: SHOW COLUMNS FROM `think_link` [ RunTime:0.003625s ]
[ 2012-09-14T22:49:04+08:00 ] /xxx2/index.php | SQL: SELECT `id`,`addr`,`info` FROM `think_link`  [ RunTime:0.002432s ]
[ 2012-09-14T22:49:04+08:00 ] /xxx2/index.php | SQL: SHOW COLUMNS FROM `think_tongzhi` [ RunTime:0.012220s ]
[ 2012-09-14T22:49:04+08:00 ] /xxx2/index.php | SQL: SELECT `id`,`title`,`content`,`name`,`dt` FROM `think_tongzhi`  [ RunTime:0.009492s ]
[ 2012-09-14T22:49:04+08:00 ] /xxx2/index.php | NOTIC: [8] Undefined index: username functions.php 第 441 行.
[ 2012-09-14T22:49:04+08:00 ] /xxx2/index.php | INFO: Tag[ view_template ] --START--
[ 2012-09-14T22:49:04+08:00 ] /xxx2/index.php | INFO: Run LocationTemplate Behavior [ RunTime:0.001593s ]
[ 2012-09-14T22:49:04+08:00 ] /xxx2/index.php | INFO: Tag[ view_template ] --END-- [ RunTime:0.001722s ]
[ 2012-09-14T22:49:04+08:00 ] /xxx2/index.php | INFO: Tag[ view_parse ] --START--
[ 2012-09-14T22:49:04+08:00 ] /xxx2/index.php | INFO: Run ParseTemplate Behavior [ RunTime:0.049257s ]
[ 2012-09-14T22:49:04+08:00 ] /xxx2/index.php | INFO: Tag[ view_parse ] --END-- [ RunTime:0.049473s ]
[ 2012-09-14T22:49:04+08:00 ] /xxx2/index.php | INFO: Tag[ view_filter ] --START--
[ 2012-09-14T22:49:04+08:00 ] /xxx2/index.php | INFO: Run ContentReplace Behavior [ RunTime:0.006848s ]
[ 2012-09-14T22:49:04+08:00 ] /xxx2/index.php | INFO: Run TokenBuild Behavior [ RunTime:0.001416s ]
[ 2012-09-14T22:49:04+08:00 ] /xxx2/index.php | INFO: Run WriteHtmlCache Behavior [ RunTime:0.000803s ]
[ 2012-09-14T22:49:04+08:00 ] /xxx2/index.php | INFO: Run ShowRuntime Behavior [ RunTime:0.007113s ]
[ 2012-09-14T22:49:04+08:00 ] /xxx2/index.php | INFO: Tag[ view_filter ] --END-- [ RunTime:0.016581s ]
[ 2012-09-14T22:49:04+08:00 ] /xxx2/index.php | INFO: Tag[ view_end ] --START--
[ 2012-09-14T22:49:04+08:00 ] /xxx2/index.php | INFO: Run ShowPageTrace Behavior [ RunTime:0.001234s ]
[ 2012-09-14T22:49:04+08:00 ] /xxx2/index.php | INFO: Tag[ view_end ] --END-- [ RunTime:0.001336s ]
[ 2012-09-14T22:49:04+08:00 ] /xxx2/index.php | INFO: Tag[ app_begin ] --START--
[ 2012-09-14T22:49:04+08:00 ] /xxx2/index.php | INFO: Run ReadHtmlCache Behavior [ RunTime:0.001417s ]
[ 2012-09-14T22:49:04+08:00 ] /xxx2/index.php | INFO: Tag[ app_begin ] --END-- [ RunTime:0.001567s ]
[ 2012-09-14T22:49:04+08:00 ] /xxx2/index.php | SQL: SHOW COLUMNS FROM `think_catalog` [ RunTime:0.007717s ]
[ 2012-09-14T22:49:04+08:00 ] /xxx2/index.php | SQL: SELECT `id`,`f_cata` FROM `think_catalog` WHERE f_id=0  [ RunTime:0.002022s ]
[ 2012-09-14T22:49:04+08:00 ] /xxx2/index.php | SQL: SHOW COLUMNS FROM `think_link` [ RunTime:0.003887s ]
[ 2012-09-14T22:49:04+08:00 ] /xxx2/index.php | SQL: SELECT `id`,`addr`,`info` FROM `think_link`  [ RunTime:0.007333s ]
[ 2012-09-14T22:49:04+08:00 ] /xxx2/index.php | SQL: SHOW COLUMNS FROM `think_tongzhi` [ RunTime:0.003846s ]
[ 2012-09-14T22:49:04+08:00 ] /xxx2/index.php | SQL: SELECT `id`,`title`,`content`,`name`,`dt` FROM `think_tongzhi`  [ RunTime:0.001144s ]
[ 2012-09-14T22:49:04+08:00 ] /xxx2/index.php | NOTIC: [8] Undefined index: username functions.php 第 441 行.
[ 2012-09-14T22:49:04+08:00 ] /xxx2/index.php | INFO: Tag[ view_template ] --START--
[ 2012-09-14T22:49:04+08:00 ] /xxx2/index.php | INFO: Run LocationTemplate Behavior [ RunTime:0.001293s ]
[ 2012-09-14T22:49:04+08:00 ] /xxx2/index.php | INFO: Tag[ view_template ] --END-- [ RunTime:0.001431s ]
[ 2012-09-14T22:49:04+08:00 ] /xxx2/index.php | INFO: Tag[ view_parse ] --START--
[ 2012-09-14T22:49:05+08:00 ] /xxx2/index.php | INFO: Run ParseTemplate Behavior [ RunTime:0.053839s ]
[ 2012-09-14T22:49:05+08:00 ] /xxx2/index.php | INFO: Tag[ view_parse ] --END-- [ RunTime:0.053991s ]
[ 2012-09-14T22:49:05+08:00 ] /xxx2/index.php | INFO: Tag[ view_filter ] --START--
[ 2012-09-14T22:49:05+08:00 ] /xxx2/index.php | INFO: Run ContentReplace Behavior [ RunTime:0.000937s ]
[ 2012-09-14T22:49:05+08:00 ] /xxx2/index.php | INFO: Run TokenBuild Behavior [ RunTime:0.001329s ]
[ 2012-09-14T22:49:05+08:00 ] /xxx2/index.php | INFO: Run WriteHtmlCache Behavior [ RunTime:0.000668s ]
[ 2012-09-14T22:49:05+08:00 ] /xxx2/index.php | INFO: Run ShowRuntime Behavior [ RunTime:0.003550s ]
[ 2012-09-14T22:49:05+08:00 ] /xxx2/index.php | INFO: Tag[ view_filter ] --END-- [ RunTime:0.006779s ]
[ 2012-09-14T22:49:05+08:00 ] /xxx2/index.php | INFO: Tag[ view_end ] --START--
[ 2012-09-14T22:49:05+08:00 ] /xxx2/index.php | INFO: Run ShowPageTrace Behavior [ RunTime:0.001105s ]
[ 2012-09-14T22:49:05+08:00 ] /xxx2/index.php | INFO: Tag[ view_end ] --END-- [ RunTime:0.001220s ]
[ 2012-09-14T22:49:04+08:00 ] /xxx2/index.php | INFO: Tag[ app_begin ] --START--
[ 2012-09-14T22:49:04+08:00 ] /xxx2/index.php | INFO: Run ReadHtmlCache Behavior [ RunTime:0.001052s ]
[ 2012-09-14T22:49:04+08:00 ] /xxx2/index.php | INFO: Tag[ app_begin ] --END-- [ RunTime:0.001199s ]
[ 2012-09-14T22:49:05+08:00 ] /xxx2/index.php | SQL: SHOW COLUMNS FROM `think_catalog` [ RunTime:0.004395s ]
[ 2012-09-14T22:49:05+08:00 ] /xxx2/index.php | SQL: SELECT `id`,`f_cata` FROM `think_catalog` WHERE f_id=0  [ RunTime:0.001249s ]
[ 2012-09-14T22:49:05+08:00 ] /xxx2/index.php | SQL: SHOW COLUMNS FROM `think_link` [ RunTime:0.004683s ]
[ 2012-09-14T22:49:05+08:00 ] /xxx2/index.php | SQL: SELECT `id`,`addr`,`info` FROM `think_link`  [ RunTime:0.002155s ]
[ 2012-09-14T22:49:05+08:00 ] /xxx2/index.php | SQL: SHOW COLUMNS FROM `think_tongzhi` [ RunTime:0.003462s ]
[ 2012-09-14T22:49:05+08:00 ] /xxx2/index.php | SQL: SELECT `id`,`title`,`content`,`name`,`dt` FROM `think_tongzhi`  [ RunTime:0.001688s ]
[ 2012-09-14T22:49:05+08:00 ] /xxx2/index.php | NOTIC: [8] Undefined index: username functions.php 第 441 行.
[ 2012-09-14T22:49:05+08:00 ] /xxx2/index.php | INFO: Tag[ view_template ] --START--
[ 2012-09-14T22:49:05+08:00 ] /xxx2/index.php | INFO: Run LocationTemplate Behavior [ RunTime:0.000671s ]
[ 2012-09-14T22:49:05+08:00 ] /xxx2/index.php | INFO: Tag[ view_template ] --END-- [ RunTime:0.000772s ]
[ 2012-09-14T22:49:05+08:00 ] /xxx2/index.php | INFO: Tag[ view_parse ] --START--
[ 2012-09-14T22:49:05+08:00 ] /xxx2/index.php | INFO: Run ParseTemplate Behavior [ RunTime:0.023275s ]
[ 2012-09-14T22:49:05+08:00 ] /xxx2/index.php | INFO: Tag[ view_parse ] --END-- [ RunTime:0.023421s ]
[ 2012-09-14T22:49:05+08:00 ] /xxx2/index.php | INFO: Tag[ view_filter ] --START--
[ 2012-09-14T22:49:05+08:00 ] /xxx2/index.php | INFO: Run ContentReplace Behavior [ RunTime:0.000667s ]
[ 2012-09-14T22:49:05+08:00 ] /xxx2/index.php | INFO: Run TokenBuild Behavior [ RunTime:0.001312s ]
[ 2012-09-14T22:49:05+08:00 ] /xxx2/index.php | INFO: Run WriteHtmlCache Behavior [ RunTime:0.001196s ]
[ 2012-09-14T22:49:05+08:00 ] /xxx2/index.php | INFO: Run ShowRuntime Behavior [ RunTime:0.001078s ]
[ 2012-09-14T22:49:05+08:00 ] /xxx2/index.php | INFO: Tag[ view_filter ] --END-- [ RunTime:0.004555s ]
[ 2012-09-14T22:49:05+08:00 ] /xxx2/index.php | INFO: Tag[ view_end ] --START--
[ 2012-09-14T22:49:05+08:00 ] /xxx2/index.php | INFO: Run ShowPageTrace Behavior [ RunTime:0.003891s ]
[ 2012-09-14T22:49:05+08:00 ] /xxx2/index.php | INFO: Tag[ view_end ] --END-- [ RunTime:0.004014s ]
[ 2012-09-14T22:49:16+08:00 ] /xxx2/index.php | INFO: Tag[ app_begin ] --START--
[ 2012-09-14T22:49:16+08:00 ] /xxx2/index.php | INFO: Run ReadHtmlCache Behavior [ RunTime:0.000869s ]
[ 2012-09-14T22:49:16+08:00 ] /xxx2/index.php | INFO: Tag[ app_begin ] --END-- [ RunTime:0.000999s ]
[ 2012-09-14T22:49:16+08:00 ] /xxx2/index.php | SQL: SHOW COLUMNS FROM `think_catalog` [ RunTime:0.005079s ]
[ 2012-09-14T22:49:16+08:00 ] /xxx2/index.php | SQL: SELECT `id`,`f_cata` FROM `think_catalog` WHERE f_id=0  [ RunTime:0.000948s ]
[ 2012-09-14T22:49:16+08:00 ] /xxx2/index.php | SQL: SHOW COLUMNS FROM `think_link` [ RunTime:0.003779s ]
[ 2012-09-14T22:49:16+08:00 ] /xxx2/index.php | SQL: SELECT `id`,`addr`,`info` FROM `think_link`  [ RunTime:0.001069s ]
[ 2012-09-14T22:49:16+08:00 ] /xxx2/index.php | SQL: SHOW COLUMNS FROM `think_tongzhi` [ RunTime:0.004050s ]
[ 2012-09-14T22:49:16+08:00 ] /xxx2/index.php | SQL: SELECT `id`,`title`,`content`,`name`,`dt` FROM `think_tongzhi`  [ RunTime:0.002020s ]
[ 2012-09-14T22:49:16+08:00 ] /xxx2/index.php | NOTIC: [8] Undefined index: username functions.php 第 441 行.
[ 2012-09-14T22:49:16+08:00 ] /xxx2/index.php | INFO: Tag[ view_template ] --START--
[ 2012-09-14T22:49:16+08:00 ] /xxx2/index.php | INFO: Run LocationTemplate Behavior [ RunTime:0.000808s ]
[ 2012-09-14T22:49:16+08:00 ] /xxx2/index.php | INFO: Tag[ view_template ] --END-- [ RunTime:0.000910s ]
[ 2012-09-14T22:49:16+08:00 ] /xxx2/index.php | INFO: Tag[ view_parse ] --START--
[ 2012-09-14T22:49:16+08:00 ] /xxx2/index.php | INFO: Run ParseTemplate Behavior [ RunTime:0.021882s ]
[ 2012-09-14T22:49:16+08:00 ] /xxx2/index.php | INFO: Tag[ view_parse ] --END-- [ RunTime:0.022031s ]
[ 2012-09-14T22:49:16+08:00 ] /xxx2/index.php | INFO: Tag[ view_filter ] --START--
[ 2012-09-14T22:49:16+08:00 ] /xxx2/index.php | INFO: Run ContentReplace Behavior [ RunTime:0.002524s ]
[ 2012-09-14T22:49:16+08:00 ] /xxx2/index.php | INFO: Run TokenBuild Behavior [ RunTime:0.005111s ]
[ 2012-09-14T22:49:16+08:00 ] /xxx2/index.php | INFO: Run WriteHtmlCache Behavior [ RunTime:0.000711s ]
[ 2012-09-14T22:49:16+08:00 ] /xxx2/index.php | INFO: Run ShowRuntime Behavior [ RunTime:0.001323s ]
[ 2012-09-14T22:49:16+08:00 ] /xxx2/index.php | INFO: Tag[ view_filter ] --END-- [ RunTime:0.010062s ]
[ 2012-09-14T22:49:16+08:00 ] /xxx2/index.php | INFO: Tag[ view_end ] --START--
[ 2012-09-14T22:49:16+08:00 ] /xxx2/index.php | INFO: Run ShowPageTrace Behavior [ RunTime:0.001277s ]
[ 2012-09-14T22:49:16+08:00 ] /xxx2/index.php | INFO: Tag[ view_end ] --END-- [ RunTime:0.001388s ]
[ 2012-09-14T22:59:09+08:00 ] /xxx2/index.php/Index/index_pwd | INFO: Tag[ route_check ] --START--
[ 2012-09-14T22:59:09+08:00 ] /xxx2/index.php/Index/index_pwd | INFO: Run CheckRoute Behavior [ RunTime:0.001481s ]
[ 2012-09-14T22:59:09+08:00 ] /xxx2/index.php/Index/index_pwd | INFO: Tag[ route_check ] --END-- [ RunTime:0.001606s ]
[ 2012-09-14T22:59:09+08:00 ] /xxx2/index.php/Index/index_pwd | INFO: Tag[ app_begin ] --START--
[ 2012-09-14T22:59:09+08:00 ] /xxx2/index.php/Index/index_pwd | INFO: Run ReadHtmlCache Behavior [ RunTime:0.000999s ]
[ 2012-09-14T22:59:09+08:00 ] /xxx2/index.php/Index/index_pwd | INFO: Tag[ app_begin ] --END-- [ RunTime:0.001078s ]
[ 2012-09-14T22:59:09+08:00 ] /xxx2/index.php/Index/index_pwd | SQL: SHOW COLUMNS FROM `think_catalog` [ RunTime:0.004715s ]
[ 2012-09-14T22:59:09+08:00 ] /xxx2/index.php/Index/index_pwd | SQL: SELECT `id`,`f_cata` FROM `think_catalog` WHERE f_id=0  [ RunTime:0.000689s ]
[ 2012-09-14T22:59:09+08:00 ] /xxx2/index.php/Index/index_pwd | SQL: SHOW COLUMNS FROM `think_link` [ RunTime:0.002752s ]
[ 2012-09-14T22:59:09+08:00 ] /xxx2/index.php/Index/index_pwd | SQL: SELECT `id`,`addr`,`info` FROM `think_link`  [ RunTime:0.000432s ]
[ 2012-09-14T22:59:09+08:00 ] /xxx2/index.php/Index/index_pwd | INFO: Tag[ view_template ] --START--
[ 2012-09-14T22:59:09+08:00 ] /xxx2/index.php/Index/index_pwd | INFO: Run LocationTemplate Behavior [ RunTime:0.002365s ]
[ 2012-09-14T22:59:09+08:00 ] /xxx2/index.php/Index/index_pwd | INFO: Tag[ view_template ] --END-- [ RunTime:0.002484s ]
[ 2012-09-14T22:59:09+08:00 ] /xxx2/index.php/Index/index_pwd | INFO: Tag[ view_parse ] --START--
[ 2012-09-14T22:59:09+08:00 ] /xxx2/index.php/Index/index_pwd | NOTIC: [8] Undefined variable: title 6833fa2ead415a5b4ec6ad6a5c246f7d.php 第 7 行.
[ 2012-09-14T22:59:09+08:00 ] /xxx2/index.php/Index/index_pwd | INFO: Run ParseTemplate Behavior [ RunTime:0.035909s ]
[ 2012-09-14T22:59:09+08:00 ] /xxx2/index.php/Index/index_pwd | INFO: Tag[ view_parse ] --END-- [ RunTime:0.035993s ]
[ 2012-09-14T22:59:09+08:00 ] /xxx2/index.php/Index/index_pwd | INFO: Tag[ view_filter ] --START--
[ 2012-09-14T22:59:09+08:00 ] /xxx2/index.php/Index/index_pwd | INFO: Run ContentReplace Behavior [ RunTime:0.000704s ]
[ 2012-09-14T22:59:09+08:00 ] /xxx2/index.php/Index/index_pwd | INFO: Run TokenBuild Behavior [ RunTime:0.000719s ]
[ 2012-09-14T22:59:09+08:00 ] /xxx2/index.php/Index/index_pwd | INFO: Run WriteHtmlCache Behavior [ RunTime:0.000482s ]
[ 2012-09-14T22:59:09+08:00 ] /xxx2/index.php/Index/index_pwd | INFO: Run ShowRuntime Behavior [ RunTime:0.000685s ]
[ 2012-09-14T22:59:09+08:00 ] /xxx2/index.php/Index/index_pwd | INFO: Tag[ view_filter ] --END-- [ RunTime:0.002769s ]
[ 2012-09-14T22:59:09+08:00 ] /xxx2/index.php/Index/index_pwd | INFO: Tag[ view_end ] --START--
[ 2012-09-14T22:59:09+08:00 ] /xxx2/index.php/Index/index_pwd | INFO: Run ShowPageTrace Behavior [ RunTime:0.002940s ]
[ 2012-09-14T22:59:09+08:00 ] /xxx2/index.php/Index/index_pwd | INFO: Tag[ view_end ] --END-- [ RunTime:0.003034s ]
[ 2012-09-14T22:59:12+08:00 ] /xxx2/index.php/Index/index_regist | INFO: Tag[ route_check ] --START--
[ 2012-09-14T22:59:12+08:00 ] /xxx2/index.php/Index/index_regist | INFO: Run CheckRoute Behavior [ RunTime:0.001199s ]
[ 2012-09-14T22:59:12+08:00 ] /xxx2/index.php/Index/index_regist | INFO: Tag[ route_check ] --END-- [ RunTime:0.001350s ]
[ 2012-09-14T22:59:12+08:00 ] /xxx2/index.php/Index/index_regist | INFO: Tag[ app_begin ] --START--
[ 2012-09-14T22:59:12+08:00 ] /xxx2/index.php/Index/index_regist | INFO: Run ReadHtmlCache Behavior [ RunTime:0.001160s ]
[ 2012-09-14T22:59:12+08:00 ] /xxx2/index.php/Index/index_regist | INFO: Tag[ app_begin ] --END-- [ RunTime:0.001276s ]
[ 2012-09-14T22:59:13+08:00 ] /xxx2/index.php/Index/index_regist | SQL: SHOW COLUMNS FROM `think_catalog` [ RunTime:0.003529s ]
[ 2012-09-14T22:59:13+08:00 ] /xxx2/index.php/Index/index_regist | SQL: SELECT `id`,`f_cata` FROM `think_catalog` WHERE f_id=0  [ RunTime:0.001709s ]
[ 2012-09-14T22:59:13+08:00 ] /xxx2/index.php/Index/index_regist | SQL: SHOW COLUMNS FROM `think_link` [ RunTime:0.002714s ]
[ 2012-09-14T22:59:13+08:00 ] /xxx2/index.php/Index/index_regist | SQL: SELECT `id`,`addr`,`info` FROM `think_link`  [ RunTime:0.001683s ]
[ 2012-09-14T22:59:13+08:00 ] /xxx2/index.php/Index/index_regist | INFO: Tag[ view_template ] --START--
[ 2012-09-14T22:59:13+08:00 ] /xxx2/index.php/Index/index_regist | INFO: Run LocationTemplate Behavior [ RunTime:0.001571s ]
[ 2012-09-14T22:59:13+08:00 ] /xxx2/index.php/Index/index_regist | INFO: Tag[ view_template ] --END-- [ RunTime:0.001686s ]
[ 2012-09-14T22:59:13+08:00 ] /xxx2/index.php/Index/index_regist | INFO: Tag[ view_parse ] --START--
[ 2012-09-14T22:59:13+08:00 ] /xxx2/index.php/Index/index_regist | NOTIC: [8] Undefined variable: title 3cf063a52fa37dbb2ff5092719abcfea.php 第 7 行.
[ 2012-09-14T22:59:13+08:00 ] /xxx2/index.php/Index/index_regist | INFO: Run ParseTemplate Behavior [ RunTime:0.040837s ]
[ 2012-09-14T22:59:13+08:00 ] /xxx2/index.php/Index/index_regist | INFO: Tag[ view_parse ] --END-- [ RunTime:0.040938s ]
[ 2012-09-14T22:59:13+08:00 ] /xxx2/index.php/Index/index_regist | INFO: Tag[ view_filter ] --START--
[ 2012-09-14T22:59:13+08:00 ] /xxx2/index.php/Index/index_regist | INFO: Run ContentReplace Behavior [ RunTime:0.002141s ]
[ 2012-09-14T22:59:13+08:00 ] /xxx2/index.php/Index/index_regist | INFO: Run TokenBuild Behavior [ RunTime:0.001272s ]
[ 2012-09-14T22:59:13+08:00 ] /xxx2/index.php/Index/index_regist | INFO: Run WriteHtmlCache Behavior [ RunTime:0.000424s ]
[ 2012-09-14T22:59:13+08:00 ] /xxx2/index.php/Index/index_regist | INFO: Run ShowRuntime Behavior [ RunTime:0.001097s ]
[ 2012-09-14T22:59:13+08:00 ] /xxx2/index.php/Index/index_regist | INFO: Tag[ view_filter ] --END-- [ RunTime:0.005236s ]
[ 2012-09-14T22:59:13+08:00 ] /xxx2/index.php/Index/index_regist | INFO: Tag[ view_end ] --START--
[ 2012-09-14T22:59:13+08:00 ] /xxx2/index.php/Index/index_regist | INFO: Run ShowPageTrace Behavior [ RunTime:0.001270s ]
[ 2012-09-14T22:59:13+08:00 ] /xxx2/index.php/Index/index_regist | INFO: Tag[ view_end ] --END-- [ RunTime:0.001369s ]
[ 2012-09-14T23:02:56+08:00 ] /xxx2/index.php/Index/index_pwd | INFO: Tag[ route_check ] --START--
[ 2012-09-14T23:02:56+08:00 ] /xxx2/index.php/Index/index_pwd | INFO: Run CheckRoute Behavior [ RunTime:0.002297s ]
[ 2012-09-14T23:02:56+08:00 ] /xxx2/index.php/Index/index_pwd | INFO: Tag[ route_check ] --END-- [ RunTime:0.002468s ]
[ 2012-09-14T23:02:56+08:00 ] /xxx2/index.php/Index/index_pwd | INFO: Tag[ app_begin ] --START--
[ 2012-09-14T23:02:56+08:00 ] /xxx2/index.php/Index/index_pwd | INFO: Run ReadHtmlCache Behavior [ RunTime:0.001422s ]
[ 2012-09-14T23:02:56+08:00 ] /xxx2/index.php/Index/index_pwd | INFO: Tag[ app_begin ] --END-- [ RunTime:0.001537s ]
[ 2012-09-14T23:02:56+08:00 ] /xxx2/index.php/Index/index_pwd | SQL: SHOW COLUMNS FROM `think_catalog` [ RunTime:0.003131s ]
[ 2012-09-14T23:02:56+08:00 ] /xxx2/index.php/Index/index_pwd | SQL: SELECT `id`,`f_cata` FROM `think_catalog` WHERE f_id=0  [ RunTime:0.006467s ]
[ 2012-09-14T23:02:56+08:00 ] /xxx2/index.php/Index/index_pwd | SQL: SHOW COLUMNS FROM `think_link` [ RunTime:0.008111s ]
[ 2012-09-14T23:02:56+08:00 ] /xxx2/index.php/Index/index_pwd | SQL: SELECT `id`,`addr`,`info` FROM `think_link`  [ RunTime:0.011137s ]
[ 2012-09-14T23:02:56+08:00 ] /xxx2/index.php/Index/index_pwd | INFO: Tag[ view_template ] --START--
[ 2012-09-14T23:02:56+08:00 ] /xxx2/index.php/Index/index_pwd | INFO: Run LocationTemplate Behavior [ RunTime:0.001264s ]
[ 2012-09-14T23:02:56+08:00 ] /xxx2/index.php/Index/index_pwd | INFO: Tag[ view_template ] --END-- [ RunTime:0.001447s ]
[ 2012-09-14T23:02:56+08:00 ] /xxx2/index.php/Index/index_pwd | INFO: Tag[ view_parse ] --START--
[ 2012-09-14T23:02:56+08:00 ] /xxx2/index.php/Index/index_pwd | NOTIC: [8] Undefined variable: title 6833fa2ead415a5b4ec6ad6a5c246f7d.php 第 7 行.
[ 2012-09-14T23:02:56+08:00 ] /xxx2/index.php/Index/index_pwd | INFO: Run ParseTemplate Behavior [ RunTime:0.023333s ]
[ 2012-09-14T23:02:56+08:00 ] /xxx2/index.php/Index/index_pwd | INFO: Tag[ view_parse ] --END-- [ RunTime:0.023631s ]
[ 2012-09-14T23:02:56+08:00 ] /xxx2/index.php/Index/index_pwd | INFO: Tag[ view_filter ] --START--
[ 2012-09-14T23:02:56+08:00 ] /xxx2/index.php/Index/index_pwd | INFO: Run ContentReplace Behavior [ RunTime:0.000883s ]
[ 2012-09-14T23:02:56+08:00 ] /xxx2/index.php/Index/index_pwd | INFO: Run TokenBuild Behavior [ RunTime:0.000913s ]
[ 2012-09-14T23:02:56+08:00 ] /xxx2/index.php/Index/index_pwd | INFO: Run WriteHtmlCache Behavior [ RunTime:0.000590s ]
[ 2012-09-14T23:02:56+08:00 ] /xxx2/index.php/Index/index_pwd | INFO: Run ShowRuntime Behavior [ RunTime:0.001015s ]
[ 2012-09-14T23:02:56+08:00 ] /xxx2/index.php/Index/index_pwd | INFO: Tag[ view_filter ] --END-- [ RunTime:0.003690s ]
[ 2012-09-14T23:02:56+08:00 ] /xxx2/index.php/Index/index_pwd | INFO: Tag[ view_end ] --START--
[ 2012-09-14T23:02:56+08:00 ] /xxx2/index.php/Index/index_pwd | INFO: Run ShowPageTrace Behavior [ RunTime:0.001938s ]
[ 2012-09-14T23:02:56+08:00 ] /xxx2/index.php/Index/index_pwd | INFO: Tag[ view_end ] --END-- [ RunTime:0.002065s ]
