[ 2012-08-21T22:30:27+08:00 ] /xxx2/ | INFO: Tag[ app_begin ] --START--
[ 2012-08-21T22:30:27+08:00 ] /xxx2/ | INFO: Run ReadHtmlCache Behavior [ RunTime:0.000933s ]
[ 2012-08-21T22:30:27+08:00 ] /xxx2/ | INFO: Tag[ app_begin ] --END-- [ RunTime:0.001035s ]
[ 2012-08-21T22:30:27+08:00 ] /xxx2/ | INFO: Tag[ view_template ] --START--
[ 2012-08-21T22:30:27+08:00 ] /xxx2/ | INFO: Run LocationTemplate Behavior [ RunTime:0.000887s ]
[ 2012-08-21T22:30:27+08:00 ] /xxx2/ | INFO: Tag[ view_template ] --END-- [ RunTime:0.000979s ]
[ 2012-08-21T22:30:27+08:00 ] /xxx2/ | INFO: Tag[ view_parse ] --START--
[ 2012-08-21T22:30:27+08:00 ] /xxx2/ | NOTIC: [8] Undefined variable: title d046431aa157c89f3a1c30c426be003b.php 第 4 行.
[ 2012-08-21T22:30:27+08:00 ] /xxx2/ | NOTIC: [8] Undefined variable: news_list d046431aa157c89f3a1c30c426be003b.php 第 8 行.
[ 2012-08-21T22:30:27+08:00 ] /xxx2/ | INFO: Run ParseTemplate Behavior [ RunTime:0.010017s ]
[ 2012-08-21T22:30:27+08:00 ] /xxx2/ | INFO: Tag[ view_parse ] --END-- [ RunTime:0.010093s ]
[ 2012-08-21T22:30:27+08:00 ] /xxx2/ | INFO: Tag[ view_filter ] --START--
[ 2012-08-21T22:30:27+08:00 ] /xxx2/ | INFO: Run ContentReplace Behavior [ RunTime:0.000559s ]
[ 2012-08-21T22:30:27+08:00 ] /xxx2/ | INFO: Run TokenBuild Behavior [ RunTime:0.000534s ]
[ 2012-08-21T22:30:27+08:00 ] /xxx2/ | INFO: Run WriteHtmlCache Behavior [ RunTime:0.000377s ]
[ 2012-08-21T22:30:27+08:00 ] /xxx2/ | INFO: Run ShowRuntime Behavior [ RunTime:0.000749s ]
[ 2012-08-21T22:30:27+08:00 ] /xxx2/ | INFO: Tag[ view_filter ] --END-- [ RunTime:0.002394s ]
[ 2012-08-21T22:30:27+08:00 ] /xxx2/ | INFO: Tag[ view_end ] --START--
[ 2012-08-21T22:30:27+08:00 ] /xxx2/ | INFO: Run ShowPageTrace Behavior [ RunTime:0.000703s ]
[ 2012-08-21T22:30:27+08:00 ] /xxx2/ | INFO: Tag[ view_end ] --END-- [ RunTime:0.000769s ]
[ 2012-08-21T22:30:47+08:00 ] /xxx2/ | INFO: Tag[ app_begin ] --START--
[ 2012-08-21T22:30:47+08:00 ] /xxx2/ | INFO: Run ReadHtmlCache Behavior [ RunTime:0.000594s ]
[ 2012-08-21T22:30:47+08:00 ] /xxx2/ | INFO: Tag[ app_begin ] --END-- [ RunTime:0.000695s ]
[ 2012-08-21T22:30:47+08:00 ] /xxx2/ | SQL: SHOW COLUMNS FROM `think_admin` [ RunTime:0.023424s ]
[ 2012-08-21T22:30:47+08:00 ] /xxx2/ | SQL: SELECT * FROM `think_admin` LIMIT 1   [ RunTime:0.000832s ]
[ 2012-08-21T22:30:47+08:00 ] /xxx2/ | INFO: Tag[ view_template ] --START--
[ 2012-08-21T22:30:47+08:00 ] /xxx2/ | INFO: Run LocationTemplate Behavior [ RunTime:0.000494s ]
[ 2012-08-21T22:30:47+08:00 ] /xxx2/ | INFO: Tag[ view_template ] --END-- [ RunTime:0.000562s ]
[ 2012-08-21T22:30:47+08:00 ] /xxx2/ | INFO: Tag[ view_parse ] --START--
[ 2012-08-21T22:30:47+08:00 ] /xxx2/ | NOTIC: [8] Undefined variable: news_list d046431aa157c89f3a1c30c426be003b.php 第 8 行.
[ 2012-08-21T22:30:47+08:00 ] /xxx2/ | INFO: Run ParseTemplate Behavior [ RunTime:0.009242s ]
[ 2012-08-21T22:30:47+08:00 ] /xxx2/ | INFO: Tag[ view_parse ] --END-- [ RunTime:0.009319s ]
[ 2012-08-21T22:30:47+08:00 ] /xxx2/ | INFO: Tag[ view_filter ] --START--
[ 2012-08-21T22:30:47+08:00 ] /xxx2/ | INFO: Run ContentReplace Behavior [ RunTime:0.000548s ]
[ 2012-08-21T22:30:47+08:00 ] /xxx2/ | INFO: Run TokenBuild Behavior [ RunTime:0.000455s ]
[ 2012-08-21T22:30:47+08:00 ] /xxx2/ | INFO: Run WriteHtmlCache Behavior [ RunTime:0.000338s ]
[ 2012-08-21T22:30:47+08:00 ] /xxx2/ | INFO: Run ShowRuntime Behavior [ RunTime:0.000556s ]
[ 2012-08-21T22:30:47+08:00 ] /xxx2/ | INFO: Tag[ view_filter ] --END-- [ RunTime:0.002094s ]
[ 2012-08-21T22:30:47+08:00 ] /xxx2/ | NOTIC: [2] Cannot modify header information - headers already sent by (output started at D:\XAMPP\xampp\htdocs\xxx2\ThinkPHP\Common\functions.php:95) View.class.php 第 120 行.
[ 2012-08-21T22:30:47+08:00 ] /xxx2/ | NOTIC: [2] Cannot modify header information - headers already sent by (output started at D:\XAMPP\xampp\htdocs\xxx2\ThinkPHP\Common\functions.php:95) View.class.php 第 121 行.
[ 2012-08-21T22:30:47+08:00 ] /xxx2/ | NOTIC: [2] Cannot modify header information - headers already sent by (output started at D:\XAMPP\xampp\htdocs\xxx2\ThinkPHP\Common\functions.php:95) View.class.php 第 122 行.
[ 2012-08-21T22:30:47+08:00 ] /xxx2/ | INFO: Tag[ view_end ] --START--
[ 2012-08-21T22:30:47+08:00 ] /xxx2/ | INFO: Run ShowPageTrace Behavior [ RunTime:0.000462s ]
[ 2012-08-21T22:30:47+08:00 ] /xxx2/ | INFO: Tag[ view_end ] --END-- [ RunTime:0.000523s ]
[ 2012-08-21T22:30:48+08:00 ] /xxx2/ | INFO: Tag[ app_begin ] --START--
[ 2012-08-21T22:30:48+08:00 ] /xxx2/ | INFO: Run ReadHtmlCache Behavior [ RunTime:0.000928s ]
[ 2012-08-21T22:30:48+08:00 ] /xxx2/ | INFO: Tag[ app_begin ] --END-- [ RunTime:0.001033s ]
[ 2012-08-21T22:30:48+08:00 ] /xxx2/ | SQL: SHOW COLUMNS FROM `think_admin` [ RunTime:0.001950s ]
[ 2012-08-21T22:30:48+08:00 ] /xxx2/ | SQL: SELECT * FROM `think_admin` LIMIT 1   [ RunTime:0.001656s ]
[ 2012-08-21T22:30:48+08:00 ] /xxx2/ | INFO: Tag[ view_template ] --START--
[ 2012-08-21T22:30:48+08:00 ] /xxx2/ | INFO: Run LocationTemplate Behavior [ RunTime:0.000504s ]
[ 2012-08-21T22:30:48+08:00 ] /xxx2/ | INFO: Tag[ view_template ] --END-- [ RunTime:0.000575s ]
[ 2012-08-21T22:30:48+08:00 ] /xxx2/ | INFO: Tag[ view_parse ] --START--
[ 2012-08-21T22:30:48+08:00 ] /xxx2/ | NOTIC: [8] Undefined variable: news_list d046431aa157c89f3a1c30c426be003b.php 第 8 行.
[ 2012-08-21T22:30:48+08:00 ] /xxx2/ | INFO: Run ParseTemplate Behavior [ RunTime:0.008747s ]
[ 2012-08-21T22:30:48+08:00 ] /xxx2/ | INFO: Tag[ view_parse ] --END-- [ RunTime:0.008825s ]
[ 2012-08-21T22:30:48+08:00 ] /xxx2/ | INFO: Tag[ view_filter ] --START--
[ 2012-08-21T22:30:48+08:00 ] /xxx2/ | INFO: Run ContentReplace Behavior [ RunTime:0.000374s ]
[ 2012-08-21T22:30:48+08:00 ] /xxx2/ | INFO: Run TokenBuild Behavior [ RunTime:0.000387s ]
[ 2012-08-21T22:30:48+08:00 ] /xxx2/ | INFO: Run WriteHtmlCache Behavior [ RunTime:0.000252s ]
[ 2012-08-21T22:30:48+08:00 ] /xxx2/ | INFO: Run ShowRuntime Behavior [ RunTime:0.000487s ]
[ 2012-08-21T22:30:48+08:00 ] /xxx2/ | INFO: Tag[ view_filter ] --END-- [ RunTime:0.001787s ]
[ 2012-08-21T22:30:48+08:00 ] /xxx2/ | NOTIC: [2] Cannot modify header information - headers already sent by (output started at D:\XAMPP\xampp\htdocs\xxx2\ThinkPHP\Common\functions.php:95) View.class.php 第 120 行.
[ 2012-08-21T22:30:48+08:00 ] /xxx2/ | NOTIC: [2] Cannot modify header information - headers already sent by (output started at D:\XAMPP\xampp\htdocs\xxx2\ThinkPHP\Common\functions.php:95) View.class.php 第 121 行.
[ 2012-08-21T22:30:48+08:00 ] /xxx2/ | NOTIC: [2] Cannot modify header information - headers already sent by (output started at D:\XAMPP\xampp\htdocs\xxx2\ThinkPHP\Common\functions.php:95) View.class.php 第 122 行.
[ 2012-08-21T22:30:48+08:00 ] /xxx2/ | INFO: Tag[ view_end ] --START--
[ 2012-08-21T22:30:48+08:00 ] /xxx2/ | INFO: Run ShowPageTrace Behavior [ RunTime:0.000476s ]
[ 2012-08-21T22:30:48+08:00 ] /xxx2/ | INFO: Tag[ view_end ] --END-- [ RunTime:0.000538s ]
[ 2012-08-21T22:30:48+08:00 ] /xxx2/ | INFO: Tag[ app_begin ] --START--
[ 2012-08-21T22:30:48+08:00 ] /xxx2/ | INFO: Run ReadHtmlCache Behavior [ RunTime:0.000653s ]
[ 2012-08-21T22:30:48+08:00 ] /xxx2/ | INFO: Tag[ app_begin ] --END-- [ RunTime:0.000770s ]
[ 2012-08-21T22:30:48+08:00 ] /xxx2/ | SQL: SHOW COLUMNS FROM `think_admin` [ RunTime:0.002621s ]
[ 2012-08-21T22:30:48+08:00 ] /xxx2/ | SQL: SELECT * FROM `think_admin` LIMIT 1   [ RunTime:0.000592s ]
[ 2012-08-21T22:30:48+08:00 ] /xxx2/ | INFO: Tag[ view_template ] --START--
[ 2012-08-21T22:30:48+08:00 ] /xxx2/ | INFO: Run LocationTemplate Behavior [ RunTime:0.000500s ]
[ 2012-08-21T22:30:48+08:00 ] /xxx2/ | INFO: Tag[ view_template ] --END-- [ RunTime:0.000573s ]
[ 2012-08-21T22:30:48+08:00 ] /xxx2/ | INFO: Tag[ view_parse ] --START--
[ 2012-08-21T22:30:48+08:00 ] /xxx2/ | NOTIC: [8] Undefined variable: news_list d046431aa157c89f3a1c30c426be003b.php 第 8 行.
[ 2012-08-21T22:30:48+08:00 ] /xxx2/ | INFO: Run ParseTemplate Behavior [ RunTime:0.009373s ]
[ 2012-08-21T22:30:48+08:00 ] /xxx2/ | INFO: Tag[ view_parse ] --END-- [ RunTime:0.009451s ]
[ 2012-08-21T22:30:48+08:00 ] /xxx2/ | INFO: Tag[ view_filter ] --START--
[ 2012-08-21T22:30:48+08:00 ] /xxx2/ | INFO: Run ContentReplace Behavior [ RunTime:0.000408s ]
[ 2012-08-21T22:30:48+08:00 ] /xxx2/ | INFO: Run TokenBuild Behavior [ RunTime:0.000391s ]
[ 2012-08-21T22:30:48+08:00 ] /xxx2/ | INFO: Run WriteHtmlCache Behavior [ RunTime:0.000242s ]
[ 2012-08-21T22:30:48+08:00 ] /xxx2/ | INFO: Run ShowRuntime Behavior [ RunTime:0.000503s ]
[ 2012-08-21T22:30:48+08:00 ] /xxx2/ | INFO: Tag[ view_filter ] --END-- [ RunTime:0.001715s ]
[ 2012-08-21T22:30:48+08:00 ] /xxx2/ | NOTIC: [2] Cannot modify header information - headers already sent by (output started at D:\XAMPP\xampp\htdocs\xxx2\ThinkPHP\Common\functions.php:95) View.class.php 第 120 行.
[ 2012-08-21T22:30:48+08:00 ] /xxx2/ | NOTIC: [2] Cannot modify header information - headers already sent by (output started at D:\XAMPP\xampp\htdocs\xxx2\ThinkPHP\Common\functions.php:95) View.class.php 第 121 行.
[ 2012-08-21T22:30:48+08:00 ] /xxx2/ | NOTIC: [2] Cannot modify header information - headers already sent by (output started at D:\XAMPP\xampp\htdocs\xxx2\ThinkPHP\Common\functions.php:95) View.class.php 第 122 行.
[ 2012-08-21T22:30:48+08:00 ] /xxx2/ | INFO: Tag[ view_end ] --START--
[ 2012-08-21T22:30:48+08:00 ] /xxx2/ | INFO: Run ShowPageTrace Behavior [ RunTime:0.000468s ]
[ 2012-08-21T22:30:48+08:00 ] /xxx2/ | INFO: Tag[ view_end ] --END-- [ RunTime:0.000529s ]
[ 2012-08-21T22:30:58+08:00 ] /xxx2/ | INFO: Tag[ app_begin ] --START--
[ 2012-08-21T22:30:58+08:00 ] /xxx2/ | INFO: Run ReadHtmlCache Behavior [ RunTime:0.000707s ]
[ 2012-08-21T22:30:58+08:00 ] /xxx2/ | INFO: Tag[ app_begin ] --END-- [ RunTime:0.000811s ]
[ 2012-08-21T22:30:58+08:00 ] /xxx2/ | SQL: SHOW COLUMNS FROM `think_admin` [ RunTime:0.002428s ]
[ 2012-08-21T22:30:58+08:00 ] /xxx2/ | SQL: SELECT * FROM `think_admin` LIMIT 1   [ RunTime:0.000338s ]
[ 2012-08-21T22:30:58+08:00 ] /xxx2/ | SQL: SHOW COLUMNS FROM `think_article` [ RunTime:0.001797s ]
[ 2012-08-21T22:30:58+08:00 ] /xxx2/ | SQL: SELECT `id`,`subject`,`message`,`createtime` FROM `think_article` ORDER BY id desc  [ RunTime:0.001005s ]
[ 2012-08-21T22:30:58+08:00 ] /xxx2/ | NOTIC: [2] Invalid argument supplied for foreach() IndexAction.class.php 第 16 行.
[ 2012-08-21T22:30:58+08:00 ] /xxx2/ | INFO: Tag[ view_template ] --START--
[ 2012-08-21T22:30:58+08:00 ] /xxx2/ | INFO: Run LocationTemplate Behavior [ RunTime:0.000583s ]
[ 2012-08-21T22:30:58+08:00 ] /xxx2/ | INFO: Tag[ view_template ] --END-- [ RunTime:0.000655s ]
[ 2012-08-21T22:30:58+08:00 ] /xxx2/ | INFO: Tag[ view_parse ] --START--
[ 2012-08-21T22:30:58+08:00 ] /xxx2/ | NOTIC: [8] Undefined variable: news_list d046431aa157c89f3a1c30c426be003b.php 第 8 行.
[ 2012-08-21T22:30:58+08:00 ] /xxx2/ | INFO: Run ParseTemplate Behavior [ RunTime:0.008889s ]
[ 2012-08-21T22:30:58+08:00 ] /xxx2/ | INFO: Tag[ view_parse ] --END-- [ RunTime:0.008977s ]
[ 2012-08-21T22:30:58+08:00 ] /xxx2/ | INFO: Tag[ view_filter ] --START--
[ 2012-08-21T22:30:58+08:00 ] /xxx2/ | INFO: Run ContentReplace Behavior [ RunTime:0.000478s ]
[ 2012-08-21T22:30:58+08:00 ] /xxx2/ | INFO: Run TokenBuild Behavior [ RunTime:0.000434s ]
[ 2012-08-21T22:30:58+08:00 ] /xxx2/ | INFO: Run WriteHtmlCache Behavior [ RunTime:0.000245s ]
[ 2012-08-21T22:30:58+08:00 ] /xxx2/ | INFO: Run ShowRuntime Behavior [ RunTime:0.000498s ]
[ 2012-08-21T22:30:58+08:00 ] /xxx2/ | INFO: Tag[ view_filter ] --END-- [ RunTime:0.001853s ]
[ 2012-08-21T22:30:58+08:00 ] /xxx2/ | NOTIC: [2] Cannot modify header information - headers already sent by (output started at D:\XAMPP\xampp\htdocs\xxx2\ThinkPHP\Common\functions.php:95) View.class.php 第 120 行.
[ 2012-08-21T22:30:58+08:00 ] /xxx2/ | NOTIC: [2] Cannot modify header information - headers already sent by (output started at D:\XAMPP\xampp\htdocs\xxx2\ThinkPHP\Common\functions.php:95) View.class.php 第 121 行.
[ 2012-08-21T22:30:58+08:00 ] /xxx2/ | NOTIC: [2] Cannot modify header information - headers already sent by (output started at D:\XAMPP\xampp\htdocs\xxx2\ThinkPHP\Common\functions.php:95) View.class.php 第 122 行.
[ 2012-08-21T22:30:58+08:00 ] /xxx2/ | INFO: Tag[ view_end ] --START--
[ 2012-08-21T22:30:58+08:00 ] /xxx2/ | INFO: Run ShowPageTrace Behavior [ RunTime:0.000607s ]
[ 2012-08-21T22:30:58+08:00 ] /xxx2/ | INFO: Tag[ view_end ] --END-- [ RunTime:0.000669s ]
[ 2012-08-21T22:30:58+08:00 ] /xxx2/ | INFO: Tag[ app_begin ] --START--
[ 2012-08-21T22:30:58+08:00 ] /xxx2/ | INFO: Run ReadHtmlCache Behavior [ RunTime:0.000739s ]
[ 2012-08-21T22:30:58+08:00 ] /xxx2/ | INFO: Tag[ app_begin ] --END-- [ RunTime:0.000860s ]
[ 2012-08-21T22:30:58+08:00 ] /xxx2/ | SQL: SHOW COLUMNS FROM `think_admin` [ RunTime:0.002167s ]
[ 2012-08-21T22:30:58+08:00 ] /xxx2/ | SQL: SELECT * FROM `think_admin` LIMIT 1   [ RunTime:0.000493s ]
[ 2012-08-21T22:30:58+08:00 ] /xxx2/ | SQL: SHOW COLUMNS FROM `think_article` [ RunTime:0.001793s ]
[ 2012-08-21T22:30:58+08:00 ] /xxx2/ | SQL: SELECT `id`,`subject`,`message`,`createtime` FROM `think_article` ORDER BY id desc  [ RunTime:0.000467s ]
[ 2012-08-21T22:30:58+08:00 ] /xxx2/ | NOTIC: [2] Invalid argument supplied for foreach() IndexAction.class.php 第 16 行.
[ 2012-08-21T22:30:58+08:00 ] /xxx2/ | INFO: Tag[ view_template ] --START--
[ 2012-08-21T22:30:58+08:00 ] /xxx2/ | INFO: Run LocationTemplate Behavior [ RunTime:0.000484s ]
[ 2012-08-21T22:30:58+08:00 ] /xxx2/ | INFO: Tag[ view_template ] --END-- [ RunTime:0.000549s ]
[ 2012-08-21T22:30:58+08:00 ] /xxx2/ | INFO: Tag[ view_parse ] --START--
[ 2012-08-21T22:30:58+08:00 ] /xxx2/ | NOTIC: [8] Undefined variable: news_list d046431aa157c89f3a1c30c426be003b.php 第 8 行.
[ 2012-08-21T22:30:58+08:00 ] /xxx2/ | INFO: Run ParseTemplate Behavior [ RunTime:0.009849s ]
[ 2012-08-21T22:30:58+08:00 ] /xxx2/ | INFO: Tag[ view_parse ] --END-- [ RunTime:0.009924s ]
[ 2012-08-21T22:30:58+08:00 ] /xxx2/ | INFO: Tag[ view_filter ] --START--
[ 2012-08-21T22:30:58+08:00 ] /xxx2/ | INFO: Run ContentReplace Behavior [ RunTime:0.000363s ]
[ 2012-08-21T22:30:58+08:00 ] /xxx2/ | INFO: Run TokenBuild Behavior [ RunTime:0.000461s ]
[ 2012-08-21T22:30:58+08:00 ] /xxx2/ | INFO: Run WriteHtmlCache Behavior [ RunTime:0.000244s ]
[ 2012-08-21T22:30:58+08:00 ] /xxx2/ | INFO: Run ShowRuntime Behavior [ RunTime:0.000523s ]
[ 2012-08-21T22:30:58+08:00 ] /xxx2/ | INFO: Tag[ view_filter ] --END-- [ RunTime:0.001770s ]
[ 2012-08-21T22:30:58+08:00 ] /xxx2/ | NOTIC: [2] Cannot modify header information - headers already sent by (output started at D:\XAMPP\xampp\htdocs\xxx2\ThinkPHP\Common\functions.php:95) View.class.php 第 120 行.
[ 2012-08-21T22:30:58+08:00 ] /xxx2/ | NOTIC: [2] Cannot modify header information - headers already sent by (output started at D:\XAMPP\xampp\htdocs\xxx2\ThinkPHP\Common\functions.php:95) View.class.php 第 121 行.
[ 2012-08-21T22:30:58+08:00 ] /xxx2/ | NOTIC: [2] Cannot modify header information - headers already sent by (output started at D:\XAMPP\xampp\htdocs\xxx2\ThinkPHP\Common\functions.php:95) View.class.php 第 122 行.
[ 2012-08-21T22:30:58+08:00 ] /xxx2/ | INFO: Tag[ view_end ] --START--
[ 2012-08-21T22:30:58+08:00 ] /xxx2/ | INFO: Run ShowPageTrace Behavior [ RunTime:0.000800s ]
[ 2012-08-21T22:30:58+08:00 ] /xxx2/ | INFO: Tag[ view_end ] --END-- [ RunTime:0.000890s ]
[ 2012-08-21T22:30:59+08:00 ] /xxx2/ | INFO: Tag[ app_begin ] --START--
[ 2012-08-21T22:30:59+08:00 ] /xxx2/ | INFO: Run ReadHtmlCache Behavior [ RunTime:0.000592s ]
[ 2012-08-21T22:30:59+08:00 ] /xxx2/ | INFO: Tag[ app_begin ] --END-- [ RunTime:0.000691s ]
[ 2012-08-21T22:30:59+08:00 ] /xxx2/ | SQL: SHOW COLUMNS FROM `think_admin` [ RunTime:0.002112s ]
[ 2012-08-21T22:30:59+08:00 ] /xxx2/ | SQL: SELECT * FROM `think_admin` LIMIT 1   [ RunTime:0.000583s ]
[ 2012-08-21T22:30:59+08:00 ] /xxx2/ | SQL: SHOW COLUMNS FROM `think_article` [ RunTime:0.002183s ]
[ 2012-08-21T22:30:59+08:00 ] /xxx2/ | SQL: SELECT `id`,`subject`,`message`,`createtime` FROM `think_article` ORDER BY id desc  [ RunTime:0.000589s ]
[ 2012-08-21T22:30:59+08:00 ] /xxx2/ | NOTIC: [2] Invalid argument supplied for foreach() IndexAction.class.php 第 16 行.
[ 2012-08-21T22:30:59+08:00 ] /xxx2/ | INFO: Tag[ view_template ] --START--
[ 2012-08-21T22:30:59+08:00 ] /xxx2/ | INFO: Run LocationTemplate Behavior [ RunTime:0.000546s ]
[ 2012-08-21T22:30:59+08:00 ] /xxx2/ | INFO: Tag[ view_template ] --END-- [ RunTime:0.000612s ]
[ 2012-08-21T22:30:59+08:00 ] /xxx2/ | INFO: Tag[ view_parse ] --START--
[ 2012-08-21T22:30:59+08:00 ] /xxx2/ | NOTIC: [8] Undefined variable: news_list d046431aa157c89f3a1c30c426be003b.php 第 8 行.
[ 2012-08-21T22:30:59+08:00 ] /xxx2/ | INFO: Run ParseTemplate Behavior [ RunTime:0.008808s ]
[ 2012-08-21T22:30:59+08:00 ] /xxx2/ | INFO: Tag[ view_parse ] --END-- [ RunTime:0.008884s ]
[ 2012-08-21T22:30:59+08:00 ] /xxx2/ | INFO: Tag[ view_filter ] --START--
[ 2012-08-21T22:30:59+08:00 ] /xxx2/ | INFO: Run ContentReplace Behavior [ RunTime:0.000369s ]
[ 2012-08-21T22:30:59+08:00 ] /xxx2/ | INFO: Run TokenBuild Behavior [ RunTime:0.000390s ]
[ 2012-08-21T22:30:59+08:00 ] /xxx2/ | INFO: Run WriteHtmlCache Behavior [ RunTime:0.000243s ]
[ 2012-08-21T22:30:59+08:00 ] /xxx2/ | INFO: Run ShowRuntime Behavior [ RunTime:0.000486s ]
[ 2012-08-21T22:30:59+08:00 ] /xxx2/ | INFO: Tag[ view_filter ] --END-- [ RunTime:0.001657s ]
[ 2012-08-21T22:30:59+08:00 ] /xxx2/ | NOTIC: [2] Cannot modify header information - headers already sent by (output started at D:\XAMPP\xampp\htdocs\xxx2\ThinkPHP\Common\functions.php:95) View.class.php 第 120 行.
[ 2012-08-21T22:30:59+08:00 ] /xxx2/ | NOTIC: [2] Cannot modify header information - headers already sent by (output started at D:\XAMPP\xampp\htdocs\xxx2\ThinkPHP\Common\functions.php:95) View.class.php 第 121 行.
[ 2012-08-21T22:30:59+08:00 ] /xxx2/ | NOTIC: [2] Cannot modify header information - headers already sent by (output started at D:\XAMPP\xampp\htdocs\xxx2\ThinkPHP\Common\functions.php:95) View.class.php 第 122 行.
[ 2012-08-21T22:30:59+08:00 ] /xxx2/ | INFO: Tag[ view_end ] --START--
[ 2012-08-21T22:30:59+08:00 ] /xxx2/ | INFO: Run ShowPageTrace Behavior [ RunTime:0.000452s ]
[ 2012-08-21T22:30:59+08:00 ] /xxx2/ | INFO: Tag[ view_end ] --END-- [ RunTime:0.000512s ]
[ 2012-08-21T22:31:21+08:00 ] /xxx2/ | ERR: (ThinkException) 模板不存在[./home/Tpl/Index/index.html]
[ 2012-08-21T22:31:37+08:00 ] /xxx2/ | INFO: Tag[ app_begin ] --START--
[ 2012-08-21T22:31:37+08:00 ] /xxx2/ | INFO: Run ReadHtmlCache Behavior [ RunTime:0.000596s ]
[ 2012-08-21T22:31:37+08:00 ] /xxx2/ | INFO: Tag[ app_begin ] --END-- [ RunTime:0.000695s ]
[ 2012-08-21T22:31:37+08:00 ] /xxx2/ | SQL: SHOW COLUMNS FROM `think_admin` [ RunTime:0.002709s ]
[ 2012-08-21T22:31:37+08:00 ] /xxx2/ | SQL: SELECT * FROM `think_admin` LIMIT 1   [ RunTime:0.001303s ]
[ 2012-08-21T22:31:37+08:00 ] /xxx2/ | SQL: SHOW COLUMNS FROM `think_article` [ RunTime:0.002548s ]
[ 2012-08-21T22:31:37+08:00 ] /xxx2/ | SQL: SELECT `id`,`subject`,`message`,`createtime` FROM `think_article` ORDER BY id desc  [ RunTime:0.000443s ]
[ 2012-08-21T22:31:37+08:00 ] /xxx2/ | NOTIC: [2] Invalid argument supplied for foreach() IndexAction.class.php 第 16 行.
[ 2012-08-21T22:31:37+08:00 ] /xxx2/ | INFO: Tag[ view_template ] --START--
[ 2012-08-21T22:31:37+08:00 ] /xxx2/ | INFO: Run LocationTemplate Behavior [ RunTime:0.000497s ]
[ 2012-08-21T22:31:37+08:00 ] /xxx2/ | INFO: Tag[ view_template ] --END-- [ RunTime:0.000566s ]
[ 2012-08-21T22:31:37+08:00 ] /xxx2/ | INFO: Tag[ view_parse ] --START--
[ 2012-08-21T22:31:37+08:00 ] /xxx2/ | INFO: Run ParseTemplate Behavior [ RunTime:0.011906s ]
[ 2012-08-21T22:31:37+08:00 ] /xxx2/ | INFO: Tag[ view_parse ] --END-- [ RunTime:0.012008s ]
[ 2012-08-21T22:31:37+08:00 ] /xxx2/ | INFO: Tag[ view_filter ] --START--
[ 2012-08-21T22:31:37+08:00 ] /xxx2/ | INFO: Run ContentReplace Behavior [ RunTime:0.000457s ]
[ 2012-08-21T22:31:37+08:00 ] /xxx2/ | INFO: Run TokenBuild Behavior [ RunTime:0.000516s ]
[ 2012-08-21T22:31:37+08:00 ] /xxx2/ | INFO: Run WriteHtmlCache Behavior [ RunTime:0.000271s ]
[ 2012-08-21T22:31:37+08:00 ] /xxx2/ | INFO: Run ShowRuntime Behavior [ RunTime:0.000528s ]
[ 2012-08-21T22:31:37+08:00 ] /xxx2/ | INFO: Tag[ view_filter ] --END-- [ RunTime:0.001966s ]
[ 2012-08-21T22:31:37+08:00 ] /xxx2/ | NOTIC: [2] Cannot modify header information - headers already sent by (output started at D:\XAMPP\xampp\htdocs\xxx2\ThinkPHP\Common\functions.php:95) View.class.php 第 120 行.
[ 2012-08-21T22:31:37+08:00 ] /xxx2/ | NOTIC: [2] Cannot modify header information - headers already sent by (output started at D:\XAMPP\xampp\htdocs\xxx2\ThinkPHP\Common\functions.php:95) View.class.php 第 121 行.
[ 2012-08-21T22:31:37+08:00 ] /xxx2/ | NOTIC: [2] Cannot modify header information - headers already sent by (output started at D:\XAMPP\xampp\htdocs\xxx2\ThinkPHP\Common\functions.php:95) View.class.php 第 122 行.
[ 2012-08-21T22:31:37+08:00 ] /xxx2/ | INFO: Tag[ view_end ] --START--
[ 2012-08-21T22:31:37+08:00 ] /xxx2/ | INFO: Run ShowPageTrace Behavior [ RunTime:0.000845s ]
[ 2012-08-21T22:31:37+08:00 ] /xxx2/ | INFO: Tag[ view_end ] --END-- [ RunTime:0.000978s ]
[ 2012-08-21T22:32:53+08:00 ] /xxx2/ | INFO: Tag[ app_begin ] --START--
[ 2012-08-21T22:32:53+08:00 ] /xxx2/ | INFO: Run ReadHtmlCache Behavior [ RunTime:0.001351s ]
[ 2012-08-21T22:32:53+08:00 ] /xxx2/ | INFO: Tag[ app_begin ] --END-- [ RunTime:0.001460s ]
[ 2012-08-21T22:32:53+08:00 ] /xxx2/ | SQL: SHOW COLUMNS FROM `think_admin` [ RunTime:0.002235s ]
[ 2012-08-21T22:32:53+08:00 ] /xxx2/ | SQL: SELECT * FROM `think_admin` LIMIT 1   [ RunTime:0.000542s ]
[ 2012-08-21T22:32:53+08:00 ] /xxx2/ | SQL: SHOW COLUMNS FROM `think_article` [ RunTime:0.002304s ]
[ 2012-08-21T22:32:53+08:00 ] /xxx2/ | SQL: SELECT `id`,`subject`,`message`,`createtime` FROM `think_article` ORDER BY id desc  [ RunTime:0.000483s ]
[ 2012-08-21T22:32:53+08:00 ] /xxx2/ | NOTIC: [2] Invalid argument supplied for foreach() IndexAction.class.php 第 16 行.
[ 2012-08-21T22:32:53+08:00 ] /xxx2/ | INFO: Tag[ view_template ] --START--
[ 2012-08-21T22:32:53+08:00 ] /xxx2/ | INFO: Run LocationTemplate Behavior [ RunTime:0.000952s ]
[ 2012-08-21T22:32:53+08:00 ] /xxx2/ | INFO: Tag[ view_template ] --END-- [ RunTime:0.001028s ]
[ 2012-08-21T22:32:53+08:00 ] /xxx2/ | INFO: Tag[ view_parse ] --START--
[ 2012-08-21T22:32:53+08:00 ] /xxx2/ | INFO: Run ParseTemplate Behavior [ RunTime:0.013236s ]
[ 2012-08-21T22:32:53+08:00 ] /xxx2/ | INFO: Tag[ view_parse ] --END-- [ RunTime:0.013357s ]
[ 2012-08-21T22:32:53+08:00 ] /xxx2/ | INFO: Tag[ view_filter ] --START--
[ 2012-08-21T22:32:53+08:00 ] /xxx2/ | INFO: Run ContentReplace Behavior [ RunTime:0.001007s ]
[ 2012-08-21T22:32:53+08:00 ] /xxx2/ | INFO: Run TokenBuild Behavior [ RunTime:0.000732s ]
[ 2012-08-21T22:32:53+08:00 ] /xxx2/ | INFO: Run WriteHtmlCache Behavior [ RunTime:0.000405s ]
[ 2012-08-21T22:32:53+08:00 ] /xxx2/ | INFO: Run ShowRuntime Behavior [ RunTime:0.000639s ]
[ 2012-08-21T22:32:53+08:00 ] /xxx2/ | INFO: Tag[ view_filter ] --END-- [ RunTime:0.002984s ]
[ 2012-08-21T22:32:53+08:00 ] /xxx2/ | NOTIC: [2] Cannot modify header information - headers already sent by (output started at D:\XAMPP\xampp\htdocs\xxx2\ThinkPHP\Common\functions.php:95) View.class.php 第 120 行.
[ 2012-08-21T22:32:53+08:00 ] /xxx2/ | NOTIC: [2] Cannot modify header information - headers already sent by (output started at D:\XAMPP\xampp\htdocs\xxx2\ThinkPHP\Common\functions.php:95) View.class.php 第 121 行.
[ 2012-08-21T22:32:53+08:00 ] /xxx2/ | NOTIC: [2] Cannot modify header information - headers already sent by (output started at D:\XAMPP\xampp\htdocs\xxx2\ThinkPHP\Common\functions.php:95) View.class.php 第 122 行.
[ 2012-08-21T22:32:53+08:00 ] /xxx2/ | INFO: Tag[ view_end ] --START--
[ 2012-08-21T22:32:53+08:00 ] /xxx2/ | INFO: Run ShowPageTrace Behavior [ RunTime:0.001560s ]
[ 2012-08-21T22:32:53+08:00 ] /xxx2/ | INFO: Tag[ view_end ] --END-- [ RunTime:0.001662s ]
[ 2012-08-21T22:33:28+08:00 ] /xxx2/ | INFO: Tag[ app_begin ] --START--
[ 2012-08-21T22:33:28+08:00 ] /xxx2/ | INFO: Run ReadHtmlCache Behavior [ RunTime:0.001012s ]
[ 2012-08-21T22:33:28+08:00 ] /xxx2/ | INFO: Tag[ app_begin ] --END-- [ RunTime:0.001141s ]
[ 2012-08-21T22:33:28+08:00 ] /xxx2/ | SQL: SHOW COLUMNS FROM `think_admin` [ RunTime:0.002185s ]
[ 2012-08-21T22:33:28+08:00 ] /xxx2/ | SQL: SELECT * FROM `think_admin` LIMIT 1   [ RunTime:0.000714s ]
[ 2012-08-21T22:33:28+08:00 ] /xxx2/ | SQL: SHOW COLUMNS FROM `think_article` [ RunTime:0.002250s ]
[ 2012-08-21T22:33:28+08:00 ] /xxx2/ | SQL: SELECT `id`,`subject`,`message`,`createtime` FROM `think_article` ORDER BY id desc  [ RunTime:0.000652s ]
[ 2012-08-21T22:33:28+08:00 ] /xxx2/ | NOTIC: [2] Invalid argument supplied for foreach() IndexAction.class.php 第 16 行.
[ 2012-08-21T22:33:28+08:00 ] /xxx2/ | INFO: Tag[ view_template ] --START--
[ 2012-08-21T22:33:28+08:00 ] /xxx2/ | INFO: Run LocationTemplate Behavior [ RunTime:0.000978s ]
[ 2012-08-21T22:33:28+08:00 ] /xxx2/ | INFO: Tag[ view_template ] --END-- [ RunTime:0.001065s ]
[ 2012-08-21T22:33:28+08:00 ] /xxx2/ | INFO: Tag[ view_parse ] --START--
[ 2012-08-21T22:33:28+08:00 ] /xxx2/ | INFO: Run ParseTemplate Behavior [ RunTime:0.014043s ]
[ 2012-08-21T22:33:28+08:00 ] /xxx2/ | INFO: Tag[ view_parse ] --END-- [ RunTime:0.014164s ]
[ 2012-08-21T22:33:28+08:00 ] /xxx2/ | INFO: Tag[ view_filter ] --START--
[ 2012-08-21T22:33:28+08:00 ] /xxx2/ | INFO: Run ContentReplace Behavior [ RunTime:0.000636s ]
[ 2012-08-21T22:33:28+08:00 ] /xxx2/ | INFO: Run TokenBuild Behavior [ RunTime:0.000660s ]
[ 2012-08-21T22:33:28+08:00 ] /xxx2/ | INFO: Run WriteHtmlCache Behavior [ RunTime:0.000395s ]
[ 2012-08-21T22:33:28+08:00 ] /xxx2/ | INFO: Run ShowRuntime Behavior [ RunTime:0.000649s ]
[ 2012-08-21T22:33:28+08:00 ] /xxx2/ | INFO: Tag[ view_filter ] --END-- [ RunTime:0.002527s ]
[ 2012-08-21T22:33:28+08:00 ] /xxx2/ | NOTIC: [2] Cannot modify header information - headers already sent by (output started at D:\XAMPP\xampp\htdocs\xxx2\ThinkPHP\Common\functions.php:95) View.class.php 第 120 行.
[ 2012-08-21T22:33:28+08:00 ] /xxx2/ | NOTIC: [2] Cannot modify header information - headers already sent by (output started at D:\XAMPP\xampp\htdocs\xxx2\ThinkPHP\Common\functions.php:95) View.class.php 第 121 行.
[ 2012-08-21T22:33:28+08:00 ] /xxx2/ | NOTIC: [2] Cannot modify header information - headers already sent by (output started at D:\XAMPP\xampp\htdocs\xxx2\ThinkPHP\Common\functions.php:95) View.class.php 第 122 行.
[ 2012-08-21T22:33:28+08:00 ] /xxx2/ | INFO: Tag[ view_end ] --START--
[ 2012-08-21T22:33:28+08:00 ] /xxx2/ | INFO: Run ShowPageTrace Behavior [ RunTime:0.001857s ]
[ 2012-08-21T22:33:28+08:00 ] /xxx2/ | INFO: Tag[ view_end ] --END-- [ RunTime:0.001975s ]
[ 2012-08-21T22:33:29+08:00 ] /xxx2/ | INFO: Tag[ app_begin ] --START--
[ 2012-08-21T22:33:29+08:00 ] /xxx2/ | INFO: Run ReadHtmlCache Behavior [ RunTime:0.000649s ]
[ 2012-08-21T22:33:29+08:00 ] /xxx2/ | INFO: Tag[ app_begin ] --END-- [ RunTime:0.000764s ]
[ 2012-08-21T22:33:29+08:00 ] /xxx2/ | SQL: SHOW COLUMNS FROM `think_admin` [ RunTime:0.002517s ]
[ 2012-08-21T22:33:29+08:00 ] /xxx2/ | SQL: SELECT * FROM `think_admin` LIMIT 1   [ RunTime:0.001171s ]
[ 2012-08-21T22:33:29+08:00 ] /xxx2/ | SQL: SHOW COLUMNS FROM `think_article` [ RunTime:0.002209s ]
[ 2012-08-21T22:33:29+08:00 ] /xxx2/ | SQL: SELECT `id`,`subject`,`message`,`createtime` FROM `think_article` ORDER BY id desc  [ RunTime:0.001452s ]
[ 2012-08-21T22:33:29+08:00 ] /xxx2/ | NOTIC: [2] Invalid argument supplied for foreach() IndexAction.class.php 第 16 行.
[ 2012-08-21T22:33:29+08:00 ] /xxx2/ | INFO: Tag[ view_template ] --START--
[ 2012-08-21T22:33:29+08:00 ] /xxx2/ | INFO: Run LocationTemplate Behavior [ RunTime:0.000528s ]
[ 2012-08-21T22:33:29+08:00 ] /xxx2/ | INFO: Tag[ view_template ] --END-- [ RunTime:0.000602s ]
[ 2012-08-21T22:33:29+08:00 ] /xxx2/ | INFO: Tag[ view_parse ] --START--
[ 2012-08-21T22:33:30+08:00 ] /xxx2/ | INFO: Run ParseTemplate Behavior [ RunTime:0.013984s ]
[ 2012-08-21T22:33:30+08:00 ] /xxx2/ | INFO: Tag[ view_parse ] --END-- [ RunTime:0.014091s ]
[ 2012-08-21T22:33:30+08:00 ] /xxx2/ | INFO: Tag[ view_filter ] --START--
[ 2012-08-21T22:33:30+08:00 ] /xxx2/ | INFO: Run ContentReplace Behavior [ RunTime:0.000464s ]
[ 2012-08-21T22:33:30+08:00 ] /xxx2/ | INFO: Run TokenBuild Behavior [ RunTime:0.000498s ]
[ 2012-08-21T22:33:30+08:00 ] /xxx2/ | INFO: Run WriteHtmlCache Behavior [ RunTime:0.000243s ]
[ 2012-08-21T22:33:30+08:00 ] /xxx2/ | INFO: Run ShowRuntime Behavior [ RunTime:0.000495s ]
[ 2012-08-21T22:33:30+08:00 ] /xxx2/ | INFO: Tag[ view_filter ] --END-- [ RunTime:0.001873s ]
[ 2012-08-21T22:33:30+08:00 ] /xxx2/ | NOTIC: [2] Cannot modify header information - headers already sent by (output started at D:\XAMPP\xampp\htdocs\xxx2\ThinkPHP\Common\functions.php:95) View.class.php 第 120 行.
[ 2012-08-21T22:33:30+08:00 ] /xxx2/ | NOTIC: [2] Cannot modify header information - headers already sent by (output started at D:\XAMPP\xampp\htdocs\xxx2\ThinkPHP\Common\functions.php:95) View.class.php 第 121 行.
[ 2012-08-21T22:33:30+08:00 ] /xxx2/ | NOTIC: [2] Cannot modify header information - headers already sent by (output started at D:\XAMPP\xampp\htdocs\xxx2\ThinkPHP\Common\functions.php:95) View.class.php 第 122 行.
[ 2012-08-21T22:33:30+08:00 ] /xxx2/ | INFO: Tag[ view_end ] --START--
[ 2012-08-21T22:33:30+08:00 ] /xxx2/ | INFO: Run ShowPageTrace Behavior [ RunTime:0.001094s ]
[ 2012-08-21T22:33:30+08:00 ] /xxx2/ | INFO: Tag[ view_end ] --END-- [ RunTime:0.001187s ]
[ 2012-08-21T22:33:30+08:00 ] /xxx2/ | INFO: Tag[ app_begin ] --START--
[ 2012-08-21T22:33:30+08:00 ] /xxx2/ | INFO: Run ReadHtmlCache Behavior [ RunTime:0.000657s ]
[ 2012-08-21T22:33:30+08:00 ] /xxx2/ | INFO: Tag[ app_begin ] --END-- [ RunTime:0.000769s ]
[ 2012-08-21T22:33:30+08:00 ] /xxx2/ | SQL: SHOW COLUMNS FROM `think_admin` [ RunTime:0.002485s ]
[ 2012-08-21T22:33:30+08:00 ] /xxx2/ | SQL: SELECT * FROM `think_admin` LIMIT 1   [ RunTime:0.000535s ]
[ 2012-08-21T22:33:30+08:00 ] /xxx2/ | SQL: SHOW COLUMNS FROM `think_article` [ RunTime:0.002920s ]
[ 2012-08-21T22:33:30+08:00 ] /xxx2/ | SQL: SELECT `id`,`subject`,`message`,`createtime` FROM `think_article` ORDER BY id desc  [ RunTime:0.000720s ]
[ 2012-08-21T22:33:30+08:00 ] /xxx2/ | NOTIC: [2] Invalid argument supplied for foreach() IndexAction.class.php 第 16 行.
[ 2012-08-21T22:33:30+08:00 ] /xxx2/ | INFO: Tag[ view_template ] --START--
[ 2012-08-21T22:33:30+08:00 ] /xxx2/ | INFO: Run LocationTemplate Behavior [ RunTime:0.000536s ]
[ 2012-08-21T22:33:30+08:00 ] /xxx2/ | INFO: Tag[ view_template ] --END-- [ RunTime:0.000614s ]
[ 2012-08-21T22:33:30+08:00 ] /xxx2/ | INFO: Tag[ view_parse ] --START--
[ 2012-08-21T22:33:30+08:00 ] /xxx2/ | INFO: Run ParseTemplate Behavior [ RunTime:0.014666s ]
[ 2012-08-21T22:33:30+08:00 ] /xxx2/ | INFO: Tag[ view_parse ] --END-- [ RunTime:0.014854s ]
[ 2012-08-21T22:33:30+08:00 ] /xxx2/ | INFO: Tag[ view_filter ] --START--
[ 2012-08-21T22:33:30+08:00 ] /xxx2/ | INFO: Run ContentReplace Behavior [ RunTime:0.000706s ]
[ 2012-08-21T22:33:30+08:00 ] /xxx2/ | INFO: Run TokenBuild Behavior [ RunTime:0.000713s ]
[ 2012-08-21T22:33:30+08:00 ] /xxx2/ | INFO: Run WriteHtmlCache Behavior [ RunTime:0.000764s ]
[ 2012-08-21T22:33:30+08:00 ] /xxx2/ | INFO: Run ShowRuntime Behavior [ RunTime:0.000564s ]
[ 2012-08-21T22:33:30+08:00 ] /xxx2/ | INFO: Tag[ view_filter ] --END-- [ RunTime:0.002994s ]
[ 2012-08-21T22:33:30+08:00 ] /xxx2/ | NOTIC: [2] Cannot modify header information - headers already sent by (output started at D:\XAMPP\xampp\htdocs\xxx2\ThinkPHP\Common\functions.php:95) View.class.php 第 120 行.
[ 2012-08-21T22:33:30+08:00 ] /xxx2/ | NOTIC: [2] Cannot modify header information - headers already sent by (output started at D:\XAMPP\xampp\htdocs\xxx2\ThinkPHP\Common\functions.php:95) View.class.php 第 121 行.
[ 2012-08-21T22:33:30+08:00 ] /xxx2/ | NOTIC: [2] Cannot modify header information - headers already sent by (output started at D:\XAMPP\xampp\htdocs\xxx2\ThinkPHP\Common\functions.php:95) View.class.php 第 122 行.
[ 2012-08-21T22:33:30+08:00 ] /xxx2/ | INFO: Tag[ view_end ] --START--
[ 2012-08-21T22:33:30+08:00 ] /xxx2/ | INFO: Run ShowPageTrace Behavior [ RunTime:0.000581s ]
[ 2012-08-21T22:33:30+08:00 ] /xxx2/ | INFO: Tag[ view_end ] --END-- [ RunTime:0.000681s ]
[ 2012-08-21T22:33:58+08:00 ] /xxx2/ | INFO: Tag[ app_begin ] --START--
[ 2012-08-21T22:33:58+08:00 ] /xxx2/ | INFO: Run ReadHtmlCache Behavior [ RunTime:0.000980s ]
[ 2012-08-21T22:33:58+08:00 ] /xxx2/ | INFO: Tag[ app_begin ] --END-- [ RunTime:0.001089s ]
[ 2012-08-21T22:33:58+08:00 ] /xxx2/ | SQL: SHOW COLUMNS FROM `think_admin` [ RunTime:0.002081s ]
[ 2012-08-21T22:33:58+08:00 ] /xxx2/ | SQL: SELECT * FROM `think_admin` LIMIT 1   [ RunTime:0.000407s ]
[ 2012-08-21T22:33:58+08:00 ] /xxx2/ | SQL: SHOW COLUMNS FROM `think_article` [ RunTime:0.001949s ]
[ 2012-08-21T22:33:58+08:00 ] /xxx2/ | SQL: SELECT `id`,`subject`,`message`,`createtime` FROM `think_article` ORDER BY id desc  [ RunTime:0.000465s ]
[ 2012-08-21T22:33:58+08:00 ] /xxx2/ | NOTIC: [2] Invalid argument supplied for foreach() IndexAction.class.php 第 16 行.
[ 2012-08-21T22:33:58+08:00 ] /xxx2/ | INFO: Tag[ view_template ] --START--
[ 2012-08-21T22:33:58+08:00 ] /xxx2/ | INFO: Run LocationTemplate Behavior [ RunTime:0.000907s ]
[ 2012-08-21T22:33:58+08:00 ] /xxx2/ | INFO: Tag[ view_template ] --END-- [ RunTime:0.000977s ]
[ 2012-08-21T22:33:58+08:00 ] /xxx2/ | INFO: Tag[ view_parse ] --START--
[ 2012-08-21T22:33:58+08:00 ] /xxx2/ | INFO: Run ParseTemplate Behavior [ RunTime:0.013170s ]
[ 2012-08-21T22:33:58+08:00 ] /xxx2/ | INFO: Tag[ view_parse ] --END-- [ RunTime:0.013282s ]
[ 2012-08-21T22:33:58+08:00 ] /xxx2/ | INFO: Tag[ view_filter ] --START--
[ 2012-08-21T22:33:58+08:00 ] /xxx2/ | INFO: Run ContentReplace Behavior [ RunTime:0.000624s ]
[ 2012-08-21T22:33:58+08:00 ] /xxx2/ | INFO: Run TokenBuild Behavior [ RunTime:0.000643s ]
[ 2012-08-21T22:33:58+08:00 ] /xxx2/ | INFO: Run WriteHtmlCache Behavior [ RunTime:0.000376s ]
[ 2012-08-21T22:33:58+08:00 ] /xxx2/ | INFO: Run ShowRuntime Behavior [ RunTime:0.000626s ]
[ 2012-08-21T22:33:58+08:00 ] /xxx2/ | INFO: Tag[ view_filter ] --END-- [ RunTime:0.002441s ]
[ 2012-08-21T22:33:58+08:00 ] /xxx2/ | NOTIC: [2] Cannot modify header information - headers already sent by (output started at D:\XAMPP\xampp\htdocs\xxx2\ThinkPHP\Common\functions.php:95) View.class.php 第 120 行.
[ 2012-08-21T22:33:58+08:00 ] /xxx2/ | NOTIC: [2] Cannot modify header information - headers already sent by (output started at D:\XAMPP\xampp\htdocs\xxx2\ThinkPHP\Common\functions.php:95) View.class.php 第 121 行.
[ 2012-08-21T22:33:58+08:00 ] /xxx2/ | NOTIC: [2] Cannot modify header information - headers already sent by (output started at D:\XAMPP\xampp\htdocs\xxx2\ThinkPHP\Common\functions.php:95) View.class.php 第 122 行.
[ 2012-08-21T22:33:58+08:00 ] /xxx2/ | INFO: Tag[ view_end ] --START--
[ 2012-08-21T22:33:58+08:00 ] /xxx2/ | INFO: Run ShowPageTrace Behavior [ RunTime:0.001417s ]
[ 2012-08-21T22:33:58+08:00 ] /xxx2/ | INFO: Tag[ view_end ] --END-- [ RunTime:0.001513s ]
[ 2012-08-21T22:34:35+08:00 ] /xxx2/ | INFO: Tag[ app_begin ] --START--
[ 2012-08-21T22:34:35+08:00 ] /xxx2/ | INFO: Run ReadHtmlCache Behavior [ RunTime:0.000980s ]
[ 2012-08-21T22:34:35+08:00 ] /xxx2/ | INFO: Tag[ app_begin ] --END-- [ RunTime:0.001097s ]
[ 2012-08-21T22:34:35+08:00 ] /xxx2/ | SQL: SHOW COLUMNS FROM `think_admin` [ RunTime:0.003357s ]
[ 2012-08-21T22:34:35+08:00 ] /xxx2/ | SQL: SELECT * FROM `think_admin` LIMIT 1   [ RunTime:0.001910s ]
[ 2012-08-21T22:34:35+08:00 ] /xxx2/ | SQL: SHOW COLUMNS FROM `think_article` [ RunTime:0.002482s ]
[ 2012-08-21T22:34:35+08:00 ] /xxx2/ | SQL: SELECT `id`,`subject`,`message`,`createtime` FROM `think_article` ORDER BY id desc  [ RunTime:0.000992s ]
[ 2012-08-21T22:34:35+08:00 ] /xxx2/ | NOTIC: [2] Invalid argument supplied for foreach() IndexAction.class.php 第 16 行.
[ 2012-08-21T22:34:35+08:00 ] /xxx2/ | INFO: Tag[ view_template ] --START--
[ 2012-08-21T22:34:35+08:00 ] /xxx2/ | INFO: Run LocationTemplate Behavior [ RunTime:0.000975s ]
[ 2012-08-21T22:34:35+08:00 ] /xxx2/ | INFO: Tag[ view_template ] --END-- [ RunTime:0.001060s ]
[ 2012-08-21T22:34:35+08:00 ] /xxx2/ | INFO: Tag[ view_parse ] --START--
[ 2012-08-21T22:34:35+08:00 ] /xxx2/ | INFO: Run ParseTemplate Behavior [ RunTime:0.013270s ]
[ 2012-08-21T22:34:35+08:00 ] /xxx2/ | INFO: Tag[ view_parse ] --END-- [ RunTime:0.013393s ]
[ 2012-08-21T22:34:35+08:00 ] /xxx2/ | INFO: Tag[ view_filter ] --START--
[ 2012-08-21T22:34:35+08:00 ] /xxx2/ | INFO: Run ContentReplace Behavior [ RunTime:0.000686s ]
[ 2012-08-21T22:34:35+08:00 ] /xxx2/ | INFO: Run TokenBuild Behavior [ RunTime:0.000916s ]
[ 2012-08-21T22:34:35+08:00 ] /xxx2/ | INFO: Run WriteHtmlCache Behavior [ RunTime:0.000538s ]
[ 2012-08-21T22:34:35+08:00 ] /xxx2/ | INFO: Run ShowRuntime Behavior [ RunTime:0.000697s ]
[ 2012-08-21T22:34:35+08:00 ] /xxx2/ | INFO: Tag[ view_filter ] --END-- [ RunTime:0.003072s ]
[ 2012-08-21T22:34:35+08:00 ] /xxx2/ | NOTIC: [2] Cannot modify header information - headers already sent by (output started at D:\XAMPP\xampp\htdocs\xxx2\ThinkPHP\Common\functions.php:95) View.class.php 第 120 行.
[ 2012-08-21T22:34:35+08:00 ] /xxx2/ | NOTIC: [2] Cannot modify header information - headers already sent by (output started at D:\XAMPP\xampp\htdocs\xxx2\ThinkPHP\Common\functions.php:95) View.class.php 第 121 行.
[ 2012-08-21T22:34:35+08:00 ] /xxx2/ | NOTIC: [2] Cannot modify header information - headers already sent by (output started at D:\XAMPP\xampp\htdocs\xxx2\ThinkPHP\Common\functions.php:95) View.class.php 第 122 行.
[ 2012-08-21T22:34:35+08:00 ] /xxx2/ | INFO: Tag[ view_end ] --START--
[ 2012-08-21T22:34:35+08:00 ] /xxx2/ | INFO: Run ShowPageTrace Behavior [ RunTime:0.000984s ]
[ 2012-08-21T22:34:35+08:00 ] /xxx2/ | INFO: Tag[ view_end ] --END-- [ RunTime:0.001072s ]
[ 2012-08-21T22:35:58+08:00 ] /xxx2/ | INFO: Tag[ app_begin ] --START--
[ 2012-08-21T22:35:58+08:00 ] /xxx2/ | INFO: Run ReadHtmlCache Behavior [ RunTime:0.001049s ]
[ 2012-08-21T22:35:58+08:00 ] /xxx2/ | INFO: Tag[ app_begin ] --END-- [ RunTime:0.001179s ]
[ 2012-08-21T22:35:58+08:00 ] /xxx2/ | SQL: SHOW COLUMNS FROM `think_admin` [ RunTime:0.002715s ]
[ 2012-08-21T22:35:58+08:00 ] /xxx2/ | SQL: SELECT * FROM `think_admin` LIMIT 1   [ RunTime:0.001794s ]
[ 2012-08-21T22:35:58+08:00 ] /xxx2/ | SQL: SHOW COLUMNS FROM `think_article` [ RunTime:0.002580s ]
[ 2012-08-21T22:35:58+08:00 ] /xxx2/ | SQL: SELECT `id`,`subject`,`message`,`createtime` FROM `think_article` ORDER BY id desc  [ RunTime:0.001779s ]
[ 2012-08-21T22:35:58+08:00 ] /xxx2/ | NOTIC: [2] Invalid argument supplied for foreach() IndexAction.class.php 第 16 行.
[ 2012-08-21T22:35:58+08:00 ] /xxx2/ | INFO: Tag[ view_template ] --START--
[ 2012-08-21T22:35:58+08:00 ] /xxx2/ | INFO: Run LocationTemplate Behavior [ RunTime:0.001035s ]
[ 2012-08-21T22:35:58+08:00 ] /xxx2/ | INFO: Tag[ view_template ] --END-- [ RunTime:0.001126s ]
[ 2012-08-21T22:35:58+08:00 ] /xxx2/ | INFO: Tag[ view_parse ] --START--
[ 2012-08-21T22:35:58+08:00 ] /xxx2/ | INFO: Run ParseTemplate Behavior [ RunTime:0.014130s ]
[ 2012-08-21T22:35:58+08:00 ] /xxx2/ | INFO: Tag[ view_parse ] --END-- [ RunTime:0.014290s ]
[ 2012-08-21T22:35:58+08:00 ] /xxx2/ | INFO: Tag[ view_filter ] --START--
[ 2012-08-21T22:35:58+08:00 ] /xxx2/ | INFO: Run ContentReplace Behavior [ RunTime:0.000676s ]
[ 2012-08-21T22:35:58+08:00 ] /xxx2/ | INFO: Run TokenBuild Behavior [ RunTime:0.000752s ]
[ 2012-08-21T22:35:58+08:00 ] /xxx2/ | INFO: Run WriteHtmlCache Behavior [ RunTime:0.000468s ]
[ 2012-08-21T22:35:58+08:00 ] /xxx2/ | INFO: Run ShowRuntime Behavior [ RunTime:0.000893s ]
[ 2012-08-21T22:35:58+08:00 ] /xxx2/ | INFO: Tag[ view_filter ] --END-- [ RunTime:0.003016s ]
[ 2012-08-21T22:35:58+08:00 ] /xxx2/ | NOTIC: [2] Cannot modify header information - headers already sent by (output started at D:\XAMPP\xampp\htdocs\xxx2\ThinkPHP\Common\functions.php:95) View.class.php 第 120 行.
[ 2012-08-21T22:35:58+08:00 ] /xxx2/ | NOTIC: [2] Cannot modify header information - headers already sent by (output started at D:\XAMPP\xampp\htdocs\xxx2\ThinkPHP\Common\functions.php:95) View.class.php 第 121 行.
[ 2012-08-21T22:35:58+08:00 ] /xxx2/ | NOTIC: [2] Cannot modify header information - headers already sent by (output started at D:\XAMPP\xampp\htdocs\xxx2\ThinkPHP\Common\functions.php:95) View.class.php 第 122 行.
[ 2012-08-21T22:35:58+08:00 ] /xxx2/ | INFO: Tag[ view_end ] --START--
[ 2012-08-21T22:35:58+08:00 ] /xxx2/ | INFO: Run ShowPageTrace Behavior [ RunTime:0.001093s ]
[ 2012-08-21T22:35:58+08:00 ] /xxx2/ | INFO: Tag[ view_end ] --END-- [ RunTime:0.001187s ]
[ 2012-08-21T22:36:22+08:00 ] /xxx2/ | INFO: Tag[ app_begin ] --START--
[ 2012-08-21T22:36:22+08:00 ] /xxx2/ | INFO: Run ReadHtmlCache Behavior [ RunTime:0.000590s ]
[ 2012-08-21T22:36:22+08:00 ] /xxx2/ | INFO: Tag[ app_begin ] --END-- [ RunTime:0.000689s ]
[ 2012-08-21T22:36:22+08:00 ] /xxx2/ | SQL: SHOW COLUMNS FROM `think_admin` [ RunTime:0.002294s ]
[ 2012-08-21T22:36:22+08:00 ] /xxx2/ | SQL: SELECT * FROM `think_admin` LIMIT 1   [ RunTime:0.000623s ]
[ 2012-08-21T22:36:22+08:00 ] /xxx2/ | SQL: SHOW COLUMNS FROM `think_article` [ RunTime:0.002029s ]
[ 2012-08-21T22:36:22+08:00 ] /xxx2/ | SQL: SELECT `id`,`subject`,`message`,`createtime` FROM `think_article` ORDER BY id desc  [ RunTime:0.001032s ]
[ 2012-08-21T22:36:22+08:00 ] /xxx2/ | NOTIC: [2] Invalid argument supplied for foreach() IndexAction.class.php 第 16 行.
[ 2012-08-21T22:36:22+08:00 ] /xxx2/ | INFO: Tag[ view_template ] --START--
[ 2012-08-21T22:36:22+08:00 ] /xxx2/ | INFO: Run LocationTemplate Behavior [ RunTime:0.000531s ]
[ 2012-08-21T22:36:22+08:00 ] /xxx2/ | INFO: Tag[ view_template ] --END-- [ RunTime:0.000603s ]
[ 2012-08-21T22:36:22+08:00 ] /xxx2/ | INFO: Tag[ view_parse ] --START--
[ 2012-08-21T22:36:22+08:00 ] /xxx2/ | INFO: Run ParseTemplate Behavior [ RunTime:0.012569s ]
[ 2012-08-21T22:36:22+08:00 ] /xxx2/ | INFO: Tag[ view_parse ] --END-- [ RunTime:0.012676s ]
[ 2012-08-21T22:36:22+08:00 ] /xxx2/ | INFO: Tag[ view_filter ] --START--
[ 2012-08-21T22:36:22+08:00 ] /xxx2/ | INFO: Run ContentReplace Behavior [ RunTime:0.000468s ]
[ 2012-08-21T22:36:22+08:00 ] /xxx2/ | INFO: Run TokenBuild Behavior [ RunTime:0.000505s ]
[ 2012-08-21T22:36:22+08:00 ] /xxx2/ | INFO: Run WriteHtmlCache Behavior [ RunTime:0.000241s ]
[ 2012-08-21T22:36:22+08:00 ] /xxx2/ | INFO: Run ShowRuntime Behavior [ RunTime:0.000502s ]
[ 2012-08-21T22:36:22+08:00 ] /xxx2/ | INFO: Tag[ view_filter ] --END-- [ RunTime:0.001887s ]
[ 2012-08-21T22:36:22+08:00 ] /xxx2/ | NOTIC: [2] Cannot modify header information - headers already sent by (output started at D:\XAMPP\xampp\htdocs\xxx2\ThinkPHP\Common\functions.php:95) View.class.php 第 120 行.
[ 2012-08-21T22:36:22+08:00 ] /xxx2/ | NOTIC: [2] Cannot modify header information - headers already sent by (output started at D:\XAMPP\xampp\htdocs\xxx2\ThinkPHP\Common\functions.php:95) View.class.php 第 121 行.
[ 2012-08-21T22:36:22+08:00 ] /xxx2/ | NOTIC: [2] Cannot modify header information - headers already sent by (output started at D:\XAMPP\xampp\htdocs\xxx2\ThinkPHP\Common\functions.php:95) View.class.php 第 122 行.
[ 2012-08-21T22:36:22+08:00 ] /xxx2/ | INFO: Tag[ view_end ] --START--
[ 2012-08-21T22:36:22+08:00 ] /xxx2/ | INFO: Run ShowPageTrace Behavior [ RunTime:0.000493s ]
[ 2012-08-21T22:36:22+08:00 ] /xxx2/ | INFO: Tag[ view_end ] --END-- [ RunTime:0.000564s ]
[ 2012-08-21T22:37:30+08:00 ] /xxx2/ | INFO: Tag[ app_begin ] --START--
[ 2012-08-21T22:37:30+08:00 ] /xxx2/ | INFO: Run ReadHtmlCache Behavior [ RunTime:0.000591s ]
[ 2012-08-21T22:37:30+08:00 ] /xxx2/ | INFO: Tag[ app_begin ] --END-- [ RunTime:0.000691s ]
[ 2012-08-21T22:37:30+08:00 ] /xxx2/ | SQL: SHOW COLUMNS FROM `think_admin` [ RunTime:0.002070s ]
[ 2012-08-21T22:37:30+08:00 ] /xxx2/ | SQL: SELECT * FROM `think_admin` LIMIT 1   [ RunTime:0.000496s ]
[ 2012-08-21T22:37:30+08:00 ] /xxx2/ | SQL: SHOW COLUMNS FROM `think_article` [ RunTime:0.001866s ]
[ 2012-08-21T22:37:30+08:00 ] /xxx2/ | SQL: SELECT `id`,`subject`,`message`,`createtime` FROM `think_article` ORDER BY id desc  [ RunTime:0.000725s ]
[ 2012-08-21T22:37:30+08:00 ] /xxx2/ | NOTIC: [2] Invalid argument supplied for foreach() IndexAction.class.php 第 16 行.
[ 2012-08-21T22:37:30+08:00 ] /xxx2/ | INFO: Tag[ view_template ] --START--
[ 2012-08-21T22:37:30+08:00 ] /xxx2/ | INFO: Run LocationTemplate Behavior [ RunTime:0.000484s ]
[ 2012-08-21T22:37:30+08:00 ] /xxx2/ | INFO: Tag[ view_template ] --END-- [ RunTime:0.000552s ]
[ 2012-08-21T22:37:30+08:00 ] /xxx2/ | INFO: Tag[ view_parse ] --START--
[ 2012-08-21T22:37:30+08:00 ] /xxx2/ | INFO: Run ParseTemplate Behavior [ RunTime:0.012265s ]
[ 2012-08-21T22:37:30+08:00 ] /xxx2/ | INFO: Tag[ view_parse ] --END-- [ RunTime:0.012372s ]
[ 2012-08-21T22:37:30+08:00 ] /xxx2/ | INFO: Tag[ view_filter ] --START--
[ 2012-08-21T22:37:30+08:00 ] /xxx2/ | INFO: Run ContentReplace Behavior [ RunTime:0.000461s ]
[ 2012-08-21T22:37:30+08:00 ] /xxx2/ | INFO: Run TokenBuild Behavior [ RunTime:0.000510s ]
[ 2012-08-21T22:37:30+08:00 ] /xxx2/ | INFO: Run WriteHtmlCache Behavior [ RunTime:0.000243s ]
[ 2012-08-21T22:37:30+08:00 ] /xxx2/ | INFO: Run ShowRuntime Behavior [ RunTime:0.000537s ]
[ 2012-08-21T22:37:30+08:00 ] /xxx2/ | INFO: Tag[ view_filter ] --END-- [ RunTime:0.001958s ]
[ 2012-08-21T22:37:30+08:00 ] /xxx2/ | NOTIC: [2] Cannot modify header information - headers already sent by (output started at D:\XAMPP\xampp\htdocs\xxx2\ThinkPHP\Common\functions.php:95) View.class.php 第 120 行.
[ 2012-08-21T22:37:30+08:00 ] /xxx2/ | NOTIC: [2] Cannot modify header information - headers already sent by (output started at D:\XAMPP\xampp\htdocs\xxx2\ThinkPHP\Common\functions.php:95) View.class.php 第 121 行.
[ 2012-08-21T22:37:30+08:00 ] /xxx2/ | NOTIC: [2] Cannot modify header information - headers already sent by (output started at D:\XAMPP\xampp\htdocs\xxx2\ThinkPHP\Common\functions.php:95) View.class.php 第 122 行.
[ 2012-08-21T22:37:30+08:00 ] /xxx2/ | INFO: Tag[ view_end ] --START--
[ 2012-08-21T22:37:30+08:00 ] /xxx2/ | INFO: Run ShowPageTrace Behavior [ RunTime:0.000645s ]
[ 2012-08-21T22:37:30+08:00 ] /xxx2/ | INFO: Tag[ view_end ] --END-- [ RunTime:0.000758s ]
[ 2012-08-21T22:39:26+08:00 ] /xxx2/ | INFO: Tag[ app_begin ] --START--
[ 2012-08-21T22:39:26+08:00 ] /xxx2/ | INFO: Run ReadHtmlCache Behavior [ RunTime:0.001162s ]
[ 2012-08-21T22:39:26+08:00 ] /xxx2/ | INFO: Tag[ app_begin ] --END-- [ RunTime:0.001300s ]
[ 2012-08-21T22:39:26+08:00 ] /xxx2/ | SQL: SHOW COLUMNS FROM `think_admin` [ RunTime:0.002738s ]
[ 2012-08-21T22:39:26+08:00 ] /xxx2/ | SQL: SELECT * FROM `think_admin` LIMIT 1   [ RunTime:0.000567s ]
[ 2012-08-21T22:39:26+08:00 ] /xxx2/ | SQL: SHOW COLUMNS FROM `think_article` [ RunTime:0.002175s ]
[ 2012-08-21T22:39:26+08:00 ] /xxx2/ | SQL: SELECT `id`,`subject`,`message`,`createtime` FROM `think_article` ORDER BY id desc  [ RunTime:0.000648s ]
[ 2012-08-21T22:39:26+08:00 ] /xxx2/ | NOTIC: [2] Invalid argument supplied for foreach() IndexAction.class.php 第 16 行.
[ 2012-08-21T22:39:26+08:00 ] /xxx2/ | INFO: Tag[ view_template ] --START--
[ 2012-08-21T22:39:26+08:00 ] /xxx2/ | INFO: Run LocationTemplate Behavior [ RunTime:0.000971s ]
[ 2012-08-21T22:39:26+08:00 ] /xxx2/ | INFO: Tag[ view_template ] --END-- [ RunTime:0.001063s ]
[ 2012-08-21T22:39:26+08:00 ] /xxx2/ | INFO: Tag[ view_parse ] --START--
[ 2012-08-21T22:39:26+08:00 ] /xxx2/ | INFO: Run ParseTemplate Behavior [ RunTime:0.011791s ]
[ 2012-08-21T22:39:26+08:00 ] /xxx2/ | INFO: Tag[ view_parse ] --END-- [ RunTime:0.011903s ]
[ 2012-08-21T22:39:26+08:00 ] /xxx2/ | INFO: Tag[ view_filter ] --START--
[ 2012-08-21T22:39:26+08:00 ] /xxx2/ | INFO: Run ContentReplace Behavior [ RunTime:0.000584s ]
[ 2012-08-21T22:39:26+08:00 ] /xxx2/ | INFO: Run TokenBuild Behavior [ RunTime:0.000544s ]
[ 2012-08-21T22:39:26+08:00 ] /xxx2/ | INFO: Run WriteHtmlCache Behavior [ RunTime:0.000388s ]
[ 2012-08-21T22:39:26+08:00 ] /xxx2/ | INFO: Run ShowRuntime Behavior [ RunTime:0.000633s ]
[ 2012-08-21T22:39:26+08:00 ] /xxx2/ | INFO: Tag[ view_filter ] --END-- [ RunTime:0.002327s ]
[ 2012-08-21T22:39:26+08:00 ] /xxx2/ | NOTIC: [2] Cannot modify header information - headers already sent by (output started at D:\XAMPP\xampp\htdocs\xxx2\ThinkPHP\Common\functions.php:95) View.class.php 第 120 行.
[ 2012-08-21T22:39:26+08:00 ] /xxx2/ | NOTIC: [2] Cannot modify header information - headers already sent by (output started at D:\XAMPP\xampp\htdocs\xxx2\ThinkPHP\Common\functions.php:95) View.class.php 第 121 行.
[ 2012-08-21T22:39:26+08:00 ] /xxx2/ | NOTIC: [2] Cannot modify header information - headers already sent by (output started at D:\XAMPP\xampp\htdocs\xxx2\ThinkPHP\Common\functions.php:95) View.class.php 第 122 行.
[ 2012-08-21T22:39:26+08:00 ] /xxx2/ | INFO: Tag[ view_end ] --START--
[ 2012-08-21T22:39:26+08:00 ] /xxx2/ | INFO: Run ShowPageTrace Behavior [ RunTime:0.000588s ]
[ 2012-08-21T22:39:26+08:00 ] /xxx2/ | INFO: Tag[ view_end ] --END-- [ RunTime:0.000649s ]
[ 2012-08-21T22:39:36+08:00 ] /xxx2/ | INFO: Tag[ app_begin ] --START--
[ 2012-08-21T22:39:36+08:00 ] /xxx2/ | INFO: Run ReadHtmlCache Behavior [ RunTime:0.000703s ]
[ 2012-08-21T22:39:36+08:00 ] /xxx2/ | INFO: Tag[ app_begin ] --END-- [ RunTime:0.000825s ]
[ 2012-08-21T22:39:36+08:00 ] /xxx2/ | SQL: SHOW COLUMNS FROM `think_admin` [ RunTime:0.003023s ]
[ 2012-08-21T22:39:36+08:00 ] /xxx2/ | SQL: SELECT * FROM `think_admin` LIMIT 1   [ RunTime:0.001241s ]
[ 2012-08-21T22:39:36+08:00 ] /xxx2/ | SQL: SHOW COLUMNS FROM `think_article` [ RunTime:0.003971s ]
[ 2012-08-21T22:39:36+08:00 ] /xxx2/ | SQL: SELECT `id`,`subject`,`message`,`createtime` FROM `think_article` ORDER BY id desc  [ RunTime:0.001087s ]
[ 2012-08-21T22:39:36+08:00 ] /xxx2/ | NOTIC: [2] Invalid argument supplied for foreach() IndexAction.class.php 第 16 行.
[ 2012-08-21T22:39:36+08:00 ] /xxx2/ | INFO: Tag[ view_template ] --START--
[ 2012-08-21T22:39:36+08:00 ] /xxx2/ | INFO: Run LocationTemplate Behavior [ RunTime:0.000737s ]
[ 2012-08-21T22:39:36+08:00 ] /xxx2/ | INFO: Tag[ view_template ] --END-- [ RunTime:0.000880s ]
[ 2012-08-21T22:39:36+08:00 ] /xxx2/ | INFO: Tag[ view_parse ] --START--
[ 2012-08-21T22:39:36+08:00 ] /xxx2/ | INFO: Run ParseTemplate Behavior [ RunTime:0.010195s ]
[ 2012-08-21T22:39:36+08:00 ] /xxx2/ | INFO: Tag[ view_parse ] --END-- [ RunTime:0.010317s ]
[ 2012-08-21T22:39:36+08:00 ] /xxx2/ | INFO: Tag[ view_filter ] --START--
[ 2012-08-21T22:39:36+08:00 ] /xxx2/ | INFO: Run ContentReplace Behavior [ RunTime:0.000506s ]
[ 2012-08-21T22:39:36+08:00 ] /xxx2/ | INFO: Run TokenBuild Behavior [ RunTime:0.000491s ]
[ 2012-08-21T22:39:36+08:00 ] /xxx2/ | INFO: Run WriteHtmlCache Behavior [ RunTime:0.000275s ]
[ 2012-08-21T22:39:36+08:00 ] /xxx2/ | INFO: Run ShowRuntime Behavior [ RunTime:0.000557s ]
[ 2012-08-21T22:39:36+08:00 ] /xxx2/ | INFO: Tag[ view_filter ] --END-- [ RunTime:0.002046s ]
[ 2012-08-21T22:39:36+08:00 ] /xxx2/ | NOTIC: [2] Cannot modify header information - headers already sent by (output started at D:\XAMPP\xampp\htdocs\xxx2\ThinkPHP\Common\functions.php:95) View.class.php 第 120 行.
[ 2012-08-21T22:39:36+08:00 ] /xxx2/ | NOTIC: [2] Cannot modify header information - headers already sent by (output started at D:\XAMPP\xampp\htdocs\xxx2\ThinkPHP\Common\functions.php:95) View.class.php 第 121 行.
[ 2012-08-21T22:39:36+08:00 ] /xxx2/ | NOTIC: [2] Cannot modify header information - headers already sent by (output started at D:\XAMPP\xampp\htdocs\xxx2\ThinkPHP\Common\functions.php:95) View.class.php 第 122 行.
[ 2012-08-21T22:39:36+08:00 ] /xxx2/ | INFO: Tag[ view_end ] --START--
[ 2012-08-21T22:39:36+08:00 ] /xxx2/ | INFO: Run ShowPageTrace Behavior [ RunTime:0.000600s ]
[ 2012-08-21T22:39:36+08:00 ] /xxx2/ | INFO: Tag[ view_end ] --END-- [ RunTime:0.000679s ]
[ 2012-08-21T22:39:37+08:00 ] /xxx2/ | INFO: Tag[ app_begin ] --START--
[ 2012-08-21T22:39:37+08:00 ] /xxx2/ | INFO: Run ReadHtmlCache Behavior [ RunTime:0.000839s ]
[ 2012-08-21T22:39:37+08:00 ] /xxx2/ | INFO: Tag[ app_begin ] --END-- [ RunTime:0.000986s ]
[ 2012-08-21T22:39:37+08:00 ] /xxx2/ | SQL: SHOW COLUMNS FROM `think_admin` [ RunTime:0.002758s ]
[ 2012-08-21T22:39:37+08:00 ] /xxx2/ | SQL: SELECT * FROM `think_admin` LIMIT 1   [ RunTime:0.001293s ]
[ 2012-08-21T22:39:37+08:00 ] /xxx2/ | SQL: SHOW COLUMNS FROM `think_article` [ RunTime:0.002651s ]
[ 2012-08-21T22:39:37+08:00 ] /xxx2/ | SQL: SELECT `id`,`subject`,`message`,`createtime` FROM `think_article` ORDER BY id desc  [ RunTime:0.000564s ]
[ 2012-08-21T22:39:37+08:00 ] /xxx2/ | NOTIC: [2] Invalid argument supplied for foreach() IndexAction.class.php 第 16 行.
[ 2012-08-21T22:39:37+08:00 ] /xxx2/ | INFO: Tag[ view_template ] --START--
[ 2012-08-21T22:39:37+08:00 ] /xxx2/ | INFO: Run LocationTemplate Behavior [ RunTime:0.000542s ]
[ 2012-08-21T22:39:37+08:00 ] /xxx2/ | INFO: Tag[ view_template ] --END-- [ RunTime:0.000618s ]
[ 2012-08-21T22:39:37+08:00 ] /xxx2/ | INFO: Tag[ view_parse ] --START--
[ 2012-08-21T22:39:37+08:00 ] /xxx2/ | INFO: Run ParseTemplate Behavior [ RunTime:0.010991s ]
[ 2012-08-21T22:39:37+08:00 ] /xxx2/ | INFO: Tag[ view_parse ] --END-- [ RunTime:0.011142s ]
[ 2012-08-21T22:39:37+08:00 ] /xxx2/ | INFO: Tag[ view_filter ] --START--
[ 2012-08-21T22:39:37+08:00 ] /xxx2/ | INFO: Run ContentReplace Behavior [ RunTime:0.000525s ]
[ 2012-08-21T22:39:37+08:00 ] /xxx2/ | INFO: Run TokenBuild Behavior [ RunTime:0.000520s ]
[ 2012-08-21T22:39:37+08:00 ] /xxx2/ | INFO: Run WriteHtmlCache Behavior [ RunTime:0.000297s ]
[ 2012-08-21T22:39:37+08:00 ] /xxx2/ | INFO: Run ShowRuntime Behavior [ RunTime:0.001116s ]
[ 2012-08-21T22:39:37+08:00 ] /xxx2/ | INFO: Tag[ view_filter ] --END-- [ RunTime:0.002708s ]
[ 2012-08-21T22:39:37+08:00 ] /xxx2/ | NOTIC: [2] Cannot modify header information - headers already sent by (output started at D:\XAMPP\xampp\htdocs\xxx2\ThinkPHP\Common\functions.php:95) View.class.php 第 120 行.
[ 2012-08-21T22:39:37+08:00 ] /xxx2/ | NOTIC: [2] Cannot modify header information - headers already sent by (output started at D:\XAMPP\xampp\htdocs\xxx2\ThinkPHP\Common\functions.php:95) View.class.php 第 121 行.
[ 2012-08-21T22:39:37+08:00 ] /xxx2/ | NOTIC: [2] Cannot modify header information - headers already sent by (output started at D:\XAMPP\xampp\htdocs\xxx2\ThinkPHP\Common\functions.php:95) View.class.php 第 122 行.
[ 2012-08-21T22:39:37+08:00 ] /xxx2/ | INFO: Tag[ view_end ] --START--
[ 2012-08-21T22:39:37+08:00 ] /xxx2/ | INFO: Run ShowPageTrace Behavior [ RunTime:0.000805s ]
[ 2012-08-21T22:39:37+08:00 ] /xxx2/ | INFO: Tag[ view_end ] --END-- [ RunTime:0.000889s ]
[ 2012-08-21T22:39:49+08:00 ] /xxx2/ | INFO: Tag[ app_begin ] --START--
[ 2012-08-21T22:39:49+08:00 ] /xxx2/ | INFO: Run ReadHtmlCache Behavior [ RunTime:0.000987s ]
[ 2012-08-21T22:39:49+08:00 ] /xxx2/ | INFO: Tag[ app_begin ] --END-- [ RunTime:0.001170s ]
[ 2012-08-21T22:39:49+08:00 ] /xxx2/ | SQL: SHOW COLUMNS FROM `think_admin` [ RunTime:0.002381s ]
[ 2012-08-21T22:39:49+08:00 ] /xxx2/ | SQL: SELECT * FROM `think_admin` LIMIT 1   [ RunTime:0.002700s ]
[ 2012-08-21T22:39:49+08:00 ] /xxx2/ | SQL: SHOW COLUMNS FROM `think_article` [ RunTime:0.002389s ]
[ 2012-08-21T22:39:49+08:00 ] /xxx2/ | SQL: SELECT `id`,`subject`,`message`,`createtime` FROM `think_article` ORDER BY id desc  [ RunTime:0.000829s ]
[ 2012-08-21T22:39:49+08:00 ] /xxx2/ | NOTIC: [2] Invalid argument supplied for foreach() IndexAction.class.php 第 16 行.
[ 2012-08-21T22:39:49+08:00 ] /xxx2/ | INFO: Tag[ view_template ] --START--
[ 2012-08-21T22:39:49+08:00 ] /xxx2/ | INFO: Run LocationTemplate Behavior [ RunTime:0.000811s ]
[ 2012-08-21T22:39:49+08:00 ] /xxx2/ | INFO: Tag[ view_template ] --END-- [ RunTime:0.000899s ]
[ 2012-08-21T22:39:49+08:00 ] /xxx2/ | INFO: Tag[ view_parse ] --START--
[ 2012-08-21T22:39:49+08:00 ] /xxx2/ | INFO: Run ParseTemplate Behavior [ RunTime:0.013088s ]
[ 2012-08-21T22:39:49+08:00 ] /xxx2/ | INFO: Tag[ view_parse ] --END-- [ RunTime:0.013217s ]
[ 2012-08-21T22:39:49+08:00 ] /xxx2/ | INFO: Tag[ view_filter ] --START--
[ 2012-08-21T22:39:49+08:00 ] /xxx2/ | INFO: Run ContentReplace Behavior [ RunTime:0.000528s ]
[ 2012-08-21T22:39:49+08:00 ] /xxx2/ | INFO: Run TokenBuild Behavior [ RunTime:0.000545s ]
[ 2012-08-21T22:39:49+08:00 ] /xxx2/ | INFO: Run WriteHtmlCache Behavior [ RunTime:0.000302s ]
[ 2012-08-21T22:39:49+08:00 ] /xxx2/ | INFO: Run ShowRuntime Behavior [ RunTime:0.000611s ]
[ 2012-08-21T22:39:49+08:00 ] /xxx2/ | INFO: Tag[ view_filter ] --END-- [ RunTime:0.002262s ]
[ 2012-08-21T22:39:49+08:00 ] /xxx2/ | NOTIC: [2] Cannot modify header information - headers already sent by (output started at D:\XAMPP\xampp\htdocs\xxx2\ThinkPHP\Common\functions.php:95) View.class.php 第 120 行.
[ 2012-08-21T22:39:49+08:00 ] /xxx2/ | NOTIC: [2] Cannot modify header information - headers already sent by (output started at D:\XAMPP\xampp\htdocs\xxx2\ThinkPHP\Common\functions.php:95) View.class.php 第 121 行.
[ 2012-08-21T22:39:49+08:00 ] /xxx2/ | NOTIC: [2] Cannot modify header information - headers already sent by (output started at D:\XAMPP\xampp\htdocs\xxx2\ThinkPHP\Common\functions.php:95) View.class.php 第 122 行.
[ 2012-08-21T22:39:49+08:00 ] /xxx2/ | INFO: Tag[ view_end ] --START--
[ 2012-08-21T22:39:49+08:00 ] /xxx2/ | INFO: Run ShowPageTrace Behavior [ RunTime:0.000747s ]
[ 2012-08-21T22:39:49+08:00 ] /xxx2/ | INFO: Tag[ view_end ] --END-- [ RunTime:0.000884s ]
[ 2012-08-21T22:40:50+08:00 ] /xxx2/ | INFO: Tag[ app_begin ] --START--
[ 2012-08-21T22:40:50+08:00 ] /xxx2/ | INFO: Run ReadHtmlCache Behavior [ RunTime:0.000719s ]
[ 2012-08-21T22:40:50+08:00 ] /xxx2/ | INFO: Tag[ app_begin ] --END-- [ RunTime:0.000868s ]
[ 2012-08-21T22:40:50+08:00 ] /xxx2/ | SQL: SHOW COLUMNS FROM `think_admin` [ RunTime:0.002788s ]
[ 2012-08-21T22:40:50+08:00 ] /xxx2/ | SQL: SELECT * FROM `think_admin` LIMIT 1   [ RunTime:0.002713s ]
[ 2012-08-21T22:40:50+08:00 ] /xxx2/ | SQL: SHOW COLUMNS FROM `think_article` [ RunTime:0.002514s ]
[ 2012-08-21T22:40:50+08:00 ] /xxx2/ | SQL: SELECT `id`,`subject`,`message`,`createtime` FROM `think_article` ORDER BY id desc  [ RunTime:0.000556s ]
[ 2012-08-21T22:40:50+08:00 ] /xxx2/ | NOTIC: [2] Invalid argument supplied for foreach() IndexAction.class.php 第 16 行.
[ 2012-08-21T22:40:50+08:00 ] /xxx2/ | INFO: Tag[ view_template ] --START--
[ 2012-08-21T22:40:50+08:00 ] /xxx2/ | INFO: Run LocationTemplate Behavior [ RunTime:0.000538s ]
[ 2012-08-21T22:40:50+08:00 ] /xxx2/ | INFO: Tag[ view_template ] --END-- [ RunTime:0.000614s ]
[ 2012-08-21T22:40:50+08:00 ] /xxx2/ | INFO: Tag[ view_parse ] --START--
[ 2012-08-21T22:40:50+08:00 ] /xxx2/ | INFO: Run ParseTemplate Behavior [ RunTime:0.012153s ]
[ 2012-08-21T22:40:50+08:00 ] /xxx2/ | INFO: Tag[ view_parse ] --END-- [ RunTime:0.012278s ]
[ 2012-08-21T22:40:50+08:00 ] /xxx2/ | INFO: Tag[ view_filter ] --START--
[ 2012-08-21T22:40:50+08:00 ] /xxx2/ | INFO: Run ContentReplace Behavior [ RunTime:0.000608s ]
[ 2012-08-21T22:40:50+08:00 ] /xxx2/ | INFO: Run TokenBuild Behavior [ RunTime:0.000611s ]
[ 2012-08-21T22:40:50+08:00 ] /xxx2/ | INFO: Run WriteHtmlCache Behavior [ RunTime:0.000289s ]
[ 2012-08-21T22:40:50+08:00 ] /xxx2/ | INFO: Run ShowRuntime Behavior [ RunTime:0.000679s ]
[ 2012-08-21T22:40:50+08:00 ] /xxx2/ | INFO: Tag[ view_filter ] --END-- [ RunTime:0.002417s ]
[ 2012-08-21T22:40:50+08:00 ] /xxx2/ | NOTIC: [2] Cannot modify header information - headers already sent by (output started at D:\XAMPP\xampp\htdocs\xxx2\ThinkPHP\Common\functions.php:95) View.class.php 第 120 行.
[ 2012-08-21T22:40:50+08:00 ] /xxx2/ | NOTIC: [2] Cannot modify header information - headers already sent by (output started at D:\XAMPP\xampp\htdocs\xxx2\ThinkPHP\Common\functions.php:95) View.class.php 第 121 行.
[ 2012-08-21T22:40:50+08:00 ] /xxx2/ | NOTIC: [2] Cannot modify header information - headers already sent by (output started at D:\XAMPP\xampp\htdocs\xxx2\ThinkPHP\Common\functions.php:95) View.class.php 第 122 行.
[ 2012-08-21T22:40:50+08:00 ] /xxx2/ | INFO: Tag[ view_end ] --START--
[ 2012-08-21T22:40:50+08:00 ] /xxx2/ | INFO: Run ShowPageTrace Behavior [ RunTime:0.000580s ]
[ 2012-08-21T22:40:50+08:00 ] /xxx2/ | INFO: Tag[ view_end ] --END-- [ RunTime:0.000652s ]
[ 2012-08-21T22:41:03+08:00 ] /xxx2/ | INFO: Tag[ app_begin ] --START--
[ 2012-08-21T22:41:03+08:00 ] /xxx2/ | INFO: Run ReadHtmlCache Behavior [ RunTime:0.001021s ]
[ 2012-08-21T22:41:03+08:00 ] /xxx2/ | INFO: Tag[ app_begin ] --END-- [ RunTime:0.001156s ]
[ 2012-08-21T22:41:03+08:00 ] /xxx2/ | SQL: SHOW COLUMNS FROM `think_admin` [ RunTime:0.004425s ]
[ 2012-08-21T22:41:03+08:00 ] /xxx2/ | SQL: SELECT * FROM `think_admin` LIMIT 1   [ RunTime:0.000976s ]
[ 2012-08-21T22:41:03+08:00 ] /xxx2/ | SQL: SHOW COLUMNS FROM `think_article` [ RunTime:0.002380s ]
[ 2012-08-21T22:41:03+08:00 ] /xxx2/ | SQL: SELECT `id`,`subject`,`message`,`createtime` FROM `think_article` ORDER BY id desc  [ RunTime:0.002524s ]
[ 2012-08-21T22:41:03+08:00 ] /xxx2/ | NOTIC: [2] Invalid argument supplied for foreach() IndexAction.class.php 第 16 行.
[ 2012-08-21T22:41:03+08:00 ] /xxx2/ | INFO: Tag[ view_template ] --START--
[ 2012-08-21T22:41:03+08:00 ] /xxx2/ | INFO: Run LocationTemplate Behavior [ RunTime:0.000556s ]
[ 2012-08-21T22:41:03+08:00 ] /xxx2/ | INFO: Tag[ view_template ] --END-- [ RunTime:0.000637s ]
[ 2012-08-21T22:41:03+08:00 ] /xxx2/ | INFO: Tag[ view_parse ] --START--
[ 2012-08-21T22:41:03+08:00 ] /xxx2/ | INFO: Run ParseTemplate Behavior [ RunTime:0.011056s ]
[ 2012-08-21T22:41:03+08:00 ] /xxx2/ | INFO: Tag[ view_parse ] --END-- [ RunTime:0.011171s ]
[ 2012-08-21T22:41:03+08:00 ] /xxx2/ | INFO: Tag[ view_filter ] --START--
[ 2012-08-21T22:41:03+08:00 ] /xxx2/ | INFO: Run ContentReplace Behavior [ RunTime:0.000462s ]
[ 2012-08-21T22:41:03+08:00 ] /xxx2/ | INFO: Run TokenBuild Behavior [ RunTime:0.000504s ]
[ 2012-08-21T22:41:03+08:00 ] /xxx2/ | INFO: Run WriteHtmlCache Behavior [ RunTime:0.000272s ]
[ 2012-08-21T22:41:03+08:00 ] /xxx2/ | INFO: Run ShowRuntime Behavior [ RunTime:0.000567s ]
[ 2012-08-21T22:41:03+08:00 ] /xxx2/ | INFO: Tag[ view_filter ] --END-- [ RunTime:0.002004s ]
[ 2012-08-21T22:41:03+08:00 ] /xxx2/ | NOTIC: [2] Cannot modify header information - headers already sent by (output started at D:\XAMPP\xampp\htdocs\xxx2\ThinkPHP\Common\functions.php:95) View.class.php 第 120 行.
[ 2012-08-21T22:41:03+08:00 ] /xxx2/ | NOTIC: [2] Cannot modify header information - headers already sent by (output started at D:\XAMPP\xampp\htdocs\xxx2\ThinkPHP\Common\functions.php:95) View.class.php 第 121 行.
[ 2012-08-21T22:41:03+08:00 ] /xxx2/ | NOTIC: [2] Cannot modify header information - headers already sent by (output started at D:\XAMPP\xampp\htdocs\xxx2\ThinkPHP\Common\functions.php:95) View.class.php 第 122 行.
[ 2012-08-21T22:41:03+08:00 ] /xxx2/ | INFO: Tag[ view_end ] --START--
[ 2012-08-21T22:41:03+08:00 ] /xxx2/ | INFO: Run ShowPageTrace Behavior [ RunTime:0.000601s ]
[ 2012-08-21T22:41:03+08:00 ] /xxx2/ | INFO: Tag[ view_end ] --END-- [ RunTime:0.000676s ]
[ 2012-08-21T22:41:22+08:00 ] /xxx2/ | INFO: Tag[ app_begin ] --START--
[ 2012-08-21T22:41:22+08:00 ] /xxx2/ | INFO: Run ReadHtmlCache Behavior [ RunTime:0.000768s ]
[ 2012-08-21T22:41:22+08:00 ] /xxx2/ | INFO: Tag[ app_begin ] --END-- [ RunTime:0.001464s ]
[ 2012-08-21T22:41:22+08:00 ] /xxx2/ | SQL: SHOW COLUMNS FROM `think_admin` [ RunTime:0.002539s ]
[ 2012-08-21T22:41:22+08:00 ] /xxx2/ | SQL: SELECT * FROM `think_admin` LIMIT 1   [ RunTime:0.000692s ]
[ 2012-08-21T22:41:22+08:00 ] /xxx2/ | SQL: SHOW COLUMNS FROM `think_article` [ RunTime:0.003139s ]
[ 2012-08-21T22:41:22+08:00 ] /xxx2/ | SQL: SELECT `id`,`subject`,`message`,`createtime` FROM `think_article` ORDER BY id desc  [ RunTime:0.001061s ]
[ 2012-08-21T22:41:22+08:00 ] /xxx2/ | NOTIC: [2] Invalid argument supplied for foreach() IndexAction.class.php 第 16 行.
[ 2012-08-21T22:41:22+08:00 ] /xxx2/ | INFO: Tag[ view_template ] --START--
[ 2012-08-21T22:41:22+08:00 ] /xxx2/ | INFO: Run LocationTemplate Behavior [ RunTime:0.000542s ]
[ 2012-08-21T22:41:22+08:00 ] /xxx2/ | INFO: Tag[ view_template ] --END-- [ RunTime:0.000617s ]
[ 2012-08-21T22:41:22+08:00 ] /xxx2/ | INFO: Tag[ view_parse ] --START--
[ 2012-08-21T22:41:22+08:00 ] /xxx2/ | INFO: Run ParseTemplate Behavior [ RunTime:0.010824s ]
[ 2012-08-21T22:41:22+08:00 ] /xxx2/ | INFO: Tag[ view_parse ] --END-- [ RunTime:0.010935s ]
[ 2012-08-21T22:41:22+08:00 ] /xxx2/ | INFO: Tag[ view_filter ] --START--
[ 2012-08-21T22:41:22+08:00 ] /xxx2/ | INFO: Run ContentReplace Behavior [ RunTime:0.000470s ]
[ 2012-08-21T22:41:22+08:00 ] /xxx2/ | INFO: Run TokenBuild Behavior [ RunTime:0.000492s ]
[ 2012-08-21T22:41:22+08:00 ] /xxx2/ | INFO: Run WriteHtmlCache Behavior [ RunTime:0.000322s ]
[ 2012-08-21T22:41:22+08:00 ] /xxx2/ | INFO: Run ShowRuntime Behavior [ RunTime:0.000547s ]
[ 2012-08-21T22:41:22+08:00 ] /xxx2/ | INFO: Tag[ view_filter ] --END-- [ RunTime:0.002244s ]
[ 2012-08-21T22:41:22+08:00 ] /xxx2/ | NOTIC: [2] Cannot modify header information - headers already sent by (output started at D:\XAMPP\xampp\htdocs\xxx2\ThinkPHP\Common\functions.php:95) View.class.php 第 120 行.
[ 2012-08-21T22:41:22+08:00 ] /xxx2/ | NOTIC: [2] Cannot modify header information - headers already sent by (output started at D:\XAMPP\xampp\htdocs\xxx2\ThinkPHP\Common\functions.php:95) View.class.php 第 121 行.
[ 2012-08-21T22:41:22+08:00 ] /xxx2/ | NOTIC: [2] Cannot modify header information - headers already sent by (output started at D:\XAMPP\xampp\htdocs\xxx2\ThinkPHP\Common\functions.php:95) View.class.php 第 122 行.
[ 2012-08-21T22:41:22+08:00 ] /xxx2/ | INFO: Tag[ view_end ] --START--
[ 2012-08-21T22:41:22+08:00 ] /xxx2/ | INFO: Run ShowPageTrace Behavior [ RunTime:0.000524s ]
[ 2012-08-21T22:41:22+08:00 ] /xxx2/ | INFO: Tag[ view_end ] --END-- [ RunTime:0.000593s ]
