[ 2012-09-24T18:57:35+08:00 ] /xxx2/ | INFO: Tag[ app_begin ] --START--
[ 2012-09-24T18:57:35+08:00 ] /xxx2/ | INFO: Run ReadHtmlCache Behavior [ RunTime:0.002009s ]
[ 2012-09-24T18:57:35+08:00 ] /xxx2/ | INFO: Tag[ app_begin ] --END-- [ RunTime:0.011080s ]
[ 2012-09-24T18:57:36+08:00 ] /xxx2/ | SQL: SHOW COLUMNS FROM `think_catalog` [ RunTime:0.093146s ]
[ 2012-09-24T18:57:36+08:00 ] /xxx2/ | SQL: SELECT `id`,`f_cata` FROM `think_catalog` WHERE f_id=0  [ RunTime:0.010725s ]
[ 2012-09-24T18:57:36+08:00 ] /xxx2/ | SQL: SHOW COLUMNS FROM `think_link` [ RunTime:0.096944s ]
[ 2012-09-24T18:57:36+08:00 ] /xxx2/ | SQL: SELECT `id`,`addr`,`info` FROM `think_link`  [ RunTime:0.017568s ]
[ 2012-09-24T18:57:36+08:00 ] /xxx2/ | SQL: SHOW COLUMNS FROM `think_tongzhi` [ RunTime:0.071779s ]
[ 2012-09-24T18:57:36+08:00 ] /xxx2/ | SQL: SELECT `id`,`title`,`content`,`name`,`dt` FROM `think_tongzhi`  [ RunTime:0.000342s ]
[ 2012-09-24T18:57:36+08:00 ] /xxx2/ | NOTIC: [8] Undefined index: username functions.php 第 441 行.
[ 2012-09-24T18:57:36+08:00 ] /xxx2/ | INFO: Tag[ view_template ] --START--
[ 2012-09-24T18:57:36+08:00 ] /xxx2/ | INFO: Run LocationTemplate Behavior [ RunTime:0.058281s ]
[ 2012-09-24T18:57:36+08:00 ] /xxx2/ | INFO: Tag[ view_template ] --END-- [ RunTime:0.058394s ]
[ 2012-09-24T18:57:36+08:00 ] /xxx2/ | INFO: Tag[ view_parse ] --START--
[ 2012-09-24T18:57:36+08:00 ] /xxx2/ | INFO: Run ParseTemplate Behavior [ RunTime:0.118516s ]
[ 2012-09-24T18:57:36+08:00 ] /xxx2/ | INFO: Tag[ view_parse ] --END-- [ RunTime:0.118638s ]
[ 2012-09-24T18:57:36+08:00 ] /xxx2/ | INFO: Tag[ view_filter ] --START--
[ 2012-09-24T18:57:36+08:00 ] /xxx2/ | INFO: Run ContentReplace Behavior [ RunTime:0.001093s ]
[ 2012-09-24T18:57:36+08:00 ] /xxx2/ | INFO: Run TokenBuild Behavior [ RunTime:0.001147s ]
[ 2012-09-24T18:57:36+08:00 ] /xxx2/ | INFO: Run WriteHtmlCache Behavior [ RunTime:0.000699s ]
[ 2012-09-24T18:57:36+08:00 ] /xxx2/ | INFO: Run ShowRuntime Behavior [ RunTime:0.000946s ]
[ 2012-09-24T18:57:36+08:00 ] /xxx2/ | INFO: Tag[ view_filter ] --END-- [ RunTime:0.004073s ]
[ 2012-09-24T18:57:36+08:00 ] /xxx2/ | INFO: Tag[ view_end ] --START--
[ 2012-09-24T18:57:36+08:00 ] /xxx2/ | INFO: Run ShowPageTrace Behavior [ RunTime:0.000906s ]
[ 2012-09-24T18:57:36+08:00 ] /xxx2/ | INFO: Tag[ view_end ] --END-- [ RunTime:0.000970s ]
[ 2012-09-24T19:43:05+08:00 ] /xxx2/index.php/Index/index_pwd | INFO: Tag[ route_check ] --START--
[ 2012-09-24T19:43:05+08:00 ] /xxx2/index.php/Index/index_pwd | INFO: Run CheckRoute Behavior [ RunTime:0.000887s ]
[ 2012-09-24T19:43:05+08:00 ] /xxx2/index.php/Index/index_pwd | INFO: Tag[ route_check ] --END-- [ RunTime:0.000992s ]
[ 2012-09-24T19:43:05+08:00 ] /xxx2/index.php/Index/index_pwd | INFO: Tag[ app_begin ] --START--
[ 2012-09-24T19:43:05+08:00 ] /xxx2/index.php/Index/index_pwd | INFO: Run ReadHtmlCache Behavior [ RunTime:0.000654s ]
[ 2012-09-24T19:43:05+08:00 ] /xxx2/index.php/Index/index_pwd | INFO: Tag[ app_begin ] --END-- [ RunTime:0.000726s ]
[ 2012-09-24T19:43:05+08:00 ] /xxx2/index.php/Index/index_pwd | SQL: SHOW COLUMNS FROM `think_catalog` [ RunTime:0.003489s ]
[ 2012-09-24T19:43:05+08:00 ] /xxx2/index.php/Index/index_pwd | SQL: SELECT `id`,`f_cata` FROM `think_catalog` WHERE f_id=0  [ RunTime:0.000729s ]
[ 2012-09-24T19:43:05+08:00 ] /xxx2/index.php/Index/index_pwd | SQL: SHOW COLUMNS FROM `think_link` [ RunTime:0.002425s ]
[ 2012-09-24T19:43:05+08:00 ] /xxx2/index.php/Index/index_pwd | SQL: SELECT `id`,`addr`,`info` FROM `think_link`  [ RunTime:0.000675s ]
[ 2012-09-24T19:43:05+08:00 ] /xxx2/index.php/Index/index_pwd | INFO: Tag[ view_template ] --START--
[ 2012-09-24T19:43:05+08:00 ] /xxx2/index.php/Index/index_pwd | INFO: Run LocationTemplate Behavior [ RunTime:0.019165s ]
[ 2012-09-24T19:43:05+08:00 ] /xxx2/index.php/Index/index_pwd | INFO: Tag[ view_template ] --END-- [ RunTime:0.019272s ]
[ 2012-09-24T19:43:05+08:00 ] /xxx2/index.php/Index/index_pwd | INFO: Tag[ view_parse ] --START--
[ 2012-09-24T19:43:05+08:00 ] /xxx2/index.php/Index/index_pwd | NOTIC: [8] Undefined variable: title 6833fa2ead415a5b4ec6ad6a5c246f7d.php 第 7 行.
[ 2012-09-24T19:43:05+08:00 ] /xxx2/index.php/Index/index_pwd | INFO: Run ParseTemplate Behavior [ RunTime:0.039200s ]
[ 2012-09-24T19:43:05+08:00 ] /xxx2/index.php/Index/index_pwd | INFO: Tag[ view_parse ] --END-- [ RunTime:0.039288s ]
[ 2012-09-24T19:43:05+08:00 ] /xxx2/index.php/Index/index_pwd | INFO: Tag[ view_filter ] --START--
[ 2012-09-24T19:43:05+08:00 ] /xxx2/index.php/Index/index_pwd | INFO: Run ContentReplace Behavior [ RunTime:0.000435s ]
[ 2012-09-24T19:43:05+08:00 ] /xxx2/index.php/Index/index_pwd | INFO: Run TokenBuild Behavior [ RunTime:0.000481s ]
[ 2012-09-24T19:43:05+08:00 ] /xxx2/index.php/Index/index_pwd | INFO: Run WriteHtmlCache Behavior [ RunTime:0.000660s ]
[ 2012-09-24T19:43:05+08:00 ] /xxx2/index.php/Index/index_pwd | INFO: Run ShowRuntime Behavior [ RunTime:0.007408s ]
[ 2012-09-24T19:43:05+08:00 ] /xxx2/index.php/Index/index_pwd | INFO: Tag[ view_filter ] --END-- [ RunTime:0.009191s ]
[ 2012-09-24T19:43:05+08:00 ] /xxx2/index.php/Index/index_pwd | INFO: Tag[ view_end ] --START--
[ 2012-09-24T19:43:05+08:00 ] /xxx2/index.php/Index/index_pwd | INFO: Run ShowPageTrace Behavior [ RunTime:0.000494s ]
[ 2012-09-24T19:43:05+08:00 ] /xxx2/index.php/Index/index_pwd | INFO: Tag[ view_end ] --END-- [ RunTime:0.000561s ]
[ 2012-09-24T19:43:10+08:00 ] /xxx2/index.php/Index/index_pwd | INFO: Tag[ route_check ] --START--
[ 2012-09-24T19:43:10+08:00 ] /xxx2/index.php/Index/index_pwd | INFO: Run CheckRoute Behavior [ RunTime:0.000941s ]
[ 2012-09-24T19:43:10+08:00 ] /xxx2/index.php/Index/index_pwd | INFO: Tag[ route_check ] --END-- [ RunTime:0.001044s ]
[ 2012-09-24T19:43:10+08:00 ] /xxx2/index.php/Index/index_pwd | INFO: Tag[ app_begin ] --START--
[ 2012-09-24T19:43:10+08:00 ] /xxx2/index.php/Index/index_pwd | INFO: Run ReadHtmlCache Behavior [ RunTime:0.000571s ]
[ 2012-09-24T19:43:10+08:00 ] /xxx2/index.php/Index/index_pwd | INFO: Tag[ app_begin ] --END-- [ RunTime:0.000632s ]
[ 2012-09-24T19:43:10+08:00 ] /xxx2/index.php/Index/index_pwd | SQL: SHOW COLUMNS FROM `think_catalog` [ RunTime:0.002443s ]
[ 2012-09-24T19:43:10+08:00 ] /xxx2/index.php/Index/index_pwd | SQL: SELECT `id`,`f_cata` FROM `think_catalog` WHERE f_id=0  [ RunTime:0.001016s ]
[ 2012-09-24T19:43:10+08:00 ] /xxx2/index.php/Index/index_pwd | SQL: SHOW COLUMNS FROM `think_link` [ RunTime:0.002091s ]
[ 2012-09-24T19:43:10+08:00 ] /xxx2/index.php/Index/index_pwd | SQL: SELECT `id`,`addr`,`info` FROM `think_link`  [ RunTime:0.000571s ]
[ 2012-09-24T19:43:10+08:00 ] /xxx2/index.php/Index/index_pwd | INFO: Tag[ view_template ] --START--
[ 2012-09-24T19:43:10+08:00 ] /xxx2/index.php/Index/index_pwd | INFO: Run LocationTemplate Behavior [ RunTime:0.000521s ]
[ 2012-09-24T19:43:10+08:00 ] /xxx2/index.php/Index/index_pwd | INFO: Tag[ view_template ] --END-- [ RunTime:0.000590s ]
[ 2012-09-24T19:43:10+08:00 ] /xxx2/index.php/Index/index_pwd | INFO: Tag[ view_parse ] --START--
[ 2012-09-24T19:43:10+08:00 ] /xxx2/index.php/Index/index_pwd | NOTIC: [8] Undefined variable: title 6833fa2ead415a5b4ec6ad6a5c246f7d.php 第 7 行.
[ 2012-09-24T19:43:10+08:00 ] /xxx2/index.php/Index/index_pwd | INFO: Run ParseTemplate Behavior [ RunTime:0.010653s ]
[ 2012-09-24T19:43:10+08:00 ] /xxx2/index.php/Index/index_pwd | INFO: Tag[ view_parse ] --END-- [ RunTime:0.010738s ]
[ 2012-09-24T19:43:10+08:00 ] /xxx2/index.php/Index/index_pwd | INFO: Tag[ view_filter ] --START--
[ 2012-09-24T19:43:10+08:00 ] /xxx2/index.php/Index/index_pwd | INFO: Run ContentReplace Behavior [ RunTime:0.000479s ]
[ 2012-09-24T19:43:10+08:00 ] /xxx2/index.php/Index/index_pwd | INFO: Run TokenBuild Behavior [ RunTime:0.000760s ]
[ 2012-09-24T19:43:10+08:00 ] /xxx2/index.php/Index/index_pwd | INFO: Run WriteHtmlCache Behavior [ RunTime:0.000285s ]
[ 2012-09-24T19:43:10+08:00 ] /xxx2/index.php/Index/index_pwd | INFO: Run ShowRuntime Behavior [ RunTime:0.000510s ]
[ 2012-09-24T19:43:10+08:00 ] /xxx2/index.php/Index/index_pwd | INFO: Tag[ view_filter ] --END-- [ RunTime:0.002214s ]
[ 2012-09-24T19:43:10+08:00 ] /xxx2/index.php/Index/index_pwd | INFO: Tag[ view_end ] --START--
[ 2012-09-24T19:43:10+08:00 ] /xxx2/index.php/Index/index_pwd | INFO: Run ShowPageTrace Behavior [ RunTime:0.000460s ]
[ 2012-09-24T19:43:10+08:00 ] /xxx2/index.php/Index/index_pwd | INFO: Tag[ view_end ] --END-- [ RunTime:0.000520s ]
[ 2012-09-24T19:43:13+08:00 ] /xxx2/index.php/Index/index_regist | INFO: Tag[ route_check ] --START--
[ 2012-09-24T19:43:13+08:00 ] /xxx2/index.php/Index/index_regist | INFO: Run CheckRoute Behavior [ RunTime:0.000882s ]
[ 2012-09-24T19:43:13+08:00 ] /xxx2/index.php/Index/index_regist | INFO: Tag[ route_check ] --END-- [ RunTime:0.000997s ]
[ 2012-09-24T19:43:13+08:00 ] /xxx2/index.php/Index/index_regist | INFO: Tag[ app_begin ] --START--
[ 2012-09-24T19:43:13+08:00 ] /xxx2/index.php/Index/index_regist | INFO: Run ReadHtmlCache Behavior [ RunTime:0.001196s ]
[ 2012-09-24T19:43:13+08:00 ] /xxx2/index.php/Index/index_regist | INFO: Tag[ app_begin ] --END-- [ RunTime:0.001284s ]
[ 2012-09-24T19:43:13+08:00 ] /xxx2/index.php/Index/index_regist | SQL: SHOW COLUMNS FROM `think_catalog` [ RunTime:0.002010s ]
[ 2012-09-24T19:43:13+08:00 ] /xxx2/index.php/Index/index_regist | SQL: SELECT `id`,`f_cata` FROM `think_catalog` WHERE f_id=0  [ RunTime:0.000577s ]
[ 2012-09-24T19:43:13+08:00 ] /xxx2/index.php/Index/index_regist | SQL: SHOW COLUMNS FROM `think_link` [ RunTime:0.001835s ]
[ 2012-09-24T19:43:13+08:00 ] /xxx2/index.php/Index/index_regist | SQL: SELECT `id`,`addr`,`info` FROM `think_link`  [ RunTime:0.000703s ]
[ 2012-09-24T19:43:13+08:00 ] /xxx2/index.php/Index/index_regist | INFO: Tag[ view_template ] --START--
[ 2012-09-24T19:43:13+08:00 ] /xxx2/index.php/Index/index_regist | INFO: Run LocationTemplate Behavior [ RunTime:0.000705s ]
[ 2012-09-24T19:43:13+08:00 ] /xxx2/index.php/Index/index_regist | INFO: Tag[ view_template ] --END-- [ RunTime:0.000842s ]
[ 2012-09-24T19:43:13+08:00 ] /xxx2/index.php/Index/index_regist | INFO: Tag[ view_parse ] --START--
[ 2012-09-24T19:43:13+08:00 ] /xxx2/index.php/Index/index_regist | NOTIC: [8] Undefined variable: title 3cf063a52fa37dbb2ff5092719abcfea.php 第 7 行.
[ 2012-09-24T19:43:13+08:00 ] /xxx2/index.php/Index/index_regist | INFO: Run ParseTemplate Behavior [ RunTime:0.019788s ]
[ 2012-09-24T19:43:13+08:00 ] /xxx2/index.php/Index/index_regist | INFO: Tag[ view_parse ] --END-- [ RunTime:0.019868s ]
[ 2012-09-24T19:43:13+08:00 ] /xxx2/index.php/Index/index_regist | INFO: Tag[ view_filter ] --START--
[ 2012-09-24T19:43:13+08:00 ] /xxx2/index.php/Index/index_regist | INFO: Run ContentReplace Behavior [ RunTime:0.000416s ]
[ 2012-09-24T19:43:13+08:00 ] /xxx2/index.php/Index/index_regist | INFO: Run TokenBuild Behavior [ RunTime:0.000462s ]
[ 2012-09-24T19:43:13+08:00 ] /xxx2/index.php/Index/index_regist | INFO: Run WriteHtmlCache Behavior [ RunTime:0.000247s ]
[ 2012-09-24T19:43:13+08:00 ] /xxx2/index.php/Index/index_regist | INFO: Run ShowRuntime Behavior [ RunTime:0.000492s ]
[ 2012-09-24T19:43:13+08:00 ] /xxx2/index.php/Index/index_regist | INFO: Tag[ view_filter ] --END-- [ RunTime:0.001789s ]
[ 2012-09-24T19:43:13+08:00 ] /xxx2/index.php/Index/index_regist | INFO: Tag[ view_end ] --START--
[ 2012-09-24T19:43:13+08:00 ] /xxx2/index.php/Index/index_regist | INFO: Run ShowPageTrace Behavior [ RunTime:0.000461s ]
[ 2012-09-24T19:43:13+08:00 ] /xxx2/index.php/Index/index_regist | INFO: Tag[ view_end ] --END-- [ RunTime:0.000522s ]
[ 2012-09-24T19:43:29+08:00 ] /xxx2/index.php/Index/login | INFO: Tag[ route_check ] --START--
[ 2012-09-24T19:43:29+08:00 ] /xxx2/index.php/Index/login | INFO: Run CheckRoute Behavior [ RunTime:0.000898s ]
[ 2012-09-24T19:43:29+08:00 ] /xxx2/index.php/Index/login | INFO: Tag[ route_check ] --END-- [ RunTime:0.001008s ]
[ 2012-09-24T19:43:29+08:00 ] /xxx2/index.php/Index/login | INFO: Tag[ app_begin ] --START--
[ 2012-09-24T19:43:29+08:00 ] /xxx2/index.php/Index/login | INFO: Run ReadHtmlCache Behavior [ RunTime:0.000608s ]
[ 2012-09-24T19:43:29+08:00 ] /xxx2/index.php/Index/login | INFO: Tag[ app_begin ] --END-- [ RunTime:0.000674s ]
[ 2012-09-24T19:43:29+08:00 ] /xxx2/index.php/Index/login | SQL: SHOW COLUMNS FROM `think_login` [ RunTime:0.023965s ]
[ 2012-09-24T19:43:29+08:00 ] /xxx2/index.php/Index/login | SQL: SELECT * FROM `think_login` WHERE username='1091306420' and pwd='123' LIMIT 1   [ RunTime:0.020187s ]
[ 2012-09-24T19:43:29+08:00 ] /xxx2/index.php/Index/login | SQL: UPDATE `think_login` SET `id`='30',`username`='1091306420',`pwd`='123',`name`=null,`num`=null,`clas`=null,`sex`=null,`qq`=null,`mails`=null,`phone`=null,`addr`=null,`getpassword`=null,`ntime`=null,`logintimes`=5,`s_img`=null WHERE username='1091306420' [ RunTime:0.098298s ]
[ 2012-09-24T19:43:29+08:00 ] /xxx2/index.php/Index/login | NOTIC: [8] Use of undefined constant username - assumed 'username' IndexAction.class.php 第 83 行.
[ 2012-09-24T19:43:29+08:00 ] /xxx2/index.php/Index/login | INFO: Tag[ view_template ] --START--
[ 2012-09-24T19:43:29+08:00 ] /xxx2/index.php/Index/login | INFO: Run LocationTemplate Behavior [ RunTime:0.001183s ]
[ 2012-09-24T19:43:29+08:00 ] /xxx2/index.php/Index/login | INFO: Tag[ view_template ] --END-- [ RunTime:0.001295s ]
[ 2012-09-24T19:43:29+08:00 ] /xxx2/index.php/Index/login | INFO: Tag[ view_parse ] --START--
[ 2012-09-24T19:43:29+08:00 ] /xxx2/index.php/Index/login | INFO: Run ParseTemplate Behavior [ RunTime:0.069725s ]
[ 2012-09-24T19:43:29+08:00 ] /xxx2/index.php/Index/login | INFO: Tag[ view_parse ] --END-- [ RunTime:0.069849s ]
[ 2012-09-24T19:43:29+08:00 ] /xxx2/index.php/Index/login | INFO: Tag[ view_filter ] --START--
[ 2012-09-24T19:43:29+08:00 ] /xxx2/index.php/Index/login | INFO: Run ContentReplace Behavior [ RunTime:0.000559s ]
[ 2012-09-24T19:43:29+08:00 ] /xxx2/index.php/Index/login | INFO: Run TokenBuild Behavior [ RunTime:0.000546s ]
[ 2012-09-24T19:43:29+08:00 ] /xxx2/index.php/Index/login | INFO: Run WriteHtmlCache Behavior [ RunTime:0.000497s ]
[ 2012-09-24T19:43:29+08:00 ] /xxx2/index.php/Index/login | INFO: Run ShowRuntime Behavior [ RunTime:0.000653s ]
[ 2012-09-24T19:43:29+08:00 ] /xxx2/index.php/Index/login | INFO: Tag[ view_filter ] --END-- [ RunTime:0.002457s ]
[ 2012-09-24T19:43:29+08:00 ] /xxx2/index.php/Index/login | NOTIC: [2] Cannot modify header information - headers already sent by (output started at D:\XAMPP\xampp\htdocs\xxx2\home\Lib\Action\IndexAction.class.php:81) View.class.php 第 120 行.
[ 2012-09-24T19:43:29+08:00 ] /xxx2/index.php/Index/login | NOTIC: [2] Cannot modify header information - headers already sent by (output started at D:\XAMPP\xampp\htdocs\xxx2\home\Lib\Action\IndexAction.class.php:81) View.class.php 第 121 行.
[ 2012-09-24T19:43:29+08:00 ] /xxx2/index.php/Index/login | NOTIC: [2] Cannot modify header information - headers already sent by (output started at D:\XAMPP\xampp\htdocs\xxx2\home\Lib\Action\IndexAction.class.php:81) View.class.php 第 122 行.
[ 2012-09-24T19:43:29+08:00 ] /xxx2/index.php/Index/login | INFO: Tag[ view_end ] --START--
[ 2012-09-24T19:43:29+08:00 ] /xxx2/index.php/Index/login | INFO: Run ShowPageTrace Behavior [ RunTime:0.000606s ]
[ 2012-09-24T19:43:29+08:00 ] /xxx2/index.php/Index/login | INFO: Tag[ view_end ] --END-- [ RunTime:0.000668s ]
[ 2012-09-24T19:43:34+08:00 ] /xxx2/index.php/Show/index | INFO: Tag[ route_check ] --START--
[ 2012-09-24T19:43:34+08:00 ] /xxx2/index.php/Show/index | INFO: Run CheckRoute Behavior [ RunTime:0.000869s ]
[ 2012-09-24T19:43:34+08:00 ] /xxx2/index.php/Show/index | INFO: Tag[ route_check ] --END-- [ RunTime:0.000970s ]
[ 2012-09-24T19:43:34+08:00 ] /xxx2/index.php/Show/index | INFO: Tag[ app_begin ] --START--
[ 2012-09-24T19:43:34+08:00 ] /xxx2/index.php/Show/index | INFO: Run ReadHtmlCache Behavior [ RunTime:0.000573s ]
[ 2012-09-24T19:43:34+08:00 ] /xxx2/index.php/Show/index | INFO: Tag[ app_begin ] --END-- [ RunTime:0.000634s ]
[ 2012-09-24T19:43:34+08:00 ] /xxx2/index.php/Show/index | SQL: SHOW COLUMNS FROM `think_catalog` [ RunTime:0.002429s ]
[ 2012-09-24T19:43:34+08:00 ] /xxx2/index.php/Show/index | SQL: SELECT `id`,`f_cata`,`s_cata`,`isf`,`f_id`,`p_id` FROM `think_catalog`  [ RunTime:0.000880s ]
[ 2012-09-24T19:43:34+08:00 ] /xxx2/index.php/Show/index | SQL: SHOW COLUMNS FROM `think_link` [ RunTime:0.002345s ]
[ 2012-09-24T19:43:34+08:00 ] /xxx2/index.php/Show/index | SQL: SELECT `id`,`addr`,`info` FROM `think_link`  [ RunTime:0.000789s ]
[ 2012-09-24T19:43:34+08:00 ] /xxx2/index.php/Show/index | SQL: SHOW COLUMNS FROM `think_tongzhi` [ RunTime:0.002287s ]
[ 2012-09-24T19:43:34+08:00 ] /xxx2/index.php/Show/index | SQL: SELECT `id`,`title`,`content`,`name`,`dt` FROM `think_tongzhi`  [ RunTime:0.002058s ]
[ 2012-09-24T19:43:34+08:00 ] /xxx2/index.php/Show/index | INFO: Tag[ view_template ] --START--
[ 2012-09-24T19:43:34+08:00 ] /xxx2/index.php/Show/index | INFO: Run LocationTemplate Behavior [ RunTime:0.022783s ]
[ 2012-09-24T19:43:34+08:00 ] /xxx2/index.php/Show/index | INFO: Tag[ view_template ] --END-- [ RunTime:0.022896s ]
[ 2012-09-24T19:43:34+08:00 ] /xxx2/index.php/Show/index | INFO: Tag[ view_parse ] --START--
[ 2012-09-24T19:43:34+08:00 ] /xxx2/index.php/Show/index | NOTIC: [8] Undefined variable: count 4114fbf5f7e547e5b806b05cdf8d53ce.php 第 49 行.
[ 2012-09-24T19:43:34+08:00 ] /xxx2/index.php/Show/index | INFO: Run ParseTemplate Behavior [ RunTime:0.043347s ]
[ 2012-09-24T19:43:34+08:00 ] /xxx2/index.php/Show/index | INFO: Tag[ view_parse ] --END-- [ RunTime:0.043431s ]
[ 2012-09-24T19:43:34+08:00 ] /xxx2/index.php/Show/index | INFO: Tag[ view_filter ] --START--
[ 2012-09-24T19:43:34+08:00 ] /xxx2/index.php/Show/index | INFO: Run ContentReplace Behavior [ RunTime:0.000441s ]
[ 2012-09-24T19:43:34+08:00 ] /xxx2/index.php/Show/index | INFO: Run TokenBuild Behavior [ RunTime:0.000409s ]
[ 2012-09-24T19:43:34+08:00 ] /xxx2/index.php/Show/index | INFO: Run WriteHtmlCache Behavior [ RunTime:0.000243s ]
[ 2012-09-24T19:43:34+08:00 ] /xxx2/index.php/Show/index | INFO: Run ShowRuntime Behavior [ RunTime:0.000494s ]
[ 2012-09-24T19:43:34+08:00 ] /xxx2/index.php/Show/index | INFO: Tag[ view_filter ] --END-- [ RunTime:0.001758s ]
[ 2012-09-24T19:43:34+08:00 ] /xxx2/index.php/Show/index | INFO: Tag[ view_end ] --START--
[ 2012-09-24T19:43:34+08:00 ] /xxx2/index.php/Show/index | INFO: Run ShowPageTrace Behavior [ RunTime:0.000445s ]
[ 2012-09-24T19:43:34+08:00 ] /xxx2/index.php/Show/index | INFO: Tag[ view_end ] --END-- [ RunTime:0.000506s ]
[ 2012-09-24T19:43:34+08:00 ] /xxx2/index.php/Show/show | INFO: Tag[ route_check ] --START--
[ 2012-09-24T19:43:34+08:00 ] /xxx2/index.php/Show/show | INFO: Run CheckRoute Behavior [ RunTime:0.001143s ]
[ 2012-09-24T19:43:34+08:00 ] /xxx2/index.php/Show/show | INFO: Tag[ route_check ] --END-- [ RunTime:0.001272s ]
[ 2012-09-24T19:43:34+08:00 ] /xxx2/index.php/Show/show | INFO: Tag[ app_begin ] --START--
[ 2012-09-24T19:43:34+08:00 ] /xxx2/index.php/Show/show | INFO: Run ReadHtmlCache Behavior [ RunTime:0.000738s ]
[ 2012-09-24T19:43:34+08:00 ] /xxx2/index.php/Show/show | INFO: Tag[ app_begin ] --END-- [ RunTime:0.000817s ]
[ 2012-09-24T19:43:34+08:00 ] /xxx2/index.php/Show/show | NOTIC: [8] Undefined index: id ShowAction.class.php 第 32 行.
[ 2012-09-24T19:43:34+08:00 ] /xxx2/index.php/Show/show | INFO: Tag[ view_template ] --START--
[ 2012-09-24T19:43:34+08:00 ] /xxx2/index.php/Show/show | INFO: Run LocationTemplate Behavior [ RunTime:0.000965s ]
[ 2012-09-24T19:43:34+08:00 ] /xxx2/index.php/Show/show | INFO: Tag[ view_template ] --END-- [ RunTime:0.001066s ]
[ 2012-09-24T19:43:34+08:00 ] /xxx2/index.php/Show/show | INFO: Tag[ view_parse ] --START--
[ 2012-09-24T19:43:34+08:00 ] /xxx2/index.php/Show/show | NOTIC: [8] Undefined variable: content_list b6c27305877664492e2dc85072d532a8.php 第 30 行.
[ 2012-09-24T19:43:34+08:00 ] /xxx2/index.php/Show/show | INFO: Run ParseTemplate Behavior [ RunTime:0.056982s ]
[ 2012-09-24T19:43:34+08:00 ] /xxx2/index.php/Show/show | INFO: Tag[ view_parse ] --END-- [ RunTime:0.057068s ]
[ 2012-09-24T19:43:34+08:00 ] /xxx2/index.php/Show/show | INFO: Tag[ view_filter ] --START--
[ 2012-09-24T19:43:34+08:00 ] /xxx2/index.php/Show/show | INFO: Run ContentReplace Behavior [ RunTime:0.000773s ]
[ 2012-09-24T19:43:34+08:00 ] /xxx2/index.php/Show/show | INFO: Run TokenBuild Behavior [ RunTime:0.000419s ]
[ 2012-09-24T19:43:34+08:00 ] /xxx2/index.php/Show/show | INFO: Run WriteHtmlCache Behavior [ RunTime:0.000252s ]
[ 2012-09-24T19:43:34+08:00 ] /xxx2/index.php/Show/show | INFO: Run ShowRuntime Behavior [ RunTime:0.000499s ]
[ 2012-09-24T19:43:34+08:00 ] /xxx2/index.php/Show/show | INFO: Tag[ view_filter ] --END-- [ RunTime:0.002178s ]
[ 2012-09-24T19:43:34+08:00 ] /xxx2/index.php/Show/show | INFO: Tag[ view_end ] --START--
[ 2012-09-24T19:43:34+08:00 ] /xxx2/index.php/Show/show | INFO: Run ShowPageTrace Behavior [ RunTime:0.000483s ]
[ 2012-09-24T19:43:34+08:00 ] /xxx2/index.php/Show/show | INFO: Tag[ view_end ] --END-- [ RunTime:0.000551s ]
[ 2012-09-24T19:43:34+08:00 ] /xxx2/index.php/Show/resources/images/closelabel.gif | ERR: (ThinkException) 非法操作resources
[ 2012-09-24T19:43:41+08:00 ] /xxx2/index.php/Show/show/id/%E4%BA%BA%E5%91%98 | INFO: Tag[ route_check ] --START--
[ 2012-09-24T19:43:41+08:00 ] /xxx2/index.php/Show/show/id/%E4%BA%BA%E5%91%98 | INFO: Run CheckRoute Behavior [ RunTime:0.000867s ]
[ 2012-09-24T19:43:41+08:00 ] /xxx2/index.php/Show/show/id/%E4%BA%BA%E5%91%98 | INFO: Tag[ route_check ] --END-- [ RunTime:0.000979s ]
[ 2012-09-24T19:43:41+08:00 ] /xxx2/index.php/Show/show/id/%E4%BA%BA%E5%91%98 | INFO: Tag[ app_begin ] --START--
[ 2012-09-24T19:43:41+08:00 ] /xxx2/index.php/Show/show/id/%E4%BA%BA%E5%91%98 | INFO: Run ReadHtmlCache Behavior [ RunTime:0.000571s ]
[ 2012-09-24T19:43:41+08:00 ] /xxx2/index.php/Show/show/id/%E4%BA%BA%E5%91%98 | INFO: Tag[ app_begin ] --END-- [ RunTime:0.000634s ]
[ 2012-09-24T19:43:41+08:00 ] /xxx2/index.php/Show/show/id/%E4%BA%BA%E5%91%98 | SQL: SHOW COLUMNS FROM `think_cata` [ RunTime:0.002070s ]
[ 2012-09-24T19:43:41+08:00 ] /xxx2/index.php/Show/show/id/%E4%BA%BA%E5%91%98 | SQL: SELECT `title`,`content`,`user`,`dt` FROM `think_cata` WHERE Catalog='人员'  [ RunTime:0.000863s ]
[ 2012-09-24T19:43:41+08:00 ] /xxx2/index.php/Show/show/id/%E4%BA%BA%E5%91%98 | INFO: Tag[ view_template ] --START--
[ 2012-09-24T19:43:41+08:00 ] /xxx2/index.php/Show/show/id/%E4%BA%BA%E5%91%98 | INFO: Run LocationTemplate Behavior [ RunTime:0.000498s ]
[ 2012-09-24T19:43:41+08:00 ] /xxx2/index.php/Show/show/id/%E4%BA%BA%E5%91%98 | INFO: Tag[ view_template ] --END-- [ RunTime:0.000565s ]
[ 2012-09-24T19:43:41+08:00 ] /xxx2/index.php/Show/show/id/%E4%BA%BA%E5%91%98 | INFO: Tag[ view_parse ] --START--
[ 2012-09-24T19:43:41+08:00 ] /xxx2/index.php/Show/show/id/%E4%BA%BA%E5%91%98 | INFO: Run ParseTemplate Behavior [ RunTime:0.008653s ]
[ 2012-09-24T19:43:41+08:00 ] /xxx2/index.php/Show/show/id/%E4%BA%BA%E5%91%98 | INFO: Tag[ view_parse ] --END-- [ RunTime:0.008752s ]
[ 2012-09-24T19:43:41+08:00 ] /xxx2/index.php/Show/show/id/%E4%BA%BA%E5%91%98 | INFO: Tag[ view_filter ] --START--
[ 2012-09-24T19:43:41+08:00 ] /xxx2/index.php/Show/show/id/%E4%BA%BA%E5%91%98 | INFO: Run ContentReplace Behavior [ RunTime:0.000788s ]
[ 2012-09-24T19:43:41+08:00 ] /xxx2/index.php/Show/show/id/%E4%BA%BA%E5%91%98 | INFO: Run TokenBuild Behavior [ RunTime:0.000429s ]
[ 2012-09-24T19:43:41+08:00 ] /xxx2/index.php/Show/show/id/%E4%BA%BA%E5%91%98 | INFO: Run WriteHtmlCache Behavior [ RunTime:0.000247s ]
[ 2012-09-24T19:43:41+08:00 ] /xxx2/index.php/Show/show/id/%E4%BA%BA%E5%91%98 | INFO: Run ShowRuntime Behavior [ RunTime:0.000592s ]
[ 2012-09-24T19:43:41+08:00 ] /xxx2/index.php/Show/show/id/%E4%BA%BA%E5%91%98 | INFO: Tag[ view_filter ] --END-- [ RunTime:0.002234s ]
[ 2012-09-24T19:43:41+08:00 ] /xxx2/index.php/Show/show/id/%E4%BA%BA%E5%91%98 | INFO: Tag[ view_end ] --START--
[ 2012-09-24T19:43:41+08:00 ] /xxx2/index.php/Show/show/id/%E4%BA%BA%E5%91%98 | INFO: Run ShowPageTrace Behavior [ RunTime:0.000477s ]
[ 2012-09-24T19:43:41+08:00 ] /xxx2/index.php/Show/show/id/%E4%BA%BA%E5%91%98 | INFO: Tag[ view_end ] --END-- [ RunTime:0.000538s ]
[ 2012-09-24T19:43:42+08:00 ] /xxx2/index.php/Show/show/id/%E8%B5%84%E6%96%99 | INFO: Tag[ route_check ] --START--
[ 2012-09-24T19:43:42+08:00 ] /xxx2/index.php/Show/show/id/%E8%B5%84%E6%96%99 | INFO: Run CheckRoute Behavior [ RunTime:0.000924s ]
[ 2012-09-24T19:43:42+08:00 ] /xxx2/index.php/Show/show/id/%E8%B5%84%E6%96%99 | INFO: Tag[ route_check ] --END-- [ RunTime:0.001052s ]
[ 2012-09-24T19:43:42+08:00 ] /xxx2/index.php/Show/show/id/%E8%B5%84%E6%96%99 | INFO: Tag[ app_begin ] --START--
[ 2012-09-24T19:43:42+08:00 ] /xxx2/index.php/Show/show/id/%E8%B5%84%E6%96%99 | INFO: Run ReadHtmlCache Behavior [ RunTime:0.000592s ]
[ 2012-09-24T19:43:42+08:00 ] /xxx2/index.php/Show/show/id/%E8%B5%84%E6%96%99 | INFO: Tag[ app_begin ] --END-- [ RunTime:0.000657s ]
[ 2012-09-24T19:43:42+08:00 ] /xxx2/index.php/Show/show/id/%E8%B5%84%E6%96%99 | SQL: SHOW COLUMNS FROM `think_cata` [ RunTime:0.002134s ]
[ 2012-09-24T19:43:42+08:00 ] /xxx2/index.php/Show/show/id/%E8%B5%84%E6%96%99 | SQL: SELECT `title`,`content`,`user`,`dt` FROM `think_cata` WHERE Catalog='资料'  [ RunTime:0.000566s ]
[ 2012-09-24T19:43:42+08:00 ] /xxx2/index.php/Show/show/id/%E8%B5%84%E6%96%99 | INFO: Tag[ view_template ] --START--
[ 2012-09-24T19:43:42+08:00 ] /xxx2/index.php/Show/show/id/%E8%B5%84%E6%96%99 | INFO: Run LocationTemplate Behavior [ RunTime:0.000505s ]
[ 2012-09-24T19:43:42+08:00 ] /xxx2/index.php/Show/show/id/%E8%B5%84%E6%96%99 | INFO: Tag[ view_template ] --END-- [ RunTime:0.000577s ]
[ 2012-09-24T19:43:42+08:00 ] /xxx2/index.php/Show/show/id/%E8%B5%84%E6%96%99 | INFO: Tag[ view_parse ] --START--
[ 2012-09-24T19:43:42+08:00 ] /xxx2/index.php/Show/show/id/%E8%B5%84%E6%96%99 | INFO: Run ParseTemplate Behavior [ RunTime:0.009045s ]
[ 2012-09-24T19:43:42+08:00 ] /xxx2/index.php/Show/show/id/%E8%B5%84%E6%96%99 | INFO: Tag[ view_parse ] --END-- [ RunTime:0.009156s ]
[ 2012-09-24T19:43:42+08:00 ] /xxx2/index.php/Show/show/id/%E8%B5%84%E6%96%99 | INFO: Tag[ view_filter ] --START--
[ 2012-09-24T19:43:42+08:00 ] /xxx2/index.php/Show/show/id/%E8%B5%84%E6%96%99 | INFO: Run ContentReplace Behavior [ RunTime:0.000389s ]
[ 2012-09-24T19:43:42+08:00 ] /xxx2/index.php/Show/show/id/%E8%B5%84%E6%96%99 | INFO: Run TokenBuild Behavior [ RunTime:0.000383s ]
[ 2012-09-24T19:43:42+08:00 ] /xxx2/index.php/Show/show/id/%E8%B5%84%E6%96%99 | INFO: Run WriteHtmlCache Behavior [ RunTime:0.000246s ]
[ 2012-09-24T19:43:42+08:00 ] /xxx2/index.php/Show/show/id/%E8%B5%84%E6%96%99 | INFO: Run ShowRuntime Behavior [ RunTime:0.000486s ]
[ 2012-09-24T19:43:42+08:00 ] /xxx2/index.php/Show/show/id/%E8%B5%84%E6%96%99 | INFO: Tag[ view_filter ] --END-- [ RunTime:0.001674s ]
[ 2012-09-24T19:43:42+08:00 ] /xxx2/index.php/Show/show/id/%E8%B5%84%E6%96%99 | INFO: Tag[ view_end ] --START--
[ 2012-09-24T19:43:42+08:00 ] /xxx2/index.php/Show/show/id/%E8%B5%84%E6%96%99 | INFO: Run ShowPageTrace Behavior [ RunTime:0.000547s ]
[ 2012-09-24T19:43:42+08:00 ] /xxx2/index.php/Show/show/id/%E8%B5%84%E6%96%99 | INFO: Tag[ view_end ] --END-- [ RunTime:0.000614s ]
[ 2012-09-24T19:43:43+08:00 ] /xxx2/index.php/Show/show/id/%E6%95%99%E5%B8%88%E5%9B%A2%E9%98%9F | INFO: Tag[ route_check ] --START--
[ 2012-09-24T19:43:43+08:00 ] /xxx2/index.php/Show/show/id/%E6%95%99%E5%B8%88%E5%9B%A2%E9%98%9F | INFO: Run CheckRoute Behavior [ RunTime:0.000869s ]
[ 2012-09-24T19:43:43+08:00 ] /xxx2/index.php/Show/show/id/%E6%95%99%E5%B8%88%E5%9B%A2%E9%98%9F | INFO: Tag[ route_check ] --END-- [ RunTime:0.000970s ]
[ 2012-09-24T19:43:43+08:00 ] /xxx2/index.php/Show/show/id/%E6%95%99%E5%B8%88%E5%9B%A2%E9%98%9F | INFO: Tag[ app_begin ] --START--
[ 2012-09-24T19:43:43+08:00 ] /xxx2/index.php/Show/show/id/%E6%95%99%E5%B8%88%E5%9B%A2%E9%98%9F | INFO: Run ReadHtmlCache Behavior [ RunTime:0.000566s ]
[ 2012-09-24T19:43:43+08:00 ] /xxx2/index.php/Show/show/id/%E6%95%99%E5%B8%88%E5%9B%A2%E9%98%9F | INFO: Tag[ app_begin ] --END-- [ RunTime:0.000629s ]
[ 2012-09-24T19:43:43+08:00 ] /xxx2/index.php/Show/show/id/%E6%95%99%E5%B8%88%E5%9B%A2%E9%98%9F | SQL: SHOW COLUMNS FROM `think_cata` [ RunTime:0.002116s ]
[ 2012-09-24T19:43:43+08:00 ] /xxx2/index.php/Show/show/id/%E6%95%99%E5%B8%88%E5%9B%A2%E9%98%9F | SQL: SELECT `title`,`content`,`user`,`dt` FROM `think_cata` WHERE Catalog='教师团队'  [ RunTime:0.001158s ]
[ 2012-09-24T19:43:43+08:00 ] /xxx2/index.php/Show/show/id/%E6%95%99%E5%B8%88%E5%9B%A2%E9%98%9F | INFO: Tag[ view_template ] --START--
[ 2012-09-24T19:43:43+08:00 ] /xxx2/index.php/Show/show/id/%E6%95%99%E5%B8%88%E5%9B%A2%E9%98%9F | INFO: Run LocationTemplate Behavior [ RunTime:0.000505s ]
[ 2012-09-24T19:43:43+08:00 ] /xxx2/index.php/Show/show/id/%E6%95%99%E5%B8%88%E5%9B%A2%E9%98%9F | INFO: Tag[ view_template ] --END-- [ RunTime:0.000575s ]
[ 2012-09-24T19:43:43+08:00 ] /xxx2/index.php/Show/show/id/%E6%95%99%E5%B8%88%E5%9B%A2%E9%98%9F | INFO: Tag[ view_parse ] --START--
[ 2012-09-24T19:43:43+08:00 ] /xxx2/index.php/Show/show/id/%E6%95%99%E5%B8%88%E5%9B%A2%E9%98%9F | INFO: Run ParseTemplate Behavior [ RunTime:0.009165s ]
[ 2012-09-24T19:43:43+08:00 ] /xxx2/index.php/Show/show/id/%E6%95%99%E5%B8%88%E5%9B%A2%E9%98%9F | INFO: Tag[ view_parse ] --END-- [ RunTime:0.009273s ]
[ 2012-09-24T19:43:43+08:00 ] /xxx2/index.php/Show/show/id/%E6%95%99%E5%B8%88%E5%9B%A2%E9%98%9F | INFO: Tag[ view_filter ] --START--
[ 2012-09-24T19:43:43+08:00 ] /xxx2/index.php/Show/show/id/%E6%95%99%E5%B8%88%E5%9B%A2%E9%98%9F | INFO: Run ContentReplace Behavior [ RunTime:0.000394s ]
[ 2012-09-24T19:43:43+08:00 ] /xxx2/index.php/Show/show/id/%E6%95%99%E5%B8%88%E5%9B%A2%E9%98%9F | INFO: Run TokenBuild Behavior [ RunTime:0.000388s ]
[ 2012-09-24T19:43:43+08:00 ] /xxx2/index.php/Show/show/id/%E6%95%99%E5%B8%88%E5%9B%A2%E9%98%9F | INFO: Run WriteHtmlCache Behavior [ RunTime:0.000261s ]
[ 2012-09-24T19:43:43+08:00 ] /xxx2/index.php/Show/show/id/%E6%95%99%E5%B8%88%E5%9B%A2%E9%98%9F | INFO: Run ShowRuntime Behavior [ RunTime:0.000498s ]
[ 2012-09-24T19:43:43+08:00 ] /xxx2/index.php/Show/show/id/%E6%95%99%E5%B8%88%E5%9B%A2%E9%98%9F | INFO: Tag[ view_filter ] --END-- [ RunTime:0.001712s ]
[ 2012-09-24T19:43:43+08:00 ] /xxx2/index.php/Show/show/id/%E6%95%99%E5%B8%88%E5%9B%A2%E9%98%9F | INFO: Tag[ view_end ] --START--
[ 2012-09-24T19:43:43+08:00 ] /xxx2/index.php/Show/show/id/%E6%95%99%E5%B8%88%E5%9B%A2%E9%98%9F | INFO: Run ShowPageTrace Behavior [ RunTime:0.000479s ]
[ 2012-09-24T19:43:43+08:00 ] /xxx2/index.php/Show/show/id/%E6%95%99%E5%B8%88%E5%9B%A2%E9%98%9F | INFO: Tag[ view_end ] --END-- [ RunTime:0.000541s ]
[ 2012-09-24T19:46:14+08:00 ] /xxx2/index.php/Room/index/ | INFO: Tag[ route_check ] --START--
[ 2012-09-24T19:46:14+08:00 ] /xxx2/index.php/Room/index/ | INFO: Run CheckRoute Behavior [ RunTime:0.000879s ]
[ 2012-09-24T19:46:14+08:00 ] /xxx2/index.php/Room/index/ | INFO: Tag[ route_check ] --END-- [ RunTime:0.000983s ]
[ 2012-09-24T19:46:14+08:00 ] /xxx2/index.php/Room/index/ | INFO: Tag[ app_begin ] --START--
[ 2012-09-24T19:46:14+08:00 ] /xxx2/index.php/Room/index/ | INFO: Run ReadHtmlCache Behavior [ RunTime:0.000611s ]
[ 2012-09-24T19:46:14+08:00 ] /xxx2/index.php/Room/index/ | INFO: Tag[ app_begin ] --END-- [ RunTime:0.000675s ]
[ 2012-09-24T19:46:15+08:00 ] /xxx2/index.php/Room/index/ | SQL: SHOW COLUMNS FROM `think_login` [ RunTime:0.002402s ]
[ 2012-09-24T19:46:15+08:00 ] /xxx2/index.php/Room/index/ | SQL: SELECT * FROM `think_login` WHERE username='1091306420' LIMIT 1   [ RunTime:0.000531s ]
[ 2012-09-24T19:46:15+08:00 ] /xxx2/index.php/Room/index/ | INFO: Tag[ view_template ] --START--
[ 2012-09-24T19:46:15+08:00 ] /xxx2/index.php/Room/index/ | INFO: Run LocationTemplate Behavior [ RunTime:0.033376s ]
[ 2012-09-24T19:46:15+08:00 ] /xxx2/index.php/Room/index/ | INFO: Tag[ view_template ] --END-- [ RunTime:0.033487s ]
[ 2012-09-24T19:46:15+08:00 ] /xxx2/index.php/Room/index/ | INFO: Tag[ view_parse ] --START--
[ 2012-09-24T19:46:15+08:00 ] /xxx2/index.php/Room/index/ | NOTIC: [8] Undefined variable: title 30a99878984c7f18aa9ebcf65c3d6f43.php 第 10 行.
[ 2012-09-24T19:46:15+08:00 ] /xxx2/index.php/Room/index/ | INFO: Run ParseTemplate Behavior [ RunTime:0.042053s ]
[ 2012-09-24T19:46:15+08:00 ] /xxx2/index.php/Room/index/ | INFO: Tag[ view_parse ] --END-- [ RunTime:0.042137s ]
[ 2012-09-24T19:46:15+08:00 ] /xxx2/index.php/Room/index/ | INFO: Tag[ view_filter ] --START--
[ 2012-09-24T19:46:15+08:00 ] /xxx2/index.php/Room/index/ | INFO: Run ContentReplace Behavior [ RunTime:0.000629s ]
[ 2012-09-24T19:46:15+08:00 ] /xxx2/index.php/Room/index/ | INFO: Run TokenBuild Behavior [ RunTime:0.000612s ]
[ 2012-09-24T19:46:15+08:00 ] /xxx2/index.php/Room/index/ | INFO: Run WriteHtmlCache Behavior [ RunTime:0.000428s ]
[ 2012-09-24T19:46:15+08:00 ] /xxx2/index.php/Room/index/ | INFO: Run ShowRuntime Behavior [ RunTime:0.000636s ]
[ 2012-09-24T19:46:15+08:00 ] /xxx2/index.php/Room/index/ | INFO: Tag[ view_filter ] --END-- [ RunTime:0.002560s ]
[ 2012-09-24T19:46:15+08:00 ] /xxx2/index.php/Room/index/ | INFO: Tag[ view_end ] --START--
[ 2012-09-24T19:46:15+08:00 ] /xxx2/index.php/Room/index/ | INFO: Run ShowPageTrace Behavior [ RunTime:0.000615s ]
[ 2012-09-24T19:46:15+08:00 ] /xxx2/index.php/Room/index/ | INFO: Tag[ view_end ] --END-- [ RunTime:0.000678s ]
[ 2012-09-24T19:46:15+08:00 ] /xxx2/index.php/Room/basic_info | INFO: Tag[ route_check ] --START--
[ 2012-09-24T19:46:15+08:00 ] /xxx2/index.php/Room/basic_info | INFO: Run CheckRoute Behavior [ RunTime:0.000948s ]
[ 2012-09-24T19:46:15+08:00 ] /xxx2/index.php/Room/basic_info | INFO: Tag[ route_check ] --END-- [ RunTime:0.001064s ]
[ 2012-09-24T19:46:15+08:00 ] /xxx2/index.php/Room/basic_info | INFO: Tag[ app_begin ] --START--
[ 2012-09-24T19:46:15+08:00 ] /xxx2/index.php/Room/basic_info | INFO: Run ReadHtmlCache Behavior [ RunTime:0.000648s ]
[ 2012-09-24T19:46:15+08:00 ] /xxx2/index.php/Room/basic_info | INFO: Tag[ app_begin ] --END-- [ RunTime:0.000721s ]
[ 2012-09-24T19:46:15+08:00 ] /xxx2/index.php/Room/basic_info | SQL: SHOW COLUMNS FROM `think_login` [ RunTime:0.002703s ]
[ 2012-09-24T19:46:15+08:00 ] /xxx2/index.php/Room/basic_info | SQL: SELECT * FROM `think_login` WHERE username='1091306420' LIMIT 1   [ RunTime:0.000579s ]
[ 2012-09-24T19:46:15+08:00 ] /xxx2/index.php/Room/basic_info | INFO: Tag[ view_template ] --START--
[ 2012-09-24T19:46:15+08:00 ] /xxx2/index.php/Room/basic_info | INFO: Run LocationTemplate Behavior [ RunTime:0.000791s ]
[ 2012-09-24T19:46:15+08:00 ] /xxx2/index.php/Room/basic_info | INFO: Tag[ view_template ] --END-- [ RunTime:0.000871s ]
[ 2012-09-24T19:46:15+08:00 ] /xxx2/index.php/Room/basic_info | INFO: Tag[ view_parse ] --START--
[ 2012-09-24T19:46:15+08:00 ] /xxx2/index.php/Room/basic_info | INFO: Run ParseTemplate Behavior [ RunTime:0.022175s ]
[ 2012-09-24T19:46:15+08:00 ] /xxx2/index.php/Room/basic_info | INFO: Tag[ view_parse ] --END-- [ RunTime:0.022303s ]
[ 2012-09-24T19:46:15+08:00 ] /xxx2/index.php/Room/basic_info | INFO: Tag[ view_filter ] --START--
[ 2012-09-24T19:46:15+08:00 ] /xxx2/index.php/Room/basic_info | INFO: Run ContentReplace Behavior [ RunTime:0.000412s ]
[ 2012-09-24T19:46:15+08:00 ] /xxx2/index.php/Room/basic_info | INFO: Run TokenBuild Behavior [ RunTime:0.000463s ]
[ 2012-09-24T19:46:15+08:00 ] /xxx2/index.php/Room/basic_info | INFO: Run WriteHtmlCache Behavior [ RunTime:0.000243s ]
[ 2012-09-24T19:46:15+08:00 ] /xxx2/index.php/Room/basic_info | INFO: Run ShowRuntime Behavior [ RunTime:0.000557s ]
[ 2012-09-24T19:46:15+08:00 ] /xxx2/index.php/Room/basic_info | INFO: Tag[ view_filter ] --END-- [ RunTime:0.001846s ]
[ 2012-09-24T19:46:15+08:00 ] /xxx2/index.php/Room/basic_info | INFO: Tag[ view_end ] --START--
[ 2012-09-24T19:46:15+08:00 ] /xxx2/index.php/Room/basic_info | INFO: Run ShowPageTrace Behavior [ RunTime:0.000467s ]
[ 2012-09-24T19:46:15+08:00 ] /xxx2/index.php/Room/basic_info | INFO: Tag[ view_end ] --END-- [ RunTime:0.000529s ]
[ 2012-09-24T19:46:15+08:00 ] /xxx2/index.php/Room/index/resources/images/closelabel.gif | INFO: Tag[ route_check ] --START--
[ 2012-09-24T19:46:15+08:00 ] /xxx2/index.php/Room/index/resources/images/closelabel.gif | INFO: Run CheckRoute Behavior [ RunTime:0.002801s ]
[ 2012-09-24T19:46:15+08:00 ] /xxx2/index.php/Room/index/resources/images/closelabel.gif | INFO: Tag[ route_check ] --END-- [ RunTime:0.002912s ]
[ 2012-09-24T19:46:15+08:00 ] /xxx2/index.php/Room/index/resources/images/closelabel.gif | INFO: Tag[ app_begin ] --START--
[ 2012-09-24T19:46:15+08:00 ] /xxx2/index.php/Room/index/resources/images/closelabel.gif | INFO: Run ReadHtmlCache Behavior [ RunTime:0.000744s ]
[ 2012-09-24T19:46:15+08:00 ] /xxx2/index.php/Room/index/resources/images/closelabel.gif | INFO: Tag[ app_begin ] --END-- [ RunTime:0.000813s ]
[ 2012-09-24T19:46:15+08:00 ] /xxx2/index.php/Room/index/resources/images/closelabel.gif | SQL: SHOW COLUMNS FROM `think_login` [ RunTime:0.004279s ]
[ 2012-09-24T19:46:15+08:00 ] /xxx2/index.php/Room/index/resources/images/closelabel.gif | SQL: SELECT * FROM `think_login` WHERE username='1091306420' LIMIT 1   [ RunTime:0.000405s ]
[ 2012-09-24T19:46:15+08:00 ] /xxx2/index.php/Room/index/resources/images/closelabel.gif | INFO: Tag[ view_template ] --START--
[ 2012-09-24T19:46:15+08:00 ] /xxx2/index.php/Room/index/resources/images/closelabel.gif | INFO: Run LocationTemplate Behavior [ RunTime:0.001326s ]
[ 2012-09-24T19:46:15+08:00 ] /xxx2/index.php/Room/index/resources/images/closelabel.gif | INFO: Tag[ view_template ] --END-- [ RunTime:0.001514s ]
[ 2012-09-24T19:46:15+08:00 ] /xxx2/index.php/Room/index/resources/images/closelabel.gif | INFO: Tag[ view_parse ] --START--
[ 2012-09-24T19:46:15+08:00 ] /xxx2/index.php/Room/index/resources/images/closelabel.gif | NOTIC: [8] Undefined variable: title 30a99878984c7f18aa9ebcf65c3d6f43.php 第 10 行.
[ 2012-09-24T19:46:15+08:00 ] /xxx2/index.php/Room/index/resources/images/closelabel.gif | INFO: Run ParseTemplate Behavior [ RunTime:0.012394s ]
[ 2012-09-24T19:46:15+08:00 ] /xxx2/index.php/Room/index/resources/images/closelabel.gif | INFO: Tag[ view_parse ] --END-- [ RunTime:0.012482s ]
[ 2012-09-24T19:46:15+08:00 ] /xxx2/index.php/Room/index/resources/images/closelabel.gif | INFO: Tag[ view_filter ] --START--
[ 2012-09-24T19:46:15+08:00 ] /xxx2/index.php/Room/index/resources/images/closelabel.gif | INFO: Run ContentReplace Behavior [ RunTime:0.000571s ]
[ 2012-09-24T19:46:15+08:00 ] /xxx2/index.php/Room/index/resources/images/closelabel.gif | INFO: Run TokenBuild Behavior [ RunTime:0.000545s ]
[ 2012-09-24T19:46:15+08:00 ] /xxx2/index.php/Room/index/resources/images/closelabel.gif | INFO: Run WriteHtmlCache Behavior [ RunTime:0.000380s ]
[ 2012-09-24T19:46:15+08:00 ] /xxx2/index.php/Room/index/resources/images/closelabel.gif | INFO: Run ShowRuntime Behavior [ RunTime:0.000676s ]
[ 2012-09-24T19:46:15+08:00 ] /xxx2/index.php/Room/index/resources/images/closelabel.gif | INFO: Tag[ view_filter ] --END-- [ RunTime:0.002349s ]
[ 2012-09-24T19:46:15+08:00 ] /xxx2/index.php/Room/index/resources/images/closelabel.gif | INFO: Tag[ view_end ] --START--
[ 2012-09-24T19:46:15+08:00 ] /xxx2/index.php/Room/index/resources/images/closelabel.gif | INFO: Run ShowPageTrace Behavior [ RunTime:0.000722s ]
[ 2012-09-24T19:46:15+08:00 ] /xxx2/index.php/Room/index/resources/images/closelabel.gif | INFO: Tag[ view_end ] --END-- [ RunTime:0.000795s ]
[ 2012-09-24T19:46:21+08:00 ] /xxx2/index.php/Room/basic_info/ | INFO: Tag[ route_check ] --START--
[ 2012-09-24T19:46:21+08:00 ] /xxx2/index.php/Room/basic_info/ | INFO: Run CheckRoute Behavior [ RunTime:0.001195s ]
[ 2012-09-24T19:46:21+08:00 ] /xxx2/index.php/Room/basic_info/ | INFO: Tag[ route_check ] --END-- [ RunTime:0.001302s ]
[ 2012-09-24T19:46:21+08:00 ] /xxx2/index.php/Room/basic_info/ | INFO: Tag[ app_begin ] --START--
[ 2012-09-24T19:46:21+08:00 ] /xxx2/index.php/Room/basic_info/ | INFO: Run ReadHtmlCache Behavior [ RunTime:0.000714s ]
[ 2012-09-24T19:46:21+08:00 ] /xxx2/index.php/Room/basic_info/ | INFO: Tag[ app_begin ] --END-- [ RunTime:0.000785s ]
[ 2012-09-24T19:46:22+08:00 ] /xxx2/index.php/Room/basic_info/ | SQL: SHOW COLUMNS FROM `think_login` [ RunTime:0.002499s ]
[ 2012-09-24T19:46:22+08:00 ] /xxx2/index.php/Room/basic_info/ | SQL: SELECT * FROM `think_login` WHERE username='1091306420' LIMIT 1   [ RunTime:0.000359s ]
[ 2012-09-24T19:46:22+08:00 ] /xxx2/index.php/Room/basic_info/ | INFO: Tag[ view_template ] --START--
[ 2012-09-24T19:46:22+08:00 ] /xxx2/index.php/Room/basic_info/ | INFO: Run LocationTemplate Behavior [ RunTime:0.001022s ]
[ 2012-09-24T19:46:22+08:00 ] /xxx2/index.php/Room/basic_info/ | INFO: Tag[ view_template ] --END-- [ RunTime:0.001096s ]
[ 2012-09-24T19:46:22+08:00 ] /xxx2/index.php/Room/basic_info/ | INFO: Tag[ view_parse ] --START--
[ 2012-09-24T19:46:22+08:00 ] /xxx2/index.php/Room/basic_info/ | INFO: Run ParseTemplate Behavior [ RunTime:0.009363s ]
[ 2012-09-24T19:46:22+08:00 ] /xxx2/index.php/Room/basic_info/ | INFO: Tag[ view_parse ] --END-- [ RunTime:0.009462s ]
[ 2012-09-24T19:46:22+08:00 ] /xxx2/index.php/Room/basic_info/ | INFO: Tag[ view_filter ] --START--
[ 2012-09-24T19:46:22+08:00 ] /xxx2/index.php/Room/basic_info/ | INFO: Run ContentReplace Behavior [ RunTime:0.000583s ]
[ 2012-09-24T19:46:22+08:00 ] /xxx2/index.php/Room/basic_info/ | INFO: Run TokenBuild Behavior [ RunTime:0.000602s ]
[ 2012-09-24T19:46:22+08:00 ] /xxx2/index.php/Room/basic_info/ | INFO: Run WriteHtmlCache Behavior [ RunTime:0.000846s ]
[ 2012-09-24T19:46:22+08:00 ] /xxx2/index.php/Room/basic_info/ | INFO: Run ShowRuntime Behavior [ RunTime:0.000652s ]
[ 2012-09-24T19:46:22+08:00 ] /xxx2/index.php/Room/basic_info/ | INFO: Tag[ view_filter ] --END-- [ RunTime:0.002880s ]
[ 2012-09-24T19:46:22+08:00 ] /xxx2/index.php/Room/basic_info/ | INFO: Tag[ view_end ] --START--
[ 2012-09-24T19:46:22+08:00 ] /xxx2/index.php/Room/basic_info/ | INFO: Run ShowPageTrace Behavior [ RunTime:0.000616s ]
[ 2012-09-24T19:46:22+08:00 ] /xxx2/index.php/Room/basic_info/ | INFO: Tag[ view_end ] --END-- [ RunTime:0.000679s ]
[ 2012-09-24T19:46:24+08:00 ] /xxx2/index.php/Room/basic_info/ | INFO: Tag[ route_check ] --START--
[ 2012-09-24T19:46:24+08:00 ] /xxx2/index.php/Room/basic_info/ | INFO: Run CheckRoute Behavior [ RunTime:0.000958s ]
[ 2012-09-24T19:46:24+08:00 ] /xxx2/index.php/Room/basic_info/ | INFO: Tag[ route_check ] --END-- [ RunTime:0.001095s ]
[ 2012-09-24T19:46:24+08:00 ] /xxx2/index.php/Room/basic_info/ | INFO: Tag[ app_begin ] --START--
[ 2012-09-24T19:46:24+08:00 ] /xxx2/index.php/Room/basic_info/ | INFO: Run ReadHtmlCache Behavior [ RunTime:0.000615s ]
[ 2012-09-24T19:46:24+08:00 ] /xxx2/index.php/Room/basic_info/ | INFO: Tag[ app_begin ] --END-- [ RunTime:0.000680s ]
[ 2012-09-24T19:46:24+08:00 ] /xxx2/index.php/Room/basic_info/ | SQL: SHOW COLUMNS FROM `think_login` [ RunTime:0.002352s ]
[ 2012-09-24T19:46:24+08:00 ] /xxx2/index.php/Room/basic_info/ | SQL: SELECT * FROM `think_login` WHERE username='1091306420' LIMIT 1   [ RunTime:0.000533s ]
[ 2012-09-24T19:46:24+08:00 ] /xxx2/index.php/Room/basic_info/ | INFO: Tag[ view_template ] --START--
[ 2012-09-24T19:46:24+08:00 ] /xxx2/index.php/Room/basic_info/ | INFO: Run LocationTemplate Behavior [ RunTime:0.000528s ]
[ 2012-09-24T19:46:24+08:00 ] /xxx2/index.php/Room/basic_info/ | INFO: Tag[ view_template ] --END-- [ RunTime:0.000602s ]
[ 2012-09-24T19:46:24+08:00 ] /xxx2/index.php/Room/basic_info/ | INFO: Tag[ view_parse ] --START--
[ 2012-09-24T19:46:24+08:00 ] /xxx2/index.php/Room/basic_info/ | INFO: Run ParseTemplate Behavior [ RunTime:0.008880s ]
[ 2012-09-24T19:46:24+08:00 ] /xxx2/index.php/Room/basic_info/ | INFO: Tag[ view_parse ] --END-- [ RunTime:0.008979s ]
[ 2012-09-24T19:46:24+08:00 ] /xxx2/index.php/Room/basic_info/ | INFO: Tag[ view_filter ] --START--
[ 2012-09-24T19:46:24+08:00 ] /xxx2/index.php/Room/basic_info/ | INFO: Run ContentReplace Behavior [ RunTime:0.000378s ]
[ 2012-09-24T19:46:24+08:00 ] /xxx2/index.php/Room/basic_info/ | INFO: Run TokenBuild Behavior [ RunTime:0.000464s ]
[ 2012-09-24T19:46:24+08:00 ] /xxx2/index.php/Room/basic_info/ | INFO: Run WriteHtmlCache Behavior [ RunTime:0.000242s ]
[ 2012-09-24T19:46:24+08:00 ] /xxx2/index.php/Room/basic_info/ | INFO: Run ShowRuntime Behavior [ RunTime:0.000534s ]
[ 2012-09-24T19:46:24+08:00 ] /xxx2/index.php/Room/basic_info/ | INFO: Tag[ view_filter ] --END-- [ RunTime:0.001788s ]
[ 2012-09-24T19:46:24+08:00 ] /xxx2/index.php/Room/basic_info/ | INFO: Tag[ view_end ] --START--
[ 2012-09-24T19:46:24+08:00 ] /xxx2/index.php/Room/basic_info/ | INFO: Run ShowPageTrace Behavior [ RunTime:0.000471s ]
[ 2012-09-24T19:46:24+08:00 ] /xxx2/index.php/Room/basic_info/ | INFO: Tag[ view_end ] --END-- [ RunTime:0.000531s ]
[ 2012-09-24T19:46:25+08:00 ] /xxx2/index.php/Room/short_msg/ | INFO: Tag[ route_check ] --START--
[ 2012-09-24T19:46:25+08:00 ] /xxx2/index.php/Room/short_msg/ | INFO: Run CheckRoute Behavior [ RunTime:0.000878s ]
[ 2012-09-24T19:46:25+08:00 ] /xxx2/index.php/Room/short_msg/ | INFO: Tag[ route_check ] --END-- [ RunTime:0.000981s ]
[ 2012-09-24T19:46:25+08:00 ] /xxx2/index.php/Room/short_msg/ | INFO: Tag[ app_begin ] --START--
[ 2012-09-24T19:46:25+08:00 ] /xxx2/index.php/Room/short_msg/ | INFO: Run ReadHtmlCache Behavior [ RunTime:0.000586s ]
[ 2012-09-24T19:46:25+08:00 ] /xxx2/index.php/Room/short_msg/ | INFO: Tag[ app_begin ] --END-- [ RunTime:0.000651s ]
[ 2012-09-24T19:46:25+08:00 ] /xxx2/index.php/Room/short_msg/ | NOTIC: [8] Undefined index: name functions.php 第 441 行.
[ 2012-09-24T19:46:25+08:00 ] /xxx2/index.php/Room/short_msg/ | SQL: SHOW COLUMNS FROM `think_msg` [ RunTime:0.019224s ]
[ 2012-09-24T19:46:25+08:00 ] /xxx2/index.php/Room/short_msg/ | SQL: SELECT COUNT(*) AS tp_count FROM `think_msg` WHERE to_name='' LIMIT 1   [ RunTime:0.000553s ]
[ 2012-09-24T19:46:25+08:00 ] /xxx2/index.php/Room/short_msg/ | SQL: SELECT * FROM `think_msg` WHERE to_name=''  [ RunTime:0.000224s ]
[ 2012-09-24T19:46:25+08:00 ] /xxx2/index.php/Room/short_msg/ | SQL: SELECT * FROM `think_msg` WHERE to_name='' ORDER BY id desc LIMIT 0,8   [ RunTime:0.000433s ]
[ 2012-09-24T19:46:25+08:00 ] /xxx2/index.php/Room/short_msg/ | NOTIC: [8] Undefined variable: class_list RoomAction.class.php 第 109 行.
[ 2012-09-24T19:46:25+08:00 ] /xxx2/index.php/Room/short_msg/ | INFO: Tag[ view_template ] --START--
[ 2012-09-24T19:46:25+08:00 ] /xxx2/index.php/Room/short_msg/ | INFO: Run LocationTemplate Behavior [ RunTime:0.000773s ]
[ 2012-09-24T19:46:25+08:00 ] /xxx2/index.php/Room/short_msg/ | INFO: Tag[ view_template ] --END-- [ RunTime:0.000863s ]
[ 2012-09-24T19:46:25+08:00 ] /xxx2/index.php/Room/short_msg/ | INFO: Tag[ view_parse ] --START--
[ 2012-09-24T19:46:25+08:00 ] /xxx2/index.php/Room/short_msg/ | INFO: Run ParseTemplate Behavior [ RunTime:0.050717s ]
[ 2012-09-24T19:46:25+08:00 ] /xxx2/index.php/Room/short_msg/ | INFO: Tag[ view_parse ] --END-- [ RunTime:0.050839s ]
[ 2012-09-24T19:46:25+08:00 ] /xxx2/index.php/Room/short_msg/ | INFO: Tag[ view_filter ] --START--
[ 2012-09-24T19:46:25+08:00 ] /xxx2/index.php/Room/short_msg/ | INFO: Run ContentReplace Behavior [ RunTime:0.000412s ]
[ 2012-09-24T19:46:25+08:00 ] /xxx2/index.php/Room/short_msg/ | INFO: Run TokenBuild Behavior [ RunTime:0.000400s ]
[ 2012-09-24T19:46:25+08:00 ] /xxx2/index.php/Room/short_msg/ | INFO: Run WriteHtmlCache Behavior [ RunTime:0.000253s ]
[ 2012-09-24T19:46:25+08:00 ] /xxx2/index.php/Room/short_msg/ | INFO: Run ShowRuntime Behavior [ RunTime:0.001094s ]
[ 2012-09-24T19:46:25+08:00 ] /xxx2/index.php/Room/short_msg/ | INFO: Tag[ view_filter ] --END-- [ RunTime:0.002345s ]
[ 2012-09-24T19:46:25+08:00 ] /xxx2/index.php/Room/short_msg/ | INFO: Tag[ view_end ] --START--
[ 2012-09-24T19:46:25+08:00 ] /xxx2/index.php/Room/short_msg/ | INFO: Run ShowPageTrace Behavior [ RunTime:0.000480s ]
[ 2012-09-24T19:46:25+08:00 ] /xxx2/index.php/Room/short_msg/ | INFO: Tag[ view_end ] --END-- [ RunTime:0.000546s ]
[ 2012-09-24T19:46:26+08:00 ] /xxx2/index.php/Room/change_pwd/ | INFO: Tag[ route_check ] --START--
[ 2012-09-24T19:46:26+08:00 ] /xxx2/index.php/Room/change_pwd/ | INFO: Run CheckRoute Behavior [ RunTime:0.000912s ]
[ 2012-09-24T19:46:26+08:00 ] /xxx2/index.php/Room/change_pwd/ | INFO: Tag[ route_check ] --END-- [ RunTime:0.001012s ]
[ 2012-09-24T19:46:26+08:00 ] /xxx2/index.php/Room/change_pwd/ | INFO: Tag[ app_begin ] --START--
[ 2012-09-24T19:46:26+08:00 ] /xxx2/index.php/Room/change_pwd/ | INFO: Run ReadHtmlCache Behavior [ RunTime:0.000569s ]
[ 2012-09-24T19:46:26+08:00 ] /xxx2/index.php/Room/change_pwd/ | INFO: Tag[ app_begin ] --END-- [ RunTime:0.000632s ]
[ 2012-09-24T19:46:26+08:00 ] /xxx2/index.php/Room/change_pwd/ | INFO: Tag[ view_template ] --START--
[ 2012-09-24T19:46:26+08:00 ] /xxx2/index.php/Room/change_pwd/ | INFO: Run LocationTemplate Behavior [ RunTime:0.000652s ]
[ 2012-09-24T19:46:26+08:00 ] /xxx2/index.php/Room/change_pwd/ | INFO: Tag[ view_template ] --END-- [ RunTime:0.000755s ]
[ 2012-09-24T19:46:26+08:00 ] /xxx2/index.php/Room/change_pwd/ | INFO: Tag[ view_parse ] --START--
[ 2012-09-24T19:46:26+08:00 ] /xxx2/index.php/Room/change_pwd/ | INFO: Run ParseTemplate Behavior [ RunTime:0.022168s ]
[ 2012-09-24T19:46:26+08:00 ] /xxx2/index.php/Room/change_pwd/ | INFO: Tag[ view_parse ] --END-- [ RunTime:0.022294s ]
[ 2012-09-24T19:46:26+08:00 ] /xxx2/index.php/Room/change_pwd/ | INFO: Tag[ view_filter ] --START--
[ 2012-09-24T19:46:26+08:00 ] /xxx2/index.php/Room/change_pwd/ | INFO: Run ContentReplace Behavior [ RunTime:0.000521s ]
[ 2012-09-24T19:46:26+08:00 ] /xxx2/index.php/Room/change_pwd/ | INFO: Run TokenBuild Behavior [ RunTime:0.000833s ]
[ 2012-09-24T19:46:26+08:00 ] /xxx2/index.php/Room/change_pwd/ | INFO: Run WriteHtmlCache Behavior [ RunTime:0.000287s ]
[ 2012-09-24T19:46:26+08:00 ] /xxx2/index.php/Room/change_pwd/ | INFO: Run ShowRuntime Behavior [ RunTime:0.000514s ]
[ 2012-09-24T19:46:26+08:00 ] /xxx2/index.php/Room/change_pwd/ | INFO: Tag[ view_filter ] --END-- [ RunTime:0.002462s ]
[ 2012-09-24T19:46:26+08:00 ] /xxx2/index.php/Room/change_pwd/ | INFO: Tag[ view_end ] --START--
[ 2012-09-24T19:46:26+08:00 ] /xxx2/index.php/Room/change_pwd/ | INFO: Run ShowPageTrace Behavior [ RunTime:0.000467s ]
[ 2012-09-24T19:46:26+08:00 ] /xxx2/index.php/Room/change_pwd/ | INFO: Tag[ view_end ] --END-- [ RunTime:0.000529s ]
[ 2012-09-24T19:46:28+08:00 ] /xxx2/index.php/Room/work_list/ | INFO: Tag[ route_check ] --START--
[ 2012-09-24T19:46:28+08:00 ] /xxx2/index.php/Room/work_list/ | INFO: Run CheckRoute Behavior [ RunTime:0.000857s ]
[ 2012-09-24T19:46:28+08:00 ] /xxx2/index.php/Room/work_list/ | INFO: Tag[ route_check ] --END-- [ RunTime:0.000958s ]
[ 2012-09-24T19:46:28+08:00 ] /xxx2/index.php/Room/work_list/ | INFO: Tag[ app_begin ] --START--
[ 2012-09-24T19:46:28+08:00 ] /xxx2/index.php/Room/work_list/ | INFO: Run ReadHtmlCache Behavior [ RunTime:0.000598s ]
[ 2012-09-24T19:46:28+08:00 ] /xxx2/index.php/Room/work_list/ | INFO: Tag[ app_begin ] --END-- [ RunTime:0.000669s ]
[ 2012-09-24T19:46:28+08:00 ] /xxx2/index.php/Room/work_list/ | INFO: Tag[ view_template ] --START--
[ 2012-09-24T19:46:28+08:00 ] /xxx2/index.php/Room/work_list/ | INFO: Run LocationTemplate Behavior [ RunTime:0.015838s ]
[ 2012-09-24T19:46:28+08:00 ] /xxx2/index.php/Room/work_list/ | INFO: Tag[ view_template ] --END-- [ RunTime:0.015963s ]
[ 2012-09-24T19:46:28+08:00 ] /xxx2/index.php/Room/work_list/ | INFO: Tag[ view_parse ] --START--
[ 2012-09-24T19:46:28+08:00 ] /xxx2/index.php/Room/work_list/ | NOTIC: [8] Undefined variable: msg_list 5ec9a01dd1075c8baeb2f8046ae81b83.php 第 30 行.
[ 2012-09-24T19:46:28+08:00 ] /xxx2/index.php/Room/work_list/ | NOTIC: [8] Undefined variable: page_method 5ec9a01dd1075c8baeb2f8046ae81b83.php 第 46 行.
[ 2012-09-24T19:46:28+08:00 ] /xxx2/index.php/Room/work_list/ | INFO: Run ParseTemplate Behavior [ RunTime:0.026145s ]
[ 2012-09-24T19:46:28+08:00 ] /xxx2/index.php/Room/work_list/ | INFO: Tag[ view_parse ] --END-- [ RunTime:0.026225s ]
[ 2012-09-24T19:46:28+08:00 ] /xxx2/index.php/Room/work_list/ | INFO: Tag[ view_filter ] --START--
[ 2012-09-24T19:46:28+08:00 ] /xxx2/index.php/Room/work_list/ | INFO: Run ContentReplace Behavior [ RunTime:0.000370s ]
[ 2012-09-24T19:46:28+08:00 ] /xxx2/index.php/Room/work_list/ | INFO: Run TokenBuild Behavior [ RunTime:0.000395s ]
[ 2012-09-24T19:46:28+08:00 ] /xxx2/index.php/Room/work_list/ | INFO: Run WriteHtmlCache Behavior [ RunTime:0.000248s ]
[ 2012-09-24T19:46:28+08:00 ] /xxx2/index.php/Room/work_list/ | INFO: Run ShowRuntime Behavior [ RunTime:0.000489s ]
[ 2012-09-24T19:46:28+08:00 ] /xxx2/index.php/Room/work_list/ | INFO: Tag[ view_filter ] --END-- [ RunTime:0.001674s ]
[ 2012-09-24T19:46:28+08:00 ] /xxx2/index.php/Room/work_list/ | INFO: Tag[ view_end ] --START--
[ 2012-09-24T19:46:28+08:00 ] /xxx2/index.php/Room/work_list/ | INFO: Run ShowPageTrace Behavior [ RunTime:0.000460s ]
[ 2012-09-24T19:46:28+08:00 ] /xxx2/index.php/Room/work_list/ | INFO: Tag[ view_end ] --END-- [ RunTime:0.000522s ]
