[ 2012-10-04T18:10:20+08:00 ] /xxx2/ | INFO: Tag[ app_begin ] --START--
[ 2012-10-04T18:10:20+08:00 ] /xxx2/ | INFO: Run ReadHtmlCache Behavior [ RunTime:0.014146s ]
[ 2012-10-04T18:10:20+08:00 ] /xxx2/ | INFO: Tag[ app_begin ] --END-- [ RunTime:0.020260s ]
[ 2012-10-04T18:10:20+08:00 ] /xxx2/ | NOTIC: [2] Cannot modify header information - headers already sent by (output started at D:\XAMPP\xampp\htdocs\xxx2\home\Lib\Action\IndexAction.class.php:1) IndexAction.class.php 第 6 行.
[ 2012-10-04T18:10:21+08:00 ] /xxx2/ | SQL: SHOW COLUMNS FROM `think_catalog` [ RunTime:0.130383s ]
[ 2012-10-04T18:10:21+08:00 ] /xxx2/ | SQL: SELECT `id`,`f_cata` FROM `think_catalog` WHERE f_id=0  [ RunTime:0.019764s ]
[ 2012-10-04T18:10:21+08:00 ] /xxx2/ | SQL: SHOW COLUMNS FROM `think_link` [ RunTime:0.096347s ]
[ 2012-10-04T18:10:21+08:00 ] /xxx2/ | SQL: SELECT `id`,`addr`,`info` FROM `think_link`  [ RunTime:0.018095s ]
[ 2012-10-04T18:10:21+08:00 ] /xxx2/ | SQL: SHOW COLUMNS FROM `think_tongzhi` [ RunTime:0.057969s ]
[ 2012-10-04T18:10:21+08:00 ] /xxx2/ | SQL: SELECT `id`,`title`,`content`,`name`,`dt` FROM `think_tongzhi`  [ RunTime:0.000798s ]
[ 2012-10-04T18:10:21+08:00 ] /xxx2/ | NOTIC: [8] Undefined index: username functions.php 第 441 行.
[ 2012-10-04T18:10:21+08:00 ] /xxx2/ | INFO: Tag[ view_template ] --START--
[ 2012-10-04T18:10:21+08:00 ] /xxx2/ | INFO: Run LocationTemplate Behavior [ RunTime:0.065074s ]
[ 2012-10-04T18:10:21+08:00 ] /xxx2/ | INFO: Tag[ view_template ] --END-- [ RunTime:0.065263s ]
[ 2012-10-04T18:10:21+08:00 ] /xxx2/ | INFO: Tag[ view_parse ] --START--
[ 2012-10-04T18:10:21+08:00 ] /xxx2/ | INFO: Run ParseTemplate Behavior [ RunTime:0.108800s ]
[ 2012-10-04T18:10:21+08:00 ] /xxx2/ | INFO: Tag[ view_parse ] --END-- [ RunTime:0.108921s ]
[ 2012-10-04T18:10:21+08:00 ] /xxx2/ | INFO: Tag[ view_filter ] --START--
[ 2012-10-04T18:10:21+08:00 ] /xxx2/ | INFO: Run ContentReplace Behavior [ RunTime:0.001013s ]
[ 2012-10-04T18:10:21+08:00 ] /xxx2/ | INFO: Run TokenBuild Behavior [ RunTime:0.001020s ]
[ 2012-10-04T18:10:21+08:00 ] /xxx2/ | INFO: Run WriteHtmlCache Behavior [ RunTime:0.000713s ]
[ 2012-10-04T18:10:21+08:00 ] /xxx2/ | INFO: Run ShowRuntime Behavior [ RunTime:0.000981s ]
[ 2012-10-04T18:10:21+08:00 ] /xxx2/ | INFO: Tag[ view_filter ] --END-- [ RunTime:0.003908s ]
[ 2012-10-04T18:10:21+08:00 ] /xxx2/ | NOTIC: [2] Cannot modify header information - headers already sent by (output started at D:\XAMPP\xampp\htdocs\xxx2\home\Lib\Action\IndexAction.class.php:1) View.class.php 第 120 行.
[ 2012-10-04T18:10:21+08:00 ] /xxx2/ | NOTIC: [2] Cannot modify header information - headers already sent by (output started at D:\XAMPP\xampp\htdocs\xxx2\home\Lib\Action\IndexAction.class.php:1) View.class.php 第 121 行.
[ 2012-10-04T18:10:21+08:00 ] /xxx2/ | NOTIC: [2] Cannot modify header information - headers already sent by (output started at D:\XAMPP\xampp\htdocs\xxx2\home\Lib\Action\IndexAction.class.php:1) View.class.php 第 122 行.
[ 2012-10-04T18:10:21+08:00 ] /xxx2/ | INFO: Tag[ view_end ] --START--
[ 2012-10-04T18:10:21+08:00 ] /xxx2/ | INFO: Run ShowPageTrace Behavior [ RunTime:0.000982s ]
[ 2012-10-04T18:10:21+08:00 ] /xxx2/ | INFO: Tag[ view_end ] --END-- [ RunTime:0.001046s ]
[ 2012-10-04T18:11:05+08:00 ] /xxx2/index.php/Index/login | INFO: Tag[ route_check ] --START--
[ 2012-10-04T18:11:05+08:00 ] /xxx2/index.php/Index/login | INFO: Run CheckRoute Behavior [ RunTime:0.000870s ]
[ 2012-10-04T18:11:05+08:00 ] /xxx2/index.php/Index/login | INFO: Tag[ route_check ] --END-- [ RunTime:0.000977s ]
[ 2012-10-04T18:11:05+08:00 ] /xxx2/index.php/Index/login | INFO: Tag[ app_begin ] --START--
[ 2012-10-04T18:11:05+08:00 ] /xxx2/index.php/Index/login | INFO: Run ReadHtmlCache Behavior [ RunTime:0.000574s ]
[ 2012-10-04T18:11:05+08:00 ] /xxx2/index.php/Index/login | INFO: Tag[ app_begin ] --END-- [ RunTime:0.000636s ]
[ 2012-10-04T18:11:05+08:00 ] /xxx2/index.php/Index/login | NOTIC: [2] Cannot modify header information - headers already sent by (output started at D:\XAMPP\xampp\htdocs\xxx2\home\Lib\Action\IndexAction.class.php:1) IndexAction.class.php 第 66 行.
[ 2012-10-04T18:11:06+08:00 ] /xxx2/index.php/Index/login | SQL: SHOW COLUMNS FROM `think_login` [ RunTime:0.006241s ]
[ 2012-10-04T18:11:06+08:00 ] /xxx2/index.php/Index/login | SQL: SELECT * FROM `think_login` WHERE username='1091306420' and pwd='123' LIMIT 1   [ RunTime:0.000399s ]
[ 2012-10-04T18:11:06+08:00 ] /xxx2/index.php/Index/login | SQL: UPDATE `think_login` SET `id`='30',`username`='1091306420',`pwd`='123',`name`='邱燕',`num`=null,`clas`='通信1091',`sex`=null,`qq`=null,`mails`=null,`phone`=null,`addr`=null,`getpassword`=null,`ntime`=null,`logintimes`=17,`s_img`=null WHERE username='1091306420' [ RunTime:0.026691s ]
[ 2012-10-04T18:11:06+08:00 ] /xxx2/index.php/Index/login | NOTIC: [8] Use of undefined constant username - assumed 'username' IndexAction.class.php 第 80 行.
[ 2012-10-04T18:11:06+08:00 ] /xxx2/index.php/Index/login | INFO: Tag[ view_template ] --START--
[ 2012-10-04T18:11:06+08:00 ] /xxx2/index.php/Index/login | INFO: Run LocationTemplate Behavior [ RunTime:0.000899s ]
[ 2012-10-04T18:11:06+08:00 ] /xxx2/index.php/Index/login | INFO: Tag[ view_template ] --END-- [ RunTime:0.000976s ]
[ 2012-10-04T18:11:06+08:00 ] /xxx2/index.php/Index/login | INFO: Tag[ view_parse ] --START--
[ 2012-10-04T18:11:06+08:00 ] /xxx2/index.php/Index/login | INFO: Run ParseTemplate Behavior [ RunTime:0.008697s ]
[ 2012-10-04T18:11:06+08:00 ] /xxx2/index.php/Index/login | INFO: Tag[ view_parse ] --END-- [ RunTime:0.008797s ]
[ 2012-10-04T18:11:06+08:00 ] /xxx2/index.php/Index/login | INFO: Tag[ view_filter ] --START--
[ 2012-10-04T18:11:06+08:00 ] /xxx2/index.php/Index/login | INFO: Run ContentReplace Behavior [ RunTime:0.000380s ]
[ 2012-10-04T18:11:06+08:00 ] /xxx2/index.php/Index/login | INFO: Run TokenBuild Behavior [ RunTime:0.000387s ]
[ 2012-10-04T18:11:06+08:00 ] /xxx2/index.php/Index/login | INFO: Run WriteHtmlCache Behavior [ RunTime:0.000249s ]
[ 2012-10-04T18:11:06+08:00 ] /xxx2/index.php/Index/login | INFO: Run ShowRuntime Behavior [ RunTime:0.000490s ]
[ 2012-10-04T18:11:06+08:00 ] /xxx2/index.php/Index/login | INFO: Tag[ view_filter ] --END-- [ RunTime:0.001676s ]
[ 2012-10-04T18:11:06+08:00 ] /xxx2/index.php/Index/login | NOTIC: [2] Cannot modify header information - headers already sent by (output started at D:\XAMPP\xampp\htdocs\xxx2\home\Lib\Action\IndexAction.class.php:1) View.class.php 第 120 行.
[ 2012-10-04T18:11:06+08:00 ] /xxx2/index.php/Index/login | NOTIC: [2] Cannot modify header information - headers already sent by (output started at D:\XAMPP\xampp\htdocs\xxx2\home\Lib\Action\IndexAction.class.php:1) View.class.php 第 121 行.
[ 2012-10-04T18:11:06+08:00 ] /xxx2/index.php/Index/login | NOTIC: [2] Cannot modify header information - headers already sent by (output started at D:\XAMPP\xampp\htdocs\xxx2\home\Lib\Action\IndexAction.class.php:1) View.class.php 第 122 行.
[ 2012-10-04T18:11:06+08:00 ] /xxx2/index.php/Index/login | INFO: Tag[ view_end ] --START--
[ 2012-10-04T18:11:06+08:00 ] /xxx2/index.php/Index/login | INFO: Run ShowPageTrace Behavior [ RunTime:0.000457s ]
[ 2012-10-04T18:11:06+08:00 ] /xxx2/index.php/Index/login | INFO: Tag[ view_end ] --END-- [ RunTime:0.000518s ]
[ 2012-10-04T18:11:08+08:00 ] /xxx2/index.php/Show/index | INFO: Tag[ route_check ] --START--
[ 2012-10-04T18:11:08+08:00 ] /xxx2/index.php/Show/index | INFO: Run CheckRoute Behavior [ RunTime:0.000875s ]
[ 2012-10-04T18:11:08+08:00 ] /xxx2/index.php/Show/index | INFO: Tag[ route_check ] --END-- [ RunTime:0.000977s ]
[ 2012-10-04T18:11:08+08:00 ] /xxx2/index.php/Show/index | INFO: Tag[ app_begin ] --START--
[ 2012-10-04T18:11:08+08:00 ] /xxx2/index.php/Show/index | INFO: Run ReadHtmlCache Behavior [ RunTime:0.000647s ]
[ 2012-10-04T18:11:08+08:00 ] /xxx2/index.php/Show/index | INFO: Tag[ app_begin ] --END-- [ RunTime:0.000713s ]
[ 2012-10-04T18:11:08+08:00 ] /xxx2/index.php/Show/index | SQL: SHOW COLUMNS FROM `think_catalog` [ RunTime:0.001826s ]
[ 2012-10-04T18:11:08+08:00 ] /xxx2/index.php/Show/index | SQL: SELECT `id`,`f_cata`,`s_cata`,`isf`,`f_id`,`p_id` FROM `think_catalog`  [ RunTime:0.000765s ]
[ 2012-10-04T18:11:08+08:00 ] /xxx2/index.php/Show/index | SQL: SHOW COLUMNS FROM `think_link` [ RunTime:0.001790s ]
[ 2012-10-04T18:11:08+08:00 ] /xxx2/index.php/Show/index | SQL: SELECT `id`,`addr`,`info` FROM `think_link`  [ RunTime:0.000545s ]
[ 2012-10-04T18:11:08+08:00 ] /xxx2/index.php/Show/index | SQL: SHOW COLUMNS FROM `think_tongzhi` [ RunTime:0.005950s ]
[ 2012-10-04T18:11:08+08:00 ] /xxx2/index.php/Show/index | SQL: SELECT `id`,`title`,`content`,`name`,`dt` FROM `think_tongzhi`  [ RunTime:0.000292s ]
[ 2012-10-04T18:11:08+08:00 ] /xxx2/index.php/Show/index | INFO: Tag[ view_template ] --START--
[ 2012-10-04T18:11:08+08:00 ] /xxx2/index.php/Show/index | INFO: Run LocationTemplate Behavior [ RunTime:0.035371s ]
[ 2012-10-04T18:11:08+08:00 ] /xxx2/index.php/Show/index | INFO: Tag[ view_template ] --END-- [ RunTime:0.035473s ]
[ 2012-10-04T18:11:08+08:00 ] /xxx2/index.php/Show/index | INFO: Tag[ view_parse ] --START--
[ 2012-10-04T18:11:08+08:00 ] /xxx2/index.php/Show/index | NOTIC: [8] Undefined variable: count 4114fbf5f7e547e5b806b05cdf8d53ce.php 第 49 行.
[ 2012-10-04T18:11:08+08:00 ] /xxx2/index.php/Show/index | INFO: Run ParseTemplate Behavior [ RunTime:0.047020s ]
[ 2012-10-04T18:11:08+08:00 ] /xxx2/index.php/Show/index | INFO: Tag[ view_parse ] --END-- [ RunTime:0.047101s ]
[ 2012-10-04T18:11:08+08:00 ] /xxx2/index.php/Show/index | INFO: Tag[ view_filter ] --START--
[ 2012-10-04T18:11:08+08:00 ] /xxx2/index.php/Show/index | INFO: Run ContentReplace Behavior [ RunTime:0.000437s ]
[ 2012-10-04T18:11:08+08:00 ] /xxx2/index.php/Show/index | INFO: Run TokenBuild Behavior [ RunTime:0.000414s ]
[ 2012-10-04T18:11:08+08:00 ] /xxx2/index.php/Show/index | INFO: Run WriteHtmlCache Behavior [ RunTime:0.000251s ]
[ 2012-10-04T18:11:08+08:00 ] /xxx2/index.php/Show/index | INFO: Run ShowRuntime Behavior [ RunTime:0.000532s ]
[ 2012-10-04T18:11:08+08:00 ] /xxx2/index.php/Show/index | INFO: Tag[ view_filter ] --END-- [ RunTime:0.001807s ]
[ 2012-10-04T18:11:08+08:00 ] /xxx2/index.php/Show/index | INFO: Tag[ view_end ] --START--
[ 2012-10-04T18:11:08+08:00 ] /xxx2/index.php/Show/index | INFO: Run ShowPageTrace Behavior [ RunTime:0.000521s ]
[ 2012-10-04T18:11:08+08:00 ] /xxx2/index.php/Show/index | INFO: Tag[ view_end ] --END-- [ RunTime:0.000590s ]
[ 2012-10-04T18:11:08+08:00 ] /xxx2/index.php/Show/index | INFO: Tag[ route_check ] --START--
[ 2012-10-04T18:11:08+08:00 ] /xxx2/index.php/Show/index | INFO: Run CheckRoute Behavior [ RunTime:0.000942s ]
[ 2012-10-04T18:11:08+08:00 ] /xxx2/index.php/Show/index | INFO: Tag[ route_check ] --END-- [ RunTime:0.001053s ]
[ 2012-10-04T18:11:08+08:00 ] /xxx2/index.php/Show/index | INFO: Tag[ app_begin ] --START--
[ 2012-10-04T18:11:08+08:00 ] /xxx2/index.php/Show/index | INFO: Run ReadHtmlCache Behavior [ RunTime:0.000642s ]
[ 2012-10-04T18:11:08+08:00 ] /xxx2/index.php/Show/index | INFO: Tag[ app_begin ] --END-- [ RunTime:0.000712s ]
[ 2012-10-04T18:11:08+08:00 ] /xxx2/index.php/Show/index | SQL: SHOW COLUMNS FROM `think_catalog` [ RunTime:0.001882s ]
[ 2012-10-04T18:11:08+08:00 ] /xxx2/index.php/Show/index | SQL: SELECT `id`,`f_cata`,`s_cata`,`isf`,`f_id`,`p_id` FROM `think_catalog`  [ RunTime:0.000704s ]
[ 2012-10-04T18:11:08+08:00 ] /xxx2/index.php/Show/index | SQL: SHOW COLUMNS FROM `think_link` [ RunTime:0.001906s ]
[ 2012-10-04T18:11:08+08:00 ] /xxx2/index.php/Show/index | SQL: SELECT `id`,`addr`,`info` FROM `think_link`  [ RunTime:0.000416s ]
[ 2012-10-04T18:11:08+08:00 ] /xxx2/index.php/Show/index | SQL: SHOW COLUMNS FROM `think_tongzhi` [ RunTime:0.002492s ]
[ 2012-10-04T18:11:08+08:00 ] /xxx2/index.php/Show/index | SQL: SELECT `id`,`title`,`content`,`name`,`dt` FROM `think_tongzhi`  [ RunTime:0.001042s ]
[ 2012-10-04T18:11:08+08:00 ] /xxx2/index.php/Show/index | INFO: Tag[ view_template ] --START--
[ 2012-10-04T18:11:08+08:00 ] /xxx2/index.php/Show/index | INFO: Run LocationTemplate Behavior [ RunTime:0.000867s ]
[ 2012-10-04T18:11:08+08:00 ] /xxx2/index.php/Show/index | INFO: Tag[ view_template ] --END-- [ RunTime:0.000949s ]
[ 2012-10-04T18:11:08+08:00 ] /xxx2/index.php/Show/index | INFO: Tag[ view_parse ] --START--
[ 2012-10-04T18:11:08+08:00 ] /xxx2/index.php/Show/index | NOTIC: [8] Undefined variable: count 4114fbf5f7e547e5b806b05cdf8d53ce.php 第 49 行.
[ 2012-10-04T18:11:08+08:00 ] /xxx2/index.php/Show/index | INFO: Run ParseTemplate Behavior [ RunTime:0.015331s ]
[ 2012-10-04T18:11:08+08:00 ] /xxx2/index.php/Show/index | INFO: Tag[ view_parse ] --END-- [ RunTime:0.015415s ]
[ 2012-10-04T18:11:08+08:00 ] /xxx2/index.php/Show/index | INFO: Tag[ view_filter ] --START--
[ 2012-10-04T18:11:08+08:00 ] /xxx2/index.php/Show/index | INFO: Run ContentReplace Behavior [ RunTime:0.000457s ]
[ 2012-10-04T18:11:08+08:00 ] /xxx2/index.php/Show/index | INFO: Run TokenBuild Behavior [ RunTime:0.000452s ]
[ 2012-10-04T18:11:08+08:00 ] /xxx2/index.php/Show/index | INFO: Run WriteHtmlCache Behavior [ RunTime:0.000266s ]
[ 2012-10-04T18:11:08+08:00 ] /xxx2/index.php/Show/index | INFO: Run ShowRuntime Behavior [ RunTime:0.000521s ]
[ 2012-10-04T18:11:08+08:00 ] /xxx2/index.php/Show/index | INFO: Tag[ view_filter ] --END-- [ RunTime:0.001876s ]
[ 2012-10-04T18:11:08+08:00 ] /xxx2/index.php/Show/index | INFO: Tag[ view_end ] --START--
[ 2012-10-04T18:11:08+08:00 ] /xxx2/index.php/Show/index | INFO: Run ShowPageTrace Behavior [ RunTime:0.000472s ]
[ 2012-10-04T18:11:08+08:00 ] /xxx2/index.php/Show/index | INFO: Tag[ view_end ] --END-- [ RunTime:0.000535s ]
[ 2012-10-04T18:11:08+08:00 ] /xxx2/index.php/Show/show | INFO: Tag[ route_check ] --START--
[ 2012-10-04T18:11:08+08:00 ] /xxx2/index.php/Show/show | INFO: Run CheckRoute Behavior [ RunTime:0.003972s ]
[ 2012-10-04T18:11:08+08:00 ] /xxx2/index.php/Show/show | INFO: Tag[ route_check ] --END-- [ RunTime:0.004237s ]
[ 2012-10-04T18:11:08+08:00 ] /xxx2/index.php/Show/show | INFO: Tag[ app_begin ] --START--
[ 2012-10-04T18:11:08+08:00 ] /xxx2/index.php/Show/show | INFO: Run ReadHtmlCache Behavior [ RunTime:0.000976s ]
[ 2012-10-04T18:11:08+08:00 ] /xxx2/index.php/Show/show | INFO: Tag[ app_begin ] --END-- [ RunTime:0.001071s ]
[ 2012-10-04T18:11:08+08:00 ] /xxx2/index.php/Show/show | NOTIC: [8] Undefined index: id ShowAction.class.php 第 32 行.
[ 2012-10-04T18:11:08+08:00 ] /xxx2/index.php/Show/show | INFO: Tag[ view_template ] --START--
[ 2012-10-04T18:11:08+08:00 ] /xxx2/index.php/Show/show | INFO: Run LocationTemplate Behavior [ RunTime:0.031369s ]
[ 2012-10-04T18:11:08+08:00 ] /xxx2/index.php/Show/show | INFO: Tag[ view_template ] --END-- [ RunTime:0.031524s ]
[ 2012-10-04T18:11:08+08:00 ] /xxx2/index.php/Show/show | INFO: Tag[ view_parse ] --START--
[ 2012-10-04T18:11:08+08:00 ] /xxx2/index.php/Show/show | NOTIC: [8] Undefined variable: content_list b6c27305877664492e2dc85072d532a8.php 第 30 行.
[ 2012-10-04T18:11:08+08:00 ] /xxx2/index.php/Show/show | INFO: Run ParseTemplate Behavior [ RunTime:0.064569s ]
[ 2012-10-04T18:11:08+08:00 ] /xxx2/index.php/Show/show | INFO: Tag[ view_parse ] --END-- [ RunTime:0.064656s ]
[ 2012-10-04T18:11:08+08:00 ] /xxx2/index.php/Show/show | INFO: Tag[ view_filter ] --START--
[ 2012-10-04T18:11:08+08:00 ] /xxx2/index.php/Show/show | INFO: Run ContentReplace Behavior [ RunTime:0.000403s ]
[ 2012-10-04T18:11:08+08:00 ] /xxx2/index.php/Show/show | INFO: Run TokenBuild Behavior [ RunTime:0.000408s ]
[ 2012-10-04T18:11:08+08:00 ] /xxx2/index.php/Show/show | INFO: Run WriteHtmlCache Behavior [ RunTime:0.000280s ]
[ 2012-10-04T18:11:08+08:00 ] /xxx2/index.php/Show/show | INFO: Run ShowRuntime Behavior [ RunTime:0.000503s ]
[ 2012-10-04T18:11:08+08:00 ] /xxx2/index.php/Show/show | INFO: Tag[ view_filter ] --END-- [ RunTime:0.001766s ]
[ 2012-10-04T18:11:08+08:00 ] /xxx2/index.php/Show/show | INFO: Tag[ view_end ] --START--
[ 2012-10-04T18:11:08+08:00 ] /xxx2/index.php/Show/show | INFO: Run ShowPageTrace Behavior [ RunTime:0.000466s ]
[ 2012-10-04T18:11:08+08:00 ] /xxx2/index.php/Show/show | INFO: Tag[ view_end ] --END-- [ RunTime:0.000527s ]
[ 2012-10-04T18:11:08+08:00 ] /xxx2/index.php/Show/resources/images/closelabel.gif | ERR: (ThinkException) 非法操作resources
[ 2012-10-04T18:11:13+08:00 ] /xxx2/index.php/Room/index/ | INFO: Tag[ route_check ] --START--
[ 2012-10-04T18:11:13+08:00 ] /xxx2/index.php/Room/index/ | INFO: Run CheckRoute Behavior [ RunTime:0.000868s ]
[ 2012-10-04T18:11:13+08:00 ] /xxx2/index.php/Room/index/ | INFO: Tag[ route_check ] --END-- [ RunTime:0.000968s ]
[ 2012-10-04T18:11:13+08:00 ] /xxx2/index.php/Room/index/ | INFO: Tag[ app_begin ] --START--
[ 2012-10-04T18:11:13+08:00 ] /xxx2/index.php/Room/index/ | INFO: Run ReadHtmlCache Behavior [ RunTime:0.000575s ]
[ 2012-10-04T18:11:13+08:00 ] /xxx2/index.php/Room/index/ | INFO: Tag[ app_begin ] --END-- [ RunTime:0.000638s ]
[ 2012-10-04T18:11:13+08:00 ] /xxx2/index.php/Room/index/ | SQL: SHOW COLUMNS FROM `think_login` [ RunTime:0.002114s ]
[ 2012-10-04T18:11:13+08:00 ] /xxx2/index.php/Room/index/ | INFO: Tag[ view_template ] --START--
[ 2012-10-04T18:11:13+08:00 ] /xxx2/index.php/Room/index/ | INFO: Run LocationTemplate Behavior [ RunTime:0.009853s ]
[ 2012-10-04T18:11:13+08:00 ] /xxx2/index.php/Room/index/ | INFO: Tag[ view_template ] --END-- [ RunTime:0.009937s ]
[ 2012-10-04T18:11:13+08:00 ] /xxx2/index.php/Room/index/ | INFO: Tag[ view_parse ] --START--
[ 2012-10-04T18:11:13+08:00 ] /xxx2/index.php/Room/index/ | NOTIC: [8] Undefined variable: title 30a99878984c7f18aa9ebcf65c3d6f43.php 第 10 行.
[ 2012-10-04T18:11:13+08:00 ] /xxx2/index.php/Room/index/ | INFO: Run ParseTemplate Behavior [ RunTime:0.015718s ]
[ 2012-10-04T18:11:13+08:00 ] /xxx2/index.php/Room/index/ | INFO: Tag[ view_parse ] --END-- [ RunTime:0.015797s ]
[ 2012-10-04T18:11:13+08:00 ] /xxx2/index.php/Room/index/ | INFO: Tag[ view_filter ] --START--
[ 2012-10-04T18:11:13+08:00 ] /xxx2/index.php/Room/index/ | INFO: Run ContentReplace Behavior [ RunTime:0.000488s ]
[ 2012-10-04T18:11:13+08:00 ] /xxx2/index.php/Room/index/ | INFO: Run TokenBuild Behavior [ RunTime:0.000482s ]
[ 2012-10-04T18:11:13+08:00 ] /xxx2/index.php/Room/index/ | INFO: Run WriteHtmlCache Behavior [ RunTime:0.000250s ]
[ 2012-10-04T18:11:13+08:00 ] /xxx2/index.php/Room/index/ | INFO: Run ShowRuntime Behavior [ RunTime:0.000491s ]
[ 2012-10-04T18:11:13+08:00 ] /xxx2/index.php/Room/index/ | INFO: Tag[ view_filter ] --END-- [ RunTime:0.001901s ]
[ 2012-10-04T18:11:13+08:00 ] /xxx2/index.php/Room/index/ | INFO: Tag[ view_end ] --START--
[ 2012-10-04T18:11:13+08:00 ] /xxx2/index.php/Room/index/ | INFO: Run ShowPageTrace Behavior [ RunTime:0.000471s ]
[ 2012-10-04T18:11:13+08:00 ] /xxx2/index.php/Room/index/ | INFO: Tag[ view_end ] --END-- [ RunTime:0.000533s ]
[ 2012-10-04T18:11:14+08:00 ] /xxx2/index.php/Room/basic_info | INFO: Tag[ route_check ] --START--
[ 2012-10-04T18:11:14+08:00 ] /xxx2/index.php/Room/basic_info | INFO: Run CheckRoute Behavior [ RunTime:0.000966s ]
[ 2012-10-04T18:11:14+08:00 ] /xxx2/index.php/Room/basic_info | INFO: Tag[ route_check ] --END-- [ RunTime:0.001086s ]
[ 2012-10-04T18:11:14+08:00 ] /xxx2/index.php/Room/basic_info | INFO: Tag[ app_begin ] --START--
[ 2012-10-04T18:11:14+08:00 ] /xxx2/index.php/Room/basic_info | INFO: Run ReadHtmlCache Behavior [ RunTime:0.000620s ]
[ 2012-10-04T18:11:14+08:00 ] /xxx2/index.php/Room/basic_info | INFO: Tag[ app_begin ] --END-- [ RunTime:0.000684s ]
[ 2012-10-04T18:11:14+08:00 ] /xxx2/index.php/Room/basic_info | SQL: SHOW COLUMNS FROM `think_login` [ RunTime:0.003479s ]
[ 2012-10-04T18:11:14+08:00 ] /xxx2/index.php/Room/basic_info | SQL: SELECT * FROM `think_login` WHERE username='1091306420' LIMIT 1   [ RunTime:0.000969s ]
[ 2012-10-04T18:11:14+08:00 ] /xxx2/index.php/Room/basic_info | INFO: Tag[ view_template ] --START--
[ 2012-10-04T18:11:14+08:00 ] /xxx2/index.php/Room/basic_info | INFO: Run LocationTemplate Behavior [ RunTime:0.033310s ]
[ 2012-10-04T18:11:14+08:00 ] /xxx2/index.php/Room/basic_info | INFO: Tag[ view_template ] --END-- [ RunTime:0.033417s ]
[ 2012-10-04T18:11:14+08:00 ] /xxx2/index.php/Room/basic_info | INFO: Tag[ view_parse ] --START--
[ 2012-10-04T18:11:14+08:00 ] /xxx2/index.php/Room/basic_info | INFO: Run ParseTemplate Behavior [ RunTime:0.025835s ]
[ 2012-10-04T18:11:14+08:00 ] /xxx2/index.php/Room/basic_info | INFO: Tag[ view_parse ] --END-- [ RunTime:0.025937s ]
[ 2012-10-04T18:11:14+08:00 ] /xxx2/index.php/Room/basic_info | INFO: Tag[ view_filter ] --START--
[ 2012-10-04T18:11:14+08:00 ] /xxx2/index.php/Room/basic_info | INFO: Run ContentReplace Behavior [ RunTime:0.000385s ]
[ 2012-10-04T18:11:14+08:00 ] /xxx2/index.php/Room/basic_info | INFO: Run TokenBuild Behavior [ RunTime:0.000460s ]
[ 2012-10-04T18:11:14+08:00 ] /xxx2/index.php/Room/basic_info | INFO: Run WriteHtmlCache Behavior [ RunTime:0.000252s ]
[ 2012-10-04T18:11:14+08:00 ] /xxx2/index.php/Room/basic_info | INFO: Run ShowRuntime Behavior [ RunTime:0.000518s ]
[ 2012-10-04T18:11:14+08:00 ] /xxx2/index.php/Room/basic_info | INFO: Tag[ view_filter ] --END-- [ RunTime:0.001786s ]
[ 2012-10-04T18:11:14+08:00 ] /xxx2/index.php/Room/basic_info | INFO: Tag[ view_end ] --START--
[ 2012-10-04T18:11:14+08:00 ] /xxx2/index.php/Room/basic_info | INFO: Run ShowPageTrace Behavior [ RunTime:0.000465s ]
[ 2012-10-04T18:11:14+08:00 ] /xxx2/index.php/Room/basic_info | INFO: Tag[ view_end ] --END-- [ RunTime:0.000526s ]
[ 2012-10-04T18:11:14+08:00 ] /xxx2/index.php/Room/index/resources/images/closelabel.gif | INFO: Tag[ route_check ] --START--
[ 2012-10-04T18:11:14+08:00 ] /xxx2/index.php/Room/index/resources/images/closelabel.gif | INFO: Run CheckRoute Behavior [ RunTime:0.001220s ]
[ 2012-10-04T18:11:14+08:00 ] /xxx2/index.php/Room/index/resources/images/closelabel.gif | INFO: Tag[ route_check ] --END-- [ RunTime:0.001324s ]
[ 2012-10-04T18:11:14+08:00 ] /xxx2/index.php/Room/index/resources/images/closelabel.gif | INFO: Tag[ app_begin ] --START--
[ 2012-10-04T18:11:14+08:00 ] /xxx2/index.php/Room/index/resources/images/closelabel.gif | INFO: Run ReadHtmlCache Behavior [ RunTime:0.000733s ]
[ 2012-10-04T18:11:14+08:00 ] /xxx2/index.php/Room/index/resources/images/closelabel.gif | INFO: Tag[ app_begin ] --END-- [ RunTime:0.000798s ]
[ 2012-10-04T18:11:14+08:00 ] /xxx2/index.php/Room/index/resources/images/closelabel.gif | SQL: SHOW COLUMNS FROM `think_login` [ RunTime:0.005446s ]
[ 2012-10-04T18:11:14+08:00 ] /xxx2/index.php/Room/index/resources/images/closelabel.gif | INFO: Tag[ view_template ] --START--
[ 2012-10-04T18:11:14+08:00 ] /xxx2/index.php/Room/index/resources/images/closelabel.gif | INFO: Run LocationTemplate Behavior [ RunTime:0.001152s ]
[ 2012-10-04T18:11:14+08:00 ] /xxx2/index.php/Room/index/resources/images/closelabel.gif | INFO: Tag[ view_template ] --END-- [ RunTime:0.001249s ]
[ 2012-10-04T18:11:14+08:00 ] /xxx2/index.php/Room/index/resources/images/closelabel.gif | INFO: Tag[ view_parse ] --START--
[ 2012-10-04T18:11:14+08:00 ] /xxx2/index.php/Room/index/resources/images/closelabel.gif | NOTIC: [8] Undefined variable: title 30a99878984c7f18aa9ebcf65c3d6f43.php 第 10 行.
[ 2012-10-04T18:11:14+08:00 ] /xxx2/index.php/Room/index/resources/images/closelabel.gif | INFO: Run ParseTemplate Behavior [ RunTime:0.017632s ]
[ 2012-10-04T18:11:14+08:00 ] /xxx2/index.php/Room/index/resources/images/closelabel.gif | INFO: Tag[ view_parse ] --END-- [ RunTime:0.017747s ]
[ 2012-10-04T18:11:14+08:00 ] /xxx2/index.php/Room/index/resources/images/closelabel.gif | INFO: Tag[ view_filter ] --START--
[ 2012-10-04T18:11:14+08:00 ] /xxx2/index.php/Room/index/resources/images/closelabel.gif | INFO: Run ContentReplace Behavior [ RunTime:0.000861s ]
[ 2012-10-04T18:11:14+08:00 ] /xxx2/index.php/Room/index/resources/images/closelabel.gif | INFO: Run TokenBuild Behavior [ RunTime:0.001050s ]
[ 2012-10-04T18:11:14+08:00 ] /xxx2/index.php/Room/index/resources/images/closelabel.gif | INFO: Run WriteHtmlCache Behavior [ RunTime:0.001101s ]
[ 2012-10-04T18:11:14+08:00 ] /xxx2/index.php/Room/index/resources/images/closelabel.gif | INFO: Run ShowRuntime Behavior [ RunTime:0.000999s ]
[ 2012-10-04T18:11:14+08:00 ] /xxx2/index.php/Room/index/resources/images/closelabel.gif | INFO: Tag[ view_filter ] --END-- [ RunTime:0.004882s ]
[ 2012-10-04T18:11:14+08:00 ] /xxx2/index.php/Room/index/resources/images/closelabel.gif | INFO: Tag[ view_end ] --START--
[ 2012-10-04T18:11:14+08:00 ] /xxx2/index.php/Room/index/resources/images/closelabel.gif | INFO: Run ShowPageTrace Behavior [ RunTime:0.001397s ]
[ 2012-10-04T18:11:14+08:00 ] /xxx2/index.php/Room/index/resources/images/closelabel.gif | INFO: Tag[ view_end ] --END-- [ RunTime:0.001512s ]
[ 2012-10-04T18:11:18+08:00 ] /xxx2/index.php/Show/show | INFO: Tag[ route_check ] --START--
[ 2012-10-04T18:11:18+08:00 ] /xxx2/index.php/Show/show | INFO: Run CheckRoute Behavior [ RunTime:0.001141s ]
[ 2012-10-04T18:11:18+08:00 ] /xxx2/index.php/Show/show | INFO: Tag[ route_check ] --END-- [ RunTime:0.001336s ]
[ 2012-10-04T18:11:18+08:00 ] /xxx2/index.php/Show/show | INFO: Tag[ app_begin ] --START--
[ 2012-10-04T18:11:18+08:00 ] /xxx2/index.php/Show/show | INFO: Run ReadHtmlCache Behavior [ RunTime:0.000903s ]
[ 2012-10-04T18:11:18+08:00 ] /xxx2/index.php/Show/show | INFO: Tag[ app_begin ] --END-- [ RunTime:0.000995s ]
[ 2012-10-04T18:11:18+08:00 ] /xxx2/index.php/Show/show | NOTIC: [8] Undefined index: id ShowAction.class.php 第 32 行.
[ 2012-10-04T18:11:18+08:00 ] /xxx2/index.php/Show/show | INFO: Tag[ view_template ] --START--
[ 2012-10-04T18:11:18+08:00 ] /xxx2/index.php/Show/show | INFO: Run LocationTemplate Behavior [ RunTime:0.000427s ]
[ 2012-10-04T18:11:18+08:00 ] /xxx2/index.php/Show/show | INFO: Tag[ view_template ] --END-- [ RunTime:0.000508s ]
[ 2012-10-04T18:11:18+08:00 ] /xxx2/index.php/Show/show | INFO: Tag[ view_parse ] --START--
[ 2012-10-04T18:11:18+08:00 ] /xxx2/index.php/Show/show | NOTIC: [8] Undefined variable: content_list b6c27305877664492e2dc85072d532a8.php 第 30 行.
[ 2012-10-04T18:11:18+08:00 ] /xxx2/index.php/Show/show | INFO: Run ParseTemplate Behavior [ RunTime:0.009972s ]
[ 2012-10-04T18:11:18+08:00 ] /xxx2/index.php/Show/show | INFO: Tag[ view_parse ] --END-- [ RunTime:0.010048s ]
[ 2012-10-04T18:11:18+08:00 ] /xxx2/index.php/Show/show | INFO: Tag[ view_filter ] --START--
[ 2012-10-04T18:11:18+08:00 ] /xxx2/index.php/Show/show | INFO: Run ContentReplace Behavior [ RunTime:0.000391s ]
[ 2012-10-04T18:11:18+08:00 ] /xxx2/index.php/Show/show | INFO: Run TokenBuild Behavior [ RunTime:0.001425s ]
[ 2012-10-04T18:11:18+08:00 ] /xxx2/index.php/Show/show | INFO: Run WriteHtmlCache Behavior [ RunTime:0.000690s ]
[ 2012-10-04T18:11:18+08:00 ] /xxx2/index.php/Show/show | INFO: Run ShowRuntime Behavior [ RunTime:0.000616s ]
[ 2012-10-04T18:11:18+08:00 ] /xxx2/index.php/Show/show | INFO: Tag[ view_filter ] --END-- [ RunTime:0.003576s ]
[ 2012-10-04T18:11:18+08:00 ] /xxx2/index.php/Show/show | INFO: Tag[ view_end ] --START--
[ 2012-10-04T18:11:18+08:00 ] /xxx2/index.php/Show/show | INFO: Run ShowPageTrace Behavior [ RunTime:0.000635s ]
[ 2012-10-04T18:11:18+08:00 ] /xxx2/index.php/Show/show | INFO: Tag[ view_end ] --END-- [ RunTime:0.000724s ]
[ 2012-10-04T18:11:18+08:00 ] /xxx2/index.php/Show/resources/images/closelabel.gif | ERR: (ThinkException) 非法操作resources
[ 2012-10-04T21:17:29+08:00 ] /xxx2/index.php/Room/index/ | INFO: Tag[ route_check ] --START--
[ 2012-10-04T21:17:29+08:00 ] /xxx2/index.php/Room/index/ | INFO: Run CheckRoute Behavior [ RunTime:0.001069s ]
[ 2012-10-04T21:17:29+08:00 ] /xxx2/index.php/Room/index/ | INFO: Tag[ route_check ] --END-- [ RunTime:0.001219s ]
[ 2012-10-04T21:17:29+08:00 ] /xxx2/index.php/Room/index/ | INFO: Tag[ app_begin ] --START--
[ 2012-10-04T21:17:29+08:00 ] /xxx2/index.php/Room/index/ | INFO: Run ReadHtmlCache Behavior [ RunTime:0.000653s ]
[ 2012-10-04T21:17:29+08:00 ] /xxx2/index.php/Room/index/ | INFO: Tag[ app_begin ] --END-- [ RunTime:0.000731s ]
[ 2012-10-04T21:17:29+08:00 ] /xxx2/index.php/Room/index/ | SQL: SHOW COLUMNS FROM `think_login` [ RunTime:0.003508s ]
[ 2012-10-04T21:17:29+08:00 ] /xxx2/index.php/Room/index/ | INFO: Tag[ view_template ] --START--
[ 2012-10-04T21:17:29+08:00 ] /xxx2/index.php/Room/index/ | INFO: Run LocationTemplate Behavior [ RunTime:0.015304s ]
[ 2012-10-04T21:17:29+08:00 ] /xxx2/index.php/Room/index/ | INFO: Tag[ view_template ] --END-- [ RunTime:0.015416s ]
[ 2012-10-04T21:17:29+08:00 ] /xxx2/index.php/Room/index/ | INFO: Tag[ view_parse ] --START--
[ 2012-10-04T21:17:29+08:00 ] /xxx2/index.php/Room/index/ | NOTIC: [8] Undefined variable: title 30a99878984c7f18aa9ebcf65c3d6f43.php 第 10 行.
[ 2012-10-04T21:17:29+08:00 ] /xxx2/index.php/Room/index/ | INFO: Run ParseTemplate Behavior [ RunTime:0.024632s ]
[ 2012-10-04T21:17:29+08:00 ] /xxx2/index.php/Room/index/ | INFO: Tag[ view_parse ] --END-- [ RunTime:0.024716s ]
[ 2012-10-04T21:17:29+08:00 ] /xxx2/index.php/Room/index/ | INFO: Tag[ view_filter ] --START--
[ 2012-10-04T21:17:29+08:00 ] /xxx2/index.php/Room/index/ | INFO: Run ContentReplace Behavior [ RunTime:0.000439s ]
[ 2012-10-04T21:17:29+08:00 ] /xxx2/index.php/Room/index/ | INFO: Run TokenBuild Behavior [ RunTime:0.000429s ]
[ 2012-10-04T21:17:29+08:00 ] /xxx2/index.php/Room/index/ | INFO: Run WriteHtmlCache Behavior [ RunTime:0.000259s ]
[ 2012-10-04T21:17:29+08:00 ] /xxx2/index.php/Room/index/ | INFO: Run ShowRuntime Behavior [ RunTime:0.000581s ]
[ 2012-10-04T21:17:29+08:00 ] /xxx2/index.php/Room/index/ | INFO: Tag[ view_filter ] --END-- [ RunTime:0.001893s ]
[ 2012-10-04T21:17:29+08:00 ] /xxx2/index.php/Room/index/ | INFO: Tag[ view_end ] --START--
[ 2012-10-04T21:17:29+08:00 ] /xxx2/index.php/Room/index/ | INFO: Run ShowPageTrace Behavior [ RunTime:0.000928s ]
[ 2012-10-04T21:17:29+08:00 ] /xxx2/index.php/Room/index/ | INFO: Tag[ view_end ] --END-- [ RunTime:0.001002s ]
[ 2012-10-04T21:17:30+08:00 ] /xxx2/index.php/Room/basic_info | INFO: Tag[ route_check ] --START--
[ 2012-10-04T21:17:30+08:00 ] /xxx2/index.php/Room/basic_info | INFO: Run CheckRoute Behavior [ RunTime:0.001174s ]
[ 2012-10-04T21:17:30+08:00 ] /xxx2/index.php/Room/basic_info | INFO: Tag[ route_check ] --END-- [ RunTime:0.001335s ]
[ 2012-10-04T21:17:30+08:00 ] /xxx2/index.php/Room/basic_info | INFO: Tag[ app_begin ] --START--
[ 2012-10-04T21:17:30+08:00 ] /xxx2/index.php/Room/basic_info | INFO: Run ReadHtmlCache Behavior [ RunTime:0.000634s ]
[ 2012-10-04T21:17:30+08:00 ] /xxx2/index.php/Room/basic_info | INFO: Tag[ app_begin ] --END-- [ RunTime:0.000699s ]
[ 2012-10-04T21:17:30+08:00 ] /xxx2/index.php/Room/basic_info | SQL: SHOW COLUMNS FROM `think_login` [ RunTime:0.002529s ]
[ 2012-10-04T21:17:30+08:00 ] /xxx2/index.php/Room/basic_info | SQL: SELECT * FROM `think_login` WHERE username='1091306420' LIMIT 1   [ RunTime:0.002152s ]
[ 2012-10-04T21:17:30+08:00 ] /xxx2/index.php/Room/basic_info | INFO: Tag[ view_template ] --START--
[ 2012-10-04T21:17:30+08:00 ] /xxx2/index.php/Room/basic_info | INFO: Run LocationTemplate Behavior [ RunTime:0.000695s ]
[ 2012-10-04T21:17:30+08:00 ] /xxx2/index.php/Room/basic_info | INFO: Tag[ view_template ] --END-- [ RunTime:0.000772s ]
[ 2012-10-04T21:17:30+08:00 ] /xxx2/index.php/Room/basic_info | INFO: Tag[ view_parse ] --START--
[ 2012-10-04T21:17:30+08:00 ] /xxx2/index.php/Room/basic_info | INFO: Run ParseTemplate Behavior [ RunTime:0.075818s ]
[ 2012-10-04T21:17:30+08:00 ] /xxx2/index.php/Room/basic_info | INFO: Tag[ view_parse ] --END-- [ RunTime:0.075935s ]
[ 2012-10-04T21:17:30+08:00 ] /xxx2/index.php/Room/basic_info | INFO: Tag[ view_filter ] --START--
[ 2012-10-04T21:17:30+08:00 ] /xxx2/index.php/Room/basic_info | INFO: Run ContentReplace Behavior [ RunTime:0.000436s ]
[ 2012-10-04T21:17:30+08:00 ] /xxx2/index.php/Room/basic_info | INFO: Run TokenBuild Behavior [ RunTime:0.000457s ]
[ 2012-10-04T21:17:30+08:00 ] /xxx2/index.php/Room/basic_info | INFO: Run WriteHtmlCache Behavior [ RunTime:0.000244s ]
[ 2012-10-04T21:17:30+08:00 ] /xxx2/index.php/Room/basic_info | INFO: Run ShowRuntime Behavior [ RunTime:0.000506s ]
[ 2012-10-04T21:17:30+08:00 ] /xxx2/index.php/Room/basic_info | INFO: Tag[ view_filter ] --END-- [ RunTime:0.001852s ]
[ 2012-10-04T21:17:30+08:00 ] /xxx2/index.php/Room/basic_info | INFO: Tag[ view_end ] --START--
[ 2012-10-04T21:17:30+08:00 ] /xxx2/index.php/Room/basic_info | INFO: Run ShowPageTrace Behavior [ RunTime:0.000556s ]
[ 2012-10-04T21:17:30+08:00 ] /xxx2/index.php/Room/basic_info | INFO: Tag[ view_end ] --END-- [ RunTime:0.000634s ]
[ 2012-10-04T21:17:30+08:00 ] /xxx2/index.php/Room/index/resources/images/closelabel.gif | INFO: Tag[ route_check ] --START--
[ 2012-10-04T21:17:30+08:00 ] /xxx2/index.php/Room/index/resources/images/closelabel.gif | INFO: Run CheckRoute Behavior [ RunTime:0.001394s ]
[ 2012-10-04T21:17:30+08:00 ] /xxx2/index.php/Room/index/resources/images/closelabel.gif | INFO: Tag[ route_check ] --END-- [ RunTime:0.001554s ]
[ 2012-10-04T21:17:30+08:00 ] /xxx2/index.php/Room/index/resources/images/closelabel.gif | INFO: Tag[ app_begin ] --START--
[ 2012-10-04T21:17:30+08:00 ] /xxx2/index.php/Room/index/resources/images/closelabel.gif | INFO: Run ReadHtmlCache Behavior [ RunTime:0.000983s ]
[ 2012-10-04T21:17:30+08:00 ] /xxx2/index.php/Room/index/resources/images/closelabel.gif | INFO: Tag[ app_begin ] --END-- [ RunTime:0.001063s ]
[ 2012-10-04T21:17:30+08:00 ] /xxx2/index.php/Room/index/resources/images/closelabel.gif | SQL: SHOW COLUMNS FROM `think_login` [ RunTime:0.003568s ]
[ 2012-10-04T21:17:30+08:00 ] /xxx2/index.php/Room/index/resources/images/closelabel.gif | INFO: Tag[ view_template ] --START--
[ 2012-10-04T21:17:30+08:00 ] /xxx2/index.php/Room/index/resources/images/closelabel.gif | INFO: Run LocationTemplate Behavior [ RunTime:0.000992s ]
[ 2012-10-04T21:17:30+08:00 ] /xxx2/index.php/Room/index/resources/images/closelabel.gif | INFO: Tag[ view_template ] --END-- [ RunTime:0.001076s ]
[ 2012-10-04T21:17:30+08:00 ] /xxx2/index.php/Room/index/resources/images/closelabel.gif | INFO: Tag[ view_parse ] --START--
[ 2012-10-04T21:17:30+08:00 ] /xxx2/index.php/Room/index/resources/images/closelabel.gif | NOTIC: [8] Undefined variable: title 30a99878984c7f18aa9ebcf65c3d6f43.php 第 10 行.
[ 2012-10-04T21:17:30+08:00 ] /xxx2/index.php/Room/index/resources/images/closelabel.gif | INFO: Run ParseTemplate Behavior [ RunTime:0.019087s ]
[ 2012-10-04T21:17:30+08:00 ] /xxx2/index.php/Room/index/resources/images/closelabel.gif | INFO: Tag[ view_parse ] --END-- [ RunTime:0.019194s ]
[ 2012-10-04T21:17:30+08:00 ] /xxx2/index.php/Room/index/resources/images/closelabel.gif | INFO: Tag[ view_filter ] --START--
[ 2012-10-04T21:17:30+08:00 ] /xxx2/index.php/Room/index/resources/images/closelabel.gif | INFO: Run ContentReplace Behavior [ RunTime:0.000935s ]
[ 2012-10-04T21:17:30+08:00 ] /xxx2/index.php/Room/index/resources/images/closelabel.gif | INFO: Run TokenBuild Behavior [ RunTime:0.001572s ]
[ 2012-10-04T21:17:30+08:00 ] /xxx2/index.php/Room/index/resources/images/closelabel.gif | INFO: Run WriteHtmlCache Behavior [ RunTime:0.000595s ]
[ 2012-10-04T21:17:30+08:00 ] /xxx2/index.php/Room/index/resources/images/closelabel.gif | INFO: Run ShowRuntime Behavior [ RunTime:0.000766s ]
[ 2012-10-04T21:17:30+08:00 ] /xxx2/index.php/Room/index/resources/images/closelabel.gif | INFO: Tag[ view_filter ] --END-- [ RunTime:0.004222s ]
[ 2012-10-04T21:17:30+08:00 ] /xxx2/index.php/Room/index/resources/images/closelabel.gif | INFO: Tag[ view_end ] --START--
[ 2012-10-04T21:17:30+08:00 ] /xxx2/index.php/Room/index/resources/images/closelabel.gif | INFO: Run ShowPageTrace Behavior [ RunTime:0.000990s ]
[ 2012-10-04T21:17:30+08:00 ] /xxx2/index.php/Room/index/resources/images/closelabel.gif | INFO: Tag[ view_end ] --END-- [ RunTime:0.001117s ]
[ 2012-10-04T21:17:33+08:00 ] /xxx2/index.php/Room/work_list/ | INFO: Tag[ route_check ] --START--
[ 2012-10-04T21:17:33+08:00 ] /xxx2/index.php/Room/work_list/ | INFO: Run CheckRoute Behavior [ RunTime:0.000869s ]
[ 2012-10-04T21:17:33+08:00 ] /xxx2/index.php/Room/work_list/ | INFO: Tag[ route_check ] --END-- [ RunTime:0.000973s ]
[ 2012-10-04T21:17:33+08:00 ] /xxx2/index.php/Room/work_list/ | INFO: Tag[ app_begin ] --START--
[ 2012-10-04T21:17:33+08:00 ] /xxx2/index.php/Room/work_list/ | INFO: Run ReadHtmlCache Behavior [ RunTime:0.000577s ]
[ 2012-10-04T21:17:33+08:00 ] /xxx2/index.php/Room/work_list/ | INFO: Tag[ app_begin ] --END-- [ RunTime:0.000637s ]
[ 2012-10-04T21:17:34+08:00 ] /xxx2/index.php/Room/work_list/ | SQL: SHOW COLUMNS FROM `think_login` [ RunTime:0.003090s ]
[ 2012-10-04T21:17:34+08:00 ] /xxx2/index.php/Room/work_list/ | SQL: SELECT * FROM `think_login` WHERE username=1091306420 LIMIT 1   [ RunTime:0.000714s ]
[ 2012-10-04T21:17:34+08:00 ] /xxx2/index.php/Room/work_list/ | SQL: SHOW COLUMNS FROM `think_class` [ RunTime:0.023170s ]
[ 2012-10-04T21:17:34+08:00 ] /xxx2/index.php/Room/work_list/ | SQL: SELECT * FROM `think_class` WHERE classname='通信1091' LIMIT 1   [ RunTime:0.000387s ]
[ 2012-10-04T21:17:34+08:00 ] /xxx2/index.php/Room/work_list/ | SQL: SHOW COLUMNS FROM `think_work` [ RunTime:0.036144s ]
[ 2012-10-04T21:17:34+08:00 ] /xxx2/index.php/Room/work_list/ | SQL: SELECT COUNT(*) AS tp_count FROM `think_work` WHERE name='朱全银' LIMIT 1   [ RunTime:0.000703s ]
[ 2012-10-04T21:17:34+08:00 ] /xxx2/index.php/Room/work_list/ | SQL: SELECT * FROM `think_work` WHERE name='朱全银' ORDER BY id desc LIMIT 0,8   [ RunTime:0.000526s ]
[ 2012-10-04T21:17:34+08:00 ] /xxx2/index.php/Room/work_list/ | SQL: SHOW COLUMNS FROM `think_workroute` [ RunTime:0.035272s ]
[ 2012-10-04T21:17:34+08:00 ] /xxx2/index.php/Room/work_list/ | SQL: SELECT * FROM `think_workroute` WHERE username=1091306420  [ RunTime:0.042819s ]
[ 2012-10-04T21:17:34+08:00 ] /xxx2/index.php/Room/work_list/ | INFO: Tag[ view_template ] --START--
[ 2012-10-04T21:17:34+08:00 ] /xxx2/index.php/Room/work_list/ | INFO: Run LocationTemplate Behavior [ RunTime:0.000731s ]
[ 2012-10-04T21:17:34+08:00 ] /xxx2/index.php/Room/work_list/ | INFO: Tag[ view_template ] --END-- [ RunTime:0.000808s ]
[ 2012-10-04T21:17:34+08:00 ] /xxx2/index.php/Room/work_list/ | INFO: Tag[ view_parse ] --START--
[ 2012-10-04T21:17:34+08:00 ] /xxx2/index.php/Room/work_list/ | INFO: Run ParseTemplate Behavior [ RunTime:0.017467s ]
[ 2012-10-04T21:17:34+08:00 ] /xxx2/index.php/Room/work_list/ | INFO: Tag[ view_parse ] --END-- [ RunTime:0.017573s ]
[ 2012-10-04T21:17:34+08:00 ] /xxx2/index.php/Room/work_list/ | INFO: Tag[ view_filter ] --START--
[ 2012-10-04T21:17:34+08:00 ] /xxx2/index.php/Room/work_list/ | INFO: Run ContentReplace Behavior [ RunTime:0.000467s ]
[ 2012-10-04T21:17:34+08:00 ] /xxx2/index.php/Room/work_list/ | INFO: Run TokenBuild Behavior [ RunTime:0.000413s ]
[ 2012-10-04T21:17:34+08:00 ] /xxx2/index.php/Room/work_list/ | INFO: Run WriteHtmlCache Behavior [ RunTime:0.000247s ]
[ 2012-10-04T21:17:34+08:00 ] /xxx2/index.php/Room/work_list/ | INFO: Run ShowRuntime Behavior [ RunTime:0.000503s ]
[ 2012-10-04T21:17:34+08:00 ] /xxx2/index.php/Room/work_list/ | INFO: Tag[ view_filter ] --END-- [ RunTime:0.001803s ]
[ 2012-10-04T21:17:34+08:00 ] /xxx2/index.php/Room/work_list/ | INFO: Tag[ view_end ] --START--
[ 2012-10-04T21:17:34+08:00 ] /xxx2/index.php/Room/work_list/ | INFO: Run ShowPageTrace Behavior [ RunTime:0.000454s ]
[ 2012-10-04T21:17:34+08:00 ] /xxx2/index.php/Room/work_list/ | INFO: Tag[ view_end ] --END-- [ RunTime:0.000516s ]
[ 2012-10-04T21:17:37+08:00 ] /xxx2/index.php/Room/work_list/?&p=2 | INFO: Tag[ route_check ] --START--
[ 2012-10-04T21:17:37+08:00 ] /xxx2/index.php/Room/work_list/?&p=2 | INFO: Run CheckRoute Behavior [ RunTime:0.001027s ]
[ 2012-10-04T21:17:37+08:00 ] /xxx2/index.php/Room/work_list/?&p=2 | INFO: Tag[ route_check ] --END-- [ RunTime:0.001161s ]
[ 2012-10-04T21:17:37+08:00 ] /xxx2/index.php/Room/work_list/?&p=2 | INFO: Tag[ app_begin ] --START--
[ 2012-10-04T21:17:37+08:00 ] /xxx2/index.php/Room/work_list/?&p=2 | INFO: Run ReadHtmlCache Behavior [ RunTime:0.000644s ]
[ 2012-10-04T21:17:37+08:00 ] /xxx2/index.php/Room/work_list/?&p=2 | INFO: Tag[ app_begin ] --END-- [ RunTime:0.000722s ]
[ 2012-10-04T21:17:37+08:00 ] /xxx2/index.php/Room/work_list/?&p=2 | SQL: SHOW COLUMNS FROM `think_login` [ RunTime:0.002848s ]
[ 2012-10-04T21:17:37+08:00 ] /xxx2/index.php/Room/work_list/?&p=2 | SQL: SELECT * FROM `think_login` WHERE username=1091306420 LIMIT 1   [ RunTime:0.000407s ]
[ 2012-10-04T21:17:37+08:00 ] /xxx2/index.php/Room/work_list/?&p=2 | SQL: SHOW COLUMNS FROM `think_class` [ RunTime:0.002376s ]
[ 2012-10-04T21:17:37+08:00 ] /xxx2/index.php/Room/work_list/?&p=2 | SQL: SELECT * FROM `think_class` WHERE classname='通信1091' LIMIT 1   [ RunTime:0.000585s ]
[ 2012-10-04T21:17:37+08:00 ] /xxx2/index.php/Room/work_list/?&p=2 | SQL: SHOW COLUMNS FROM `think_work` [ RunTime:0.002935s ]
[ 2012-10-04T21:17:37+08:00 ] /xxx2/index.php/Room/work_list/?&p=2 | SQL: SELECT COUNT(*) AS tp_count FROM `think_work` WHERE name='朱全银' LIMIT 1   [ RunTime:0.001743s ]
[ 2012-10-04T21:17:37+08:00 ] /xxx2/index.php/Room/work_list/?&p=2 | SQL: SELECT * FROM `think_work` WHERE name='朱全银' ORDER BY id desc LIMIT 8,8   [ RunTime:0.001095s ]
[ 2012-10-04T21:17:37+08:00 ] /xxx2/index.php/Room/work_list/?&p=2 | SQL: SHOW COLUMNS FROM `think_workroute` [ RunTime:0.003163s ]
[ 2012-10-04T21:17:37+08:00 ] /xxx2/index.php/Room/work_list/?&p=2 | SQL: SELECT * FROM `think_workroute` WHERE username=1091306420  [ RunTime:0.000588s ]
[ 2012-10-04T21:17:37+08:00 ] /xxx2/index.php/Room/work_list/?&p=2 | INFO: Tag[ view_template ] --START--
[ 2012-10-04T21:17:37+08:00 ] /xxx2/index.php/Room/work_list/?&p=2 | INFO: Run LocationTemplate Behavior [ RunTime:0.000517s ]
[ 2012-10-04T21:17:37+08:00 ] /xxx2/index.php/Room/work_list/?&p=2 | INFO: Tag[ view_template ] --END-- [ RunTime:0.000592s ]
[ 2012-10-04T21:17:37+08:00 ] /xxx2/index.php/Room/work_list/?&p=2 | INFO: Tag[ view_parse ] --START--
[ 2012-10-04T21:17:37+08:00 ] /xxx2/index.php/Room/work_list/?&p=2 | INFO: Run ParseTemplate Behavior [ RunTime:0.011646s ]
[ 2012-10-04T21:17:37+08:00 ] /xxx2/index.php/Room/work_list/?&p=2 | INFO: Tag[ view_parse ] --END-- [ RunTime:0.011757s ]
[ 2012-10-04T21:17:37+08:00 ] /xxx2/index.php/Room/work_list/?&p=2 | INFO: Tag[ view_filter ] --START--
[ 2012-10-04T21:17:37+08:00 ] /xxx2/index.php/Room/work_list/?&p=2 | INFO: Run ContentReplace Behavior [ RunTime:0.000576s ]
[ 2012-10-04T21:17:37+08:00 ] /xxx2/index.php/Room/work_list/?&p=2 | INFO: Run TokenBuild Behavior [ RunTime:0.000433s ]
[ 2012-10-04T21:17:37+08:00 ] /xxx2/index.php/Room/work_list/?&p=2 | INFO: Run WriteHtmlCache Behavior [ RunTime:0.000252s ]
[ 2012-10-04T21:17:37+08:00 ] /xxx2/index.php/Room/work_list/?&p=2 | INFO: Run ShowRuntime Behavior [ RunTime:0.000504s ]
[ 2012-10-04T21:17:37+08:00 ] /xxx2/index.php/Room/work_list/?&p=2 | INFO: Tag[ view_filter ] --END-- [ RunTime:0.001943s ]
[ 2012-10-04T21:17:37+08:00 ] /xxx2/index.php/Room/work_list/?&p=2 | INFO: Tag[ view_end ] --START--
[ 2012-10-04T21:17:37+08:00 ] /xxx2/index.php/Room/work_list/?&p=2 | INFO: Run ShowPageTrace Behavior [ RunTime:0.000467s ]
[ 2012-10-04T21:17:37+08:00 ] /xxx2/index.php/Room/work_list/?&p=2 | INFO: Tag[ view_end ] --END-- [ RunTime:0.000527s ]
[ 2012-10-04T21:17:38+08:00 ] /xxx2/index.php/Room/work_list/?&p=1 | INFO: Tag[ route_check ] --START--
[ 2012-10-04T21:17:38+08:00 ] /xxx2/index.php/Room/work_list/?&p=1 | INFO: Run CheckRoute Behavior [ RunTime:0.000986s ]
[ 2012-10-04T21:17:38+08:00 ] /xxx2/index.php/Room/work_list/?&p=1 | INFO: Tag[ route_check ] --END-- [ RunTime:0.001198s ]
[ 2012-10-04T21:17:38+08:00 ] /xxx2/index.php/Room/work_list/?&p=1 | INFO: Tag[ app_begin ] --START--
[ 2012-10-04T21:17:38+08:00 ] /xxx2/index.php/Room/work_list/?&p=1 | INFO: Run ReadHtmlCache Behavior [ RunTime:0.000689s ]
[ 2012-10-04T21:17:38+08:00 ] /xxx2/index.php/Room/work_list/?&p=1 | INFO: Tag[ app_begin ] --END-- [ RunTime:0.000753s ]
[ 2012-10-04T21:17:38+08:00 ] /xxx2/index.php/Room/work_list/?&p=1 | SQL: SHOW COLUMNS FROM `think_login` [ RunTime:0.002639s ]
[ 2012-10-04T21:17:38+08:00 ] /xxx2/index.php/Room/work_list/?&p=1 | SQL: SELECT * FROM `think_login` WHERE username=1091306420 LIMIT 1   [ RunTime:0.000816s ]
[ 2012-10-04T21:17:38+08:00 ] /xxx2/index.php/Room/work_list/?&p=1 | SQL: SHOW COLUMNS FROM `think_class` [ RunTime:0.002903s ]
[ 2012-10-04T21:17:38+08:00 ] /xxx2/index.php/Room/work_list/?&p=1 | SQL: SELECT * FROM `think_class` WHERE classname='通信1091' LIMIT 1   [ RunTime:0.000860s ]
[ 2012-10-04T21:17:38+08:00 ] /xxx2/index.php/Room/work_list/?&p=1 | SQL: SHOW COLUMNS FROM `think_work` [ RunTime:0.002379s ]
[ 2012-10-04T21:17:38+08:00 ] /xxx2/index.php/Room/work_list/?&p=1 | SQL: SELECT COUNT(*) AS tp_count FROM `think_work` WHERE name='朱全银' LIMIT 1   [ RunTime:0.000924s ]
[ 2012-10-04T21:17:38+08:00 ] /xxx2/index.php/Room/work_list/?&p=1 | SQL: SELECT * FROM `think_work` WHERE name='朱全银' ORDER BY id desc LIMIT 0,8   [ RunTime:0.000588s ]
[ 2012-10-04T21:17:38+08:00 ] /xxx2/index.php/Room/work_list/?&p=1 | SQL: SHOW COLUMNS FROM `think_workroute` [ RunTime:0.002435s ]
[ 2012-10-04T21:17:38+08:00 ] /xxx2/index.php/Room/work_list/?&p=1 | SQL: SELECT * FROM `think_workroute` WHERE username=1091306420  [ RunTime:0.000729s ]
[ 2012-10-04T21:17:38+08:00 ] /xxx2/index.php/Room/work_list/?&p=1 | INFO: Tag[ view_template ] --START--
[ 2012-10-04T21:17:38+08:00 ] /xxx2/index.php/Room/work_list/?&p=1 | INFO: Run LocationTemplate Behavior [ RunTime:0.000497s ]
[ 2012-10-04T21:17:38+08:00 ] /xxx2/index.php/Room/work_list/?&p=1 | INFO: Tag[ view_template ] --END-- [ RunTime:0.000566s ]
[ 2012-10-04T21:17:38+08:00 ] /xxx2/index.php/Room/work_list/?&p=1 | INFO: Tag[ view_parse ] --START--
[ 2012-10-04T21:17:38+08:00 ] /xxx2/index.php/Room/work_list/?&p=1 | INFO: Run ParseTemplate Behavior [ RunTime:0.011042s ]
[ 2012-10-04T21:17:38+08:00 ] /xxx2/index.php/Room/work_list/?&p=1 | INFO: Tag[ view_parse ] --END-- [ RunTime:0.011178s ]
[ 2012-10-04T21:17:38+08:00 ] /xxx2/index.php/Room/work_list/?&p=1 | INFO: Tag[ view_filter ] --START--
[ 2012-10-04T21:17:38+08:00 ] /xxx2/index.php/Room/work_list/?&p=1 | INFO: Run ContentReplace Behavior [ RunTime:0.000652s ]
[ 2012-10-04T21:17:38+08:00 ] /xxx2/index.php/Room/work_list/?&p=1 | INFO: Run TokenBuild Behavior [ RunTime:0.000459s ]
[ 2012-10-04T21:17:38+08:00 ] /xxx2/index.php/Room/work_list/?&p=1 | INFO: Run WriteHtmlCache Behavior [ RunTime:0.000246s ]
[ 2012-10-04T21:17:38+08:00 ] /xxx2/index.php/Room/work_list/?&p=1 | INFO: Run ShowRuntime Behavior [ RunTime:0.000507s ]
[ 2012-10-04T21:17:38+08:00 ] /xxx2/index.php/Room/work_list/?&p=1 | INFO: Tag[ view_filter ] --END-- [ RunTime:0.002064s ]
[ 2012-10-04T21:17:38+08:00 ] /xxx2/index.php/Room/work_list/?&p=1 | INFO: Tag[ view_end ] --START--
[ 2012-10-04T21:17:38+08:00 ] /xxx2/index.php/Room/work_list/?&p=1 | INFO: Run ShowPageTrace Behavior [ RunTime:0.000456s ]
[ 2012-10-04T21:17:38+08:00 ] /xxx2/index.php/Room/work_list/?&p=1 | INFO: Tag[ view_end ] --END-- [ RunTime:0.000517s ]
