[ 2012-10-01T10:52:52+08:00 ] /xxx2/ | INFO: Tag[ app_begin ] --START--
[ 2012-10-01T10:52:52+08:00 ] /xxx2/ | INFO: Run ReadHtmlCache Behavior [ RunTime:0.045197s ]
[ 2012-10-01T10:52:52+08:00 ] /xxx2/ | INFO: Tag[ app_begin ] --END-- [ RunTime:0.128801s ]
[ 2012-10-01T10:52:52+08:00 ] /xxx2/ | NOTIC: [2] Cannot modify header information - headers already sent by (output started at D:\XAMPP\xampp\htdocs\xxx2\home\Lib\Action\IndexAction.class.php:1) IndexAction.class.php 第 6 行.
[ 2012-10-01T10:52:54+08:00 ] /xxx2/ | SQL: SHOW COLUMNS FROM `think_catalog` [ RunTime:0.245702s ]
[ 2012-10-01T10:52:54+08:00 ] /xxx2/ | SQL: SELECT `id`,`f_cata` FROM `think_catalog` WHERE f_id=0  [ RunTime:0.016446s ]
[ 2012-10-01T10:52:54+08:00 ] /xxx2/ | SQL: SHOW COLUMNS FROM `think_link` [ RunTime:0.074120s ]
[ 2012-10-01T10:52:54+08:00 ] /xxx2/ | SQL: SELECT `id`,`addr`,`info` FROM `think_link`  [ RunTime:0.017584s ]
[ 2012-10-01T10:52:54+08:00 ] /xxx2/ | SQL: SHOW COLUMNS FROM `think_tongzhi` [ RunTime:0.058575s ]
[ 2012-10-01T10:52:54+08:00 ] /xxx2/ | SQL: SELECT `id`,`title`,`content`,`name`,`dt` FROM `think_tongzhi`  [ RunTime:0.001122s ]
[ 2012-10-01T10:52:54+08:00 ] /xxx2/ | NOTIC: [8] Undefined index: username functions.php 第 441 行.
[ 2012-10-01T10:52:54+08:00 ] /xxx2/ | INFO: Tag[ view_template ] --START--
[ 2012-10-01T10:52:54+08:00 ] /xxx2/ | INFO: Run LocationTemplate Behavior [ RunTime:0.055358s ]
[ 2012-10-01T10:52:54+08:00 ] /xxx2/ | INFO: Tag[ view_template ] --END-- [ RunTime:0.055468s ]
[ 2012-10-01T10:52:54+08:00 ] /xxx2/ | INFO: Tag[ view_parse ] --START--
[ 2012-10-01T10:52:54+08:00 ] /xxx2/ | INFO: Run ParseTemplate Behavior [ RunTime:0.272438s ]
[ 2012-10-01T10:52:54+08:00 ] /xxx2/ | INFO: Tag[ view_parse ] --END-- [ RunTime:0.272580s ]
[ 2012-10-01T10:52:54+08:00 ] /xxx2/ | INFO: Tag[ view_filter ] --START--
[ 2012-10-01T10:52:54+08:00 ] /xxx2/ | INFO: Run ContentReplace Behavior [ RunTime:0.014815s ]
[ 2012-10-01T10:52:54+08:00 ] /xxx2/ | INFO: Run TokenBuild Behavior [ RunTime:0.023167s ]
[ 2012-10-01T10:52:54+08:00 ] /xxx2/ | INFO: Run WriteHtmlCache Behavior [ RunTime:0.000850s ]
[ 2012-10-01T10:52:54+08:00 ] /xxx2/ | INFO: Run ShowRuntime Behavior [ RunTime:0.000971s ]
[ 2012-10-01T10:52:54+08:00 ] /xxx2/ | INFO: Tag[ view_filter ] --END-- [ RunTime:0.040065s ]
[ 2012-10-01T10:52:54+08:00 ] /xxx2/ | NOTIC: [2] Cannot modify header information - headers already sent by (output started at D:\XAMPP\xampp\htdocs\xxx2\home\Lib\Action\IndexAction.class.php:1) View.class.php 第 120 行.
[ 2012-10-01T10:52:54+08:00 ] /xxx2/ | NOTIC: [2] Cannot modify header information - headers already sent by (output started at D:\XAMPP\xampp\htdocs\xxx2\home\Lib\Action\IndexAction.class.php:1) View.class.php 第 121 行.
[ 2012-10-01T10:52:54+08:00 ] /xxx2/ | NOTIC: [2] Cannot modify header information - headers already sent by (output started at D:\XAMPP\xampp\htdocs\xxx2\home\Lib\Action\IndexAction.class.php:1) View.class.php 第 122 行.
[ 2012-10-01T10:52:54+08:00 ] /xxx2/ | INFO: Tag[ view_end ] --START--
[ 2012-10-01T10:52:54+08:00 ] /xxx2/ | INFO: Run ShowPageTrace Behavior [ RunTime:0.000929s ]
[ 2012-10-01T10:52:54+08:00 ] /xxx2/ | INFO: Tag[ view_end ] --END-- [ RunTime:0.000994s ]
[ 2012-10-01T17:14:50+08:00 ] /xxx2/index.php/Index/login | INFO: Tag[ route_check ] --START--
[ 2012-10-01T17:14:50+08:00 ] /xxx2/index.php/Index/login | INFO: Run CheckRoute Behavior [ RunTime:0.002382s ]
[ 2012-10-01T17:14:50+08:00 ] /xxx2/index.php/Index/login | INFO: Tag[ route_check ] --END-- [ RunTime:0.002513s ]
[ 2012-10-01T17:14:50+08:00 ] /xxx2/index.php/Index/login | INFO: Tag[ app_begin ] --START--
[ 2012-10-01T17:14:50+08:00 ] /xxx2/index.php/Index/login | INFO: Run ReadHtmlCache Behavior [ RunTime:0.001183s ]
[ 2012-10-01T17:14:50+08:00 ] /xxx2/index.php/Index/login | INFO: Tag[ app_begin ] --END-- [ RunTime:0.001266s ]
[ 2012-10-01T17:14:50+08:00 ] /xxx2/index.php/Index/login | NOTIC: [2] Cannot modify header information - headers already sent by (output started at D:\XAMPP\xampp\htdocs\xxx2\home\Lib\Action\IndexAction.class.php:1) IndexAction.class.php 第 66 行.
[ 2012-10-01T17:14:50+08:00 ] /xxx2/index.php/Index/login | SQL: SHOW COLUMNS FROM `think_login` [ RunTime:0.063212s ]
[ 2012-10-01T17:14:50+08:00 ] /xxx2/index.php/Index/login | SQL: SELECT * FROM `think_login` WHERE username='admin' and pwd='admin' LIMIT 1   [ RunTime:0.040194s ]
[ 2012-10-01T17:14:50+08:00 ] /xxx2/index.php/Index/login | SQL: SHOW COLUMNS FROM `think_teacher` [ RunTime:0.026305s ]
[ 2012-10-01T17:14:50+08:00 ] /xxx2/index.php/Index/login | SQL: SELECT * FROM `think_teacher` WHERE username='admin' and pwd='admin' LIMIT 1   [ RunTime:0.002112s ]
[ 2012-10-01T17:14:50+08:00 ] /xxx2/index.php/Index/login | NOTIC: [8] Undefined index: logins IndexAction.class.php 第 90 行.
[ 2012-10-01T17:14:50+08:00 ] /xxx2/index.php/Index/login | SQL: UPDATE `think_login` SET `id`='1',`username`='admin',`pwd`='admin',`name`='朱全银',`phone`=null,`qq`=null WHERE username='admin' [ RunTime:0.077942s ]
[ 2012-10-01T17:14:50+08:00 ] /xxx2/index.php/Index/login | NOTIC: [8] Use of undefined constant username - assumed 'username' IndexAction.class.php 第 92 行.
[ 2012-10-01T17:14:50+08:00 ] /xxx2/index.php/Index/login | INFO: Tag[ view_template ] --START--
[ 2012-10-01T17:14:50+08:00 ] /xxx2/index.php/Index/login | INFO: Run LocationTemplate Behavior [ RunTime:0.037460s ]
[ 2012-10-01T17:14:50+08:00 ] /xxx2/index.php/Index/login | INFO: Tag[ view_template ] --END-- [ RunTime:0.037578s ]
[ 2012-10-01T17:14:50+08:00 ] /xxx2/index.php/Index/login | INFO: Tag[ view_parse ] --START--
[ 2012-10-01T17:14:50+08:00 ] /xxx2/index.php/Index/login | INFO: Run ParseTemplate Behavior [ RunTime:0.044267s ]
[ 2012-10-01T17:14:50+08:00 ] /xxx2/index.php/Index/login | INFO: Tag[ view_parse ] --END-- [ RunTime:0.044408s ]
[ 2012-10-01T17:14:50+08:00 ] /xxx2/index.php/Index/login | INFO: Tag[ view_filter ] --START--
[ 2012-10-01T17:14:50+08:00 ] /xxx2/index.php/Index/login | INFO: Run ContentReplace Behavior [ RunTime:0.000951s ]
[ 2012-10-01T17:14:50+08:00 ] /xxx2/index.php/Index/login | INFO: Run TokenBuild Behavior [ RunTime:0.000985s ]
[ 2012-10-01T17:14:50+08:00 ] /xxx2/index.php/Index/login | INFO: Run WriteHtmlCache Behavior [ RunTime:0.000727s ]
[ 2012-10-01T17:14:50+08:00 ] /xxx2/index.php/Index/login | INFO: Run ShowRuntime Behavior [ RunTime:0.000957s ]
[ 2012-10-01T17:14:50+08:00 ] /xxx2/index.php/Index/login | INFO: Tag[ view_filter ] --END-- [ RunTime:0.003841s ]
[ 2012-10-01T17:14:50+08:00 ] /xxx2/index.php/Index/login | NOTIC: [2] Cannot modify header information - headers already sent by (output started at D:\XAMPP\xampp\htdocs\xxx2\home\Lib\Action\IndexAction.class.php:1) View.class.php 第 120 行.
[ 2012-10-01T17:14:50+08:00 ] /xxx2/index.php/Index/login | NOTIC: [2] Cannot modify header information - headers already sent by (output started at D:\XAMPP\xampp\htdocs\xxx2\home\Lib\Action\IndexAction.class.php:1) View.class.php 第 121 行.
[ 2012-10-01T17:14:50+08:00 ] /xxx2/index.php/Index/login | NOTIC: [2] Cannot modify header information - headers already sent by (output started at D:\XAMPP\xampp\htdocs\xxx2\home\Lib\Action\IndexAction.class.php:1) View.class.php 第 122 行.
[ 2012-10-01T17:14:50+08:00 ] /xxx2/index.php/Index/login | INFO: Tag[ view_end ] --START--
[ 2012-10-01T17:14:50+08:00 ] /xxx2/index.php/Index/login | INFO: Run ShowPageTrace Behavior [ RunTime:0.000895s ]
[ 2012-10-01T17:14:50+08:00 ] /xxx2/index.php/Index/login | INFO: Tag[ view_end ] --END-- [ RunTime:0.000959s ]
[ 2012-10-01T17:14:51+08:00 ] /xxx2/index.php/Show/index | INFO: Tag[ route_check ] --START--
[ 2012-10-01T17:14:51+08:00 ] /xxx2/index.php/Show/index | INFO: Run CheckRoute Behavior [ RunTime:0.001286s ]
[ 2012-10-01T17:14:51+08:00 ] /xxx2/index.php/Show/index | INFO: Tag[ route_check ] --END-- [ RunTime:0.001485s ]
[ 2012-10-01T17:14:51+08:00 ] /xxx2/index.php/Show/index | INFO: Tag[ app_begin ] --START--
[ 2012-10-01T17:14:51+08:00 ] /xxx2/index.php/Show/index | INFO: Run ReadHtmlCache Behavior [ RunTime:0.000992s ]
[ 2012-10-01T17:14:51+08:00 ] /xxx2/index.php/Show/index | INFO: Tag[ app_begin ] --END-- [ RunTime:0.001111s ]
[ 2012-10-01T17:14:51+08:00 ] /xxx2/index.php/Show/index | SQL: SHOW COLUMNS FROM `think_catalog` [ RunTime:0.030131s ]
[ 2012-10-01T17:14:51+08:00 ] /xxx2/index.php/Show/index | SQL: SELECT `id`,`f_cata`,`s_cata`,`isf`,`f_id`,`p_id` FROM `think_catalog`  [ RunTime:0.001412s ]
[ 2012-10-01T17:14:51+08:00 ] /xxx2/index.php/Show/index | SQL: SHOW COLUMNS FROM `think_link` [ RunTime:0.019438s ]
[ 2012-10-01T17:14:51+08:00 ] /xxx2/index.php/Show/index | SQL: SELECT `id`,`addr`,`info` FROM `think_link`  [ RunTime:0.015536s ]
[ 2012-10-01T17:14:51+08:00 ] /xxx2/index.php/Show/index | SQL: SHOW COLUMNS FROM `think_tongzhi` [ RunTime:0.025302s ]
[ 2012-10-01T17:14:51+08:00 ] /xxx2/index.php/Show/index | SQL: SELECT `id`,`title`,`content`,`name`,`dt` FROM `think_tongzhi`  [ RunTime:0.000682s ]
[ 2012-10-01T17:14:51+08:00 ] /xxx2/index.php/Show/index | INFO: Tag[ view_template ] --START--
[ 2012-10-01T17:14:51+08:00 ] /xxx2/index.php/Show/index | INFO: Run LocationTemplate Behavior [ RunTime:0.033665s ]
[ 2012-10-01T17:14:51+08:00 ] /xxx2/index.php/Show/index | INFO: Tag[ view_template ] --END-- [ RunTime:0.033829s ]
[ 2012-10-01T17:14:51+08:00 ] /xxx2/index.php/Show/index | INFO: Tag[ view_parse ] --START--
[ 2012-10-01T17:14:51+08:00 ] /xxx2/index.php/Show/index | NOTIC: [8] Undefined variable: count 4114fbf5f7e547e5b806b05cdf8d53ce.php 第 49 行.
[ 2012-10-01T17:14:51+08:00 ] /xxx2/index.php/Show/index | INFO: Run ParseTemplate Behavior [ RunTime:0.084815s ]
[ 2012-10-01T17:14:51+08:00 ] /xxx2/index.php/Show/index | INFO: Tag[ view_parse ] --END-- [ RunTime:0.084934s ]
[ 2012-10-01T17:14:51+08:00 ] /xxx2/index.php/Show/index | INFO: Tag[ view_filter ] --START--
[ 2012-10-01T17:14:51+08:00 ] /xxx2/index.php/Show/index | INFO: Run ContentReplace Behavior [ RunTime:0.000581s ]
[ 2012-10-01T17:14:51+08:00 ] /xxx2/index.php/Show/index | INFO: Run TokenBuild Behavior [ RunTime:0.000570s ]
[ 2012-10-01T17:14:51+08:00 ] /xxx2/index.php/Show/index | INFO: Run WriteHtmlCache Behavior [ RunTime:0.000331s ]
[ 2012-10-01T17:14:51+08:00 ] /xxx2/index.php/Show/index | INFO: Run ShowRuntime Behavior [ RunTime:0.000685s ]
[ 2012-10-01T17:14:51+08:00 ] /xxx2/index.php/Show/index | INFO: Tag[ view_filter ] --END-- [ RunTime:0.002400s ]
[ 2012-10-01T17:14:51+08:00 ] /xxx2/index.php/Show/index | INFO: Tag[ view_end ] --START--
[ 2012-10-01T17:14:51+08:00 ] /xxx2/index.php/Show/index | INFO: Run ShowPageTrace Behavior [ RunTime:0.000980s ]
[ 2012-10-01T17:14:51+08:00 ] /xxx2/index.php/Show/index | INFO: Tag[ view_end ] --END-- [ RunTime:0.001078s ]
[ 2012-10-01T17:14:51+08:00 ] /xxx2/index.php/Show/show | INFO: Tag[ route_check ] --START--
[ 2012-10-01T17:14:51+08:00 ] /xxx2/index.php/Show/show | INFO: Run CheckRoute Behavior [ RunTime:0.001211s ]
[ 2012-10-01T17:14:51+08:00 ] /xxx2/index.php/Show/show | INFO: Tag[ route_check ] --END-- [ RunTime:0.001354s ]
[ 2012-10-01T17:14:52+08:00 ] /xxx2/index.php/Show/show | INFO: Tag[ app_begin ] --START--
[ 2012-10-01T17:14:52+08:00 ] /xxx2/index.php/Show/show | INFO: Run ReadHtmlCache Behavior [ RunTime:0.000972s ]
[ 2012-10-01T17:14:52+08:00 ] /xxx2/index.php/Show/show | INFO: Tag[ app_begin ] --END-- [ RunTime:0.001082s ]
[ 2012-10-01T17:14:52+08:00 ] /xxx2/index.php/Show/show | NOTIC: [8] Undefined index: id ShowAction.class.php 第 32 行.
[ 2012-10-01T17:14:52+08:00 ] /xxx2/index.php/Show/show | INFO: Tag[ view_template ] --START--
[ 2012-10-01T17:14:52+08:00 ] /xxx2/index.php/Show/show | INFO: Run LocationTemplate Behavior [ RunTime:0.000933s ]
[ 2012-10-01T17:14:52+08:00 ] /xxx2/index.php/Show/show | INFO: Tag[ view_template ] --END-- [ RunTime:0.001102s ]
[ 2012-10-01T17:14:52+08:00 ] /xxx2/index.php/Show/show | INFO: Tag[ view_parse ] --START--
[ 2012-10-01T17:14:52+08:00 ] /xxx2/index.php/Show/show | NOTIC: [8] Undefined variable: content_list b6c27305877664492e2dc85072d532a8.php 第 30 行.
[ 2012-10-01T17:14:52+08:00 ] /xxx2/index.php/Show/show | INFO: Run ParseTemplate Behavior [ RunTime:0.050282s ]
[ 2012-10-01T17:14:52+08:00 ] /xxx2/index.php/Show/show | INFO: Tag[ view_parse ] --END-- [ RunTime:0.050408s ]
[ 2012-10-01T17:14:52+08:00 ] /xxx2/index.php/Show/show | INFO: Tag[ view_filter ] --START--
[ 2012-10-01T17:14:52+08:00 ] /xxx2/index.php/Show/show | INFO: Run ContentReplace Behavior [ RunTime:0.001365s ]
[ 2012-10-01T17:14:52+08:00 ] /xxx2/index.php/Show/show | INFO: Run TokenBuild Behavior [ RunTime:0.000636s ]
[ 2012-10-01T17:14:52+08:00 ] /xxx2/index.php/Show/show | INFO: Run WriteHtmlCache Behavior [ RunTime:0.000371s ]
[ 2012-10-01T17:14:52+08:00 ] /xxx2/index.php/Show/show | INFO: Run ShowRuntime Behavior [ RunTime:0.000699s ]
[ 2012-10-01T17:14:52+08:00 ] /xxx2/index.php/Show/show | INFO: Tag[ view_filter ] --END-- [ RunTime:0.003360s ]
[ 2012-10-01T17:14:52+08:00 ] /xxx2/index.php/Show/show | INFO: Tag[ view_end ] --START--
[ 2012-10-01T17:14:52+08:00 ] /xxx2/index.php/Show/show | INFO: Run ShowPageTrace Behavior [ RunTime:0.000684s ]
[ 2012-10-01T17:14:52+08:00 ] /xxx2/index.php/Show/show | INFO: Tag[ view_end ] --END-- [ RunTime:0.000826s ]
[ 2012-10-01T17:14:52+08:00 ] /xxx2/index.php/Show/resources/images/closelabel.gif | ERR: (ThinkException) 非法操作resources
[ 2012-10-01T17:14:58+08:00 ] /xxx2/index.php/Sroom/index/ | INFO: Tag[ route_check ] --START--
[ 2012-10-01T17:14:58+08:00 ] /xxx2/index.php/Sroom/index/ | INFO: Run CheckRoute Behavior [ RunTime:0.001388s ]
[ 2012-10-01T17:14:58+08:00 ] /xxx2/index.php/Sroom/index/ | INFO: Tag[ route_check ] --END-- [ RunTime:0.001527s ]
[ 2012-10-01T17:14:58+08:00 ] /xxx2/index.php/Sroom/index/ | INFO: Tag[ app_begin ] --START--
[ 2012-10-01T17:14:58+08:00 ] /xxx2/index.php/Sroom/index/ | INFO: Run ReadHtmlCache Behavior [ RunTime:0.000806s ]
[ 2012-10-01T17:14:58+08:00 ] /xxx2/index.php/Sroom/index/ | INFO: Tag[ app_begin ] --END-- [ RunTime:0.000889s ]
[ 2012-10-01T17:14:58+08:00 ] /xxx2/index.php/Sroom/index/ | SQL: SHOW COLUMNS FROM `think_login` [ RunTime:0.004372s ]
[ 2012-10-01T17:14:58+08:00 ] /xxx2/index.php/Sroom/index/ | SQL: SELECT * FROM `think_login` WHERE username='admin' LIMIT 1   [ RunTime:0.000507s ]
[ 2012-10-01T17:14:58+08:00 ] /xxx2/index.php/Sroom/index/ | SQL: SHOW COLUMNS FROM `think_teacher` [ RunTime:0.002970s ]
[ 2012-10-01T17:14:58+08:00 ] /xxx2/index.php/Sroom/index/ | SQL: SELECT * FROM `think_teacher` WHERE username='admin' LIMIT 1   [ RunTime:0.000562s ]
[ 2012-10-01T17:14:58+08:00 ] /xxx2/index.php/Sroom/index/ | INFO: Tag[ view_template ] --START--
[ 2012-10-01T17:14:58+08:00 ] /xxx2/index.php/Sroom/index/ | INFO: Run LocationTemplate Behavior [ RunTime:0.012765s ]
[ 2012-10-01T17:14:58+08:00 ] /xxx2/index.php/Sroom/index/ | INFO: Tag[ view_template ] --END-- [ RunTime:0.012916s ]
[ 2012-10-01T17:14:58+08:00 ] /xxx2/index.php/Sroom/index/ | INFO: Tag[ view_parse ] --START--
[ 2012-10-01T17:14:58+08:00 ] /xxx2/index.php/Sroom/index/ | NOTIC: [8] Undefined variable: title 5975e7a2433ec92e3353b8ad18204677.php 第 10 行.
[ 2012-10-01T17:14:58+08:00 ] /xxx2/index.php/Sroom/index/ | INFO: Run ParseTemplate Behavior [ RunTime:0.032293s ]
[ 2012-10-01T17:14:58+08:00 ] /xxx2/index.php/Sroom/index/ | INFO: Tag[ view_parse ] --END-- [ RunTime:0.032403s ]
[ 2012-10-01T17:14:58+08:00 ] /xxx2/index.php/Sroom/index/ | INFO: Tag[ view_filter ] --START--
[ 2012-10-01T17:14:58+08:00 ] /xxx2/index.php/Sroom/index/ | INFO: Run ContentReplace Behavior [ RunTime:0.000868s ]
[ 2012-10-01T17:14:58+08:00 ] /xxx2/index.php/Sroom/index/ | INFO: Run TokenBuild Behavior [ RunTime:0.000988s ]
[ 2012-10-01T17:14:58+08:00 ] /xxx2/index.php/Sroom/index/ | INFO: Run WriteHtmlCache Behavior [ RunTime:0.000546s ]
[ 2012-10-01T17:14:58+08:00 ] /xxx2/index.php/Sroom/index/ | INFO: Run ShowRuntime Behavior [ RunTime:0.000887s ]
[ 2012-10-01T17:14:58+08:00 ] /xxx2/index.php/Sroom/index/ | INFO: Tag[ view_filter ] --END-- [ RunTime:0.003549s ]
[ 2012-10-01T17:14:58+08:00 ] /xxx2/index.php/Sroom/index/ | INFO: Tag[ view_end ] --START--
[ 2012-10-01T17:14:58+08:00 ] /xxx2/index.php/Sroom/index/ | INFO: Run ShowPageTrace Behavior [ RunTime:0.000939s ]
[ 2012-10-01T17:14:58+08:00 ] /xxx2/index.php/Sroom/index/ | INFO: Tag[ view_end ] --END-- [ RunTime:0.001028s ]
[ 2012-10-01T17:14:58+08:00 ] /xxx2/index.php/Sroom/basic_info | INFO: Tag[ route_check ] --START--
[ 2012-10-01T17:14:58+08:00 ] /xxx2/index.php/Sroom/basic_info | INFO: Run CheckRoute Behavior [ RunTime:0.001353s ]
[ 2012-10-01T17:14:58+08:00 ] /xxx2/index.php/Sroom/basic_info | INFO: Tag[ route_check ] --END-- [ RunTime:0.001506s ]
[ 2012-10-01T17:14:58+08:00 ] /xxx2/index.php/Sroom/basic_info | INFO: Tag[ app_begin ] --START--
[ 2012-10-01T17:14:58+08:00 ] /xxx2/index.php/Sroom/basic_info | INFO: Run ReadHtmlCache Behavior [ RunTime:0.001005s ]
[ 2012-10-01T17:14:58+08:00 ] /xxx2/index.php/Sroom/basic_info | INFO: Tag[ app_begin ] --END-- [ RunTime:0.001121s ]
[ 2012-10-01T17:14:58+08:00 ] /xxx2/index.php/Sroom/basic_info | SQL: SHOW COLUMNS FROM `think_login` [ RunTime:0.003987s ]
[ 2012-10-01T17:14:58+08:00 ] /xxx2/index.php/Sroom/basic_info | SQL: SELECT * FROM `think_login` WHERE username='admin' LIMIT 1   [ RunTime:0.004997s ]
[ 2012-10-01T17:14:58+08:00 ] /xxx2/index.php/Sroom/basic_info | INFO: Tag[ view_template ] --START--
[ 2012-10-01T17:14:58+08:00 ] /xxx2/index.php/Sroom/basic_info | INFO: Run LocationTemplate Behavior [ RunTime:0.014760s ]
[ 2012-10-01T17:14:58+08:00 ] /xxx2/index.php/Sroom/basic_info | INFO: Tag[ view_template ] --END-- [ RunTime:0.015243s ]
[ 2012-10-01T17:14:58+08:00 ] /xxx2/index.php/Sroom/basic_info | INFO: Tag[ view_parse ] --START--
[ 2012-10-01T17:14:58+08:00 ] /xxx2/index.php/Sroom/basic_info | INFO: Run ParseTemplate Behavior [ RunTime:0.020973s ]
[ 2012-10-01T17:14:58+08:00 ] /xxx2/index.php/Sroom/basic_info | INFO: Tag[ view_parse ] --END-- [ RunTime:0.021104s ]
[ 2012-10-01T17:14:58+08:00 ] /xxx2/index.php/Sroom/basic_info | INFO: Tag[ view_filter ] --START--
[ 2012-10-01T17:14:58+08:00 ] /xxx2/index.php/Sroom/basic_info | INFO: Run ContentReplace Behavior [ RunTime:0.000522s ]
[ 2012-10-01T17:14:58+08:00 ] /xxx2/index.php/Sroom/basic_info | INFO: Run TokenBuild Behavior [ RunTime:0.000645s ]
[ 2012-10-01T17:14:58+08:00 ] /xxx2/index.php/Sroom/basic_info | INFO: Run WriteHtmlCache Behavior [ RunTime:0.000354s ]
[ 2012-10-01T17:14:58+08:00 ] /xxx2/index.php/Sroom/basic_info | INFO: Run ShowRuntime Behavior [ RunTime:0.000745s ]
[ 2012-10-01T17:14:58+08:00 ] /xxx2/index.php/Sroom/basic_info | INFO: Tag[ view_filter ] --END-- [ RunTime:0.002520s ]
[ 2012-10-01T17:14:58+08:00 ] /xxx2/index.php/Sroom/basic_info | INFO: Tag[ view_end ] --START--
[ 2012-10-01T17:14:58+08:00 ] /xxx2/index.php/Sroom/basic_info | INFO: Run ShowPageTrace Behavior [ RunTime:0.000623s ]
[ 2012-10-01T17:14:58+08:00 ] /xxx2/index.php/Sroom/basic_info | INFO: Tag[ view_end ] --END-- [ RunTime:0.000717s ]
[ 2012-10-01T17:14:58+08:00 ] /xxx2/index.php/Sroom/index/resources/images/closelabel.gif | INFO: Tag[ route_check ] --START--
[ 2012-10-01T17:14:58+08:00 ] /xxx2/index.php/Sroom/index/resources/images/closelabel.gif | INFO: Run CheckRoute Behavior [ RunTime:0.001920s ]
[ 2012-10-01T17:14:58+08:00 ] /xxx2/index.php/Sroom/index/resources/images/closelabel.gif | INFO: Tag[ route_check ] --END-- [ RunTime:0.002117s ]
[ 2012-10-01T17:14:58+08:00 ] /xxx2/index.php/Sroom/index/resources/images/closelabel.gif | INFO: Tag[ app_begin ] --START--
[ 2012-10-01T17:14:58+08:00 ] /xxx2/index.php/Sroom/index/resources/images/closelabel.gif | INFO: Run ReadHtmlCache Behavior [ RunTime:0.001586s ]
[ 2012-10-01T17:14:58+08:00 ] /xxx2/index.php/Sroom/index/resources/images/closelabel.gif | INFO: Tag[ app_begin ] --END-- [ RunTime:0.001710s ]
[ 2012-10-01T17:14:58+08:00 ] /xxx2/index.php/Sroom/index/resources/images/closelabel.gif | SQL: SHOW COLUMNS FROM `think_login` [ RunTime:0.004248s ]
[ 2012-10-01T17:14:58+08:00 ] /xxx2/index.php/Sroom/index/resources/images/closelabel.gif | SQL: SELECT * FROM `think_login` WHERE username='admin' LIMIT 1   [ RunTime:0.000644s ]
[ 2012-10-01T17:14:58+08:00 ] /xxx2/index.php/Sroom/index/resources/images/closelabel.gif | SQL: SHOW COLUMNS FROM `think_teacher` [ RunTime:0.003398s ]
[ 2012-10-01T17:14:58+08:00 ] /xxx2/index.php/Sroom/index/resources/images/closelabel.gif | SQL: SELECT * FROM `think_teacher` WHERE username='admin' LIMIT 1   [ RunTime:0.000470s ]
[ 2012-10-01T17:14:58+08:00 ] /xxx2/index.php/Sroom/index/resources/images/closelabel.gif | INFO: Tag[ view_template ] --START--
[ 2012-10-01T17:14:58+08:00 ] /xxx2/index.php/Sroom/index/resources/images/closelabel.gif | INFO: Run LocationTemplate Behavior [ RunTime:0.001563s ]
[ 2012-10-01T17:14:58+08:00 ] /xxx2/index.php/Sroom/index/resources/images/closelabel.gif | INFO: Tag[ view_template ] --END-- [ RunTime:0.001702s ]
[ 2012-10-01T17:14:58+08:00 ] /xxx2/index.php/Sroom/index/resources/images/closelabel.gif | INFO: Tag[ view_parse ] --START--
[ 2012-10-01T17:14:58+08:00 ] /xxx2/index.php/Sroom/index/resources/images/closelabel.gif | NOTIC: [8] Undefined variable: title 5975e7a2433ec92e3353b8ad18204677.php 第 10 行.
[ 2012-10-01T17:14:58+08:00 ] /xxx2/index.php/Sroom/index/resources/images/closelabel.gif | INFO: Run ParseTemplate Behavior [ RunTime:0.053024s ]
[ 2012-10-01T17:14:58+08:00 ] /xxx2/index.php/Sroom/index/resources/images/closelabel.gif | INFO: Tag[ view_parse ] --END-- [ RunTime:0.053133s ]
[ 2012-10-01T17:14:58+08:00 ] /xxx2/index.php/Sroom/index/resources/images/closelabel.gif | INFO: Tag[ view_filter ] --START--
[ 2012-10-01T17:14:58+08:00 ] /xxx2/index.php/Sroom/index/resources/images/closelabel.gif | INFO: Run ContentReplace Behavior [ RunTime:0.001022s ]
[ 2012-10-01T17:14:58+08:00 ] /xxx2/index.php/Sroom/index/resources/images/closelabel.gif | INFO: Run TokenBuild Behavior [ RunTime:0.001141s ]
[ 2012-10-01T17:14:58+08:00 ] /xxx2/index.php/Sroom/index/resources/images/closelabel.gif | INFO: Run WriteHtmlCache Behavior [ RunTime:0.000587s ]
[ 2012-10-01T17:14:58+08:00 ] /xxx2/index.php/Sroom/index/resources/images/closelabel.gif | INFO: Run ShowRuntime Behavior [ RunTime:0.001095s ]
[ 2012-10-01T17:14:58+08:00 ] /xxx2/index.php/Sroom/index/resources/images/closelabel.gif | INFO: Tag[ view_filter ] --END-- [ RunTime:0.004161s ]
[ 2012-10-01T17:14:58+08:00 ] /xxx2/index.php/Sroom/index/resources/images/closelabel.gif | INFO: Tag[ view_end ] --START--
[ 2012-10-01T17:14:58+08:00 ] /xxx2/index.php/Sroom/index/resources/images/closelabel.gif | INFO: Run ShowPageTrace Behavior [ RunTime:0.001687s ]
[ 2012-10-01T17:14:58+08:00 ] /xxx2/index.php/Sroom/index/resources/images/closelabel.gif | INFO: Tag[ view_end ] --END-- [ RunTime:0.001804s ]
[ 2012-10-01T17:15:00+08:00 ] /xxx2/index.php/Show/show | INFO: Tag[ route_check ] --START--
[ 2012-10-01T17:15:00+08:00 ] /xxx2/index.php/Show/show | INFO: Run CheckRoute Behavior [ RunTime:0.001904s ]
[ 2012-10-01T17:15:00+08:00 ] /xxx2/index.php/Show/show | INFO: Tag[ route_check ] --END-- [ RunTime:0.002163s ]
[ 2012-10-01T17:15:00+08:00 ] /xxx2/index.php/Show/show | INFO: Tag[ app_begin ] --START--
[ 2012-10-01T17:15:00+08:00 ] /xxx2/index.php/Show/show | INFO: Run ReadHtmlCache Behavior [ RunTime:0.001475s ]
[ 2012-10-01T17:15:00+08:00 ] /xxx2/index.php/Show/show | INFO: Tag[ app_begin ] --END-- [ RunTime:0.001657s ]
[ 2012-10-01T17:15:00+08:00 ] /xxx2/index.php/Show/show | NOTIC: [8] Undefined index: id ShowAction.class.php 第 32 行.
[ 2012-10-01T17:15:00+08:00 ] /xxx2/index.php/Show/show | INFO: Tag[ view_template ] --START--
[ 2012-10-01T17:15:00+08:00 ] /xxx2/index.php/Show/show | INFO: Run LocationTemplate Behavior [ RunTime:0.002172s ]
[ 2012-10-01T17:15:00+08:00 ] /xxx2/index.php/Show/show | INFO: Tag[ view_template ] --END-- [ RunTime:0.002329s ]
[ 2012-10-01T17:15:00+08:00 ] /xxx2/index.php/Show/show | INFO: Tag[ view_parse ] --START--
[ 2012-10-01T17:15:00+08:00 ] /xxx2/index.php/Show/show | NOTIC: [8] Undefined variable: content_list b6c27305877664492e2dc85072d532a8.php 第 30 行.
[ 2012-10-01T17:15:00+08:00 ] /xxx2/index.php/Show/show | INFO: Run ParseTemplate Behavior [ RunTime:0.024188s ]
[ 2012-10-01T17:15:00+08:00 ] /xxx2/index.php/Show/show | INFO: Tag[ view_parse ] --END-- [ RunTime:0.024346s ]
[ 2012-10-01T17:15:00+08:00 ] /xxx2/index.php/Show/show | INFO: Tag[ view_filter ] --START--
[ 2012-10-01T17:15:00+08:00 ] /xxx2/index.php/Show/show | INFO: Run ContentReplace Behavior [ RunTime:0.000533s ]
[ 2012-10-01T17:15:00+08:00 ] /xxx2/index.php/Show/show | INFO: Run TokenBuild Behavior [ RunTime:0.000545s ]
[ 2012-10-01T17:15:00+08:00 ] /xxx2/index.php/Show/show | INFO: Run WriteHtmlCache Behavior [ RunTime:0.000335s ]
[ 2012-10-01T17:15:00+08:00 ] /xxx2/index.php/Show/show | INFO: Run ShowRuntime Behavior [ RunTime:0.000691s ]
[ 2012-10-01T17:15:00+08:00 ] /xxx2/index.php/Show/show | INFO: Tag[ view_filter ] --END-- [ RunTime:0.002388s ]
[ 2012-10-01T17:15:00+08:00 ] /xxx2/index.php/Show/show | INFO: Tag[ view_end ] --START--
[ 2012-10-01T17:15:00+08:00 ] /xxx2/index.php/Show/show | INFO: Run ShowPageTrace Behavior [ RunTime:0.000639s ]
[ 2012-10-01T17:15:00+08:00 ] /xxx2/index.php/Show/show | INFO: Tag[ view_end ] --END-- [ RunTime:0.000729s ]
[ 2012-10-01T17:15:00+08:00 ] /xxx2/index.php/Show/resources/images/closelabel.gif | ERR: (ThinkException) 非法操作resources
[ 2012-10-01T18:45:58+08:00 ] /xxx2/index.php/Sroom/index/ | INFO: Tag[ route_check ] --START--
[ 2012-10-01T18:45:58+08:00 ] /xxx2/index.php/Sroom/index/ | INFO: Run CheckRoute Behavior [ RunTime:0.000890s ]
[ 2012-10-01T18:45:58+08:00 ] /xxx2/index.php/Sroom/index/ | INFO: Tag[ route_check ] --END-- [ RunTime:0.000994s ]
[ 2012-10-01T18:45:58+08:00 ] /xxx2/index.php/Sroom/index/ | INFO: Tag[ app_begin ] --START--
[ 2012-10-01T18:45:58+08:00 ] /xxx2/index.php/Sroom/index/ | INFO: Run ReadHtmlCache Behavior [ RunTime:0.000579s ]
[ 2012-10-01T18:45:58+08:00 ] /xxx2/index.php/Sroom/index/ | INFO: Tag[ app_begin ] --END-- [ RunTime:0.000640s ]
[ 2012-10-01T18:45:58+08:00 ] /xxx2/index.php/Sroom/index/ | SQL: SHOW COLUMNS FROM `think_login` [ RunTime:0.003123s ]
[ 2012-10-01T18:45:58+08:00 ] /xxx2/index.php/Sroom/index/ | SQL: SELECT * FROM `think_login` WHERE username='admin' LIMIT 1   [ RunTime:0.000592s ]
[ 2012-10-01T18:45:58+08:00 ] /xxx2/index.php/Sroom/index/ | SQL: SHOW COLUMNS FROM `think_teacher` [ RunTime:0.019494s ]
[ 2012-10-01T18:45:58+08:00 ] /xxx2/index.php/Sroom/index/ | SQL: SELECT * FROM `think_teacher` WHERE username='admin' LIMIT 1   [ RunTime:0.001650s ]
[ 2012-10-01T18:45:58+08:00 ] /xxx2/index.php/Sroom/index/ | INFO: Tag[ view_template ] --START--
[ 2012-10-01T18:45:58+08:00 ] /xxx2/index.php/Sroom/index/ | INFO: Run LocationTemplate Behavior [ RunTime:0.001382s ]
[ 2012-10-01T18:45:58+08:00 ] /xxx2/index.php/Sroom/index/ | INFO: Tag[ view_template ] --END-- [ RunTime:0.001477s ]
[ 2012-10-01T18:45:58+08:00 ] /xxx2/index.php/Sroom/index/ | INFO: Tag[ view_parse ] --START--
[ 2012-10-01T18:45:58+08:00 ] /xxx2/index.php/Sroom/index/ | NOTIC: [8] Undefined variable: title 5975e7a2433ec92e3353b8ad18204677.php 第 10 行.
[ 2012-10-01T18:45:58+08:00 ] /xxx2/index.php/Sroom/index/ | INFO: Run ParseTemplate Behavior [ RunTime:0.059580s ]
[ 2012-10-01T18:45:58+08:00 ] /xxx2/index.php/Sroom/index/ | INFO: Tag[ view_parse ] --END-- [ RunTime:0.059670s ]
[ 2012-10-01T18:45:58+08:00 ] /xxx2/index.php/Sroom/index/ | INFO: Tag[ view_filter ] --START--
[ 2012-10-01T18:45:58+08:00 ] /xxx2/index.php/Sroom/index/ | INFO: Run ContentReplace Behavior [ RunTime:0.002297s ]
[ 2012-10-01T18:45:58+08:00 ] /xxx2/index.php/Sroom/index/ | INFO: Run TokenBuild Behavior [ RunTime:0.001546s ]
[ 2012-10-01T18:45:58+08:00 ] /xxx2/index.php/Sroom/index/ | INFO: Run WriteHtmlCache Behavior [ RunTime:0.000762s ]
[ 2012-10-01T18:45:58+08:00 ] /xxx2/index.php/Sroom/index/ | INFO: Run ShowRuntime Behavior [ RunTime:0.001036s ]
[ 2012-10-01T18:45:58+08:00 ] /xxx2/index.php/Sroom/index/ | INFO: Tag[ view_filter ] --END-- [ RunTime:0.005946s ]
[ 2012-10-01T18:45:58+08:00 ] /xxx2/index.php/Sroom/index/ | INFO: Tag[ view_end ] --START--
[ 2012-10-01T18:45:58+08:00 ] /xxx2/index.php/Sroom/index/ | INFO: Run ShowPageTrace Behavior [ RunTime:0.000874s ]
[ 2012-10-01T18:45:58+08:00 ] /xxx2/index.php/Sroom/index/ | INFO: Tag[ view_end ] --END-- [ RunTime:0.000941s ]
[ 2012-10-01T18:45:58+08:00 ] /xxx2/index.php/Sroom/basic_info | INFO: Tag[ route_check ] --START--
[ 2012-10-01T18:45:58+08:00 ] /xxx2/index.php/Sroom/basic_info | INFO: Run CheckRoute Behavior [ RunTime:0.001497s ]
[ 2012-10-01T18:45:58+08:00 ] /xxx2/index.php/Sroom/basic_info | INFO: Tag[ route_check ] --END-- [ RunTime:0.001662s ]
[ 2012-10-01T18:45:58+08:00 ] /xxx2/index.php/Sroom/basic_info | INFO: Tag[ app_begin ] --START--
[ 2012-10-01T18:45:58+08:00 ] /xxx2/index.php/Sroom/basic_info | INFO: Run ReadHtmlCache Behavior [ RunTime:0.002055s ]
[ 2012-10-01T18:45:58+08:00 ] /xxx2/index.php/Sroom/basic_info | INFO: Tag[ app_begin ] --END-- [ RunTime:0.002167s ]
[ 2012-10-01T18:45:58+08:00 ] /xxx2/index.php/Sroom/basic_info | SQL: SHOW COLUMNS FROM `think_login` [ RunTime:0.003024s ]
[ 2012-10-01T18:45:58+08:00 ] /xxx2/index.php/Sroom/basic_info | SQL: SELECT * FROM `think_login` WHERE username='admin' LIMIT 1   [ RunTime:0.001089s ]
[ 2012-10-01T18:45:58+08:00 ] /xxx2/index.php/Sroom/basic_info | INFO: Tag[ view_template ] --START--
[ 2012-10-01T18:45:58+08:00 ] /xxx2/index.php/Sroom/basic_info | INFO: Run LocationTemplate Behavior [ RunTime:0.000734s ]
[ 2012-10-01T18:45:58+08:00 ] /xxx2/index.php/Sroom/basic_info | INFO: Tag[ view_template ] --END-- [ RunTime:0.000819s ]
[ 2012-10-01T18:45:58+08:00 ] /xxx2/index.php/Sroom/basic_info | INFO: Tag[ view_parse ] --START--
[ 2012-10-01T18:45:58+08:00 ] /xxx2/index.php/Sroom/basic_info | INFO: Run ParseTemplate Behavior [ RunTime:0.034382s ]
[ 2012-10-01T18:45:58+08:00 ] /xxx2/index.php/Sroom/basic_info | INFO: Tag[ view_parse ] --END-- [ RunTime:0.034488s ]
[ 2012-10-01T18:45:58+08:00 ] /xxx2/index.php/Sroom/basic_info | INFO: Tag[ view_filter ] --START--
[ 2012-10-01T18:45:58+08:00 ] /xxx2/index.php/Sroom/basic_info | INFO: Run ContentReplace Behavior [ RunTime:0.000526s ]
[ 2012-10-01T18:45:58+08:00 ] /xxx2/index.php/Sroom/basic_info | INFO: Run TokenBuild Behavior [ RunTime:0.000518s ]
[ 2012-10-01T18:45:58+08:00 ] /xxx2/index.php/Sroom/basic_info | INFO: Run WriteHtmlCache Behavior [ RunTime:0.000309s ]
[ 2012-10-01T18:45:58+08:00 ] /xxx2/index.php/Sroom/basic_info | INFO: Run ShowRuntime Behavior [ RunTime:0.000544s ]
[ 2012-10-01T18:45:58+08:00 ] /xxx2/index.php/Sroom/basic_info | INFO: Tag[ view_filter ] --END-- [ RunTime:0.002120s ]
[ 2012-10-01T18:45:58+08:00 ] /xxx2/index.php/Sroom/basic_info | INFO: Tag[ view_end ] --START--
[ 2012-10-01T18:45:58+08:00 ] /xxx2/index.php/Sroom/basic_info | INFO: Run ShowPageTrace Behavior [ RunTime:0.000608s ]
[ 2012-10-01T18:45:58+08:00 ] /xxx2/index.php/Sroom/basic_info | INFO: Tag[ view_end ] --END-- [ RunTime:0.000704s ]
[ 2012-10-01T18:45:58+08:00 ] /xxx2/index.php/Sroom/index/resources/images/closelabel.gif | INFO: Tag[ route_check ] --START--
[ 2012-10-01T18:45:58+08:00 ] /xxx2/index.php/Sroom/index/resources/images/closelabel.gif | INFO: Run CheckRoute Behavior [ RunTime:0.001348s ]
[ 2012-10-01T18:45:58+08:00 ] /xxx2/index.php/Sroom/index/resources/images/closelabel.gif | INFO: Tag[ route_check ] --END-- [ RunTime:0.001480s ]
[ 2012-10-01T18:45:58+08:00 ] /xxx2/index.php/Sroom/index/resources/images/closelabel.gif | INFO: Tag[ app_begin ] --START--
[ 2012-10-01T18:45:58+08:00 ] /xxx2/index.php/Sroom/index/resources/images/closelabel.gif | INFO: Run ReadHtmlCache Behavior [ RunTime:0.000874s ]
[ 2012-10-01T18:45:58+08:00 ] /xxx2/index.php/Sroom/index/resources/images/closelabel.gif | INFO: Tag[ app_begin ] --END-- [ RunTime:0.000961s ]
[ 2012-10-01T18:45:58+08:00 ] /xxx2/index.php/Sroom/index/resources/images/closelabel.gif | SQL: SHOW COLUMNS FROM `think_login` [ RunTime:0.003889s ]
[ 2012-10-01T18:45:58+08:00 ] /xxx2/index.php/Sroom/index/resources/images/closelabel.gif | SQL: SELECT * FROM `think_login` WHERE username='admin' LIMIT 1   [ RunTime:0.000950s ]
[ 2012-10-01T18:45:58+08:00 ] /xxx2/index.php/Sroom/index/resources/images/closelabel.gif | SQL: SHOW COLUMNS FROM `think_teacher` [ RunTime:0.002949s ]
[ 2012-10-01T18:45:58+08:00 ] /xxx2/index.php/Sroom/index/resources/images/closelabel.gif | SQL: SELECT * FROM `think_teacher` WHERE username='admin' LIMIT 1   [ RunTime:0.002171s ]
[ 2012-10-01T18:45:58+08:00 ] /xxx2/index.php/Sroom/index/resources/images/closelabel.gif | INFO: Tag[ view_template ] --START--
[ 2012-10-01T18:45:58+08:00 ] /xxx2/index.php/Sroom/index/resources/images/closelabel.gif | INFO: Run LocationTemplate Behavior [ RunTime:0.001049s ]
[ 2012-10-01T18:45:58+08:00 ] /xxx2/index.php/Sroom/index/resources/images/closelabel.gif | INFO: Tag[ view_template ] --END-- [ RunTime:0.001131s ]
[ 2012-10-01T18:45:58+08:00 ] /xxx2/index.php/Sroom/index/resources/images/closelabel.gif | INFO: Tag[ view_parse ] --START--
[ 2012-10-01T18:45:58+08:00 ] /xxx2/index.php/Sroom/index/resources/images/closelabel.gif | NOTIC: [8] Undefined variable: title 5975e7a2433ec92e3353b8ad18204677.php 第 10 行.
[ 2012-10-01T18:45:58+08:00 ] /xxx2/index.php/Sroom/index/resources/images/closelabel.gif | INFO: Run ParseTemplate Behavior [ RunTime:0.028788s ]
[ 2012-10-01T18:45:58+08:00 ] /xxx2/index.php/Sroom/index/resources/images/closelabel.gif | INFO: Tag[ view_parse ] --END-- [ RunTime:0.028891s ]
[ 2012-10-01T18:45:58+08:00 ] /xxx2/index.php/Sroom/index/resources/images/closelabel.gif | INFO: Tag[ view_filter ] --START--
[ 2012-10-01T18:45:58+08:00 ] /xxx2/index.php/Sroom/index/resources/images/closelabel.gif | INFO: Run ContentReplace Behavior [ RunTime:0.003649s ]
[ 2012-10-01T18:45:58+08:00 ] /xxx2/index.php/Sroom/index/resources/images/closelabel.gif | INFO: Run TokenBuild Behavior [ RunTime:0.002998s ]
[ 2012-10-01T18:45:58+08:00 ] /xxx2/index.php/Sroom/index/resources/images/closelabel.gif | INFO: Run WriteHtmlCache Behavior [ RunTime:0.000746s ]
[ 2012-10-01T18:45:58+08:00 ] /xxx2/index.php/Sroom/index/resources/images/closelabel.gif | INFO: Run ShowRuntime Behavior [ RunTime:0.000749s ]
[ 2012-10-01T18:45:58+08:00 ] /xxx2/index.php/Sroom/index/resources/images/closelabel.gif | INFO: Tag[ view_filter ] --END-- [ RunTime:0.009474s ]
[ 2012-10-01T18:45:58+08:00 ] /xxx2/index.php/Sroom/index/resources/images/closelabel.gif | INFO: Tag[ view_end ] --START--
[ 2012-10-01T18:45:58+08:00 ] /xxx2/index.php/Sroom/index/resources/images/closelabel.gif | INFO: Run ShowPageTrace Behavior [ RunTime:0.000804s ]
[ 2012-10-01T18:45:58+08:00 ] /xxx2/index.php/Sroom/index/resources/images/closelabel.gif | INFO: Tag[ view_end ] --END-- [ RunTime:0.000883s ]
[ 2012-10-01T18:46:00+08:00 ] /xxx2/index.php/Sroom/basic_info/ | INFO: Tag[ route_check ] --START--
[ 2012-10-01T18:46:00+08:00 ] /xxx2/index.php/Sroom/basic_info/ | INFO: Run CheckRoute Behavior [ RunTime:0.001293s ]
[ 2012-10-01T18:46:00+08:00 ] /xxx2/index.php/Sroom/basic_info/ | INFO: Tag[ route_check ] --END-- [ RunTime:0.001413s ]
[ 2012-10-01T18:46:00+08:00 ] /xxx2/index.php/Sroom/basic_info/ | INFO: Tag[ app_begin ] --START--
[ 2012-10-01T18:46:00+08:00 ] /xxx2/index.php/Sroom/basic_info/ | INFO: Run ReadHtmlCache Behavior [ RunTime:0.000810s ]
[ 2012-10-01T18:46:00+08:00 ] /xxx2/index.php/Sroom/basic_info/ | INFO: Tag[ app_begin ] --END-- [ RunTime:0.000885s ]
[ 2012-10-01T18:46:00+08:00 ] /xxx2/index.php/Sroom/basic_info/ | SQL: SHOW COLUMNS FROM `think_login` [ RunTime:0.002241s ]
[ 2012-10-01T18:46:00+08:00 ] /xxx2/index.php/Sroom/basic_info/ | SQL: SELECT * FROM `think_login` WHERE username='admin' LIMIT 1   [ RunTime:0.001046s ]
[ 2012-10-01T18:46:00+08:00 ] /xxx2/index.php/Sroom/basic_info/ | INFO: Tag[ view_template ] --START--
[ 2012-10-01T18:46:00+08:00 ] /xxx2/index.php/Sroom/basic_info/ | INFO: Run LocationTemplate Behavior [ RunTime:0.000938s ]
[ 2012-10-01T18:46:00+08:00 ] /xxx2/index.php/Sroom/basic_info/ | INFO: Tag[ view_template ] --END-- [ RunTime:0.001010s ]
[ 2012-10-01T18:46:00+08:00 ] /xxx2/index.php/Sroom/basic_info/ | INFO: Tag[ view_parse ] --START--
[ 2012-10-01T18:46:00+08:00 ] /xxx2/index.php/Sroom/basic_info/ | INFO: Run ParseTemplate Behavior [ RunTime:0.009952s ]
[ 2012-10-01T18:46:00+08:00 ] /xxx2/index.php/Sroom/basic_info/ | INFO: Tag[ view_parse ] --END-- [ RunTime:0.010079s ]
[ 2012-10-01T18:46:00+08:00 ] /xxx2/index.php/Sroom/basic_info/ | INFO: Tag[ view_filter ] --START--
[ 2012-10-01T18:46:00+08:00 ] /xxx2/index.php/Sroom/basic_info/ | INFO: Run ContentReplace Behavior [ RunTime:0.000835s ]
[ 2012-10-01T18:46:00+08:00 ] /xxx2/index.php/Sroom/basic_info/ | INFO: Run TokenBuild Behavior [ RunTime:0.000813s ]
[ 2012-10-01T18:46:00+08:00 ] /xxx2/index.php/Sroom/basic_info/ | INFO: Run WriteHtmlCache Behavior [ RunTime:0.000475s ]
[ 2012-10-01T18:46:00+08:00 ] /xxx2/index.php/Sroom/basic_info/ | INFO: Run ShowRuntime Behavior [ RunTime:0.000661s ]
[ 2012-10-01T18:46:00+08:00 ] /xxx2/index.php/Sroom/basic_info/ | INFO: Tag[ view_filter ] --END-- [ RunTime:0.003377s ]
[ 2012-10-01T18:46:00+08:00 ] /xxx2/index.php/Sroom/basic_info/ | INFO: Tag[ view_end ] --START--
[ 2012-10-01T18:46:00+08:00 ] /xxx2/index.php/Sroom/basic_info/ | INFO: Run ShowPageTrace Behavior [ RunTime:0.000655s ]
[ 2012-10-01T18:46:00+08:00 ] /xxx2/index.php/Sroom/basic_info/ | INFO: Tag[ view_end ] --END-- [ RunTime:0.000721s ]
[ 2012-10-01T18:46:01+08:00 ] /xxx2/index.php/Sroom/short_msg/ | INFO: Tag[ route_check ] --START--
[ 2012-10-01T18:46:01+08:00 ] /xxx2/index.php/Sroom/short_msg/ | INFO: Run CheckRoute Behavior [ RunTime:0.001161s ]
[ 2012-10-01T18:46:01+08:00 ] /xxx2/index.php/Sroom/short_msg/ | INFO: Tag[ route_check ] --END-- [ RunTime:0.001280s ]
[ 2012-10-01T18:46:01+08:00 ] /xxx2/index.php/Sroom/short_msg/ | INFO: Tag[ app_begin ] --START--
[ 2012-10-01T18:46:01+08:00 ] /xxx2/index.php/Sroom/short_msg/ | INFO: Run ReadHtmlCache Behavior [ RunTime:0.000718s ]
[ 2012-10-01T18:46:01+08:00 ] /xxx2/index.php/Sroom/short_msg/ | INFO: Tag[ app_begin ] --END-- [ RunTime:0.000800s ]
[ 2012-10-01T18:46:01+08:00 ] /xxx2/index.php/Sroom/short_msg/ | SQL: SHOW COLUMNS FROM `think_msg` [ RunTime:0.066908s ]
[ 2012-10-01T18:46:01+08:00 ] /xxx2/index.php/Sroom/short_msg/ | SQL: SELECT COUNT(*) AS tp_count FROM `think_msg` WHERE to_name='朱全银' LIMIT 1   [ RunTime:0.044690s ]
[ 2012-10-01T18:46:01+08:00 ] /xxx2/index.php/Sroom/short_msg/ | SQL: SELECT * FROM `think_msg` WHERE to_name='朱全银'  [ RunTime:0.000383s ]
[ 2012-10-01T18:46:01+08:00 ] /xxx2/index.php/Sroom/short_msg/ | SQL: SELECT * FROM `think_msg` WHERE to_name='朱全银' ORDER BY id desc LIMIT 0,8   [ RunTime:0.000794s ]
[ 2012-10-01T18:46:01+08:00 ] /xxx2/index.php/Sroom/short_msg/ | INFO: Tag[ view_template ] --START--
[ 2012-10-01T18:46:01+08:00 ] /xxx2/index.php/Sroom/short_msg/ | INFO: Run LocationTemplate Behavior [ RunTime:0.013955s ]
[ 2012-10-01T18:46:01+08:00 ] /xxx2/index.php/Sroom/short_msg/ | INFO: Tag[ view_template ] --END-- [ RunTime:0.014057s ]
[ 2012-10-01T18:46:01+08:00 ] /xxx2/index.php/Sroom/short_msg/ | INFO: Tag[ view_parse ] --START--
[ 2012-10-01T18:46:01+08:00 ] /xxx2/index.php/Sroom/short_msg/ | INFO: Run ParseTemplate Behavior [ RunTime:0.021064s ]
[ 2012-10-01T18:46:01+08:00 ] /xxx2/index.php/Sroom/short_msg/ | INFO: Tag[ view_parse ] --END-- [ RunTime:0.021174s ]
[ 2012-10-01T18:46:01+08:00 ] /xxx2/index.php/Sroom/short_msg/ | INFO: Tag[ view_filter ] --START--
[ 2012-10-01T18:46:01+08:00 ] /xxx2/index.php/Sroom/short_msg/ | INFO: Run ContentReplace Behavior [ RunTime:0.000387s ]
[ 2012-10-01T18:46:01+08:00 ] /xxx2/index.php/Sroom/short_msg/ | INFO: Run TokenBuild Behavior [ RunTime:0.000454s ]
[ 2012-10-01T18:46:01+08:00 ] /xxx2/index.php/Sroom/short_msg/ | INFO: Run WriteHtmlCache Behavior [ RunTime:0.000248s ]
[ 2012-10-01T18:46:01+08:00 ] /xxx2/index.php/Sroom/short_msg/ | INFO: Run ShowRuntime Behavior [ RunTime:0.000504s ]
[ 2012-10-01T18:46:01+08:00 ] /xxx2/index.php/Sroom/short_msg/ | INFO: Tag[ view_filter ] --END-- [ RunTime:0.001770s ]
[ 2012-10-01T18:46:01+08:00 ] /xxx2/index.php/Sroom/short_msg/ | INFO: Tag[ view_end ] --START--
[ 2012-10-01T18:46:01+08:00 ] /xxx2/index.php/Sroom/short_msg/ | INFO: Run ShowPageTrace Behavior [ RunTime:0.000453s ]
[ 2012-10-01T18:46:01+08:00 ] /xxx2/index.php/Sroom/short_msg/ | INFO: Tag[ view_end ] --END-- [ RunTime:0.000515s ]
[ 2012-10-01T18:46:02+08:00 ] /xxx2/index.php/Sroom/change_pwd/ | INFO: Tag[ route_check ] --START--
[ 2012-10-01T18:46:02+08:00 ] /xxx2/index.php/Sroom/change_pwd/ | INFO: Run CheckRoute Behavior [ RunTime:0.000867s ]
[ 2012-10-01T18:46:02+08:00 ] /xxx2/index.php/Sroom/change_pwd/ | INFO: Tag[ route_check ] --END-- [ RunTime:0.000968s ]
[ 2012-10-01T18:46:02+08:00 ] /xxx2/index.php/Sroom/change_pwd/ | INFO: Tag[ app_begin ] --START--
[ 2012-10-01T18:46:02+08:00 ] /xxx2/index.php/Sroom/change_pwd/ | INFO: Run ReadHtmlCache Behavior [ RunTime:0.001014s ]
[ 2012-10-01T18:46:02+08:00 ] /xxx2/index.php/Sroom/change_pwd/ | INFO: Tag[ app_begin ] --END-- [ RunTime:0.001095s ]
[ 2012-10-01T18:46:02+08:00 ] /xxx2/index.php/Sroom/change_pwd/ | INFO: Tag[ view_template ] --START--
[ 2012-10-01T18:46:02+08:00 ] /xxx2/index.php/Sroom/change_pwd/ | INFO: Run LocationTemplate Behavior [ RunTime:0.000693s ]
[ 2012-10-01T18:46:02+08:00 ] /xxx2/index.php/Sroom/change_pwd/ | INFO: Tag[ view_template ] --END-- [ RunTime:0.000792s ]
[ 2012-10-01T18:46:02+08:00 ] /xxx2/index.php/Sroom/change_pwd/ | INFO: Tag[ view_parse ] --START--
[ 2012-10-01T18:46:02+08:00 ] /xxx2/index.php/Sroom/change_pwd/ | INFO: Run ParseTemplate Behavior [ RunTime:0.037995s ]
[ 2012-10-01T18:46:02+08:00 ] /xxx2/index.php/Sroom/change_pwd/ | INFO: Tag[ view_parse ] --END-- [ RunTime:0.038112s ]
[ 2012-10-01T18:46:02+08:00 ] /xxx2/index.php/Sroom/change_pwd/ | INFO: Tag[ view_filter ] --START--
[ 2012-10-01T18:46:02+08:00 ] /xxx2/index.php/Sroom/change_pwd/ | INFO: Run ContentReplace Behavior [ RunTime:0.000499s ]
[ 2012-10-01T18:46:02+08:00 ] /xxx2/index.php/Sroom/change_pwd/ | INFO: Run TokenBuild Behavior [ RunTime:0.000452s ]
[ 2012-10-01T18:46:02+08:00 ] /xxx2/index.php/Sroom/change_pwd/ | INFO: Run WriteHtmlCache Behavior [ RunTime:0.000247s ]
[ 2012-10-01T18:46:02+08:00 ] /xxx2/index.php/Sroom/change_pwd/ | INFO: Run ShowRuntime Behavior [ RunTime:0.000973s ]
[ 2012-10-01T18:46:02+08:00 ] /xxx2/index.php/Sroom/change_pwd/ | INFO: Tag[ view_filter ] --END-- [ RunTime:0.002373s ]
[ 2012-10-01T18:46:02+08:00 ] /xxx2/index.php/Sroom/change_pwd/ | INFO: Tag[ view_end ] --START--
[ 2012-10-01T18:46:02+08:00 ] /xxx2/index.php/Sroom/change_pwd/ | INFO: Run ShowPageTrace Behavior [ RunTime:0.000466s ]
[ 2012-10-01T18:46:02+08:00 ] /xxx2/index.php/Sroom/change_pwd/ | INFO: Tag[ view_end ] --END-- [ RunTime:0.000529s ]
[ 2012-10-01T18:46:04+08:00 ] /xxx2/index.php/Sroom/classlist/ | INFO: Tag[ route_check ] --START--
[ 2012-10-01T18:46:04+08:00 ] /xxx2/index.php/Sroom/classlist/ | INFO: Run CheckRoute Behavior [ RunTime:0.000962s ]
[ 2012-10-01T18:46:04+08:00 ] /xxx2/index.php/Sroom/classlist/ | INFO: Tag[ route_check ] --END-- [ RunTime:0.001082s ]
[ 2012-10-01T18:46:04+08:00 ] /xxx2/index.php/Sroom/classlist/ | INFO: Tag[ app_begin ] --START--
[ 2012-10-01T18:46:04+08:00 ] /xxx2/index.php/Sroom/classlist/ | INFO: Run ReadHtmlCache Behavior [ RunTime:0.000655s ]
[ 2012-10-01T18:46:04+08:00 ] /xxx2/index.php/Sroom/classlist/ | INFO: Tag[ app_begin ] --END-- [ RunTime:0.000725s ]
[ 2012-10-01T18:46:04+08:00 ] /xxx2/index.php/Sroom/classlist/ | SQL: SHOW COLUMNS FROM `think_class` [ RunTime:0.071962s ]
[ 2012-10-01T18:46:04+08:00 ] /xxx2/index.php/Sroom/classlist/ | SQL: SELECT COUNT(*) AS tp_count FROM `think_class` WHERE teacher='朱全银' LIMIT 1   [ RunTime:0.001386s ]
[ 2012-10-01T18:46:04+08:00 ] /xxx2/index.php/Sroom/classlist/ | SQL: SELECT * FROM `think_class` WHERE teacher='朱全银' ORDER BY id desc LIMIT 0,8   [ RunTime:0.000878s ]
[ 2012-10-01T18:46:04+08:00 ] /xxx2/index.php/Sroom/classlist/ | INFO: Tag[ view_template ] --START--
[ 2012-10-01T18:46:04+08:00 ] /xxx2/index.php/Sroom/classlist/ | INFO: Run LocationTemplate Behavior [ RunTime:0.000759s ]
[ 2012-10-01T18:46:04+08:00 ] /xxx2/index.php/Sroom/classlist/ | INFO: Tag[ view_template ] --END-- [ RunTime:0.000840s ]
[ 2012-10-01T18:46:04+08:00 ] /xxx2/index.php/Sroom/classlist/ | INFO: Tag[ view_parse ] --START--
[ 2012-10-01T18:46:04+08:00 ] /xxx2/index.php/Sroom/classlist/ | INFO: Run ParseTemplate Behavior [ RunTime:0.020836s ]
[ 2012-10-01T18:46:04+08:00 ] /xxx2/index.php/Sroom/classlist/ | INFO: Tag[ view_parse ] --END-- [ RunTime:0.020943s ]
[ 2012-10-01T18:46:04+08:00 ] /xxx2/index.php/Sroom/classlist/ | INFO: Tag[ view_filter ] --START--
[ 2012-10-01T18:46:04+08:00 ] /xxx2/index.php/Sroom/classlist/ | INFO: Run ContentReplace Behavior [ RunTime:0.000397s ]
[ 2012-10-01T18:46:04+08:00 ] /xxx2/index.php/Sroom/classlist/ | INFO: Run TokenBuild Behavior [ RunTime:0.000408s ]
[ 2012-10-01T18:46:04+08:00 ] /xxx2/index.php/Sroom/classlist/ | INFO: Run WriteHtmlCache Behavior [ RunTime:0.000325s ]
[ 2012-10-01T18:46:04+08:00 ] /xxx2/index.php/Sroom/classlist/ | INFO: Run ShowRuntime Behavior [ RunTime:0.000509s ]
[ 2012-10-01T18:46:04+08:00 ] /xxx2/index.php/Sroom/classlist/ | INFO: Tag[ view_filter ] --END-- [ RunTime:0.001815s ]
[ 2012-10-01T18:46:04+08:00 ] /xxx2/index.php/Sroom/classlist/ | INFO: Tag[ view_end ] --START--
[ 2012-10-01T18:46:04+08:00 ] /xxx2/index.php/Sroom/classlist/ | INFO: Run ShowPageTrace Behavior [ RunTime:0.000453s ]
[ 2012-10-01T18:46:04+08:00 ] /xxx2/index.php/Sroom/classlist/ | INFO: Tag[ view_end ] --END-- [ RunTime:0.000515s ]
[ 2012-10-01T18:48:18+08:00 ] /xxx2/ | INFO: Tag[ app_begin ] --START--
[ 2012-10-01T18:48:18+08:00 ] /xxx2/ | INFO: Run ReadHtmlCache Behavior [ RunTime:0.000619s ]
[ 2012-10-01T18:48:18+08:00 ] /xxx2/ | INFO: Tag[ app_begin ] --END-- [ RunTime:0.000723s ]
[ 2012-10-01T18:48:18+08:00 ] /xxx2/ | NOTIC: [2] Cannot modify header information - headers already sent by (output started at D:\XAMPP\xampp\htdocs\xxx2\home\Lib\Action\IndexAction.class.php:1) IndexAction.class.php 第 6 行.
[ 2012-10-01T18:48:18+08:00 ] /xxx2/ | SQL: SHOW COLUMNS FROM `think_catalog` [ RunTime:0.103842s ]
[ 2012-10-01T18:48:18+08:00 ] /xxx2/ | SQL: SELECT `id`,`f_cata` FROM `think_catalog` WHERE f_id=0  [ RunTime:0.000509s ]
[ 2012-10-01T18:48:18+08:00 ] /xxx2/ | SQL: SHOW COLUMNS FROM `think_link` [ RunTime:0.019338s ]
[ 2012-10-01T18:48:18+08:00 ] /xxx2/ | SQL: SELECT `id`,`addr`,`info` FROM `think_link`  [ RunTime:0.015770s ]
[ 2012-10-01T18:48:18+08:00 ] /xxx2/ | SQL: SHOW COLUMNS FROM `think_tongzhi` [ RunTime:0.103143s ]
[ 2012-10-01T18:48:18+08:00 ] /xxx2/ | SQL: SELECT `id`,`title`,`content`,`name`,`dt` FROM `think_tongzhi`  [ RunTime:0.000370s ]
[ 2012-10-01T18:48:18+08:00 ] /xxx2/ | INFO: Tag[ view_template ] --START--
[ 2012-10-01T18:48:18+08:00 ] /xxx2/ | INFO: Run LocationTemplate Behavior [ RunTime:0.078013s ]
[ 2012-10-01T18:48:18+08:00 ] /xxx2/ | INFO: Tag[ view_template ] --END-- [ RunTime:0.078155s ]
[ 2012-10-01T18:48:18+08:00 ] /xxx2/ | INFO: Tag[ view_parse ] --START--
[ 2012-10-01T18:48:18+08:00 ] /xxx2/ | INFO: Run ParseTemplate Behavior [ RunTime:0.020839s ]
[ 2012-10-01T18:48:18+08:00 ] /xxx2/ | INFO: Tag[ view_parse ] --END-- [ RunTime:0.020983s ]
[ 2012-10-01T18:48:18+08:00 ] /xxx2/ | INFO: Tag[ view_filter ] --START--
[ 2012-10-01T18:48:18+08:00 ] /xxx2/ | INFO: Run ContentReplace Behavior [ RunTime:0.000430s ]
[ 2012-10-01T18:48:18+08:00 ] /xxx2/ | INFO: Run TokenBuild Behavior [ RunTime:0.000492s ]
[ 2012-10-01T18:48:18+08:00 ] /xxx2/ | INFO: Run WriteHtmlCache Behavior [ RunTime:0.000248s ]
[ 2012-10-01T18:48:18+08:00 ] /xxx2/ | INFO: Run ShowRuntime Behavior [ RunTime:0.000506s ]
[ 2012-10-01T18:48:18+08:00 ] /xxx2/ | INFO: Tag[ view_filter ] --END-- [ RunTime:0.001853s ]
[ 2012-10-01T18:48:18+08:00 ] /xxx2/ | NOTIC: [2] Cannot modify header information - headers already sent by (output started at D:\XAMPP\xampp\htdocs\xxx2\home\Lib\Action\IndexAction.class.php:1) View.class.php 第 120 行.
[ 2012-10-01T18:48:18+08:00 ] /xxx2/ | NOTIC: [2] Cannot modify header information - headers already sent by (output started at D:\XAMPP\xampp\htdocs\xxx2\home\Lib\Action\IndexAction.class.php:1) View.class.php 第 121 行.
[ 2012-10-01T18:48:18+08:00 ] /xxx2/ | NOTIC: [2] Cannot modify header information - headers already sent by (output started at D:\XAMPP\xampp\htdocs\xxx2\home\Lib\Action\IndexAction.class.php:1) View.class.php 第 122 行.
[ 2012-10-01T18:48:18+08:00 ] /xxx2/ | INFO: Tag[ view_end ] --START--
[ 2012-10-01T18:48:18+08:00 ] /xxx2/ | INFO: Run ShowPageTrace Behavior [ RunTime:0.000461s ]
[ 2012-10-01T18:48:18+08:00 ] /xxx2/ | INFO: Tag[ view_end ] --END-- [ RunTime:0.000522s ]
[ 2012-10-01T18:48:27+08:00 ] /xxx2/index.php/Index/login | INFO: Tag[ route_check ] --START--
[ 2012-10-01T18:48:27+08:00 ] /xxx2/index.php/Index/login | INFO: Run CheckRoute Behavior [ RunTime:0.001242s ]
[ 2012-10-01T18:48:27+08:00 ] /xxx2/index.php/Index/login | INFO: Tag[ route_check ] --END-- [ RunTime:0.001349s ]
[ 2012-10-01T18:48:27+08:00 ] /xxx2/index.php/Index/login | INFO: Tag[ app_begin ] --START--
[ 2012-10-01T18:48:27+08:00 ] /xxx2/index.php/Index/login | INFO: Run ReadHtmlCache Behavior [ RunTime:0.000738s ]
[ 2012-10-01T18:48:27+08:00 ] /xxx2/index.php/Index/login | INFO: Tag[ app_begin ] --END-- [ RunTime:0.000801s ]
[ 2012-10-01T18:48:27+08:00 ] /xxx2/index.php/Index/login | NOTIC: [2] Cannot modify header information - headers already sent by (output started at D:\XAMPP\xampp\htdocs\xxx2\home\Lib\Action\IndexAction.class.php:1) IndexAction.class.php 第 66 行.
[ 2012-10-01T18:48:27+08:00 ] /xxx2/index.php/Index/login | SQL: SHOW COLUMNS FROM `think_login` [ RunTime:0.002921s ]
[ 2012-10-01T18:48:27+08:00 ] /xxx2/index.php/Index/login | SQL: SELECT * FROM `think_login` WHERE username='admin' and pwd='admin' LIMIT 1   [ RunTime:0.000934s ]
[ 2012-10-01T18:48:27+08:00 ] /xxx2/index.php/Index/login | SQL: SHOW COLUMNS FROM `think_teacher` [ RunTime:0.002294s ]
[ 2012-10-01T18:48:27+08:00 ] /xxx2/index.php/Index/login | SQL: SELECT * FROM `think_teacher` WHERE username='admin' and pwd='admin' LIMIT 1   [ RunTime:0.001099s ]
[ 2012-10-01T18:48:27+08:00 ] /xxx2/index.php/Index/login | NOTIC: [8] Undefined index: logins IndexAction.class.php 第 90 行.
[ 2012-10-01T18:48:27+08:00 ] /xxx2/index.php/Index/login | SQL: UPDATE `think_login` SET `id`='1',`username`='admin',`pwd`='admin',`name`='朱全银',`phone`=null,`qq`=null WHERE username='admin' [ RunTime:0.000623s ]
[ 2012-10-01T18:48:27+08:00 ] /xxx2/index.php/Index/login | NOTIC: [8] Use of undefined constant username - assumed 'username' IndexAction.class.php 第 92 行.
[ 2012-10-01T18:48:27+08:00 ] /xxx2/index.php/Index/login | INFO: Tag[ view_template ] --START--
[ 2012-10-01T18:48:27+08:00 ] /xxx2/index.php/Index/login | INFO: Run LocationTemplate Behavior [ RunTime:0.001143s ]
[ 2012-10-01T18:48:27+08:00 ] /xxx2/index.php/Index/login | INFO: Tag[ view_template ] --END-- [ RunTime:0.001223s ]
[ 2012-10-01T18:48:27+08:00 ] /xxx2/index.php/Index/login | INFO: Tag[ view_parse ] --START--
[ 2012-10-01T18:48:27+08:00 ] /xxx2/index.php/Index/login | INFO: Run ParseTemplate Behavior [ RunTime:0.032863s ]
[ 2012-10-01T18:48:27+08:00 ] /xxx2/index.php/Index/login | INFO: Tag[ view_parse ] --END-- [ RunTime:0.032989s ]
[ 2012-10-01T18:48:27+08:00 ] /xxx2/index.php/Index/login | INFO: Tag[ view_filter ] --START--
[ 2012-10-01T18:48:27+08:00 ] /xxx2/index.php/Index/login | INFO: Run ContentReplace Behavior [ RunTime:0.000779s ]
[ 2012-10-01T18:48:27+08:00 ] /xxx2/index.php/Index/login | INFO: Run TokenBuild Behavior [ RunTime:0.000624s ]
[ 2012-10-01T18:48:27+08:00 ] /xxx2/index.php/Index/login | INFO: Run WriteHtmlCache Behavior [ RunTime:0.000457s ]
[ 2012-10-01T18:48:27+08:00 ] /xxx2/index.php/Index/login | INFO: Run ShowRuntime Behavior [ RunTime:0.001366s ]
[ 2012-10-01T18:48:27+08:00 ] /xxx2/index.php/Index/login | INFO: Tag[ view_filter ] --END-- [ RunTime:0.003462s ]
[ 2012-10-01T18:48:27+08:00 ] /xxx2/index.php/Index/login | NOTIC: [2] Cannot modify header information - headers already sent by (output started at D:\XAMPP\xampp\htdocs\xxx2\home\Lib\Action\IndexAction.class.php:1) View.class.php 第 120 行.
[ 2012-10-01T18:48:27+08:00 ] /xxx2/index.php/Index/login | NOTIC: [2] Cannot modify header information - headers already sent by (output started at D:\XAMPP\xampp\htdocs\xxx2\home\Lib\Action\IndexAction.class.php:1) View.class.php 第 121 行.
[ 2012-10-01T18:48:27+08:00 ] /xxx2/index.php/Index/login | NOTIC: [2] Cannot modify header information - headers already sent by (output started at D:\XAMPP\xampp\htdocs\xxx2\home\Lib\Action\IndexAction.class.php:1) View.class.php 第 122 行.
[ 2012-10-01T18:48:27+08:00 ] /xxx2/index.php/Index/login | INFO: Tag[ view_end ] --START--
[ 2012-10-01T18:48:27+08:00 ] /xxx2/index.php/Index/login | INFO: Run ShowPageTrace Behavior [ RunTime:0.000637s ]
[ 2012-10-01T18:48:27+08:00 ] /xxx2/index.php/Index/login | INFO: Tag[ view_end ] --END-- [ RunTime:0.000702s ]
[ 2012-10-01T18:48:28+08:00 ] /xxx2/index.php/Show/index | INFO: Tag[ route_check ] --START--
[ 2012-10-01T18:48:28+08:00 ] /xxx2/index.php/Show/index | INFO: Run CheckRoute Behavior [ RunTime:0.000922s ]
[ 2012-10-01T18:48:28+08:00 ] /xxx2/index.php/Show/index | INFO: Tag[ route_check ] --END-- [ RunTime:0.001041s ]
[ 2012-10-01T18:48:28+08:00 ] /xxx2/index.php/Show/index | INFO: Tag[ app_begin ] --START--
[ 2012-10-01T18:48:28+08:00 ] /xxx2/index.php/Show/index | INFO: Run ReadHtmlCache Behavior [ RunTime:0.000696s ]
[ 2012-10-01T18:48:28+08:00 ] /xxx2/index.php/Show/index | INFO: Tag[ app_begin ] --END-- [ RunTime:0.000772s ]
[ 2012-10-01T18:48:29+08:00 ] /xxx2/index.php/Show/index | SQL: SHOW COLUMNS FROM `think_catalog` [ RunTime:0.002739s ]
[ 2012-10-01T18:48:29+08:00 ] /xxx2/index.php/Show/index | SQL: SELECT `id`,`f_cata`,`s_cata`,`isf`,`f_id`,`p_id` FROM `think_catalog`  [ RunTime:0.001289s ]
[ 2012-10-01T18:48:29+08:00 ] /xxx2/index.php/Show/index | SQL: SHOW COLUMNS FROM `think_link` [ RunTime:0.002992s ]
[ 2012-10-01T18:48:29+08:00 ] /xxx2/index.php/Show/index | SQL: SELECT `id`,`addr`,`info` FROM `think_link`  [ RunTime:0.001044s ]
[ 2012-10-01T18:48:29+08:00 ] /xxx2/index.php/Show/index | SQL: SHOW COLUMNS FROM `think_tongzhi` [ RunTime:0.002734s ]
[ 2012-10-01T18:48:29+08:00 ] /xxx2/index.php/Show/index | SQL: SELECT `id`,`title`,`content`,`name`,`dt` FROM `think_tongzhi`  [ RunTime:0.000625s ]
[ 2012-10-01T18:48:29+08:00 ] /xxx2/index.php/Show/index | INFO: Tag[ view_template ] --START--
[ 2012-10-01T18:48:29+08:00 ] /xxx2/index.php/Show/index | INFO: Run LocationTemplate Behavior [ RunTime:0.000920s ]
[ 2012-10-01T18:48:29+08:00 ] /xxx2/index.php/Show/index | INFO: Tag[ view_template ] --END-- [ RunTime:0.000994s ]
[ 2012-10-01T18:48:29+08:00 ] /xxx2/index.php/Show/index | INFO: Tag[ view_parse ] --START--
[ 2012-10-01T18:48:29+08:00 ] /xxx2/index.php/Show/index | NOTIC: [8] Undefined variable: count 4114fbf5f7e547e5b806b05cdf8d53ce.php 第 49 行.
[ 2012-10-01T18:48:29+08:00 ] /xxx2/index.php/Show/index | INFO: Run ParseTemplate Behavior [ RunTime:0.061305s ]
[ 2012-10-01T18:48:29+08:00 ] /xxx2/index.php/Show/index | INFO: Tag[ view_parse ] --END-- [ RunTime:0.061385s ]
[ 2012-10-01T18:48:29+08:00 ] /xxx2/index.php/Show/index | INFO: Tag[ view_filter ] --START--
[ 2012-10-01T18:48:29+08:00 ] /xxx2/index.php/Show/index | INFO: Run ContentReplace Behavior [ RunTime:0.000463s ]
[ 2012-10-01T18:48:29+08:00 ] /xxx2/index.php/Show/index | INFO: Run TokenBuild Behavior [ RunTime:0.000458s ]
[ 2012-10-01T18:48:29+08:00 ] /xxx2/index.php/Show/index | INFO: Run WriteHtmlCache Behavior [ RunTime:0.000280s ]
[ 2012-10-01T18:48:29+08:00 ] /xxx2/index.php/Show/index | INFO: Run ShowRuntime Behavior [ RunTime:0.000503s ]
[ 2012-10-01T18:48:29+08:00 ] /xxx2/index.php/Show/index | INFO: Tag[ view_filter ] --END-- [ RunTime:0.001883s ]
[ 2012-10-01T18:48:29+08:00 ] /xxx2/index.php/Show/index | INFO: Tag[ view_end ] --START--
[ 2012-10-01T18:48:29+08:00 ] /xxx2/index.php/Show/index | INFO: Run ShowPageTrace Behavior [ RunTime:0.000897s ]
[ 2012-10-01T18:48:29+08:00 ] /xxx2/index.php/Show/index | INFO: Tag[ view_end ] --END-- [ RunTime:0.000984s ]
[ 2012-10-01T18:48:29+08:00 ] /xxx2/index.php/Show/show | INFO: Tag[ route_check ] --START--
[ 2012-10-01T18:48:29+08:00 ] /xxx2/index.php/Show/show | INFO: Run CheckRoute Behavior [ RunTime:0.000943s ]
[ 2012-10-01T18:48:29+08:00 ] /xxx2/index.php/Show/show | INFO: Tag[ route_check ] --END-- [ RunTime:0.001140s ]
[ 2012-10-01T18:48:29+08:00 ] /xxx2/index.php/Show/show | INFO: Tag[ app_begin ] --START--
[ 2012-10-01T18:48:29+08:00 ] /xxx2/index.php/Show/show | INFO: Run ReadHtmlCache Behavior [ RunTime:0.000871s ]
[ 2012-10-01T18:48:29+08:00 ] /xxx2/index.php/Show/show | INFO: Tag[ app_begin ] --END-- [ RunTime:0.000972s ]
[ 2012-10-01T18:48:29+08:00 ] /xxx2/index.php/Show/show | NOTIC: [8] Undefined index: id ShowAction.class.php 第 32 行.
[ 2012-10-01T18:48:29+08:00 ] /xxx2/index.php/Show/show | INFO: Tag[ view_template ] --START--
[ 2012-10-01T18:48:29+08:00 ] /xxx2/index.php/Show/show | INFO: Run LocationTemplate Behavior [ RunTime:0.000817s ]
[ 2012-10-01T18:48:29+08:00 ] /xxx2/index.php/Show/show | INFO: Tag[ view_template ] --END-- [ RunTime:0.000918s ]
[ 2012-10-01T18:48:29+08:00 ] /xxx2/index.php/Show/show | INFO: Tag[ view_parse ] --START--
[ 2012-10-01T18:48:29+08:00 ] /xxx2/index.php/Show/show | NOTIC: [8] Undefined variable: content_list b6c27305877664492e2dc85072d532a8.php 第 30 行.
[ 2012-10-01T18:48:29+08:00 ] /xxx2/index.php/Show/show | INFO: Run ParseTemplate Behavior [ RunTime:0.061944s ]
[ 2012-10-01T18:48:29+08:00 ] /xxx2/index.php/Show/show | INFO: Tag[ view_parse ] --END-- [ RunTime:0.062075s ]
[ 2012-10-01T18:48:29+08:00 ] /xxx2/index.php/Show/show | INFO: Tag[ view_filter ] --START--
[ 2012-10-01T18:48:29+08:00 ] /xxx2/index.php/Show/show | INFO: Run ContentReplace Behavior [ RunTime:0.001121s ]
[ 2012-10-01T18:48:29+08:00 ] /xxx2/index.php/Show/show | INFO: Run TokenBuild Behavior [ RunTime:0.000561s ]
[ 2012-10-01T18:48:29+08:00 ] /xxx2/index.php/Show/show | INFO: Run WriteHtmlCache Behavior [ RunTime:0.000290s ]
[ 2012-10-01T18:48:29+08:00 ] /xxx2/index.php/Show/show | INFO: Run ShowRuntime Behavior [ RunTime:0.000546s ]
[ 2012-10-01T18:48:29+08:00 ] /xxx2/index.php/Show/show | INFO: Tag[ view_filter ] --END-- [ RunTime:0.002768s ]
[ 2012-10-01T18:48:29+08:00 ] /xxx2/index.php/Show/show | INFO: Tag[ view_end ] --START--
[ 2012-10-01T18:48:29+08:00 ] /xxx2/index.php/Show/show | INFO: Run ShowPageTrace Behavior [ RunTime:0.000574s ]
[ 2012-10-01T18:48:29+08:00 ] /xxx2/index.php/Show/show | INFO: Tag[ view_end ] --END-- [ RunTime:0.000651s ]
[ 2012-10-01T18:48:29+08:00 ] /xxx2/index.php/Show/resources/images/closelabel.gif | ERR: (ThinkException) 非法操作resources
[ 2012-10-01T18:48:34+08:00 ] /xxx2/index.php/Show/show/id/%E4%BA%BA%E5%91%98 | INFO: Tag[ route_check ] --START--
[ 2012-10-01T18:48:34+08:00 ] /xxx2/index.php/Show/show/id/%E4%BA%BA%E5%91%98 | INFO: Run CheckRoute Behavior [ RunTime:0.000967s ]
[ 2012-10-01T18:48:34+08:00 ] /xxx2/index.php/Show/show/id/%E4%BA%BA%E5%91%98 | INFO: Tag[ route_check ] --END-- [ RunTime:0.001228s ]
[ 2012-10-01T18:48:34+08:00 ] /xxx2/index.php/Show/show/id/%E4%BA%BA%E5%91%98 | INFO: Tag[ app_begin ] --START--
[ 2012-10-01T18:48:34+08:00 ] /xxx2/index.php/Show/show/id/%E4%BA%BA%E5%91%98 | INFO: Run ReadHtmlCache Behavior [ RunTime:0.000602s ]
[ 2012-10-01T18:48:34+08:00 ] /xxx2/index.php/Show/show/id/%E4%BA%BA%E5%91%98 | INFO: Tag[ app_begin ] --END-- [ RunTime:0.000665s ]
[ 2012-10-01T18:48:34+08:00 ] /xxx2/index.php/Show/show/id/%E4%BA%BA%E5%91%98 | SQL: SHOW COLUMNS FROM `think_cata` [ RunTime:0.031522s ]
[ 2012-10-01T18:48:34+08:00 ] /xxx2/index.php/Show/show/id/%E4%BA%BA%E5%91%98 | SQL: SELECT `title`,`content`,`user`,`dt` FROM `think_cata` WHERE Catalog='人员'  [ RunTime:0.038815s ]
[ 2012-10-01T18:48:34+08:00 ] /xxx2/index.php/Show/show/id/%E4%BA%BA%E5%91%98 | INFO: Tag[ view_template ] --START--
[ 2012-10-01T18:48:34+08:00 ] /xxx2/index.php/Show/show/id/%E4%BA%BA%E5%91%98 | INFO: Run LocationTemplate Behavior [ RunTime:0.001525s ]
[ 2012-10-01T18:48:34+08:00 ] /xxx2/index.php/Show/show/id/%E4%BA%BA%E5%91%98 | INFO: Tag[ view_template ] --END-- [ RunTime:0.001615s ]
[ 2012-10-01T18:48:34+08:00 ] /xxx2/index.php/Show/show/id/%E4%BA%BA%E5%91%98 | INFO: Tag[ view_parse ] --START--
[ 2012-10-01T18:48:34+08:00 ] /xxx2/index.php/Show/show/id/%E4%BA%BA%E5%91%98 | INFO: Run ParseTemplate Behavior [ RunTime:0.010269s ]
[ 2012-10-01T18:48:34+08:00 ] /xxx2/index.php/Show/show/id/%E4%BA%BA%E5%91%98 | INFO: Tag[ view_parse ] --END-- [ RunTime:0.010398s ]
[ 2012-10-01T18:48:34+08:00 ] /xxx2/index.php/Show/show/id/%E4%BA%BA%E5%91%98 | INFO: Tag[ view_filter ] --START--
[ 2012-10-01T18:48:34+08:00 ] /xxx2/index.php/Show/show/id/%E4%BA%BA%E5%91%98 | INFO: Run ContentReplace Behavior [ RunTime:0.000580s ]
[ 2012-10-01T18:48:34+08:00 ] /xxx2/index.php/Show/show/id/%E4%BA%BA%E5%91%98 | INFO: Run TokenBuild Behavior [ RunTime:0.000527s ]
[ 2012-10-01T18:48:34+08:00 ] /xxx2/index.php/Show/show/id/%E4%BA%BA%E5%91%98 | INFO: Run WriteHtmlCache Behavior [ RunTime:0.000387s ]
[ 2012-10-01T18:48:34+08:00 ] /xxx2/index.php/Show/show/id/%E4%BA%BA%E5%91%98 | INFO: Run ShowRuntime Behavior [ RunTime:0.000627s ]
[ 2012-10-01T18:48:34+08:00 ] /xxx2/index.php/Show/show/id/%E4%BA%BA%E5%91%98 | INFO: Tag[ view_filter ] --END-- [ RunTime:0.002296s ]
[ 2012-10-01T18:48:34+08:00 ] /xxx2/index.php/Show/show/id/%E4%BA%BA%E5%91%98 | INFO: Tag[ view_end ] --START--
[ 2012-10-01T18:48:34+08:00 ] /xxx2/index.php/Show/show/id/%E4%BA%BA%E5%91%98 | INFO: Run ShowPageTrace Behavior [ RunTime:0.000654s ]
[ 2012-10-01T18:48:34+08:00 ] /xxx2/index.php/Show/show/id/%E4%BA%BA%E5%91%98 | INFO: Tag[ view_end ] --END-- [ RunTime:0.000721s ]
[ 2012-10-01T18:48:35+08:00 ] /xxx2/index.php/Show/show/id/%E8%B5%84%E6%96%99 | INFO: Tag[ route_check ] --START--
[ 2012-10-01T18:48:35+08:00 ] /xxx2/index.php/Show/show/id/%E8%B5%84%E6%96%99 | INFO: Run CheckRoute Behavior [ RunTime:0.001025s ]
[ 2012-10-01T18:48:35+08:00 ] /xxx2/index.php/Show/show/id/%E8%B5%84%E6%96%99 | INFO: Tag[ route_check ] --END-- [ RunTime:0.001162s ]
[ 2012-10-01T18:48:35+08:00 ] /xxx2/index.php/Show/show/id/%E8%B5%84%E6%96%99 | INFO: Tag[ app_begin ] --START--
[ 2012-10-01T18:48:35+08:00 ] /xxx2/index.php/Show/show/id/%E8%B5%84%E6%96%99 | INFO: Run ReadHtmlCache Behavior [ RunTime:0.000701s ]
[ 2012-10-01T18:48:35+08:00 ] /xxx2/index.php/Show/show/id/%E8%B5%84%E6%96%99 | INFO: Tag[ app_begin ] --END-- [ RunTime:0.000784s ]
[ 2012-10-01T18:48:35+08:00 ] /xxx2/index.php/Show/show/id/%E8%B5%84%E6%96%99 | SQL: SHOW COLUMNS FROM `think_cata` [ RunTime:0.002776s ]
[ 2012-10-01T18:48:35+08:00 ] /xxx2/index.php/Show/show/id/%E8%B5%84%E6%96%99 | SQL: SELECT `title`,`content`,`user`,`dt` FROM `think_cata` WHERE Catalog='资料'  [ RunTime:0.001998s ]
[ 2012-10-01T18:48:35+08:00 ] /xxx2/index.php/Show/show/id/%E8%B5%84%E6%96%99 | INFO: Tag[ view_template ] --START--
[ 2012-10-01T18:48:35+08:00 ] /xxx2/index.php/Show/show/id/%E8%B5%84%E6%96%99 | INFO: Run LocationTemplate Behavior [ RunTime:0.000569s ]
[ 2012-10-01T18:48:35+08:00 ] /xxx2/index.php/Show/show/id/%E8%B5%84%E6%96%99 | INFO: Tag[ view_template ] --END-- [ RunTime:0.000650s ]
[ 2012-10-01T18:48:35+08:00 ] /xxx2/index.php/Show/show/id/%E8%B5%84%E6%96%99 | INFO: Tag[ view_parse ] --START--
[ 2012-10-01T18:48:35+08:00 ] /xxx2/index.php/Show/show/id/%E8%B5%84%E6%96%99 | INFO: Run ParseTemplate Behavior [ RunTime:0.009371s ]
[ 2012-10-01T18:48:35+08:00 ] /xxx2/index.php/Show/show/id/%E8%B5%84%E6%96%99 | INFO: Tag[ view_parse ] --END-- [ RunTime:0.009494s ]
[ 2012-10-01T18:48:35+08:00 ] /xxx2/index.php/Show/show/id/%E8%B5%84%E6%96%99 | INFO: Tag[ view_filter ] --START--
[ 2012-10-01T18:48:35+08:00 ] /xxx2/index.php/Show/show/id/%E8%B5%84%E6%96%99 | INFO: Run ContentReplace Behavior [ RunTime:0.000578s ]
[ 2012-10-01T18:48:35+08:00 ] /xxx2/index.php/Show/show/id/%E8%B5%84%E6%96%99 | INFO: Run TokenBuild Behavior [ RunTime:0.000405s ]
[ 2012-10-01T18:48:35+08:00 ] /xxx2/index.php/Show/show/id/%E8%B5%84%E6%96%99 | INFO: Run WriteHtmlCache Behavior [ RunTime:0.000254s ]
[ 2012-10-01T18:48:35+08:00 ] /xxx2/index.php/Show/show/id/%E8%B5%84%E6%96%99 | INFO: Run ShowRuntime Behavior [ RunTime:0.000543s ]
[ 2012-10-01T18:48:35+08:00 ] /xxx2/index.php/Show/show/id/%E8%B5%84%E6%96%99 | INFO: Tag[ view_filter ] --END-- [ RunTime:0.001976s ]
[ 2012-10-01T18:48:35+08:00 ] /xxx2/index.php/Show/show/id/%E8%B5%84%E6%96%99 | INFO: Tag[ view_end ] --START--
[ 2012-10-01T18:48:35+08:00 ] /xxx2/index.php/Show/show/id/%E8%B5%84%E6%96%99 | INFO: Run ShowPageTrace Behavior [ RunTime:0.000615s ]
[ 2012-10-01T18:48:35+08:00 ] /xxx2/index.php/Show/show/id/%E8%B5%84%E6%96%99 | INFO: Tag[ view_end ] --END-- [ RunTime:0.000688s ]
[ 2012-10-01T18:48:37+08:00 ] /xxx2/index.php/Show/show/id/%E6%95%99%E5%B8%88%E5%9B%A2%E9%98%9F | INFO: Tag[ route_check ] --START--
[ 2012-10-01T18:48:37+08:00 ] /xxx2/index.php/Show/show/id/%E6%95%99%E5%B8%88%E5%9B%A2%E9%98%9F | INFO: Run CheckRoute Behavior [ RunTime:0.001010s ]
[ 2012-10-01T18:48:37+08:00 ] /xxx2/index.php/Show/show/id/%E6%95%99%E5%B8%88%E5%9B%A2%E9%98%9F | INFO: Tag[ route_check ] --END-- [ RunTime:0.001136s ]
[ 2012-10-01T18:48:37+08:00 ] /xxx2/index.php/Show/show/id/%E6%95%99%E5%B8%88%E5%9B%A2%E9%98%9F | INFO: Tag[ app_begin ] --START--
[ 2012-10-01T18:48:37+08:00 ] /xxx2/index.php/Show/show/id/%E6%95%99%E5%B8%88%E5%9B%A2%E9%98%9F | INFO: Run ReadHtmlCache Behavior [ RunTime:0.000627s ]
[ 2012-10-01T18:48:37+08:00 ] /xxx2/index.php/Show/show/id/%E6%95%99%E5%B8%88%E5%9B%A2%E9%98%9F | INFO: Tag[ app_begin ] --END-- [ RunTime:0.000692s ]
[ 2012-10-01T18:48:37+08:00 ] /xxx2/index.php/Show/show/id/%E6%95%99%E5%B8%88%E5%9B%A2%E9%98%9F | SQL: SHOW COLUMNS FROM `think_cata` [ RunTime:0.002418s ]
[ 2012-10-01T18:48:37+08:00 ] /xxx2/index.php/Show/show/id/%E6%95%99%E5%B8%88%E5%9B%A2%E9%98%9F | SQL: SELECT `title`,`content`,`user`,`dt` FROM `think_cata` WHERE Catalog='教师团队'  [ RunTime:0.000905s ]
[ 2012-10-01T18:48:37+08:00 ] /xxx2/index.php/Show/show/id/%E6%95%99%E5%B8%88%E5%9B%A2%E9%98%9F | INFO: Tag[ view_template ] --START--
[ 2012-10-01T18:48:37+08:00 ] /xxx2/index.php/Show/show/id/%E6%95%99%E5%B8%88%E5%9B%A2%E9%98%9F | INFO: Run LocationTemplate Behavior [ RunTime:0.000572s ]
[ 2012-10-01T18:48:37+08:00 ] /xxx2/index.php/Show/show/id/%E6%95%99%E5%B8%88%E5%9B%A2%E9%98%9F | INFO: Tag[ view_template ] --END-- [ RunTime:0.000658s ]
[ 2012-10-01T18:48:37+08:00 ] /xxx2/index.php/Show/show/id/%E6%95%99%E5%B8%88%E5%9B%A2%E9%98%9F | INFO: Tag[ view_parse ] --START--
[ 2012-10-01T18:48:37+08:00 ] /xxx2/index.php/Show/show/id/%E6%95%99%E5%B8%88%E5%9B%A2%E9%98%9F | INFO: Run ParseTemplate Behavior [ RunTime:0.009276s ]
[ 2012-10-01T18:48:37+08:00 ] /xxx2/index.php/Show/show/id/%E6%95%99%E5%B8%88%E5%9B%A2%E9%98%9F | INFO: Tag[ view_parse ] --END-- [ RunTime:0.009387s ]
[ 2012-10-01T18:48:37+08:00 ] /xxx2/index.php/Show/show/id/%E6%95%99%E5%B8%88%E5%9B%A2%E9%98%9F | INFO: Tag[ view_filter ] --START--
[ 2012-10-01T18:48:37+08:00 ] /xxx2/index.php/Show/show/id/%E6%95%99%E5%B8%88%E5%9B%A2%E9%98%9F | INFO: Run ContentReplace Behavior [ RunTime:0.000386s ]
[ 2012-10-01T18:48:37+08:00 ] /xxx2/index.php/Show/show/id/%E6%95%99%E5%B8%88%E5%9B%A2%E9%98%9F | INFO: Run TokenBuild Behavior [ RunTime:0.000401s ]
[ 2012-10-01T18:48:37+08:00 ] /xxx2/index.php/Show/show/id/%E6%95%99%E5%B8%88%E5%9B%A2%E9%98%9F | INFO: Run WriteHtmlCache Behavior [ RunTime:0.000246s ]
[ 2012-10-01T18:48:37+08:00 ] /xxx2/index.php/Show/show/id/%E6%95%99%E5%B8%88%E5%9B%A2%E9%98%9F | INFO: Run ShowRuntime Behavior [ RunTime:0.000497s ]
[ 2012-10-01T18:48:37+08:00 ] /xxx2/index.php/Show/show/id/%E6%95%99%E5%B8%88%E5%9B%A2%E9%98%9F | INFO: Tag[ view_filter ] --END-- [ RunTime:0.001704s ]
[ 2012-10-01T18:48:37+08:00 ] /xxx2/index.php/Show/show/id/%E6%95%99%E5%B8%88%E5%9B%A2%E9%98%9F | INFO: Tag[ view_end ] --START--
[ 2012-10-01T18:48:37+08:00 ] /xxx2/index.php/Show/show/id/%E6%95%99%E5%B8%88%E5%9B%A2%E9%98%9F | INFO: Run ShowPageTrace Behavior [ RunTime:0.000579s ]
[ 2012-10-01T18:48:37+08:00 ] /xxx2/index.php/Show/show/id/%E6%95%99%E5%B8%88%E5%9B%A2%E9%98%9F | INFO: Tag[ view_end ] --END-- [ RunTime:0.000646s ]
[ 2012-10-01T18:48:53+08:00 ] /xxx2/index.php/Sroom/basic_info/ | INFO: Tag[ route_check ] --START--
[ 2012-10-01T18:48:53+08:00 ] /xxx2/index.php/Sroom/basic_info/ | INFO: Run CheckRoute Behavior [ RunTime:0.000982s ]
[ 2012-10-01T18:48:53+08:00 ] /xxx2/index.php/Sroom/basic_info/ | INFO: Tag[ route_check ] --END-- [ RunTime:0.001120s ]
[ 2012-10-01T18:48:53+08:00 ] /xxx2/index.php/Sroom/basic_info/ | INFO: Tag[ app_begin ] --START--
[ 2012-10-01T18:48:53+08:00 ] /xxx2/index.php/Sroom/basic_info/ | INFO: Run ReadHtmlCache Behavior [ RunTime:0.000584s ]
[ 2012-10-01T18:48:53+08:00 ] /xxx2/index.php/Sroom/basic_info/ | INFO: Tag[ app_begin ] --END-- [ RunTime:0.000725s ]
[ 2012-10-01T18:48:53+08:00 ] /xxx2/index.php/Sroom/basic_info/ | SQL: SHOW COLUMNS FROM `think_login` [ RunTime:0.002431s ]
[ 2012-10-01T18:48:53+08:00 ] /xxx2/index.php/Sroom/basic_info/ | SQL: SELECT * FROM `think_login` WHERE username='admin' LIMIT 1   [ RunTime:0.000686s ]
[ 2012-10-01T18:48:53+08:00 ] /xxx2/index.php/Sroom/basic_info/ | INFO: Tag[ view_template ] --START--
[ 2012-10-01T18:48:53+08:00 ] /xxx2/index.php/Sroom/basic_info/ | INFO: Run LocationTemplate Behavior [ RunTime:0.000749s ]
[ 2012-10-01T18:48:53+08:00 ] /xxx2/index.php/Sroom/basic_info/ | INFO: Tag[ view_template ] --END-- [ RunTime:0.000821s ]
[ 2012-10-01T18:48:53+08:00 ] /xxx2/index.php/Sroom/basic_info/ | INFO: Tag[ view_parse ] --START--
[ 2012-10-01T18:48:53+08:00 ] /xxx2/index.php/Sroom/basic_info/ | INFO: Run ParseTemplate Behavior [ RunTime:0.009364s ]
[ 2012-10-01T18:48:53+08:00 ] /xxx2/index.php/Sroom/basic_info/ | INFO: Tag[ view_parse ] --END-- [ RunTime:0.009484s ]
[ 2012-10-01T18:48:53+08:00 ] /xxx2/index.php/Sroom/basic_info/ | INFO: Tag[ view_filter ] --START--
[ 2012-10-01T18:48:53+08:00 ] /xxx2/index.php/Sroom/basic_info/ | INFO: Run ContentReplace Behavior [ RunTime:0.000463s ]
[ 2012-10-01T18:48:53+08:00 ] /xxx2/index.php/Sroom/basic_info/ | INFO: Run TokenBuild Behavior [ RunTime:0.000470s ]
[ 2012-10-01T18:48:53+08:00 ] /xxx2/index.php/Sroom/basic_info/ | INFO: Run WriteHtmlCache Behavior [ RunTime:0.000272s ]
[ 2012-10-01T18:48:53+08:00 ] /xxx2/index.php/Sroom/basic_info/ | INFO: Run ShowRuntime Behavior [ RunTime:0.000526s ]
[ 2012-10-01T18:48:53+08:00 ] /xxx2/index.php/Sroom/basic_info/ | INFO: Tag[ view_filter ] --END-- [ RunTime:0.001934s ]
[ 2012-10-01T18:48:53+08:00 ] /xxx2/index.php/Sroom/basic_info/ | INFO: Tag[ view_end ] --START--
[ 2012-10-01T18:48:53+08:00 ] /xxx2/index.php/Sroom/basic_info/ | INFO: Run ShowPageTrace Behavior [ RunTime:0.000526s ]
[ 2012-10-01T18:48:53+08:00 ] /xxx2/index.php/Sroom/basic_info/ | INFO: Tag[ view_end ] --END-- [ RunTime:0.000602s ]
[ 2012-10-01T19:14:09+08:00 ] /xxx2/index.php/Sroom/basic_info/ | INFO: Tag[ route_check ] --START--
[ 2012-10-01T19:14:09+08:00 ] /xxx2/index.php/Sroom/basic_info/ | INFO: Run CheckRoute Behavior [ RunTime:0.001385s ]
[ 2012-10-01T19:14:09+08:00 ] /xxx2/index.php/Sroom/basic_info/ | INFO: Tag[ route_check ] --END-- [ RunTime:0.001521s ]
[ 2012-10-01T19:14:09+08:00 ] /xxx2/index.php/Sroom/basic_info/ | INFO: Tag[ app_begin ] --START--
[ 2012-10-01T19:14:09+08:00 ] /xxx2/index.php/Sroom/basic_info/ | INFO: Run ReadHtmlCache Behavior [ RunTime:0.000874s ]
[ 2012-10-01T19:14:09+08:00 ] /xxx2/index.php/Sroom/basic_info/ | INFO: Tag[ app_begin ] --END-- [ RunTime:0.000953s ]
[ 2012-10-01T19:14:09+08:00 ] /xxx2/index.php/Sroom/basic_info/ | SQL: SHOW COLUMNS FROM `think_login` [ RunTime:0.003034s ]
[ 2012-10-01T19:14:09+08:00 ] /xxx2/index.php/Sroom/basic_info/ | SQL: SELECT * FROM `think_login` WHERE username='admin' LIMIT 1   [ RunTime:0.002060s ]
[ 2012-10-01T19:14:09+08:00 ] /xxx2/index.php/Sroom/basic_info/ | INFO: Tag[ view_template ] --START--
[ 2012-10-01T19:14:09+08:00 ] /xxx2/index.php/Sroom/basic_info/ | INFO: Run LocationTemplate Behavior [ RunTime:0.001123s ]
[ 2012-10-01T19:14:09+08:00 ] /xxx2/index.php/Sroom/basic_info/ | INFO: Tag[ view_template ] --END-- [ RunTime:0.001208s ]
[ 2012-10-01T19:14:09+08:00 ] /xxx2/index.php/Sroom/basic_info/ | INFO: Tag[ view_parse ] --START--
[ 2012-10-01T19:14:09+08:00 ] /xxx2/index.php/Sroom/basic_info/ | INFO: Run ParseTemplate Behavior [ RunTime:0.009857s ]
[ 2012-10-01T19:14:09+08:00 ] /xxx2/index.php/Sroom/basic_info/ | INFO: Tag[ view_parse ] --END-- [ RunTime:0.009967s ]
[ 2012-10-01T19:14:09+08:00 ] /xxx2/index.php/Sroom/basic_info/ | INFO: Tag[ view_filter ] --START--
[ 2012-10-01T19:14:09+08:00 ] /xxx2/index.php/Sroom/basic_info/ | INFO: Run ContentReplace Behavior [ RunTime:0.000549s ]
[ 2012-10-01T19:14:09+08:00 ] /xxx2/index.php/Sroom/basic_info/ | INFO: Run TokenBuild Behavior [ RunTime:0.000625s ]
[ 2012-10-01T19:14:09+08:00 ] /xxx2/index.php/Sroom/basic_info/ | INFO: Run WriteHtmlCache Behavior [ RunTime:0.000567s ]
[ 2012-10-01T19:14:09+08:00 ] /xxx2/index.php/Sroom/basic_info/ | INFO: Run ShowRuntime Behavior [ RunTime:0.000702s ]
[ 2012-10-01T19:14:09+08:00 ] /xxx2/index.php/Sroom/basic_info/ | INFO: Tag[ view_filter ] --END-- [ RunTime:0.002648s ]
[ 2012-10-01T19:14:09+08:00 ] /xxx2/index.php/Sroom/basic_info/ | INFO: Tag[ view_end ] --START--
[ 2012-10-01T19:14:09+08:00 ] /xxx2/index.php/Sroom/basic_info/ | INFO: Run ShowPageTrace Behavior [ RunTime:0.000623s ]
[ 2012-10-01T19:14:09+08:00 ] /xxx2/index.php/Sroom/basic_info/ | INFO: Tag[ view_end ] --END-- [ RunTime:0.000685s ]
[ 2012-10-01T19:21:57+08:00 ] /xxx2/index.php/Show/index | INFO: Tag[ route_check ] --START--
[ 2012-10-01T19:21:57+08:00 ] /xxx2/index.php/Show/index | INFO: Run CheckRoute Behavior [ RunTime:0.001224s ]
[ 2012-10-01T19:21:57+08:00 ] /xxx2/index.php/Show/index | INFO: Tag[ route_check ] --END-- [ RunTime:0.001340s ]
[ 2012-10-01T19:21:57+08:00 ] /xxx2/index.php/Show/index | INFO: Tag[ app_begin ] --START--
[ 2012-10-01T19:21:57+08:00 ] /xxx2/index.php/Show/index | INFO: Run ReadHtmlCache Behavior [ RunTime:0.000915s ]
[ 2012-10-01T19:21:57+08:00 ] /xxx2/index.php/Show/index | INFO: Tag[ app_begin ] --END-- [ RunTime:0.001008s ]
[ 2012-10-01T19:21:57+08:00 ] /xxx2/index.php/Show/index | SQL: SHOW COLUMNS FROM `think_catalog` [ RunTime:0.002941s ]
[ 2012-10-01T19:21:57+08:00 ] /xxx2/index.php/Show/index | SQL: SELECT `id`,`f_cata`,`s_cata`,`isf`,`f_id`,`p_id` FROM `think_catalog`  [ RunTime:0.001006s ]
[ 2012-10-01T19:21:57+08:00 ] /xxx2/index.php/Show/index | SQL: SHOW COLUMNS FROM `think_link` [ RunTime:0.004244s ]
[ 2012-10-01T19:21:57+08:00 ] /xxx2/index.php/Show/index | SQL: SELECT `id`,`addr`,`info` FROM `think_link`  [ RunTime:0.002537s ]
[ 2012-10-01T19:21:57+08:00 ] /xxx2/index.php/Show/index | SQL: SHOW COLUMNS FROM `think_tongzhi` [ RunTime:0.003434s ]
[ 2012-10-01T19:21:57+08:00 ] /xxx2/index.php/Show/index | SQL: SELECT `id`,`title`,`content`,`name`,`dt` FROM `think_tongzhi`  [ RunTime:0.001615s ]
[ 2012-10-01T19:21:57+08:00 ] /xxx2/index.php/Show/index | INFO: Tag[ view_template ] --START--
[ 2012-10-01T19:21:57+08:00 ] /xxx2/index.php/Show/index | INFO: Run LocationTemplate Behavior [ RunTime:0.001091s ]
[ 2012-10-01T19:21:57+08:00 ] /xxx2/index.php/Show/index | INFO: Tag[ view_template ] --END-- [ RunTime:0.001183s ]
[ 2012-10-01T19:21:57+08:00 ] /xxx2/index.php/Show/index | INFO: Tag[ view_parse ] --START--
[ 2012-10-01T19:21:57+08:00 ] /xxx2/index.php/Show/index | NOTIC: [8] Undefined variable: count 4114fbf5f7e547e5b806b05cdf8d53ce.php 第 49 行.
[ 2012-10-01T19:21:57+08:00 ] /xxx2/index.php/Show/index | INFO: Run ParseTemplate Behavior [ RunTime:0.021570s ]
[ 2012-10-01T19:21:57+08:00 ] /xxx2/index.php/Show/index | INFO: Tag[ view_parse ] --END-- [ RunTime:0.021656s ]
[ 2012-10-01T19:21:57+08:00 ] /xxx2/index.php/Show/index | INFO: Tag[ view_filter ] --START--
[ 2012-10-01T19:21:57+08:00 ] /xxx2/index.php/Show/index | INFO: Run ContentReplace Behavior [ RunTime:0.000839s ]
[ 2012-10-01T19:21:57+08:00 ] /xxx2/index.php/Show/index | INFO: Run TokenBuild Behavior [ RunTime:0.000751s ]
[ 2012-10-01T19:21:57+08:00 ] /xxx2/index.php/Show/index | INFO: Run WriteHtmlCache Behavior [ RunTime:0.000398s ]
[ 2012-10-01T19:21:57+08:00 ] /xxx2/index.php/Show/index | INFO: Run ShowRuntime Behavior [ RunTime:0.000999s ]
[ 2012-10-01T19:21:57+08:00 ] /xxx2/index.php/Show/index | INFO: Tag[ view_filter ] --END-- [ RunTime:0.003900s ]
[ 2012-10-01T19:21:57+08:00 ] /xxx2/index.php/Show/index | INFO: Tag[ view_end ] --START--
[ 2012-10-01T19:21:57+08:00 ] /xxx2/index.php/Show/index | INFO: Run ShowPageTrace Behavior [ RunTime:0.000791s ]
[ 2012-10-01T19:21:57+08:00 ] /xxx2/index.php/Show/index | INFO: Tag[ view_end ] --END-- [ RunTime:0.000864s ]
[ 2012-10-01T19:21:57+08:00 ] /xxx2/index.php/Show/show | INFO: Tag[ route_check ] --START--
[ 2012-10-01T19:21:57+08:00 ] /xxx2/index.php/Show/show | INFO: Run CheckRoute Behavior [ RunTime:0.001350s ]
[ 2012-10-01T19:21:57+08:00 ] /xxx2/index.php/Show/show | INFO: Tag[ route_check ] --END-- [ RunTime:0.001574s ]
[ 2012-10-01T19:21:57+08:00 ] /xxx2/index.php/Show/show | INFO: Tag[ app_begin ] --START--
[ 2012-10-01T19:21:57+08:00 ] /xxx2/index.php/Show/show | INFO: Run ReadHtmlCache Behavior [ RunTime:0.000754s ]
[ 2012-10-01T19:21:57+08:00 ] /xxx2/index.php/Show/show | INFO: Tag[ app_begin ] --END-- [ RunTime:0.000843s ]
[ 2012-10-01T19:21:57+08:00 ] /xxx2/index.php/Show/show | NOTIC: [8] Undefined index: id ShowAction.class.php 第 32 行.
[ 2012-10-01T19:21:57+08:00 ] /xxx2/index.php/Show/show | INFO: Tag[ view_template ] --START--
[ 2012-10-01T19:21:57+08:00 ] /xxx2/index.php/Show/show | INFO: Run LocationTemplate Behavior [ RunTime:0.000991s ]
[ 2012-10-01T19:21:57+08:00 ] /xxx2/index.php/Show/show | INFO: Tag[ view_template ] --END-- [ RunTime:0.001095s ]
[ 2012-10-01T19:21:57+08:00 ] /xxx2/index.php/Show/show | INFO: Tag[ view_parse ] --START--
[ 2012-10-01T19:21:57+08:00 ] /xxx2/index.php/Show/show | NOTIC: [8] Undefined variable: content_list b6c27305877664492e2dc85072d532a8.php 第 30 行.
[ 2012-10-01T19:21:57+08:00 ] /xxx2/index.php/Show/show | INFO: Run ParseTemplate Behavior [ RunTime:0.041481s ]
[ 2012-10-01T19:21:57+08:00 ] /xxx2/index.php/Show/show | INFO: Tag[ view_parse ] --END-- [ RunTime:0.041581s ]
[ 2012-10-01T19:21:57+08:00 ] /xxx2/index.php/Show/show | INFO: Tag[ view_filter ] --START--
[ 2012-10-01T19:21:57+08:00 ] /xxx2/index.php/Show/show | INFO: Run ContentReplace Behavior [ RunTime:0.000536s ]
[ 2012-10-01T19:21:57+08:00 ] /xxx2/index.php/Show/show | INFO: Run TokenBuild Behavior [ RunTime:0.000569s ]
[ 2012-10-01T19:21:57+08:00 ] /xxx2/index.php/Show/show | INFO: Run WriteHtmlCache Behavior [ RunTime:0.000442s ]
[ 2012-10-01T19:21:57+08:00 ] /xxx2/index.php/Show/show | INFO: Run ShowRuntime Behavior [ RunTime:0.000552s ]
[ 2012-10-01T19:21:57+08:00 ] /xxx2/index.php/Show/show | INFO: Tag[ view_filter ] --END-- [ RunTime:0.002324s ]
[ 2012-10-01T19:21:57+08:00 ] /xxx2/index.php/Show/show | INFO: Tag[ view_end ] --START--
[ 2012-10-01T19:21:57+08:00 ] /xxx2/index.php/Show/show | INFO: Run ShowPageTrace Behavior [ RunTime:0.000700s ]
[ 2012-10-01T19:21:57+08:00 ] /xxx2/index.php/Show/show | INFO: Tag[ view_end ] --END-- [ RunTime:0.000793s ]
[ 2012-10-01T19:21:57+08:00 ] /xxx2/index.php/Show/resources/images/closelabel.gif | ERR: (ThinkException) 非法操作resources
[ 2012-10-01T20:13:09+08:00 ] /xxx2/ | INFO: Tag[ app_begin ] --START--
[ 2012-10-01T20:13:09+08:00 ] /xxx2/ | INFO: Run ReadHtmlCache Behavior [ RunTime:0.000988s ]
[ 2012-10-01T20:13:09+08:00 ] /xxx2/ | INFO: Tag[ app_begin ] --END-- [ RunTime:0.001121s ]
[ 2012-10-01T20:13:10+08:00 ] /xxx2/ | NOTIC: [2] Cannot modify header information - headers already sent by (output started at D:\XAMPP\xampp\htdocs\xxx2\home\Lib\Action\IndexAction.class.php:1) IndexAction.class.php 第 6 行.
[ 2012-10-01T20:13:10+08:00 ] /xxx2/ | SQL: SHOW COLUMNS FROM `think_catalog` [ RunTime:0.003595s ]
[ 2012-10-01T20:13:10+08:00 ] /xxx2/ | SQL: SELECT `id`,`f_cata` FROM `think_catalog` WHERE f_id=0  [ RunTime:0.002209s ]
[ 2012-10-01T20:13:10+08:00 ] /xxx2/ | SQL: SHOW COLUMNS FROM `think_link` [ RunTime:0.007300s ]
[ 2012-10-01T20:13:10+08:00 ] /xxx2/ | SQL: SELECT `id`,`addr`,`info` FROM `think_link`  [ RunTime:0.001749s ]
[ 2012-10-01T20:13:10+08:00 ] /xxx2/ | SQL: SHOW COLUMNS FROM `think_tongzhi` [ RunTime:0.004205s ]
[ 2012-10-01T20:13:10+08:00 ] /xxx2/ | SQL: SELECT `id`,`title`,`content`,`name`,`dt` FROM `think_tongzhi`  [ RunTime:0.000326s ]
[ 2012-10-01T20:13:10+08:00 ] /xxx2/ | INFO: Tag[ view_template ] --START--
[ 2012-10-01T20:13:10+08:00 ] /xxx2/ | INFO: Run LocationTemplate Behavior [ RunTime:0.001186s ]
[ 2012-10-01T20:13:10+08:00 ] /xxx2/ | INFO: Tag[ view_template ] --END-- [ RunTime:0.001314s ]
[ 2012-10-01T20:13:10+08:00 ] /xxx2/ | INFO: Tag[ view_parse ] --START--
[ 2012-10-01T20:13:10+08:00 ] /xxx2/ | INFO: Run ParseTemplate Behavior [ RunTime:0.035941s ]
[ 2012-10-01T20:13:10+08:00 ] /xxx2/ | INFO: Tag[ view_parse ] --END-- [ RunTime:0.036083s ]
[ 2012-10-01T20:13:10+08:00 ] /xxx2/ | INFO: Tag[ view_filter ] --START--
[ 2012-10-01T20:13:10+08:00 ] /xxx2/ | INFO: Run ContentReplace Behavior [ RunTime:0.000564s ]
[ 2012-10-01T20:13:10+08:00 ] /xxx2/ | INFO: Run TokenBuild Behavior [ RunTime:0.000707s ]
[ 2012-10-01T20:13:10+08:00 ] /xxx2/ | INFO: Run WriteHtmlCache Behavior [ RunTime:0.000339s ]
[ 2012-10-01T20:13:10+08:00 ] /xxx2/ | INFO: Run ShowRuntime Behavior [ RunTime:0.000680s ]
[ 2012-10-01T20:13:10+08:00 ] /xxx2/ | INFO: Tag[ view_filter ] --END-- [ RunTime:0.002528s ]
[ 2012-10-01T20:13:10+08:00 ] /xxx2/ | NOTIC: [2] Cannot modify header information - headers already sent by (output started at D:\XAMPP\xampp\htdocs\xxx2\home\Lib\Action\IndexAction.class.php:1) View.class.php 第 120 行.
[ 2012-10-01T20:13:10+08:00 ] /xxx2/ | NOTIC: [2] Cannot modify header information - headers already sent by (output started at D:\XAMPP\xampp\htdocs\xxx2\home\Lib\Action\IndexAction.class.php:1) View.class.php 第 121 行.
[ 2012-10-01T20:13:10+08:00 ] /xxx2/ | NOTIC: [2] Cannot modify header information - headers already sent by (output started at D:\XAMPP\xampp\htdocs\xxx2\home\Lib\Action\IndexAction.class.php:1) View.class.php 第 122 行.
[ 2012-10-01T20:13:10+08:00 ] /xxx2/ | INFO: Tag[ view_end ] --START--
[ 2012-10-01T20:13:10+08:00 ] /xxx2/ | INFO: Run ShowPageTrace Behavior [ RunTime:0.000644s ]
[ 2012-10-01T20:13:10+08:00 ] /xxx2/ | INFO: Tag[ view_end ] --END-- [ RunTime:0.000728s ]
