[ 2012-11-19T16:30:08+08:00 ] /xxx2/ | INFO: Tag[ app_begin ] --START--
[ 2012-11-19T16:30:08+08:00 ] /xxx2/ | INFO: Run ReadHtmlCache Behavior [ RunTime:0.013812s ]
[ 2012-11-19T16:30:08+08:00 ] /xxx2/ | INFO: Tag[ app_begin ] --END-- [ RunTime:0.019918s ]
[ 2012-11-19T16:30:08+08:00 ] /xxx2/ | NOTIC: [2] Cannot modify header information - headers already sent by (output started at D:\XAMPP\xampp\htdocs\xxx2\home\Lib\Action\IndexAction.class.php:1) IndexAction.class.php 第 6 行.
[ 2012-11-19T16:30:08+08:00 ] /xxx2/ | SQL: SHOW COLUMNS FROM `think_catalog` [ RunTime:0.106513s ]
[ 2012-11-19T16:30:08+08:00 ] /xxx2/ | SQL: SELECT `id`,`f_cata` FROM `think_catalog` WHERE f_id=0 ORDER BY id asc  [ RunTime:0.013538s ]
[ 2012-11-19T16:30:08+08:00 ] /xxx2/ | SQL: SHOW COLUMNS FROM `think_link` [ RunTime:0.071761s ]
[ 2012-11-19T16:30:08+08:00 ] /xxx2/ | SQL: SELECT `id`,`addr`,`info` FROM `think_link` ORDER BY id desc  [ RunTime:0.020319s ]
[ 2012-11-19T16:30:08+08:00 ] /xxx2/ | SQL: SHOW COLUMNS FROM `think_tongzhi` [ RunTime:0.058032s ]
[ 2012-11-19T16:30:08+08:00 ] /xxx2/ | SQL: SELECT `id`,`title`,`content`,`name`,`dt` FROM `think_tongzhi` ORDER BY id desc  [ RunTime:0.000781s ]
[ 2012-11-19T16:30:08+08:00 ] /xxx2/ | NOTIC: [8] Undefined index: username functions.php 第 441 行.
[ 2012-11-19T16:30:08+08:00 ] /xxx2/ | INFO: Tag[ view_template ] --START--
[ 2012-11-19T16:30:09+08:00 ] /xxx2/ | INFO: Run LocationTemplate Behavior [ RunTime:0.045211s ]
[ 2012-11-19T16:30:09+08:00 ] /xxx2/ | INFO: Tag[ view_template ] --END-- [ RunTime:0.045318s ]
[ 2012-11-19T16:30:09+08:00 ] /xxx2/ | INFO: Tag[ view_parse ] --START--
[ 2012-11-19T16:30:09+08:00 ] /xxx2/ | INFO: Run ParseTemplate Behavior [ RunTime:0.095232s ]
[ 2012-11-19T16:30:09+08:00 ] /xxx2/ | INFO: Tag[ view_parse ] --END-- [ RunTime:0.095347s ]
[ 2012-11-19T16:30:09+08:00 ] /xxx2/ | INFO: Tag[ view_filter ] --START--
[ 2012-11-19T16:30:09+08:00 ] /xxx2/ | INFO: Run ContentReplace Behavior [ RunTime:0.000918s ]
[ 2012-11-19T16:30:09+08:00 ] /xxx2/ | INFO: Run TokenBuild Behavior [ RunTime:0.001148s ]
[ 2012-11-19T16:30:09+08:00 ] /xxx2/ | INFO: Run WriteHtmlCache Behavior [ RunTime:0.000860s ]
[ 2012-11-19T16:30:09+08:00 ] /xxx2/ | INFO: Run ShowRuntime Behavior [ RunTime:0.000949s ]
[ 2012-11-19T16:30:09+08:00 ] /xxx2/ | INFO: Tag[ view_filter ] --END-- [ RunTime:0.004074s ]
[ 2012-11-19T16:30:09+08:00 ] /xxx2/ | NOTIC: [2] Cannot modify header information - headers already sent by (output started at D:\XAMPP\xampp\htdocs\xxx2\home\Lib\Action\IndexAction.class.php:1) View.class.php 第 120 行.
[ 2012-11-19T16:30:09+08:00 ] /xxx2/ | NOTIC: [2] Cannot modify header information - headers already sent by (output started at D:\XAMPP\xampp\htdocs\xxx2\home\Lib\Action\IndexAction.class.php:1) View.class.php 第 121 行.
[ 2012-11-19T16:30:09+08:00 ] /xxx2/ | NOTIC: [2] Cannot modify header information - headers already sent by (output started at D:\XAMPP\xampp\htdocs\xxx2\home\Lib\Action\IndexAction.class.php:1) View.class.php 第 122 行.
[ 2012-11-19T16:30:09+08:00 ] /xxx2/ | INFO: Tag[ view_end ] --START--
[ 2012-11-19T16:30:09+08:00 ] /xxx2/ | INFO: Run ShowPageTrace Behavior [ RunTime:0.000885s ]
[ 2012-11-19T16:30:09+08:00 ] /xxx2/ | INFO: Tag[ view_end ] --END-- [ RunTime:0.000948s ]
[ 2012-11-19T16:30:13+08:00 ] /xxx2/index.php/Index/login | INFO: Tag[ route_check ] --START--
[ 2012-11-19T16:30:13+08:00 ] /xxx2/index.php/Index/login | INFO: Run CheckRoute Behavior [ RunTime:0.176585s ]
[ 2012-11-19T16:30:13+08:00 ] /xxx2/index.php/Index/login | INFO: Tag[ route_check ] --END-- [ RunTime:0.176710s ]
[ 2012-11-19T16:30:13+08:00 ] /xxx2/index.php/Index/login | INFO: Tag[ app_begin ] --START--
[ 2012-11-19T16:30:13+08:00 ] /xxx2/index.php/Index/login | INFO: Run ReadHtmlCache Behavior [ RunTime:0.000641s ]
[ 2012-11-19T16:30:13+08:00 ] /xxx2/index.php/Index/login | INFO: Tag[ app_begin ] --END-- [ RunTime:0.000704s ]
[ 2012-11-19T16:30:14+08:00 ] /xxx2/index.php/Index/login | NOTIC: [2] Cannot modify header information - headers already sent by (output started at D:\XAMPP\xampp\htdocs\xxx2\home\Lib\Action\IndexAction.class.php:1) IndexAction.class.php 第 66 行.
[ 2012-11-19T16:30:14+08:00 ] /xxx2/index.php/Index/login | SQL: SHOW COLUMNS FROM `think_login` [ RunTime:0.143069s ]
[ 2012-11-19T16:30:14+08:00 ] /xxx2/index.php/Index/login | SQL: SELECT * FROM `think_login` WHERE username='admin' and pwd='21232f297a57a5a743894a0e4a801fc3' LIMIT 1   [ RunTime:0.073203s ]
[ 2012-11-19T16:30:14+08:00 ] /xxx2/index.php/Index/login | SQL: SHOW COLUMNS FROM `think_teacher` [ RunTime:0.226315s ]
[ 2012-11-19T16:30:14+08:00 ] /xxx2/index.php/Index/login | SQL: SELECT * FROM `think_teacher` WHERE username='admin' and pwd='admin' LIMIT 1   [ RunTime:0.001515s ]
[ 2012-11-19T16:30:14+08:00 ] /xxx2/index.php/Index/login | NOTIC: [8] Undefined index: logins IndexAction.class.php 第 90 行.
[ 2012-11-19T16:30:14+08:00 ] /xxx2/index.php/Index/login | SQL: UPDATE `think_login` SET `id`='1',`username`='admin',`pwd`='admin',`name`='朱全银',`phone`=null,`qq`=null WHERE username='admin' [ RunTime:0.117209s ]
[ 2012-11-19T16:30:14+08:00 ] /xxx2/index.php/Index/login | NOTIC: [8] Use of undefined constant username - assumed 'username' IndexAction.class.php 第 92 行.
[ 2012-11-19T16:30:14+08:00 ] /xxx2/index.php/Index/login | NOTIC: [8] Use of undefined constant shenfen - assumed 'shenfen' IndexAction.class.php 第 93 行.
[ 2012-11-19T16:30:14+08:00 ] /xxx2/index.php/Index/login | INFO: Tag[ view_template ] --START--
[ 2012-11-19T16:30:14+08:00 ] /xxx2/index.php/Index/login | INFO: Run LocationTemplate Behavior [ RunTime:0.080645s ]
[ 2012-11-19T16:30:14+08:00 ] /xxx2/index.php/Index/login | INFO: Tag[ view_template ] --END-- [ RunTime:0.080796s ]
[ 2012-11-19T16:30:14+08:00 ] /xxx2/index.php/Index/login | INFO: Tag[ view_parse ] --START--
[ 2012-11-19T16:30:14+08:00 ] /xxx2/index.php/Index/login | INFO: Run ParseTemplate Behavior [ RunTime:0.048027s ]
[ 2012-11-19T16:30:14+08:00 ] /xxx2/index.php/Index/login | INFO: Tag[ view_parse ] --END-- [ RunTime:0.048157s ]
[ 2012-11-19T16:30:14+08:00 ] /xxx2/index.php/Index/login | INFO: Tag[ view_filter ] --START--
[ 2012-11-19T16:30:14+08:00 ] /xxx2/index.php/Index/login | INFO: Run ContentReplace Behavior [ RunTime:0.000507s ]
[ 2012-11-19T16:30:14+08:00 ] /xxx2/index.php/Index/login | INFO: Run TokenBuild Behavior [ RunTime:0.000391s ]
[ 2012-11-19T16:30:14+08:00 ] /xxx2/index.php/Index/login | INFO: Run WriteHtmlCache Behavior [ RunTime:0.000242s ]
[ 2012-11-19T16:30:14+08:00 ] /xxx2/index.php/Index/login | INFO: Run ShowRuntime Behavior [ RunTime:0.000497s ]
[ 2012-11-19T16:30:14+08:00 ] /xxx2/index.php/Index/login | INFO: Tag[ view_filter ] --END-- [ RunTime:0.001857s ]
[ 2012-11-19T16:30:14+08:00 ] /xxx2/index.php/Index/login | NOTIC: [2] Cannot modify header information - headers already sent by (output started at D:\XAMPP\xampp\htdocs\xxx2\home\Lib\Action\IndexAction.class.php:1) View.class.php 第 120 行.
[ 2012-11-19T16:30:14+08:00 ] /xxx2/index.php/Index/login | NOTIC: [2] Cannot modify header information - headers already sent by (output started at D:\XAMPP\xampp\htdocs\xxx2\home\Lib\Action\IndexAction.class.php:1) View.class.php 第 121 行.
[ 2012-11-19T16:30:14+08:00 ] /xxx2/index.php/Index/login | NOTIC: [2] Cannot modify header information - headers already sent by (output started at D:\XAMPP\xampp\htdocs\xxx2\home\Lib\Action\IndexAction.class.php:1) View.class.php 第 122 行.
[ 2012-11-19T16:30:14+08:00 ] /xxx2/index.php/Index/login | INFO: Tag[ view_end ] --START--
[ 2012-11-19T16:30:14+08:00 ] /xxx2/index.php/Index/login | INFO: Run ShowPageTrace Behavior [ RunTime:0.000455s ]
[ 2012-11-19T16:30:14+08:00 ] /xxx2/index.php/Index/login | INFO: Tag[ view_end ] --END-- [ RunTime:0.000516s ]
[ 2012-11-19T16:30:16+08:00 ] /xxx2/index.php/Show/index | INFO: Tag[ route_check ] --START--
[ 2012-11-19T16:30:16+08:00 ] /xxx2/index.php/Show/index | INFO: Run CheckRoute Behavior [ RunTime:0.000875s ]
[ 2012-11-19T16:30:16+08:00 ] /xxx2/index.php/Show/index | INFO: Tag[ route_check ] --END-- [ RunTime:0.000976s ]
[ 2012-11-19T16:30:16+08:00 ] /xxx2/index.php/Show/index | INFO: Tag[ app_begin ] --START--
[ 2012-11-19T16:30:16+08:00 ] /xxx2/index.php/Show/index | INFO: Run ReadHtmlCache Behavior [ RunTime:0.000608s ]
[ 2012-11-19T16:30:16+08:00 ] /xxx2/index.php/Show/index | INFO: Tag[ app_begin ] --END-- [ RunTime:0.000678s ]
[ 2012-11-19T16:30:16+08:00 ] /xxx2/index.php/Show/index | NOTIC: [2] Cannot modify header information - headers already sent by (output started at D:\XAMPP\xampp\htdocs\xxx2\home\Lib\Action\ShowAction.class.php:1) ShowAction.class.php 第 6 行.
[ 2012-11-19T16:30:16+08:00 ] /xxx2/index.php/Show/index | SQL: SHOW COLUMNS FROM `think_catalog` [ RunTime:0.002234s ]
[ 2012-11-19T16:30:16+08:00 ] /xxx2/index.php/Show/index | SQL: SELECT `id`,`f_cata`,`isf`,`f_id`,`p_id` FROM `think_catalog` ORDER BY id asc  [ RunTime:0.000539s ]
[ 2012-11-19T16:30:16+08:00 ] /xxx2/index.php/Show/index | SQL: SHOW COLUMNS FROM `think_link` [ RunTime:0.001953s ]
[ 2012-11-19T16:30:16+08:00 ] /xxx2/index.php/Show/index | SQL: SELECT `id`,`addr`,`info` FROM `think_link` ORDER BY id asc  [ RunTime:0.001311s ]
[ 2012-11-19T16:30:16+08:00 ] /xxx2/index.php/Show/index | SQL: SHOW COLUMNS FROM `think_tongzhi` [ RunTime:0.003288s ]
[ 2012-11-19T16:30:16+08:00 ] /xxx2/index.php/Show/index | SQL: SELECT `id`,`title`,`content`,`name`,`dt` FROM `think_tongzhi` ORDER BY id asc  [ RunTime:0.002822s ]
[ 2012-11-19T16:30:16+08:00 ] /xxx2/index.php/Show/index | INFO: Tag[ view_template ] --START--
[ 2012-11-19T16:30:16+08:00 ] /xxx2/index.php/Show/index | INFO: Run LocationTemplate Behavior [ RunTime:0.187132s ]
[ 2012-11-19T16:30:16+08:00 ] /xxx2/index.php/Show/index | INFO: Tag[ view_template ] --END-- [ RunTime:0.187363s ]
[ 2012-11-19T16:30:16+08:00 ] /xxx2/index.php/Show/index | INFO: Tag[ view_parse ] --START--
[ 2012-11-19T16:30:16+08:00 ] /xxx2/index.php/Show/index | NOTIC: [8] Undefined variable: count 4114fbf5f7e547e5b806b05cdf8d53ce.php 第 206 行.
[ 2012-11-19T16:30:16+08:00 ] /xxx2/index.php/Show/index | INFO: Run ParseTemplate Behavior [ RunTime:0.177595s ]
[ 2012-11-19T16:30:16+08:00 ] /xxx2/index.php/Show/index | INFO: Tag[ view_parse ] --END-- [ RunTime:0.177726s ]
[ 2012-11-19T16:30:16+08:00 ] /xxx2/index.php/Show/index | INFO: Tag[ view_filter ] --START--
[ 2012-11-19T16:30:16+08:00 ] /xxx2/index.php/Show/index | INFO: Run ContentReplace Behavior [ RunTime:0.000589s ]
[ 2012-11-19T16:30:16+08:00 ] /xxx2/index.php/Show/index | INFO: Run TokenBuild Behavior [ RunTime:0.000533s ]
[ 2012-11-19T16:30:16+08:00 ] /xxx2/index.php/Show/index | INFO: Run WriteHtmlCache Behavior [ RunTime:0.000280s ]
[ 2012-11-19T16:30:16+08:00 ] /xxx2/index.php/Show/index | INFO: Run ShowRuntime Behavior [ RunTime:0.000588s ]
[ 2012-11-19T16:30:16+08:00 ] /xxx2/index.php/Show/index | INFO: Tag[ view_filter ] --END-- [ RunTime:0.002210s ]
[ 2012-11-19T16:30:16+08:00 ] /xxx2/index.php/Show/index | NOTIC: [2] Cannot modify header information - headers already sent by (output started at D:\XAMPP\xampp\htdocs\xxx2\home\Lib\Action\ShowAction.class.php:1) View.class.php 第 120 行.
[ 2012-11-19T16:30:16+08:00 ] /xxx2/index.php/Show/index | NOTIC: [2] Cannot modify header information - headers already sent by (output started at D:\XAMPP\xampp\htdocs\xxx2\home\Lib\Action\ShowAction.class.php:1) View.class.php 第 121 行.
[ 2012-11-19T16:30:16+08:00 ] /xxx2/index.php/Show/index | NOTIC: [2] Cannot modify header information - headers already sent by (output started at D:\XAMPP\xampp\htdocs\xxx2\home\Lib\Action\ShowAction.class.php:1) View.class.php 第 122 行.
[ 2012-11-19T16:30:16+08:00 ] /xxx2/index.php/Show/index | INFO: Tag[ view_end ] --START--
[ 2012-11-19T16:30:16+08:00 ] /xxx2/index.php/Show/index | INFO: Run ShowPageTrace Behavior [ RunTime:0.000783s ]
[ 2012-11-19T16:30:16+08:00 ] /xxx2/index.php/Show/index | INFO: Tag[ view_end ] --END-- [ RunTime:0.000870s ]
[ 2012-11-19T16:30:16+08:00 ] /xxx2/index.php/Show/index | INFO: Tag[ route_check ] --START--
[ 2012-11-19T16:30:16+08:00 ] /xxx2/index.php/Show/index | INFO: Run CheckRoute Behavior [ RunTime:0.001592s ]
[ 2012-11-19T16:30:16+08:00 ] /xxx2/index.php/Show/index | INFO: Tag[ route_check ] --END-- [ RunTime:0.001702s ]
[ 2012-11-19T16:30:16+08:00 ] /xxx2/index.php/Show/index | INFO: Tag[ app_begin ] --START--
[ 2012-11-19T16:30:16+08:00 ] /xxx2/index.php/Show/index | INFO: Run ReadHtmlCache Behavior [ RunTime:0.000785s ]
[ 2012-11-19T16:30:16+08:00 ] /xxx2/index.php/Show/index | INFO: Tag[ app_begin ] --END-- [ RunTime:0.000850s ]
[ 2012-11-19T16:30:16+08:00 ] /xxx2/index.php/Show/index | NOTIC: [2] Cannot modify header information - headers already sent by (output started at D:\XAMPP\xampp\htdocs\xxx2\home\Lib\Action\ShowAction.class.php:1) ShowAction.class.php 第 6 行.
[ 2012-11-19T16:30:16+08:00 ] /xxx2/index.php/Show/index | SQL: SHOW COLUMNS FROM `think_catalog` [ RunTime:0.002187s ]
[ 2012-11-19T16:30:16+08:00 ] /xxx2/index.php/Show/index | SQL: SELECT `id`,`f_cata`,`isf`,`f_id`,`p_id` FROM `think_catalog` ORDER BY id asc  [ RunTime:0.000462s ]
[ 2012-11-19T16:30:16+08:00 ] /xxx2/index.php/Show/index | SQL: SHOW COLUMNS FROM `think_link` [ RunTime:0.001983s ]
[ 2012-11-19T16:30:16+08:00 ] /xxx2/index.php/Show/index | SQL: SELECT `id`,`addr`,`info` FROM `think_link` ORDER BY id asc  [ RunTime:0.000351s ]
[ 2012-11-19T16:30:16+08:00 ] /xxx2/index.php/Show/index | SQL: SHOW COLUMNS FROM `think_tongzhi` [ RunTime:0.002307s ]
[ 2012-11-19T16:30:16+08:00 ] /xxx2/index.php/Show/index | SQL: SELECT `id`,`title`,`content`,`name`,`dt` FROM `think_tongzhi` ORDER BY id asc  [ RunTime:0.000395s ]
[ 2012-11-19T16:30:16+08:00 ] /xxx2/index.php/Show/index | INFO: Tag[ view_template ] --START--
[ 2012-11-19T16:30:16+08:00 ] /xxx2/index.php/Show/index | INFO: Run LocationTemplate Behavior [ RunTime:0.001051s ]
[ 2012-11-19T16:30:16+08:00 ] /xxx2/index.php/Show/index | INFO: Tag[ view_template ] --END-- [ RunTime:0.001135s ]
[ 2012-11-19T16:30:16+08:00 ] /xxx2/index.php/Show/index | INFO: Tag[ view_parse ] --START--
[ 2012-11-19T16:30:16+08:00 ] /xxx2/index.php/Show/index | NOTIC: [8] Undefined variable: count 4114fbf5f7e547e5b806b05cdf8d53ce.php 第 206 行.
[ 2012-11-19T16:30:16+08:00 ] /xxx2/index.php/Show/index | INFO: Run ParseTemplate Behavior [ RunTime:0.023226s ]
[ 2012-11-19T16:30:16+08:00 ] /xxx2/index.php/Show/index | INFO: Tag[ view_parse ] --END-- [ RunTime:0.023310s ]
[ 2012-11-19T16:30:16+08:00 ] /xxx2/index.php/Show/index | INFO: Tag[ view_filter ] --START--
[ 2012-11-19T16:30:16+08:00 ] /xxx2/index.php/Show/index | INFO: Run ContentReplace Behavior [ RunTime:0.000631s ]
[ 2012-11-19T16:30:16+08:00 ] /xxx2/index.php/Show/index | INFO: Run TokenBuild Behavior [ RunTime:0.000695s ]
[ 2012-11-19T16:30:16+08:00 ] /xxx2/index.php/Show/index | INFO: Run WriteHtmlCache Behavior [ RunTime:0.000439s ]
[ 2012-11-19T16:30:16+08:00 ] /xxx2/index.php/Show/index | INFO: Run ShowRuntime Behavior [ RunTime:0.000715s ]
[ 2012-11-19T16:30:16+08:00 ] /xxx2/index.php/Show/index | INFO: Tag[ view_filter ] --END-- [ RunTime:0.002681s ]
[ 2012-11-19T16:30:16+08:00 ] /xxx2/index.php/Show/index | NOTIC: [2] Cannot modify header information - headers already sent by (output started at D:\XAMPP\xampp\htdocs\xxx2\home\Lib\Action\ShowAction.class.php:1) View.class.php 第 120 行.
[ 2012-11-19T16:30:16+08:00 ] /xxx2/index.php/Show/index | NOTIC: [2] Cannot modify header information - headers already sent by (output started at D:\XAMPP\xampp\htdocs\xxx2\home\Lib\Action\ShowAction.class.php:1) View.class.php 第 121 行.
[ 2012-11-19T16:30:16+08:00 ] /xxx2/index.php/Show/index | NOTIC: [2] Cannot modify header information - headers already sent by (output started at D:\XAMPP\xampp\htdocs\xxx2\home\Lib\Action\ShowAction.class.php:1) View.class.php 第 122 行.
[ 2012-11-19T16:30:16+08:00 ] /xxx2/index.php/Show/index | INFO: Tag[ view_end ] --START--
[ 2012-11-19T16:30:16+08:00 ] /xxx2/index.php/Show/index | INFO: Run ShowPageTrace Behavior [ RunTime:0.003439s ]
[ 2012-11-19T16:30:16+08:00 ] /xxx2/index.php/Show/index | INFO: Tag[ view_end ] --END-- [ RunTime:0.003542s ]
[ 2012-11-19T16:30:17+08:00 ] /xxx2/index.php/Show/show | INFO: Tag[ route_check ] --START--
[ 2012-11-19T16:30:17+08:00 ] /xxx2/index.php/Show/show | INFO: Run CheckRoute Behavior [ RunTime:0.001271s ]
[ 2012-11-19T16:30:17+08:00 ] /xxx2/index.php/Show/show | INFO: Tag[ route_check ] --END-- [ RunTime:0.001384s ]
[ 2012-11-19T16:30:17+08:00 ] /xxx2/index.php/Show/show | INFO: Tag[ app_begin ] --START--
[ 2012-11-19T16:30:17+08:00 ] /xxx2/index.php/Show/show | INFO: Run ReadHtmlCache Behavior [ RunTime:0.000784s ]
[ 2012-11-19T16:30:17+08:00 ] /xxx2/index.php/Show/show | INFO: Tag[ app_begin ] --END-- [ RunTime:0.000853s ]
[ 2012-11-19T16:30:17+08:00 ] /xxx2/index.php/Show/show | NOTIC: [2] Cannot modify header information - headers already sent by (output started at D:\XAMPP\xampp\htdocs\xxx2\home\Lib\Action\ShowAction.class.php:1) ShowAction.class.php 第 30 行.
[ 2012-11-19T16:30:17+08:00 ] /xxx2/index.php/Show/show | NOTIC: [8] Undefined index: id ShowAction.class.php 第 32 行.
[ 2012-11-19T16:30:17+08:00 ] /xxx2/index.php/Show/show | INFO: Tag[ view_template ] --START--
[ 2012-11-19T16:30:17+08:00 ] /xxx2/index.php/Show/show | INFO: Run LocationTemplate Behavior [ RunTime:0.001032s ]
[ 2012-11-19T16:30:17+08:00 ] /xxx2/index.php/Show/show | INFO: Tag[ view_template ] --END-- [ RunTime:0.001136s ]
[ 2012-11-19T16:30:17+08:00 ] /xxx2/index.php/Show/show | INFO: Tag[ view_parse ] --START--
[ 2012-11-19T16:30:17+08:00 ] /xxx2/index.php/Show/show | NOTIC: [8] Undefined variable: content_list b6c27305877664492e2dc85072d532a8.php 第 30 行.
[ 2012-11-19T16:30:17+08:00 ] /xxx2/index.php/Show/show | INFO: Run ParseTemplate Behavior [ RunTime:0.182747s ]
[ 2012-11-19T16:30:17+08:00 ] /xxx2/index.php/Show/show | INFO: Tag[ view_parse ] --END-- [ RunTime:0.182830s ]
[ 2012-11-19T16:30:17+08:00 ] /xxx2/index.php/Show/show | INFO: Tag[ view_filter ] --START--
[ 2012-11-19T16:30:17+08:00 ] /xxx2/index.php/Show/show | INFO: Run ContentReplace Behavior [ RunTime:0.000563s ]
[ 2012-11-19T16:30:17+08:00 ] /xxx2/index.php/Show/show | INFO: Run TokenBuild Behavior [ RunTime:0.000662s ]
[ 2012-11-19T16:30:17+08:00 ] /xxx2/index.php/Show/show | INFO: Run WriteHtmlCache Behavior [ RunTime:0.000385s ]
[ 2012-11-19T16:30:17+08:00 ] /xxx2/index.php/Show/show | INFO: Run ShowRuntime Behavior [ RunTime:0.000641s ]
[ 2012-11-19T16:30:17+08:00 ] /xxx2/index.php/Show/show | INFO: Tag[ view_filter ] --END-- [ RunTime:0.002428s ]
[ 2012-11-19T16:30:17+08:00 ] /xxx2/index.php/Show/show | NOTIC: [2] Cannot modify header information - headers already sent by (output started at D:\XAMPP\xampp\htdocs\xxx2\home\Lib\Action\ShowAction.class.php:1) View.class.php 第 120 行.
[ 2012-11-19T16:30:17+08:00 ] /xxx2/index.php/Show/show | NOTIC: [2] Cannot modify header information - headers already sent by (output started at D:\XAMPP\xampp\htdocs\xxx2\home\Lib\Action\ShowAction.class.php:1) View.class.php 第 121 行.
[ 2012-11-19T16:30:17+08:00 ] /xxx2/index.php/Show/show | NOTIC: [2] Cannot modify header information - headers already sent by (output started at D:\XAMPP\xampp\htdocs\xxx2\home\Lib\Action\ShowAction.class.php:1) View.class.php 第 122 行.
[ 2012-11-19T16:30:17+08:00 ] /xxx2/index.php/Show/show | INFO: Tag[ view_end ] --START--
[ 2012-11-19T16:30:17+08:00 ] /xxx2/index.php/Show/show | INFO: Run ShowPageTrace Behavior [ RunTime:0.000600s ]
[ 2012-11-19T16:30:17+08:00 ] /xxx2/index.php/Show/show | INFO: Tag[ view_end ] --END-- [ RunTime:0.000662s ]
[ 2012-11-19T16:30:18+08:00 ] /xxx2/index.php/Show/resources/images/closelabel.gif | ERR: (ThinkException) 非法操作resources
[ 2012-11-19T16:30:20+08:00 ] /xxx2/index.php/Sroom/index/ | INFO: Tag[ route_check ] --START--
[ 2012-11-19T16:30:20+08:00 ] /xxx2/index.php/Sroom/index/ | INFO: Run CheckRoute Behavior [ RunTime:0.001410s ]
[ 2012-11-19T16:30:20+08:00 ] /xxx2/index.php/Sroom/index/ | INFO: Tag[ route_check ] --END-- [ RunTime:0.001541s ]
[ 2012-11-19T16:30:20+08:00 ] /xxx2/index.php/Sroom/index/ | INFO: Tag[ app_begin ] --START--
[ 2012-11-19T16:30:20+08:00 ] /xxx2/index.php/Sroom/index/ | INFO: Run ReadHtmlCache Behavior [ RunTime:0.000778s ]
[ 2012-11-19T16:30:20+08:00 ] /xxx2/index.php/Sroom/index/ | INFO: Tag[ app_begin ] --END-- [ RunTime:0.000857s ]
[ 2012-11-19T16:30:20+08:00 ] /xxx2/index.php/Sroom/index/ | SQL: SHOW COLUMNS FROM `think_login` [ RunTime:0.003132s ]
[ 2012-11-19T16:30:20+08:00 ] /xxx2/index.php/Sroom/index/ | SQL: SELECT * FROM `think_login` WHERE username='admin' LIMIT 1   [ RunTime:0.000764s ]
[ 2012-11-19T16:30:20+08:00 ] /xxx2/index.php/Sroom/index/ | SQL: SHOW COLUMNS FROM `think_teacher` [ RunTime:0.002864s ]
[ 2012-11-19T16:30:20+08:00 ] /xxx2/index.php/Sroom/index/ | SQL: SELECT * FROM `think_teacher` WHERE username='admin' LIMIT 1   [ RunTime:0.001247s ]
[ 2012-11-19T16:30:20+08:00 ] /xxx2/index.php/Sroom/index/ | INFO: Tag[ view_template ] --START--
[ 2012-11-19T16:30:20+08:00 ] /xxx2/index.php/Sroom/index/ | INFO: Run LocationTemplate Behavior [ RunTime:0.040682s ]
[ 2012-11-19T16:30:20+08:00 ] /xxx2/index.php/Sroom/index/ | INFO: Tag[ view_template ] --END-- [ RunTime:0.040799s ]
[ 2012-11-19T16:30:20+08:00 ] /xxx2/index.php/Sroom/index/ | INFO: Tag[ view_parse ] --START--
[ 2012-11-19T16:30:20+08:00 ] /xxx2/index.php/Sroom/index/ | NOTIC: [8] Undefined variable: title 5975e7a2433ec92e3353b8ad18204677.php 第 10 行.
[ 2012-11-19T16:30:20+08:00 ] /xxx2/index.php/Sroom/index/ | INFO: Run ParseTemplate Behavior [ RunTime:0.044330s ]
[ 2012-11-19T16:30:20+08:00 ] /xxx2/index.php/Sroom/index/ | INFO: Tag[ view_parse ] --END-- [ RunTime:0.044422s ]
[ 2012-11-19T16:30:20+08:00 ] /xxx2/index.php/Sroom/index/ | INFO: Tag[ view_filter ] --START--
[ 2012-11-19T16:30:20+08:00 ] /xxx2/index.php/Sroom/index/ | INFO: Run ContentReplace Behavior [ RunTime:0.000453s ]
[ 2012-11-19T16:30:20+08:00 ] /xxx2/index.php/Sroom/index/ | INFO: Run TokenBuild Behavior [ RunTime:0.000410s ]
[ 2012-11-19T16:30:20+08:00 ] /xxx2/index.php/Sroom/index/ | INFO: Run WriteHtmlCache Behavior [ RunTime:0.000241s ]
[ 2012-11-19T16:30:20+08:00 ] /xxx2/index.php/Sroom/index/ | INFO: Run ShowRuntime Behavior [ RunTime:0.000515s ]
[ 2012-11-19T16:30:20+08:00 ] /xxx2/index.php/Sroom/index/ | INFO: Tag[ view_filter ] --END-- [ RunTime:0.001798s ]
[ 2012-11-19T16:30:20+08:00 ] /xxx2/index.php/Sroom/index/ | INFO: Tag[ view_end ] --START--
[ 2012-11-19T16:30:20+08:00 ] /xxx2/index.php/Sroom/index/ | INFO: Run ShowPageTrace Behavior [ RunTime:0.000514s ]
[ 2012-11-19T16:30:20+08:00 ] /xxx2/index.php/Sroom/index/ | INFO: Tag[ view_end ] --END-- [ RunTime:0.000582s ]
[ 2012-11-19T16:30:20+08:00 ] /xxx2/index.php/Sroom/basic_info | INFO: Tag[ route_check ] --START--
[ 2012-11-19T16:30:20+08:00 ] /xxx2/index.php/Sroom/basic_info | INFO: Run CheckRoute Behavior [ RunTime:0.001119s ]
[ 2012-11-19T16:30:20+08:00 ] /xxx2/index.php/Sroom/basic_info | INFO: Tag[ route_check ] --END-- [ RunTime:0.001250s ]
[ 2012-11-19T16:30:20+08:00 ] /xxx2/index.php/Sroom/basic_info | INFO: Tag[ app_begin ] --START--
[ 2012-11-19T16:30:20+08:00 ] /xxx2/index.php/Sroom/basic_info | INFO: Run ReadHtmlCache Behavior [ RunTime:0.000708s ]
[ 2012-11-19T16:30:20+08:00 ] /xxx2/index.php/Sroom/basic_info | INFO: Tag[ app_begin ] --END-- [ RunTime:0.000789s ]
[ 2012-11-19T16:30:20+08:00 ] /xxx2/index.php/Sroom/basic_info | SQL: SHOW COLUMNS FROM `think_teacher` [ RunTime:0.002337s ]
[ 2012-11-19T16:30:20+08:00 ] /xxx2/index.php/Sroom/basic_info | SQL: SELECT * FROM `think_teacher` WHERE username='admin' LIMIT 1   [ RunTime:0.000580s ]
[ 2012-11-19T16:30:20+08:00 ] /xxx2/index.php/Sroom/basic_info | SQL: SHOW COLUMNS FROM `think_class` [ RunTime:0.047127s ]
[ 2012-11-19T16:30:20+08:00 ] /xxx2/index.php/Sroom/basic_info | SQL: SELECT * FROM `think_class` WHERE teacher='朱全银'  [ RunTime:0.017968s ]
[ 2012-11-19T16:30:20+08:00 ] /xxx2/index.php/Sroom/basic_info | INFO: Tag[ view_template ] --START--
[ 2012-11-19T16:30:20+08:00 ] /xxx2/index.php/Sroom/basic_info | INFO: Run LocationTemplate Behavior [ RunTime:0.015361s ]
[ 2012-11-19T16:30:20+08:00 ] /xxx2/index.php/Sroom/basic_info | INFO: Tag[ view_template ] --END-- [ RunTime:0.015470s ]
[ 2012-11-19T16:30:20+08:00 ] /xxx2/index.php/Sroom/basic_info | INFO: Tag[ view_parse ] --START--
[ 2012-11-19T16:30:20+08:00 ] /xxx2/index.php/Sroom/basic_info | NOTIC: [8] Undefined index: mails 6569ff6c8c36748b93a6ed2c12040137.php 第 54 行.
[ 2012-11-19T16:30:20+08:00 ] /xxx2/index.php/Sroom/basic_info | NOTIC: [8] Undefined index: addr 6569ff6c8c36748b93a6ed2c12040137.php 第 62 行.
[ 2012-11-19T16:30:20+08:00 ] /xxx2/index.php/Sroom/basic_info | INFO: Run ParseTemplate Behavior [ RunTime:0.042369s ]
[ 2012-11-19T16:30:20+08:00 ] /xxx2/index.php/Sroom/basic_info | INFO: Tag[ view_parse ] --END-- [ RunTime:0.042459s ]
[ 2012-11-19T16:30:20+08:00 ] /xxx2/index.php/Sroom/basic_info | INFO: Tag[ view_filter ] --START--
[ 2012-11-19T16:30:20+08:00 ] /xxx2/index.php/Sroom/basic_info | INFO: Run ContentReplace Behavior [ RunTime:0.000505s ]
[ 2012-11-19T16:30:20+08:00 ] /xxx2/index.php/Sroom/basic_info | INFO: Run TokenBuild Behavior [ RunTime:0.000478s ]
[ 2012-11-19T16:30:20+08:00 ] /xxx2/index.php/Sroom/basic_info | INFO: Run WriteHtmlCache Behavior [ RunTime:0.000281s ]
[ 2012-11-19T16:30:20+08:00 ] /xxx2/index.php/Sroom/basic_info | INFO: Run ShowRuntime Behavior [ RunTime:0.000549s ]
[ 2012-11-19T16:30:20+08:00 ] /xxx2/index.php/Sroom/basic_info | INFO: Tag[ view_filter ] --END-- [ RunTime:0.002024s ]
[ 2012-11-19T16:30:20+08:00 ] /xxx2/index.php/Sroom/basic_info | INFO: Tag[ view_end ] --START--
[ 2012-11-19T16:30:20+08:00 ] /xxx2/index.php/Sroom/basic_info | INFO: Run ShowPageTrace Behavior [ RunTime:0.000559s ]
[ 2012-11-19T16:30:20+08:00 ] /xxx2/index.php/Sroom/basic_info | INFO: Tag[ view_end ] --END-- [ RunTime:0.000636s ]
[ 2012-11-19T16:30:20+08:00 ] /xxx2/index.php/Sroom/index/resources/images/closelabel.gif | INFO: Tag[ route_check ] --START--
[ 2012-11-19T16:30:20+08:00 ] /xxx2/index.php/Sroom/index/resources/images/closelabel.gif | INFO: Run CheckRoute Behavior [ RunTime:0.005538s ]
[ 2012-11-19T16:30:20+08:00 ] /xxx2/index.php/Sroom/index/resources/images/closelabel.gif | INFO: Tag[ route_check ] --END-- [ RunTime:0.005710s ]
[ 2012-11-19T16:30:20+08:00 ] /xxx2/index.php/Sroom/index/resources/images/closelabel.gif | INFO: Tag[ app_begin ] --START--
[ 2012-11-19T16:30:20+08:00 ] /xxx2/index.php/Sroom/index/resources/images/closelabel.gif | INFO: Run ReadHtmlCache Behavior [ RunTime:0.001740s ]
[ 2012-11-19T16:30:20+08:00 ] /xxx2/index.php/Sroom/index/resources/images/closelabel.gif | INFO: Tag[ app_begin ] --END-- [ RunTime:0.001935s ]
[ 2012-11-19T16:30:20+08:00 ] /xxx2/index.php/Sroom/index/resources/images/closelabel.gif | SQL: SHOW COLUMNS FROM `think_login` [ RunTime:0.003408s ]
[ 2012-11-19T16:30:20+08:00 ] /xxx2/index.php/Sroom/index/resources/images/closelabel.gif | SQL: SELECT * FROM `think_login` WHERE username='admin' LIMIT 1   [ RunTime:0.000575s ]
[ 2012-11-19T16:30:20+08:00 ] /xxx2/index.php/Sroom/index/resources/images/closelabel.gif | SQL: SHOW COLUMNS FROM `think_teacher` [ RunTime:0.002689s ]
[ 2012-11-19T16:30:20+08:00 ] /xxx2/index.php/Sroom/index/resources/images/closelabel.gif | SQL: SELECT * FROM `think_teacher` WHERE username='admin' LIMIT 1   [ RunTime:0.000571s ]
[ 2012-11-19T16:30:20+08:00 ] /xxx2/index.php/Sroom/index/resources/images/closelabel.gif | INFO: Tag[ view_template ] --START--
[ 2012-11-19T16:30:20+08:00 ] /xxx2/index.php/Sroom/index/resources/images/closelabel.gif | INFO: Run LocationTemplate Behavior [ RunTime:0.001022s ]
[ 2012-11-19T16:30:20+08:00 ] /xxx2/index.php/Sroom/index/resources/images/closelabel.gif | INFO: Tag[ view_template ] --END-- [ RunTime:0.001097s ]
[ 2012-11-19T16:30:20+08:00 ] /xxx2/index.php/Sroom/index/resources/images/closelabel.gif | INFO: Tag[ view_parse ] --START--
[ 2012-11-19T16:30:20+08:00 ] /xxx2/index.php/Sroom/index/resources/images/closelabel.gif | NOTIC: [8] Undefined variable: title 5975e7a2433ec92e3353b8ad18204677.php 第 10 行.
[ 2012-11-19T16:30:20+08:00 ] /xxx2/index.php/Sroom/index/resources/images/closelabel.gif | INFO: Run ParseTemplate Behavior [ RunTime:0.018468s ]
[ 2012-11-19T16:30:20+08:00 ] /xxx2/index.php/Sroom/index/resources/images/closelabel.gif | INFO: Tag[ view_parse ] --END-- [ RunTime:0.018560s ]
[ 2012-11-19T16:30:20+08:00 ] /xxx2/index.php/Sroom/index/resources/images/closelabel.gif | INFO: Tag[ view_filter ] --START--
[ 2012-11-19T16:30:20+08:00 ] /xxx2/index.php/Sroom/index/resources/images/closelabel.gif | INFO: Run ContentReplace Behavior [ RunTime:0.000633s ]
[ 2012-11-19T16:30:20+08:00 ] /xxx2/index.php/Sroom/index/resources/images/closelabel.gif | INFO: Run TokenBuild Behavior [ RunTime:0.013507s ]
[ 2012-11-19T16:30:20+08:00 ] /xxx2/index.php/Sroom/index/resources/images/closelabel.gif | INFO: Run WriteHtmlCache Behavior [ RunTime:0.000601s ]
[ 2012-11-19T16:30:20+08:00 ] /xxx2/index.php/Sroom/index/resources/images/closelabel.gif | INFO: Run ShowRuntime Behavior [ RunTime:0.000736s ]
[ 2012-11-19T16:30:20+08:00 ] /xxx2/index.php/Sroom/index/resources/images/closelabel.gif | INFO: Tag[ view_filter ] --END-- [ RunTime:0.015738s ]
[ 2012-11-19T16:30:20+08:00 ] /xxx2/index.php/Sroom/index/resources/images/closelabel.gif | INFO: Tag[ view_end ] --START--
[ 2012-11-19T16:30:20+08:00 ] /xxx2/index.php/Sroom/index/resources/images/closelabel.gif | INFO: Run ShowPageTrace Behavior [ RunTime:0.001147s ]
[ 2012-11-19T16:30:20+08:00 ] /xxx2/index.php/Sroom/index/resources/images/closelabel.gif | INFO: Tag[ view_end ] --END-- [ RunTime:0.001351s ]
[ 2012-11-19T16:30:21+08:00 ] /xxx2/index.php/Sroom/head_img/ | INFO: Tag[ route_check ] --START--
[ 2012-11-19T16:30:21+08:00 ] /xxx2/index.php/Sroom/head_img/ | INFO: Run CheckRoute Behavior [ RunTime:0.000865s ]
[ 2012-11-19T16:30:21+08:00 ] /xxx2/index.php/Sroom/head_img/ | INFO: Tag[ route_check ] --END-- [ RunTime:0.000965s ]
[ 2012-11-19T16:30:21+08:00 ] /xxx2/index.php/Sroom/head_img/ | INFO: Tag[ app_begin ] --START--
[ 2012-11-19T16:30:21+08:00 ] /xxx2/index.php/Sroom/head_img/ | INFO: Run ReadHtmlCache Behavior [ RunTime:0.000573s ]
[ 2012-11-19T16:30:21+08:00 ] /xxx2/index.php/Sroom/head_img/ | INFO: Tag[ app_begin ] --END-- [ RunTime:0.000636s ]
[ 2012-11-19T16:30:21+08:00 ] /xxx2/index.php/Sroom/head_img/ | INFO: Tag[ view_template ] --START--
[ 2012-11-19T16:30:21+08:00 ] /xxx2/index.php/Sroom/head_img/ | INFO: Run LocationTemplate Behavior [ RunTime:0.000851s ]
[ 2012-11-19T16:30:21+08:00 ] /xxx2/index.php/Sroom/head_img/ | INFO: Tag[ view_template ] --END-- [ RunTime:0.000954s ]
[ 2012-11-19T16:30:21+08:00 ] /xxx2/index.php/Sroom/head_img/ | INFO: Tag[ view_parse ] --START--
[ 2012-11-19T16:30:21+08:00 ] /xxx2/index.php/Sroom/head_img/ | INFO: Run ParseTemplate Behavior [ RunTime:0.053446s ]
[ 2012-11-19T16:30:21+08:00 ] /xxx2/index.php/Sroom/head_img/ | INFO: Tag[ view_parse ] --END-- [ RunTime:0.053552s ]
[ 2012-11-19T16:30:21+08:00 ] /xxx2/index.php/Sroom/head_img/ | INFO: Tag[ view_filter ] --START--
[ 2012-11-19T16:30:21+08:00 ] /xxx2/index.php/Sroom/head_img/ | INFO: Run ContentReplace Behavior [ RunTime:0.000421s ]
[ 2012-11-19T16:30:21+08:00 ] /xxx2/index.php/Sroom/head_img/ | INFO: Run TokenBuild Behavior [ RunTime:0.000456s ]
[ 2012-11-19T16:30:21+08:00 ] /xxx2/index.php/Sroom/head_img/ | INFO: Run WriteHtmlCache Behavior [ RunTime:0.000243s ]
[ 2012-11-19T16:30:21+08:00 ] /xxx2/index.php/Sroom/head_img/ | INFO: Run ShowRuntime Behavior [ RunTime:0.000520s ]
[ 2012-11-19T16:30:21+08:00 ] /xxx2/index.php/Sroom/head_img/ | INFO: Tag[ view_filter ] --END-- [ RunTime:0.001811s ]
[ 2012-11-19T16:30:21+08:00 ] /xxx2/index.php/Sroom/head_img/ | INFO: Tag[ view_end ] --START--
[ 2012-11-19T16:30:21+08:00 ] /xxx2/index.php/Sroom/head_img/ | INFO: Run ShowPageTrace Behavior [ RunTime:0.000463s ]
[ 2012-11-19T16:30:21+08:00 ] /xxx2/index.php/Sroom/head_img/ | INFO: Tag[ view_end ] --END-- [ RunTime:0.000526s ]
[ 2012-11-19T16:30:50+08:00 ] /xxx2/index.php/Sroom/index/ | INFO: Tag[ route_check ] --START--
[ 2012-11-19T16:30:50+08:00 ] /xxx2/index.php/Sroom/index/ | INFO: Run CheckRoute Behavior [ RunTime:0.001104s ]
[ 2012-11-19T16:30:50+08:00 ] /xxx2/index.php/Sroom/index/ | INFO: Tag[ route_check ] --END-- [ RunTime:0.001248s ]
[ 2012-11-19T16:30:50+08:00 ] /xxx2/index.php/Sroom/index/ | INFO: Tag[ app_begin ] --START--
[ 2012-11-19T16:30:50+08:00 ] /xxx2/index.php/Sroom/index/ | INFO: Run ReadHtmlCache Behavior [ RunTime:0.000768s ]
[ 2012-11-19T16:30:50+08:00 ] /xxx2/index.php/Sroom/index/ | INFO: Tag[ app_begin ] --END-- [ RunTime:0.000854s ]
[ 2012-11-19T16:30:50+08:00 ] /xxx2/index.php/Sroom/index/ | NOTIC: [8] Undefined index: username functions.php 第 441 行.
[ 2012-11-19T16:30:51+08:00 ] /xxx2/index.php/Sroom/index/ | SQL: SHOW COLUMNS FROM `think_login` [ RunTime:0.003765s ]
[ 2012-11-19T16:30:51+08:00 ] /xxx2/index.php/Sroom/index/ | SQL: SELECT * FROM `think_login` WHERE username='' LIMIT 1   [ RunTime:0.000624s ]
[ 2012-11-19T16:30:51+08:00 ] /xxx2/index.php/Sroom/index/ | SQL: SHOW COLUMNS FROM `think_teacher` [ RunTime:0.003633s ]
[ 2012-11-19T16:30:51+08:00 ] /xxx2/index.php/Sroom/index/ | SQL: SELECT * FROM `think_teacher` WHERE username='' LIMIT 1   [ RunTime:0.000989s ]
[ 2012-11-19T16:30:51+08:00 ] /xxx2/index.php/Sroom/index/ | INFO: Tag[ view_template ] --START--
[ 2012-11-19T16:30:51+08:00 ] /xxx2/index.php/Sroom/index/ | INFO: Run LocationTemplate Behavior [ RunTime:0.000740s ]
[ 2012-11-19T16:30:51+08:00 ] /xxx2/index.php/Sroom/index/ | INFO: Tag[ view_template ] --END-- [ RunTime:0.000831s ]
[ 2012-11-19T16:30:51+08:00 ] /xxx2/index.php/Sroom/index/ | INFO: Tag[ view_parse ] --START--
[ 2012-11-19T16:30:51+08:00 ] /xxx2/index.php/Sroom/index/ | NOTIC: [8] Undefined variable: title 5975e7a2433ec92e3353b8ad18204677.php 第 10 行.
[ 2012-11-19T16:30:51+08:00 ] /xxx2/index.php/Sroom/index/ | INFO: Run ParseTemplate Behavior [ RunTime:0.010853s ]
[ 2012-11-19T16:30:51+08:00 ] /xxx2/index.php/Sroom/index/ | INFO: Tag[ view_parse ] --END-- [ RunTime:0.010944s ]
[ 2012-11-19T16:30:51+08:00 ] /xxx2/index.php/Sroom/index/ | INFO: Tag[ view_filter ] --START--
[ 2012-11-19T16:30:51+08:00 ] /xxx2/index.php/Sroom/index/ | INFO: Run ContentReplace Behavior [ RunTime:0.000544s ]
[ 2012-11-19T16:30:51+08:00 ] /xxx2/index.php/Sroom/index/ | INFO: Run TokenBuild Behavior [ RunTime:0.000466s ]
[ 2012-11-19T16:30:51+08:00 ] /xxx2/index.php/Sroom/index/ | INFO: Run WriteHtmlCache Behavior [ RunTime:0.000407s ]
[ 2012-11-19T16:30:51+08:00 ] /xxx2/index.php/Sroom/index/ | INFO: Run ShowRuntime Behavior [ RunTime:0.000896s ]
[ 2012-11-19T16:30:51+08:00 ] /xxx2/index.php/Sroom/index/ | INFO: Tag[ view_filter ] --END-- [ RunTime:0.002539s ]
[ 2012-11-19T16:30:51+08:00 ] /xxx2/index.php/Sroom/index/ | INFO: Tag[ view_end ] --START--
[ 2012-11-19T16:30:51+08:00 ] /xxx2/index.php/Sroom/index/ | INFO: Run ShowPageTrace Behavior [ RunTime:0.000495s ]
[ 2012-11-19T16:30:51+08:00 ] /xxx2/index.php/Sroom/index/ | INFO: Tag[ view_end ] --END-- [ RunTime:0.000560s ]
[ 2012-11-19T16:30:51+08:00 ] /xxx2/index.php/Sroom/basic_info | INFO: Tag[ route_check ] --START--
[ 2012-11-19T16:30:51+08:00 ] /xxx2/index.php/Sroom/basic_info | INFO: Run CheckRoute Behavior [ RunTime:0.001385s ]
[ 2012-11-19T16:30:51+08:00 ] /xxx2/index.php/Sroom/basic_info | INFO: Tag[ route_check ] --END-- [ RunTime:0.001521s ]
[ 2012-11-19T16:30:51+08:00 ] /xxx2/index.php/Sroom/basic_info | INFO: Tag[ app_begin ] --START--
[ 2012-11-19T16:30:51+08:00 ] /xxx2/index.php/Sroom/basic_info | INFO: Run ReadHtmlCache Behavior [ RunTime:0.000934s ]
[ 2012-11-19T16:30:51+08:00 ] /xxx2/index.php/Sroom/basic_info | INFO: Tag[ app_begin ] --END-- [ RunTime:0.001018s ]
[ 2012-11-19T16:30:51+08:00 ] /xxx2/index.php/Sroom/basic_info | NOTIC: [8] Undefined index: username functions.php 第 441 行.
[ 2012-11-19T16:30:51+08:00 ] /xxx2/index.php/Sroom/basic_info | SQL: SHOW COLUMNS FROM `think_teacher` [ RunTime:0.003303s ]
[ 2012-11-19T16:30:51+08:00 ] /xxx2/index.php/Sroom/basic_info | SQL: SELECT * FROM `think_teacher` WHERE username='' LIMIT 1   [ RunTime:0.000860s ]
[ 2012-11-19T16:30:51+08:00 ] /xxx2/index.php/Sroom/basic_info | NOTIC: [8] Undefined variable: teacher_class SroomAction.class.php 第 45 行.
[ 2012-11-19T16:30:51+08:00 ] /xxx2/index.php/Sroom/basic_info | INFO: Tag[ view_template ] --START--
[ 2012-11-19T16:30:51+08:00 ] /xxx2/index.php/Sroom/basic_info | INFO: Run LocationTemplate Behavior [ RunTime:0.001049s ]
[ 2012-11-19T16:30:51+08:00 ] /xxx2/index.php/Sroom/basic_info | INFO: Tag[ view_template ] --END-- [ RunTime:0.001142s ]
[ 2012-11-19T16:30:51+08:00 ] /xxx2/index.php/Sroom/basic_info | INFO: Tag[ view_parse ] --START--
[ 2012-11-19T16:30:51+08:00 ] /xxx2/index.php/Sroom/basic_info | INFO: Run ParseTemplate Behavior [ RunTime:0.021817s ]
[ 2012-11-19T16:30:51+08:00 ] /xxx2/index.php/Sroom/basic_info | INFO: Tag[ view_parse ] --END-- [ RunTime:0.021966s ]
[ 2012-11-19T16:30:51+08:00 ] /xxx2/index.php/Sroom/basic_info | INFO: Tag[ view_filter ] --START--
[ 2012-11-19T16:30:51+08:00 ] /xxx2/index.php/Sroom/basic_info | INFO: Run ContentReplace Behavior [ RunTime:0.000720s ]
[ 2012-11-19T16:30:51+08:00 ] /xxx2/index.php/Sroom/basic_info | INFO: Run TokenBuild Behavior [ RunTime:0.000969s ]
[ 2012-11-19T16:30:51+08:00 ] /xxx2/index.php/Sroom/basic_info | INFO: Run WriteHtmlCache Behavior [ RunTime:0.000686s ]
[ 2012-11-19T16:30:51+08:00 ] /xxx2/index.php/Sroom/basic_info | INFO: Run ShowRuntime Behavior [ RunTime:0.000835s ]
[ 2012-11-19T16:30:51+08:00 ] /xxx2/index.php/Sroom/basic_info | INFO: Tag[ view_filter ] --END-- [ RunTime:0.003486s ]
[ 2012-11-19T16:30:51+08:00 ] /xxx2/index.php/Sroom/basic_info | NOTIC: [2] Cannot modify header information - headers already sent by (output started at D:\XAMPP\xampp\htdocs\xxx2\home\Lib\Action\SroomAction.class.php:40) View.class.php 第 120 行.
[ 2012-11-19T16:30:51+08:00 ] /xxx2/index.php/Sroom/basic_info | NOTIC: [2] Cannot modify header information - headers already sent by (output started at D:\XAMPP\xampp\htdocs\xxx2\home\Lib\Action\SroomAction.class.php:40) View.class.php 第 121 行.
[ 2012-11-19T16:30:51+08:00 ] /xxx2/index.php/Sroom/basic_info | NOTIC: [2] Cannot modify header information - headers already sent by (output started at D:\XAMPP\xampp\htdocs\xxx2\home\Lib\Action\SroomAction.class.php:40) View.class.php 第 122 行.
[ 2012-11-19T16:30:51+08:00 ] /xxx2/index.php/Sroom/basic_info | INFO: Tag[ view_end ] --START--
[ 2012-11-19T16:30:51+08:00 ] /xxx2/index.php/Sroom/basic_info | INFO: Run ShowPageTrace Behavior [ RunTime:0.000782s ]
[ 2012-11-19T16:30:51+08:00 ] /xxx2/index.php/Sroom/basic_info | INFO: Tag[ view_end ] --END-- [ RunTime:0.000864s ]
[ 2012-11-19T16:30:55+08:00 ] /xxx2/index.php/Sroom/head_img/ | INFO: Tag[ route_check ] --START--
[ 2012-11-19T16:30:55+08:00 ] /xxx2/index.php/Sroom/head_img/ | INFO: Run CheckRoute Behavior [ RunTime:0.001020s ]
[ 2012-11-19T16:30:55+08:00 ] /xxx2/index.php/Sroom/head_img/ | INFO: Tag[ route_check ] --END-- [ RunTime:0.001127s ]
[ 2012-11-19T16:30:55+08:00 ] /xxx2/index.php/Sroom/head_img/ | INFO: Tag[ app_begin ] --START--
[ 2012-11-19T16:30:55+08:00 ] /xxx2/index.php/Sroom/head_img/ | INFO: Run ReadHtmlCache Behavior [ RunTime:0.000695s ]
[ 2012-11-19T16:30:55+08:00 ] /xxx2/index.php/Sroom/head_img/ | INFO: Tag[ app_begin ] --END-- [ RunTime:0.000779s ]
[ 2012-11-19T16:30:55+08:00 ] /xxx2/index.php/Sroom/head_img/ | INFO: Tag[ view_template ] --START--
[ 2012-11-19T16:30:55+08:00 ] /xxx2/index.php/Sroom/head_img/ | INFO: Run LocationTemplate Behavior [ RunTime:0.000694s ]
[ 2012-11-19T16:30:55+08:00 ] /xxx2/index.php/Sroom/head_img/ | INFO: Tag[ view_template ] --END-- [ RunTime:0.000793s ]
[ 2012-11-19T16:30:55+08:00 ] /xxx2/index.php/Sroom/head_img/ | INFO: Tag[ view_parse ] --START--
[ 2012-11-19T16:30:55+08:00 ] /xxx2/index.php/Sroom/head_img/ | INFO: Run ParseTemplate Behavior [ RunTime:0.008133s ]
[ 2012-11-19T16:30:55+08:00 ] /xxx2/index.php/Sroom/head_img/ | INFO: Tag[ view_parse ] --END-- [ RunTime:0.008269s ]
[ 2012-11-19T16:30:55+08:00 ] /xxx2/index.php/Sroom/head_img/ | INFO: Tag[ view_filter ] --START--
[ 2012-11-19T16:30:55+08:00 ] /xxx2/index.php/Sroom/head_img/ | INFO: Run ContentReplace Behavior [ RunTime:0.000417s ]
[ 2012-11-19T16:30:55+08:00 ] /xxx2/index.php/Sroom/head_img/ | INFO: Run TokenBuild Behavior [ RunTime:0.000450s ]
[ 2012-11-19T16:30:55+08:00 ] /xxx2/index.php/Sroom/head_img/ | INFO: Run WriteHtmlCache Behavior [ RunTime:0.000242s ]
[ 2012-11-19T16:30:55+08:00 ] /xxx2/index.php/Sroom/head_img/ | INFO: Run ShowRuntime Behavior [ RunTime:0.000502s ]
[ 2012-11-19T16:30:55+08:00 ] /xxx2/index.php/Sroom/head_img/ | INFO: Tag[ view_filter ] --END-- [ RunTime:0.001780s ]
[ 2012-11-19T16:30:55+08:00 ] /xxx2/index.php/Sroom/head_img/ | INFO: Tag[ view_end ] --START--
[ 2012-11-19T16:30:55+08:00 ] /xxx2/index.php/Sroom/head_img/ | INFO: Run ShowPageTrace Behavior [ RunTime:0.000465s ]
[ 2012-11-19T16:30:55+08:00 ] /xxx2/index.php/Sroom/head_img/ | INFO: Tag[ view_end ] --END-- [ RunTime:0.000529s ]
