[ 2012-12-11T20:03:30+08:00 ] /xxx2/ | INFO: Tag[ app_begin ] --START--
[ 2012-12-11T20:03:30+08:00 ] /xxx2/ | INFO: Run ReadHtmlCache Behavior [ RunTime:0.003589s ]
[ 2012-12-11T20:03:30+08:00 ] /xxx2/ | INFO: Tag[ app_begin ] --END-- [ RunTime:0.021106s ]
[ 2012-12-11T20:03:30+08:00 ] /xxx2/ | NOTIC: [2] Cannot modify header information - headers already sent by (output started at D:\XAMPP\xampp\htdocs\xxx2\home\Lib\Action\IndexAction.class.php:1) IndexAction.class.php 第 6 行.
[ 2012-12-11T20:03:31+08:00 ] /xxx2/ | SQL: SHOW COLUMNS FROM `think_catalog` [ RunTime:0.195337s ]
[ 2012-12-11T20:03:31+08:00 ] /xxx2/ | SQL: SELECT `id`,`f_cata` FROM `think_catalog` WHERE f_id=0 ORDER BY id asc  [ RunTime:0.035536s ]
[ 2012-12-11T20:03:31+08:00 ] /xxx2/ | SQL: SHOW COLUMNS FROM `think_link` [ RunTime:0.085438s ]
[ 2012-12-11T20:03:31+08:00 ] /xxx2/ | SQL: SELECT `id`,`addr`,`info` FROM `think_link` ORDER BY id desc  [ RunTime:0.028969s ]
[ 2012-12-11T20:03:31+08:00 ] /xxx2/ | SQL: SHOW COLUMNS FROM `think_tongzhi` [ RunTime:0.057946s ]
[ 2012-12-11T20:03:31+08:00 ] /xxx2/ | SQL: SELECT `id`,`title`,`content`,`name`,`dt` FROM `think_tongzhi` ORDER BY id desc  [ RunTime:0.001123s ]
[ 2012-12-11T20:03:31+08:00 ] /xxx2/ | NOTIC: [8] Undefined index: username functions.php 第 441 行.
[ 2012-12-11T20:03:31+08:00 ] /xxx2/ | INFO: Tag[ view_template ] --START--
[ 2012-12-11T20:03:31+08:00 ] /xxx2/ | INFO: Run LocationTemplate Behavior [ RunTime:0.067429s ]
[ 2012-12-11T20:03:31+08:00 ] /xxx2/ | INFO: Tag[ view_template ] --END-- [ RunTime:0.067541s ]
[ 2012-12-11T20:03:31+08:00 ] /xxx2/ | INFO: Tag[ view_parse ] --START--
[ 2012-12-11T20:03:31+08:00 ] /xxx2/ | NOTIC: [8] Undefined index: addr d046431aa157c89f3a1c30c426be003b.php 第 89 行.
[ 2012-12-11T20:03:31+08:00 ] /xxx2/ | NOTIC: [8] Undefined index: addr d046431aa157c89f3a1c30c426be003b.php 第 90 行.
[ 2012-12-11T20:03:31+08:00 ] /xxx2/ | NOTIC: [8] Undefined index: addr d046431aa157c89f3a1c30c426be003b.php 第 91 行.
[ 2012-12-11T20:03:31+08:00 ] /xxx2/ | INFO: Run ParseTemplate Behavior [ RunTime:0.074431s ]
[ 2012-12-11T20:03:31+08:00 ] /xxx2/ | INFO: Tag[ view_parse ] --END-- [ RunTime:0.074515s ]
[ 2012-12-11T20:03:31+08:00 ] /xxx2/ | INFO: Tag[ view_filter ] --START--
[ 2012-12-11T20:03:31+08:00 ] /xxx2/ | INFO: Run ContentReplace Behavior [ RunTime:0.026406s ]
[ 2012-12-11T20:03:31+08:00 ] /xxx2/ | INFO: Run TokenBuild Behavior [ RunTime:0.001534s ]
[ 2012-12-11T20:03:31+08:00 ] /xxx2/ | INFO: Run WriteHtmlCache Behavior [ RunTime:0.000969s ]
[ 2012-12-11T20:03:31+08:00 ] /xxx2/ | INFO: Run ShowRuntime Behavior [ RunTime:0.001195s ]
[ 2012-12-11T20:03:31+08:00 ] /xxx2/ | INFO: Tag[ view_filter ] --END-- [ RunTime:0.030328s ]
[ 2012-12-11T20:03:31+08:00 ] /xxx2/ | NOTIC: [2] Cannot modify header information - headers already sent by (output started at D:\XAMPP\xampp\htdocs\xxx2\home\Lib\Action\IndexAction.class.php:1) View.class.php 第 120 行.
[ 2012-12-11T20:03:31+08:00 ] /xxx2/ | NOTIC: [2] Cannot modify header information - headers already sent by (output started at D:\XAMPP\xampp\htdocs\xxx2\home\Lib\Action\IndexAction.class.php:1) View.class.php 第 121 行.
[ 2012-12-11T20:03:31+08:00 ] /xxx2/ | NOTIC: [2] Cannot modify header information - headers already sent by (output started at D:\XAMPP\xampp\htdocs\xxx2\home\Lib\Action\IndexAction.class.php:1) View.class.php 第 122 行.
[ 2012-12-11T20:03:31+08:00 ] /xxx2/ | INFO: Tag[ view_end ] --START--
[ 2012-12-11T20:03:31+08:00 ] /xxx2/ | INFO: Run ShowPageTrace Behavior [ RunTime:0.001084s ]
[ 2012-12-11T20:03:31+08:00 ] /xxx2/ | INFO: Tag[ view_end ] --END-- [ RunTime:0.001152s ]
[ 2012-12-11T20:05:38+08:00 ] /xxx2/index.php/Index/login | INFO: Tag[ route_check ] --START--
[ 2012-12-11T20:05:38+08:00 ] /xxx2/index.php/Index/login | INFO: Run CheckRoute Behavior [ RunTime:0.050762s ]
[ 2012-12-11T20:05:38+08:00 ] /xxx2/index.php/Index/login | INFO: Tag[ route_check ] --END-- [ RunTime:0.050898s ]
[ 2012-12-11T20:05:38+08:00 ] /xxx2/index.php/Index/login | INFO: Tag[ app_begin ] --START--
[ 2012-12-11T20:05:38+08:00 ] /xxx2/index.php/Index/login | INFO: Run ReadHtmlCache Behavior [ RunTime:0.001575s ]
[ 2012-12-11T20:05:38+08:00 ] /xxx2/index.php/Index/login | INFO: Tag[ app_begin ] --END-- [ RunTime:0.001674s ]
[ 2012-12-11T20:05:38+08:00 ] /xxx2/index.php/Index/login | NOTIC: [8] A session had already been started - ignoring session_start() IndexAction.class.php 第 75 行.
[ 2012-12-11T20:05:38+08:00 ] /xxx2/index.php/Index/login | NOTIC: [2] Cannot modify header information - headers already sent by (output started at D:\XAMPP\xampp\htdocs\xxx2\home\Lib\Action\IndexAction.class.php:1) IndexAction.class.php 第 76 行.
[ 2012-12-11T20:05:38+08:00 ] /xxx2/index.php/Index/login | SQL: SHOW COLUMNS FROM `think_login` [ RunTime:0.091519s ]
[ 2012-12-11T20:05:38+08:00 ] /xxx2/index.php/Index/login | SQL: SELECT * FROM `think_login` WHERE username='admin' and pwd='21232f297a57a5a743894a0e4a801fc3' LIMIT 1   [ RunTime:0.162558s ]
[ 2012-12-11T20:05:38+08:00 ] /xxx2/index.php/Index/login | SQL: SHOW COLUMNS FROM `think_teacher` [ RunTime:0.167450s ]
[ 2012-12-11T20:05:38+08:00 ] /xxx2/index.php/Index/login | SQL: SELECT * FROM `think_teacher` WHERE username='admin' and pwd='admin' LIMIT 1   [ RunTime:0.001206s ]
[ 2012-12-11T20:05:38+08:00 ] /xxx2/index.php/Index/login | NOTIC: [8] Undefined index: logins IndexAction.class.php 第 98 行.
[ 2012-12-11T20:05:38+08:00 ] /xxx2/index.php/Index/login | SQL: UPDATE `think_login` SET `id`='1',`username`='admin',`pwd`='admin',`name`='朱全银',`phone`='2',`qq`='3' WHERE username='admin' [ RunTime:0.097969s ]
[ 2012-12-11T20:05:38+08:00 ] /xxx2/index.php/Index/login | NOTIC: [8] Use of undefined constant username - assumed 'username' IndexAction.class.php 第 100 行.
[ 2012-12-11T20:05:38+08:00 ] /xxx2/index.php/Index/login | NOTIC: [8] Use of undefined constant shenfen - assumed 'shenfen' IndexAction.class.php 第 101 行.
[ 2012-12-11T20:05:38+08:00 ] /xxx2/index.php/Index/login | INFO: Tag[ view_template ] --START--
[ 2012-12-11T20:05:38+08:00 ] /xxx2/index.php/Index/login | INFO: Run LocationTemplate Behavior [ RunTime:0.001481s ]
[ 2012-12-11T20:05:38+08:00 ] /xxx2/index.php/Index/login | INFO: Tag[ view_template ] --END-- [ RunTime:0.001569s ]
[ 2012-12-11T20:05:38+08:00 ] /xxx2/index.php/Index/login | INFO: Tag[ view_parse ] --START--
[ 2012-12-11T20:05:38+08:00 ] /xxx2/index.php/Index/login | INFO: Run ParseTemplate Behavior [ RunTime:0.065730s ]
[ 2012-12-11T20:05:38+08:00 ] /xxx2/index.php/Index/login | INFO: Tag[ view_parse ] --END-- [ RunTime:0.066037s ]
[ 2012-12-11T20:05:38+08:00 ] /xxx2/index.php/Index/login | INFO: Tag[ view_filter ] --START--
[ 2012-12-11T20:05:38+08:00 ] /xxx2/index.php/Index/login | INFO: Run ContentReplace Behavior [ RunTime:0.000927s ]
[ 2012-12-11T20:05:38+08:00 ] /xxx2/index.php/Index/login | INFO: Run TokenBuild Behavior [ RunTime:0.001194s ]
[ 2012-12-11T20:05:38+08:00 ] /xxx2/index.php/Index/login | INFO: Run WriteHtmlCache Behavior [ RunTime:0.000707s ]
[ 2012-12-11T20:05:38+08:00 ] /xxx2/index.php/Index/login | INFO: Run ShowRuntime Behavior [ RunTime:0.000986s ]
[ 2012-12-11T20:05:38+08:00 ] /xxx2/index.php/Index/login | INFO: Tag[ view_filter ] --END-- [ RunTime:0.004065s ]
[ 2012-12-11T20:05:38+08:00 ] /xxx2/index.php/Index/login | NOTIC: [2] Cannot modify header information - headers already sent by (output started at D:\XAMPP\xampp\htdocs\xxx2\home\Lib\Action\IndexAction.class.php:1) View.class.php 第 120 行.
[ 2012-12-11T20:05:38+08:00 ] /xxx2/index.php/Index/login | NOTIC: [2] Cannot modify header information - headers already sent by (output started at D:\XAMPP\xampp\htdocs\xxx2\home\Lib\Action\IndexAction.class.php:1) View.class.php 第 121 行.
[ 2012-12-11T20:05:38+08:00 ] /xxx2/index.php/Index/login | NOTIC: [2] Cannot modify header information - headers already sent by (output started at D:\XAMPP\xampp\htdocs\xxx2\home\Lib\Action\IndexAction.class.php:1) View.class.php 第 122 行.
[ 2012-12-11T20:05:38+08:00 ] /xxx2/index.php/Index/login | INFO: Tag[ view_end ] --START--
[ 2012-12-11T20:05:38+08:00 ] /xxx2/index.php/Index/login | INFO: Run ShowPageTrace Behavior [ RunTime:0.001087s ]
[ 2012-12-11T20:05:38+08:00 ] /xxx2/index.php/Index/login | INFO: Tag[ view_end ] --END-- [ RunTime:0.001161s ]
[ 2012-12-11T20:05:40+08:00 ] /xxx2/index.php/Show/index | INFO: Tag[ route_check ] --START--
[ 2012-12-11T20:05:40+08:00 ] /xxx2/index.php/Show/index | INFO: Run CheckRoute Behavior [ RunTime:0.000989s ]
[ 2012-12-11T20:05:40+08:00 ] /xxx2/index.php/Show/index | INFO: Tag[ route_check ] --END-- [ RunTime:0.001089s ]
[ 2012-12-11T20:05:40+08:00 ] /xxx2/index.php/Show/index | INFO: Tag[ app_begin ] --START--
[ 2012-12-11T20:05:40+08:00 ] /xxx2/index.php/Show/index | INFO: Run ReadHtmlCache Behavior [ RunTime:0.000726s ]
[ 2012-12-11T20:05:40+08:00 ] /xxx2/index.php/Show/index | INFO: Tag[ app_begin ] --END-- [ RunTime:0.000797s ]
[ 2012-12-11T20:05:40+08:00 ] /xxx2/index.php/Show/index | NOTIC: [2] Cannot modify header information - headers already sent by (output started at D:\XAMPP\xampp\htdocs\xxx2\home\Lib\Action\ShowAction.class.php:1) ShowAction.class.php 第 8 行.
[ 2012-12-11T20:05:40+08:00 ] /xxx2/index.php/Show/index | SQL: SHOW COLUMNS FROM `think_catalog` [ RunTime:0.002864s ]
[ 2012-12-11T20:05:40+08:00 ] /xxx2/index.php/Show/index | SQL: SELECT `id`,`f_cata`,`isf`,`f_id`,`p_id` FROM `think_catalog` ORDER BY id asc  [ RunTime:0.001677s ]
[ 2012-12-11T20:05:40+08:00 ] /xxx2/index.php/Show/index | NOTIC: [8] Undefined variable: link_list ShowAction.class.php 第 16 行.
[ 2012-12-11T20:05:40+08:00 ] /xxx2/index.php/Show/index | NOTIC: [8] Undefined variable: tongzhi_list ShowAction.class.php 第 18 行.
[ 2012-12-11T20:05:40+08:00 ] /xxx2/index.php/Show/index | INFO: Tag[ view_template ] --START--
[ 2012-12-11T20:05:40+08:00 ] /xxx2/index.php/Show/index | INFO: Run LocationTemplate Behavior [ RunTime:0.038085s ]
[ 2012-12-11T20:05:40+08:00 ] /xxx2/index.php/Show/index | INFO: Tag[ view_template ] --END-- [ RunTime:0.038214s ]
[ 2012-12-11T20:05:40+08:00 ] /xxx2/index.php/Show/index | INFO: Tag[ view_parse ] --START--
[ 2012-12-11T20:05:40+08:00 ] /xxx2/index.php/Show/index | NOTIC: [8] Undefined variable: count 4114fbf5f7e547e5b806b05cdf8d53ce.php 第 58 行.
[ 2012-12-11T20:05:40+08:00 ] /xxx2/index.php/Show/index | INFO: Run ParseTemplate Behavior [ RunTime:0.034241s ]
[ 2012-12-11T20:05:40+08:00 ] /xxx2/index.php/Show/index | INFO: Tag[ view_parse ] --END-- [ RunTime:0.034327s ]
[ 2012-12-11T20:05:40+08:00 ] /xxx2/index.php/Show/index | INFO: Tag[ view_filter ] --START--
[ 2012-12-11T20:05:40+08:00 ] /xxx2/index.php/Show/index | INFO: Run ContentReplace Behavior [ RunTime:0.000716s ]
[ 2012-12-11T20:05:40+08:00 ] /xxx2/index.php/Show/index | INFO: Run TokenBuild Behavior [ RunTime:0.000519s ]
[ 2012-12-11T20:05:40+08:00 ] /xxx2/index.php/Show/index | INFO: Run WriteHtmlCache Behavior [ RunTime:0.000297s ]
[ 2012-12-11T20:05:40+08:00 ] /xxx2/index.php/Show/index | INFO: Run ShowRuntime Behavior [ RunTime:0.000635s ]
[ 2012-12-11T20:05:40+08:00 ] /xxx2/index.php/Show/index | INFO: Tag[ view_filter ] --END-- [ RunTime:0.002504s ]
[ 2012-12-11T20:05:40+08:00 ] /xxx2/index.php/Show/index | NOTIC: [2] Cannot modify header information - headers already sent by (output started at D:\XAMPP\xampp\htdocs\xxx2\home\Lib\Action\ShowAction.class.php:1) View.class.php 第 120 行.
[ 2012-12-11T20:05:40+08:00 ] /xxx2/index.php/Show/index | NOTIC: [2] Cannot modify header information - headers already sent by (output started at D:\XAMPP\xampp\htdocs\xxx2\home\Lib\Action\ShowAction.class.php:1) View.class.php 第 121 行.
[ 2012-12-11T20:05:40+08:00 ] /xxx2/index.php/Show/index | NOTIC: [2] Cannot modify header information - headers already sent by (output started at D:\XAMPP\xampp\htdocs\xxx2\home\Lib\Action\ShowAction.class.php:1) View.class.php 第 122 行.
[ 2012-12-11T20:05:40+08:00 ] /xxx2/index.php/Show/index | INFO: Tag[ view_end ] --START--
[ 2012-12-11T20:05:40+08:00 ] /xxx2/index.php/Show/index | INFO: Run ShowPageTrace Behavior [ RunTime:0.001446s ]
[ 2012-12-11T20:05:40+08:00 ] /xxx2/index.php/Show/index | INFO: Tag[ view_end ] --END-- [ RunTime:0.001547s ]
[ 2012-12-11T20:05:41+08:00 ] /xxx2/index.php/Show/resources/images/closelabel.gif | ERR: (ThinkException) 非法操作resources
[ 2012-12-11T20:05:41+08:00 ] /xxx2/index.php/Show/welcome | INFO: Tag[ route_check ] --START--
[ 2012-12-11T20:05:41+08:00 ] /xxx2/index.php/Show/welcome | INFO: Run CheckRoute Behavior [ RunTime:0.001824s ]
[ 2012-12-11T20:05:41+08:00 ] /xxx2/index.php/Show/welcome | INFO: Tag[ route_check ] --END-- [ RunTime:0.001997s ]
[ 2012-12-11T20:05:41+08:00 ] /xxx2/index.php/Show/welcome | INFO: Tag[ app_begin ] --START--
[ 2012-12-11T20:05:41+08:00 ] /xxx2/index.php/Show/welcome | INFO: Run ReadHtmlCache Behavior [ RunTime:0.001090s ]
[ 2012-12-11T20:05:41+08:00 ] /xxx2/index.php/Show/welcome | INFO: Tag[ app_begin ] --END-- [ RunTime:0.001173s ]
[ 2012-12-11T20:05:41+08:00 ] /xxx2/index.php/Show/welcome | INFO: Tag[ view_template ] --START--
[ 2012-12-11T20:05:41+08:00 ] /xxx2/index.php/Show/welcome | INFO: Run LocationTemplate Behavior [ RunTime:0.001804s ]
[ 2012-12-11T20:05:41+08:00 ] /xxx2/index.php/Show/welcome | INFO: Tag[ view_template ] --END-- [ RunTime:0.001908s ]
[ 2012-12-11T20:05:41+08:00 ] /xxx2/index.php/Show/welcome | INFO: Tag[ view_parse ] --START--
[ 2012-12-11T20:05:41+08:00 ] /xxx2/index.php/Show/welcome | INFO: Run ParseTemplate Behavior [ RunTime:0.060179s ]
[ 2012-12-11T20:05:41+08:00 ] /xxx2/index.php/Show/welcome | INFO: Tag[ view_parse ] --END-- [ RunTime:0.060310s ]
[ 2012-12-11T20:05:41+08:00 ] /xxx2/index.php/Show/welcome | INFO: Tag[ view_filter ] --START--
[ 2012-12-11T20:05:41+08:00 ] /xxx2/index.php/Show/welcome | INFO: Run ContentReplace Behavior [ RunTime:0.001414s ]
[ 2012-12-11T20:05:41+08:00 ] /xxx2/index.php/Show/welcome | INFO: Run TokenBuild Behavior [ RunTime:0.001245s ]
[ 2012-12-11T20:05:41+08:00 ] /xxx2/index.php/Show/welcome | INFO: Run WriteHtmlCache Behavior [ RunTime:0.000809s ]
[ 2012-12-11T20:05:41+08:00 ] /xxx2/index.php/Show/welcome | INFO: Run ShowRuntime Behavior [ RunTime:0.000872s ]
[ 2012-12-11T20:05:41+08:00 ] /xxx2/index.php/Show/welcome | INFO: Tag[ view_filter ] --END-- [ RunTime:0.004630s ]
[ 2012-12-11T20:05:41+08:00 ] /xxx2/index.php/Show/welcome | NOTIC: [2] Cannot modify header information - headers already sent by (output started at D:\XAMPP\xampp\htdocs\xxx2\home\Lib\Action\ShowAction.class.php:1) View.class.php 第 120 行.
[ 2012-12-11T20:05:41+08:00 ] /xxx2/index.php/Show/welcome | NOTIC: [2] Cannot modify header information - headers already sent by (output started at D:\XAMPP\xampp\htdocs\xxx2\home\Lib\Action\ShowAction.class.php:1) View.class.php 第 121 行.
[ 2012-12-11T20:05:41+08:00 ] /xxx2/index.php/Show/welcome | NOTIC: [2] Cannot modify header information - headers already sent by (output started at D:\XAMPP\xampp\htdocs\xxx2\home\Lib\Action\ShowAction.class.php:1) View.class.php 第 122 行.
[ 2012-12-11T20:05:41+08:00 ] /xxx2/index.php/Show/welcome | INFO: Tag[ view_end ] --START--
[ 2012-12-11T20:05:41+08:00 ] /xxx2/index.php/Show/welcome | INFO: Run ShowPageTrace Behavior [ RunTime:0.000857s ]
[ 2012-12-11T20:05:41+08:00 ] /xxx2/index.php/Show/welcome | INFO: Tag[ view_end ] --END-- [ RunTime:0.000923s ]
[ 2012-12-11T20:05:43+08:00 ] /xxx2/index.php/Sroom/index/ | INFO: Tag[ route_check ] --START--
[ 2012-12-11T20:05:43+08:00 ] /xxx2/index.php/Sroom/index/ | INFO: Run CheckRoute Behavior [ RunTime:0.001224s ]
[ 2012-12-11T20:05:43+08:00 ] /xxx2/index.php/Sroom/index/ | INFO: Tag[ route_check ] --END-- [ RunTime:0.001348s ]
[ 2012-12-11T20:05:43+08:00 ] /xxx2/index.php/Sroom/index/ | INFO: Tag[ app_begin ] --START--
[ 2012-12-11T20:05:43+08:00 ] /xxx2/index.php/Sroom/index/ | INFO: Run ReadHtmlCache Behavior [ RunTime:0.000688s ]
[ 2012-12-11T20:05:43+08:00 ] /xxx2/index.php/Sroom/index/ | INFO: Tag[ app_begin ] --END-- [ RunTime:0.000759s ]
[ 2012-12-11T20:05:43+08:00 ] /xxx2/index.php/Sroom/index/ | SQL: SHOW COLUMNS FROM `think_teacher` [ RunTime:0.002564s ]
[ 2012-12-11T20:05:43+08:00 ] /xxx2/index.php/Sroom/index/ | SQL: SELECT * FROM `think_teacher` WHERE username='admin' LIMIT 1   [ RunTime:0.001028s ]
[ 2012-12-11T20:05:43+08:00 ] /xxx2/index.php/Sroom/index/ | INFO: Tag[ view_template ] --START--
[ 2012-12-11T20:05:44+08:00 ] /xxx2/index.php/Sroom/index/ | INFO: Run LocationTemplate Behavior [ RunTime:0.040947s ]
[ 2012-12-11T20:05:44+08:00 ] /xxx2/index.php/Sroom/index/ | INFO: Tag[ view_template ] --END-- [ RunTime:0.041056s ]
[ 2012-12-11T20:05:44+08:00 ] /xxx2/index.php/Sroom/index/ | INFO: Tag[ view_parse ] --START--
[ 2012-12-11T20:05:44+08:00 ] /xxx2/index.php/Sroom/index/ | NOTIC: [8] Undefined variable: title 5975e7a2433ec92e3353b8ad18204677.php 第 10 行.
[ 2012-12-11T20:05:44+08:00 ] /xxx2/index.php/Sroom/index/ | INFO: Run ParseTemplate Behavior [ RunTime:0.043932s ]
[ 2012-12-11T20:05:44+08:00 ] /xxx2/index.php/Sroom/index/ | INFO: Tag[ view_parse ] --END-- [ RunTime:0.044020s ]
[ 2012-12-11T20:05:44+08:00 ] /xxx2/index.php/Sroom/index/ | INFO: Tag[ view_filter ] --START--
[ 2012-12-11T20:05:44+08:00 ] /xxx2/index.php/Sroom/index/ | INFO: Run ContentReplace Behavior [ RunTime:0.000506s ]
[ 2012-12-11T20:05:44+08:00 ] /xxx2/index.php/Sroom/index/ | INFO: Run TokenBuild Behavior [ RunTime:0.000469s ]
[ 2012-12-11T20:05:44+08:00 ] /xxx2/index.php/Sroom/index/ | INFO: Run WriteHtmlCache Behavior [ RunTime:0.000307s ]
[ 2012-12-11T20:05:44+08:00 ] /xxx2/index.php/Sroom/index/ | INFO: Run ShowRuntime Behavior [ RunTime:0.000598s ]
[ 2012-12-11T20:05:44+08:00 ] /xxx2/index.php/Sroom/index/ | INFO: Tag[ view_filter ] --END-- [ RunTime:0.002067s ]
[ 2012-12-11T20:05:44+08:00 ] /xxx2/index.php/Sroom/index/ | INFO: Tag[ view_end ] --START--
[ 2012-12-11T20:05:44+08:00 ] /xxx2/index.php/Sroom/index/ | INFO: Run ShowPageTrace Behavior [ RunTime:0.000593s ]
[ 2012-12-11T20:05:44+08:00 ] /xxx2/index.php/Sroom/index/ | INFO: Tag[ view_end ] --END-- [ RunTime:0.000665s ]
[ 2012-12-11T20:05:44+08:00 ] /xxx2/index.php/Sroom/basic_info | INFO: Tag[ route_check ] --START--
[ 2012-12-11T20:05:44+08:00 ] /xxx2/index.php/Sroom/basic_info | INFO: Run CheckRoute Behavior [ RunTime:0.000966s ]
[ 2012-12-11T20:05:44+08:00 ] /xxx2/index.php/Sroom/basic_info | INFO: Tag[ route_check ] --END-- [ RunTime:0.001201s ]
[ 2012-12-11T20:05:44+08:00 ] /xxx2/index.php/Sroom/basic_info | INFO: Tag[ app_begin ] --START--
[ 2012-12-11T20:05:44+08:00 ] /xxx2/index.php/Sroom/basic_info | INFO: Run ReadHtmlCache Behavior [ RunTime:0.000687s ]
[ 2012-12-11T20:05:44+08:00 ] /xxx2/index.php/Sroom/basic_info | INFO: Tag[ app_begin ] --END-- [ RunTime:0.000751s ]
[ 2012-12-11T20:05:44+08:00 ] /xxx2/index.php/Sroom/basic_info | SQL: SHOW COLUMNS FROM `think_teacher` [ RunTime:0.026146s ]
[ 2012-12-11T20:05:44+08:00 ] /xxx2/index.php/Sroom/basic_info | SQL: SELECT * FROM `think_teacher` WHERE username='admin' LIMIT 1   [ RunTime:0.001567s ]
[ 2012-12-11T20:05:44+08:00 ] /xxx2/index.php/Sroom/basic_info | SQL: SHOW COLUMNS FROM `think_class` [ RunTime:0.157187s ]
[ 2012-12-11T20:05:44+08:00 ] /xxx2/index.php/Sroom/basic_info | SQL: SELECT * FROM `think_class` WHERE teacher='朱全银'  [ RunTime:0.033658s ]
[ 2012-12-11T20:05:44+08:00 ] /xxx2/index.php/Sroom/basic_info | INFO: Tag[ view_template ] --START--
[ 2012-12-11T20:05:44+08:00 ] /xxx2/index.php/Sroom/basic_info | INFO: Run LocationTemplate Behavior [ RunTime:0.014934s ]
[ 2012-12-11T20:05:44+08:00 ] /xxx2/index.php/Sroom/basic_info | INFO: Tag[ view_template ] --END-- [ RunTime:0.015059s ]
[ 2012-12-11T20:05:44+08:00 ] /xxx2/index.php/Sroom/basic_info | INFO: Tag[ view_parse ] --START--
[ 2012-12-11T20:05:44+08:00 ] /xxx2/index.php/Sroom/basic_info | NOTIC: [8] Undefined index: addr 6569ff6c8c36748b93a6ed2c12040137.php 第 64 行.
[ 2012-12-11T20:05:44+08:00 ] /xxx2/index.php/Sroom/basic_info | INFO: Run ParseTemplate Behavior [ RunTime:0.053153s ]
[ 2012-12-11T20:05:44+08:00 ] /xxx2/index.php/Sroom/basic_info | INFO: Tag[ view_parse ] --END-- [ RunTime:0.053234s ]
[ 2012-12-11T20:05:44+08:00 ] /xxx2/index.php/Sroom/basic_info | INFO: Tag[ view_filter ] --START--
[ 2012-12-11T20:05:44+08:00 ] /xxx2/index.php/Sroom/basic_info | INFO: Run ContentReplace Behavior [ RunTime:0.000466s ]
[ 2012-12-11T20:05:44+08:00 ] /xxx2/index.php/Sroom/basic_info | INFO: Run TokenBuild Behavior [ RunTime:0.000525s ]
[ 2012-12-11T20:05:44+08:00 ] /xxx2/index.php/Sroom/basic_info | INFO: Run WriteHtmlCache Behavior [ RunTime:0.000319s ]
[ 2012-12-11T20:05:44+08:00 ] /xxx2/index.php/Sroom/basic_info | INFO: Run ShowRuntime Behavior [ RunTime:0.000578s ]
[ 2012-12-11T20:05:44+08:00 ] /xxx2/index.php/Sroom/basic_info | INFO: Tag[ view_filter ] --END-- [ RunTime:0.002063s ]
[ 2012-12-11T20:05:44+08:00 ] /xxx2/index.php/Sroom/basic_info | INFO: Tag[ view_end ] --START--
[ 2012-12-11T20:05:44+08:00 ] /xxx2/index.php/Sroom/basic_info | INFO: Run ShowPageTrace Behavior [ RunTime:0.000531s ]
[ 2012-12-11T20:05:44+08:00 ] /xxx2/index.php/Sroom/basic_info | INFO: Tag[ view_end ] --END-- [ RunTime:0.000596s ]
[ 2012-12-11T20:05:44+08:00 ] /xxx2/index.php/Sroom/index/resources/images/closelabel.gif | INFO: Tag[ route_check ] --START--
[ 2012-12-11T20:05:44+08:00 ] /xxx2/index.php/Sroom/index/resources/images/closelabel.gif | INFO: Run CheckRoute Behavior [ RunTime:0.001921s ]
[ 2012-12-11T20:05:44+08:00 ] /xxx2/index.php/Sroom/index/resources/images/closelabel.gif | INFO: Tag[ route_check ] --END-- [ RunTime:0.002062s ]
[ 2012-12-11T20:05:44+08:00 ] /xxx2/index.php/Sroom/index/resources/images/closelabel.gif | INFO: Tag[ app_begin ] --START--
[ 2012-12-11T20:05:44+08:00 ] /xxx2/index.php/Sroom/index/resources/images/closelabel.gif | INFO: Run ReadHtmlCache Behavior [ RunTime:0.001754s ]
[ 2012-12-11T20:05:44+08:00 ] /xxx2/index.php/Sroom/index/resources/images/closelabel.gif | INFO: Tag[ app_begin ] --END-- [ RunTime:0.001864s ]
[ 2012-12-11T20:05:44+08:00 ] /xxx2/index.php/Sroom/index/resources/images/closelabel.gif | SQL: SHOW COLUMNS FROM `think_teacher` [ RunTime:0.003516s ]
[ 2012-12-11T20:05:44+08:00 ] /xxx2/index.php/Sroom/index/resources/images/closelabel.gif | SQL: SELECT * FROM `think_teacher` WHERE username='admin' LIMIT 1   [ RunTime:0.000933s ]
[ 2012-12-11T20:05:44+08:00 ] /xxx2/index.php/Sroom/index/resources/images/closelabel.gif | INFO: Tag[ view_template ] --START--
[ 2012-12-11T20:05:44+08:00 ] /xxx2/index.php/Sroom/index/resources/images/closelabel.gif | INFO: Run LocationTemplate Behavior [ RunTime:0.002016s ]
[ 2012-12-11T20:05:44+08:00 ] /xxx2/index.php/Sroom/index/resources/images/closelabel.gif | INFO: Tag[ view_template ] --END-- [ RunTime:0.002130s ]
[ 2012-12-11T20:05:44+08:00 ] /xxx2/index.php/Sroom/index/resources/images/closelabel.gif | INFO: Tag[ view_parse ] --START--
[ 2012-12-11T20:05:44+08:00 ] /xxx2/index.php/Sroom/index/resources/images/closelabel.gif | NOTIC: [8] Undefined variable: title 5975e7a2433ec92e3353b8ad18204677.php 第 10 行.
[ 2012-12-11T20:05:44+08:00 ] /xxx2/index.php/Sroom/index/resources/images/closelabel.gif | INFO: Run ParseTemplate Behavior [ RunTime:0.042841s ]
[ 2012-12-11T20:05:44+08:00 ] /xxx2/index.php/Sroom/index/resources/images/closelabel.gif | INFO: Tag[ view_parse ] --END-- [ RunTime:0.042926s ]
[ 2012-12-11T20:05:44+08:00 ] /xxx2/index.php/Sroom/index/resources/images/closelabel.gif | INFO: Tag[ view_filter ] --START--
[ 2012-12-11T20:05:44+08:00 ] /xxx2/index.php/Sroom/index/resources/images/closelabel.gif | INFO: Run ContentReplace Behavior [ RunTime:0.000896s ]
[ 2012-12-11T20:05:44+08:00 ] /xxx2/index.php/Sroom/index/resources/images/closelabel.gif | INFO: Run TokenBuild Behavior [ RunTime:0.000985s ]
[ 2012-12-11T20:05:44+08:00 ] /xxx2/index.php/Sroom/index/resources/images/closelabel.gif | INFO: Run WriteHtmlCache Behavior [ RunTime:0.002445s ]
[ 2012-12-11T20:05:44+08:00 ] /xxx2/index.php/Sroom/index/resources/images/closelabel.gif | INFO: Run ShowRuntime Behavior [ RunTime:0.001419s ]
[ 2012-12-11T20:05:44+08:00 ] /xxx2/index.php/Sroom/index/resources/images/closelabel.gif | INFO: Tag[ view_filter ] --END-- [ RunTime:0.006641s ]
[ 2012-12-11T20:05:44+08:00 ] /xxx2/index.php/Sroom/index/resources/images/closelabel.gif | INFO: Tag[ view_end ] --START--
[ 2012-12-11T20:05:44+08:00 ] /xxx2/index.php/Sroom/index/resources/images/closelabel.gif | INFO: Run ShowPageTrace Behavior [ RunTime:0.001415s ]
[ 2012-12-11T20:05:44+08:00 ] /xxx2/index.php/Sroom/index/resources/images/closelabel.gif | INFO: Tag[ view_end ] --END-- [ RunTime:0.001515s ]
[ 2012-12-11T20:05:51+08:00 ] /xxx2/index.php/Sroom/worklist/ | INFO: Tag[ route_check ] --START--
[ 2012-12-11T20:05:51+08:00 ] /xxx2/index.php/Sroom/worklist/ | INFO: Run CheckRoute Behavior [ RunTime:0.000968s ]
[ 2012-12-11T20:05:51+08:00 ] /xxx2/index.php/Sroom/worklist/ | INFO: Tag[ route_check ] --END-- [ RunTime:0.001074s ]
[ 2012-12-11T20:05:51+08:00 ] /xxx2/index.php/Sroom/worklist/ | INFO: Tag[ app_begin ] --START--
[ 2012-12-11T20:05:51+08:00 ] /xxx2/index.php/Sroom/worklist/ | INFO: Run ReadHtmlCache Behavior [ RunTime:0.000671s ]
[ 2012-12-11T20:05:51+08:00 ] /xxx2/index.php/Sroom/worklist/ | INFO: Tag[ app_begin ] --END-- [ RunTime:0.000739s ]
[ 2012-12-11T20:05:51+08:00 ] /xxx2/index.php/Sroom/worklist/ | SQL: SHOW COLUMNS FROM `think_work` [ RunTime:0.074488s ]
[ 2012-12-11T20:05:51+08:00 ] /xxx2/index.php/Sroom/worklist/ | SQL: SELECT COUNT(*) AS tp_count FROM `think_work` WHERE name='朱全银' LIMIT 1   [ RunTime:0.020954s ]
[ 2012-12-11T20:05:51+08:00 ] /xxx2/index.php/Sroom/worklist/ | SQL: SELECT * FROM `think_work` WHERE name='朱全银' ORDER BY id desc LIMIT 0,8   [ RunTime:0.000901s ]
[ 2012-12-11T20:05:51+08:00 ] /xxx2/index.php/Sroom/worklist/ | INFO: Tag[ view_template ] --START--
[ 2012-12-11T20:05:51+08:00 ] /xxx2/index.php/Sroom/worklist/ | INFO: Run LocationTemplate Behavior [ RunTime:0.019504s ]
[ 2012-12-11T20:05:51+08:00 ] /xxx2/index.php/Sroom/worklist/ | INFO: Tag[ view_template ] --END-- [ RunTime:0.019616s ]
[ 2012-12-11T20:05:51+08:00 ] /xxx2/index.php/Sroom/worklist/ | INFO: Tag[ view_parse ] --START--
[ 2012-12-11T20:05:51+08:00 ] /xxx2/index.php/Sroom/worklist/ | INFO: Run ParseTemplate Behavior [ RunTime:0.035041s ]
[ 2012-12-11T20:05:51+08:00 ] /xxx2/index.php/Sroom/worklist/ | INFO: Tag[ view_parse ] --END-- [ RunTime:0.035156s ]
[ 2012-12-11T20:05:51+08:00 ] /xxx2/index.php/Sroom/worklist/ | INFO: Tag[ view_filter ] --START--
[ 2012-12-11T20:05:51+08:00 ] /xxx2/index.php/Sroom/worklist/ | INFO: Run ContentReplace Behavior [ RunTime:0.000527s ]
[ 2012-12-11T20:05:51+08:00 ] /xxx2/index.php/Sroom/worklist/ | INFO: Run TokenBuild Behavior [ RunTime:0.000473s ]
[ 2012-12-11T20:05:51+08:00 ] /xxx2/index.php/Sroom/worklist/ | INFO: Run WriteHtmlCache Behavior [ RunTime:0.000292s ]
[ 2012-12-11T20:05:51+08:00 ] /xxx2/index.php/Sroom/worklist/ | INFO: Run ShowRuntime Behavior [ RunTime:0.000562s ]
[ 2012-12-11T20:05:51+08:00 ] /xxx2/index.php/Sroom/worklist/ | INFO: Tag[ view_filter ] --END-- [ RunTime:0.002030s ]
[ 2012-12-11T20:05:51+08:00 ] /xxx2/index.php/Sroom/worklist/ | INFO: Tag[ view_end ] --START--
[ 2012-12-11T20:05:51+08:00 ] /xxx2/index.php/Sroom/worklist/ | INFO: Run ShowPageTrace Behavior [ RunTime:0.000517s ]
[ 2012-12-11T20:05:51+08:00 ] /xxx2/index.php/Sroom/worklist/ | INFO: Tag[ view_end ] --END-- [ RunTime:0.000578s ]
[ 2012-12-11T22:40:49+08:00 ] /xxx2/ | INFO: Tag[ app_begin ] --START--
[ 2012-12-11T22:40:49+08:00 ] /xxx2/ | INFO: Run ReadHtmlCache Behavior [ RunTime:0.089801s ]
[ 2012-12-11T22:40:49+08:00 ] /xxx2/ | INFO: Tag[ app_begin ] --END-- [ RunTime:0.229334s ]
[ 2012-12-11T22:40:50+08:00 ] /xxx2/ | NOTIC: [2] Cannot modify header information - headers already sent by (output started at D:\XAMPP\xampp\htdocs\xxx2\home\Lib\Action\IndexAction.class.php:1) IndexAction.class.php 第 6 行.
[ 2012-12-11T22:40:57+08:00 ] /xxx2/ | SQL: SHOW COLUMNS FROM `think_catalog` [ RunTime:0.458760s ]
[ 2012-12-11T22:40:57+08:00 ] /xxx2/ | SQL: SELECT `id`,`f_cata` FROM `think_catalog` WHERE f_id=0 ORDER BY id asc  [ RunTime:0.164104s ]
[ 2012-12-11T22:40:57+08:00 ] /xxx2/ | SQL: SHOW COLUMNS FROM `think_link` [ RunTime:0.127049s ]
[ 2012-12-11T22:40:57+08:00 ] /xxx2/ | SQL: SELECT `id`,`addr`,`info` FROM `think_link` ORDER BY id desc  [ RunTime:0.083427s ]
[ 2012-12-11T22:40:57+08:00 ] /xxx2/ | SQL: SHOW COLUMNS FROM `think_tongzhi` [ RunTime:0.157300s ]
[ 2012-12-11T22:40:57+08:00 ] /xxx2/ | SQL: SELECT `id`,`title`,`content`,`name`,`dt` FROM `think_tongzhi` ORDER BY id desc  [ RunTime:0.004442s ]
[ 2012-12-11T22:40:57+08:00 ] /xxx2/ | NOTIC: [8] Undefined index: username functions.php 第 441 行.
[ 2012-12-11T22:40:57+08:00 ] /xxx2/ | INFO: Tag[ view_template ] --START--
[ 2012-12-11T22:40:57+08:00 ] /xxx2/ | INFO: Run LocationTemplate Behavior [ RunTime:0.098430s ]
[ 2012-12-11T22:40:57+08:00 ] /xxx2/ | INFO: Tag[ view_template ] --END-- [ RunTime:0.098564s ]
[ 2012-12-11T22:40:57+08:00 ] /xxx2/ | INFO: Tag[ view_parse ] --START--
[ 2012-12-11T22:40:59+08:00 ] /xxx2/ | NOTIC: [8] Undefined index: addr d046431aa157c89f3a1c30c426be003b.php 第 89 行.
[ 2012-12-11T22:40:59+08:00 ] /xxx2/ | NOTIC: [8] Undefined index: addr d046431aa157c89f3a1c30c426be003b.php 第 90 行.
[ 2012-12-11T22:40:59+08:00 ] /xxx2/ | NOTIC: [8] Undefined index: addr d046431aa157c89f3a1c30c426be003b.php 第 91 行.
[ 2012-12-11T22:40:59+08:00 ] /xxx2/ | INFO: Run ParseTemplate Behavior [ RunTime:1.250282s ]
[ 2012-12-11T22:40:59+08:00 ] /xxx2/ | INFO: Tag[ view_parse ] --END-- [ RunTime:1.250371s ]
[ 2012-12-11T22:40:59+08:00 ] /xxx2/ | INFO: Tag[ view_filter ] --START--
[ 2012-12-11T22:40:59+08:00 ] /xxx2/ | INFO: Run ContentReplace Behavior [ RunTime:0.013535s ]
[ 2012-12-11T22:40:59+08:00 ] /xxx2/ | INFO: Run TokenBuild Behavior [ RunTime:0.060863s ]
[ 2012-12-11T22:40:59+08:00 ] /xxx2/ | INFO: Run WriteHtmlCache Behavior [ RunTime:0.007934s ]
[ 2012-12-11T22:40:59+08:00 ] /xxx2/ | INFO: Run ShowRuntime Behavior [ RunTime:0.001342s ]
[ 2012-12-11T22:40:59+08:00 ] /xxx2/ | INFO: Tag[ view_filter ] --END-- [ RunTime:0.084016s ]
[ 2012-12-11T22:40:59+08:00 ] /xxx2/ | NOTIC: [2] Cannot modify header information - headers already sent by (output started at D:\XAMPP\xampp\htdocs\xxx2\home\Lib\Action\IndexAction.class.php:1) View.class.php 第 120 行.
[ 2012-12-11T22:40:59+08:00 ] /xxx2/ | NOTIC: [2] Cannot modify header information - headers already sent by (output started at D:\XAMPP\xampp\htdocs\xxx2\home\Lib\Action\IndexAction.class.php:1) View.class.php 第 121 行.
[ 2012-12-11T22:40:59+08:00 ] /xxx2/ | NOTIC: [2] Cannot modify header information - headers already sent by (output started at D:\XAMPP\xampp\htdocs\xxx2\home\Lib\Action\IndexAction.class.php:1) View.class.php 第 122 行.
[ 2012-12-11T22:40:59+08:00 ] /xxx2/ | INFO: Tag[ view_end ] --START--
[ 2012-12-11T22:40:59+08:00 ] /xxx2/ | INFO: Run ShowPageTrace Behavior [ RunTime:0.001500s ]
[ 2012-12-11T22:40:59+08:00 ] /xxx2/ | INFO: Tag[ view_end ] --END-- [ RunTime:0.001589s ]
