[ 2012-11-15T14:45:24+08:00 ] /xxx2/ | INFO: Tag[ app_begin ] --START--
[ 2012-11-15T14:45:24+08:00 ] /xxx2/ | INFO: Run ReadHtmlCache Behavior [ RunTime:0.014116s ]
[ 2012-11-15T14:45:24+08:00 ] /xxx2/ | INFO: Tag[ app_begin ] --END-- [ RunTime:0.023345s ]
[ 2012-11-15T14:45:24+08:00 ] /xxx2/ | NOTIC: [2] Cannot modify header information - headers already sent by (output started at D:\XAMPP\xampp\htdocs\xxx2\home\Lib\Action\IndexAction.class.php:1) IndexAction.class.php 第 6 行.
[ 2012-11-15T14:45:24+08:00 ] /xxx2/ | SQL: SHOW COLUMNS FROM `think_catalog` [ RunTime:0.128842s ]
[ 2012-11-15T14:45:24+08:00 ] /xxx2/ | SQL: SELECT `id`,`f_cata` FROM `think_catalog` WHERE f_id=0 ORDER BY id asc  [ RunTime:0.009177s ]
[ 2012-11-15T14:45:24+08:00 ] /xxx2/ | SQL: SHOW COLUMNS FROM `think_link` [ RunTime:0.085578s ]
[ 2012-11-15T14:45:24+08:00 ] /xxx2/ | SQL: SELECT `id`,`addr`,`info` FROM `think_link` ORDER BY id desc  [ RunTime:0.017857s ]
[ 2012-11-15T14:45:24+08:00 ] /xxx2/ | SQL: SHOW COLUMNS FROM `think_tongzhi` [ RunTime:0.058217s ]
[ 2012-11-15T14:45:24+08:00 ] /xxx2/ | SQL: SELECT `id`,`title`,`content`,`name`,`dt` FROM `think_tongzhi` ORDER BY id desc  [ RunTime:0.008485s ]
[ 2012-11-15T14:45:24+08:00 ] /xxx2/ | NOTIC: [8] Undefined index: username functions.php 第 441 行.
[ 2012-11-15T14:45:24+08:00 ] /xxx2/ | INFO: Tag[ view_template ] --START--
[ 2012-11-15T14:45:25+08:00 ] /xxx2/ | INFO: Run LocationTemplate Behavior [ RunTime:0.058739s ]
[ 2012-11-15T14:45:25+08:00 ] /xxx2/ | INFO: Tag[ view_template ] --END-- [ RunTime:0.058852s ]
[ 2012-11-15T14:45:25+08:00 ] /xxx2/ | INFO: Tag[ view_parse ] --START--
[ 2012-11-15T14:45:25+08:00 ] /xxx2/ | INFO: Run ParseTemplate Behavior [ RunTime:0.118385s ]
[ 2012-11-15T14:45:25+08:00 ] /xxx2/ | INFO: Tag[ view_parse ] --END-- [ RunTime:0.118500s ]
[ 2012-11-15T14:45:25+08:00 ] /xxx2/ | INFO: Tag[ view_filter ] --START--
[ 2012-11-15T14:45:25+08:00 ] /xxx2/ | INFO: Run ContentReplace Behavior [ RunTime:0.000885s ]
[ 2012-11-15T14:45:25+08:00 ] /xxx2/ | INFO: Run TokenBuild Behavior [ RunTime:0.001790s ]
[ 2012-11-15T14:45:25+08:00 ] /xxx2/ | INFO: Run WriteHtmlCache Behavior [ RunTime:0.000762s ]
[ 2012-11-15T14:45:25+08:00 ] /xxx2/ | INFO: Run ShowRuntime Behavior [ RunTime:0.000938s ]
[ 2012-11-15T14:45:25+08:00 ] /xxx2/ | INFO: Tag[ view_filter ] --END-- [ RunTime:0.004687s ]
[ 2012-11-15T14:45:25+08:00 ] /xxx2/ | NOTIC: [2] Cannot modify header information - headers already sent by (output started at D:\XAMPP\xampp\htdocs\xxx2\home\Lib\Action\IndexAction.class.php:1) View.class.php 第 120 行.
[ 2012-11-15T14:45:25+08:00 ] /xxx2/ | NOTIC: [2] Cannot modify header information - headers already sent by (output started at D:\XAMPP\xampp\htdocs\xxx2\home\Lib\Action\IndexAction.class.php:1) View.class.php 第 121 行.
[ 2012-11-15T14:45:25+08:00 ] /xxx2/ | NOTIC: [2] Cannot modify header information - headers already sent by (output started at D:\XAMPP\xampp\htdocs\xxx2\home\Lib\Action\IndexAction.class.php:1) View.class.php 第 122 行.
[ 2012-11-15T14:45:25+08:00 ] /xxx2/ | INFO: Tag[ view_end ] --START--
[ 2012-11-15T14:45:25+08:00 ] /xxx2/ | INFO: Run ShowPageTrace Behavior [ RunTime:0.000929s ]
[ 2012-11-15T14:45:25+08:00 ] /xxx2/ | INFO: Tag[ view_end ] --END-- [ RunTime:0.000992s ]
[ 2012-11-15T17:59:46+08:00 ] /xxx2/ | INFO: Tag[ app_begin ] --START--
[ 2012-11-15T17:59:46+08:00 ] /xxx2/ | INFO: Run ReadHtmlCache Behavior [ RunTime:0.034323s ]
[ 2012-11-15T17:59:46+08:00 ] /xxx2/ | INFO: Tag[ app_begin ] --END-- [ RunTime:0.074879s ]
[ 2012-11-15T17:59:46+08:00 ] /xxx2/ | NOTIC: [2] Cannot modify header information - headers already sent by (output started at D:\XAMPP\xampp\htdocs\xxx2\home\Lib\Action\IndexAction.class.php:1) IndexAction.class.php 第 6 行.
[ 2012-11-15T17:59:46+08:00 ] /xxx2/ | SQL: SHOW COLUMNS FROM `think_catalog` [ RunTime:0.084875s ]
[ 2012-11-15T17:59:46+08:00 ] /xxx2/ | SQL: SELECT `id`,`f_cata` FROM `think_catalog` WHERE f_id=0 ORDER BY id asc  [ RunTime:0.019229s ]
[ 2012-11-15T17:59:46+08:00 ] /xxx2/ | SQL: SHOW COLUMNS FROM `think_link` [ RunTime:0.071878s ]
[ 2012-11-15T17:59:46+08:00 ] /xxx2/ | SQL: SELECT `id`,`addr`,`info` FROM `think_link` ORDER BY id desc  [ RunTime:0.019834s ]
[ 2012-11-15T17:59:46+08:00 ] /xxx2/ | SQL: SHOW COLUMNS FROM `think_tongzhi` [ RunTime:0.058440s ]
[ 2012-11-15T17:59:46+08:00 ] /xxx2/ | SQL: SELECT `id`,`title`,`content`,`name`,`dt` FROM `think_tongzhi` ORDER BY id desc  [ RunTime:0.000696s ]
[ 2012-11-15T17:59:46+08:00 ] /xxx2/ | NOTIC: [8] Undefined index: username functions.php 第 441 行.
[ 2012-11-15T17:59:46+08:00 ] /xxx2/ | INFO: Tag[ view_template ] --START--
[ 2012-11-15T17:59:46+08:00 ] /xxx2/ | INFO: Run LocationTemplate Behavior [ RunTime:0.044987s ]
[ 2012-11-15T17:59:46+08:00 ] /xxx2/ | INFO: Tag[ view_template ] --END-- [ RunTime:0.045095s ]
[ 2012-11-15T17:59:46+08:00 ] /xxx2/ | INFO: Tag[ view_parse ] --START--
[ 2012-11-15T17:59:46+08:00 ] /xxx2/ | INFO: Run ParseTemplate Behavior [ RunTime:0.053108s ]
[ 2012-11-15T17:59:46+08:00 ] /xxx2/ | INFO: Tag[ view_parse ] --END-- [ RunTime:0.053222s ]
[ 2012-11-15T17:59:46+08:00 ] /xxx2/ | INFO: Tag[ view_filter ] --START--
[ 2012-11-15T17:59:46+08:00 ] /xxx2/ | INFO: Run ContentReplace Behavior [ RunTime:0.000875s ]
[ 2012-11-15T17:59:46+08:00 ] /xxx2/ | INFO: Run TokenBuild Behavior [ RunTime:0.001024s ]
[ 2012-11-15T17:59:46+08:00 ] /xxx2/ | INFO: Run WriteHtmlCache Behavior [ RunTime:0.000649s ]
[ 2012-11-15T17:59:46+08:00 ] /xxx2/ | INFO: Run ShowRuntime Behavior [ RunTime:0.000922s ]
[ 2012-11-15T17:59:46+08:00 ] /xxx2/ | INFO: Tag[ view_filter ] --END-- [ RunTime:0.003670s ]
[ 2012-11-15T17:59:46+08:00 ] /xxx2/ | NOTIC: [2] Cannot modify header information - headers already sent by (output started at D:\XAMPP\xampp\htdocs\xxx2\home\Lib\Action\IndexAction.class.php:1) View.class.php 第 120 行.
[ 2012-11-15T17:59:46+08:00 ] /xxx2/ | NOTIC: [2] Cannot modify header information - headers already sent by (output started at D:\XAMPP\xampp\htdocs\xxx2\home\Lib\Action\IndexAction.class.php:1) View.class.php 第 121 行.
[ 2012-11-15T17:59:46+08:00 ] /xxx2/ | NOTIC: [2] Cannot modify header information - headers already sent by (output started at D:\XAMPP\xampp\htdocs\xxx2\home\Lib\Action\IndexAction.class.php:1) View.class.php 第 122 行.
[ 2012-11-15T17:59:46+08:00 ] /xxx2/ | INFO: Tag[ view_end ] --START--
[ 2012-11-15T17:59:47+08:00 ] /xxx2/ | INFO: Run ShowPageTrace Behavior [ RunTime:0.005516s ]
[ 2012-11-15T17:59:47+08:00 ] /xxx2/ | INFO: Tag[ view_end ] --END-- [ RunTime:0.005626s ]
