[ 2012-12-25T15:22:54+08:00 ] /xxx2/ | INFO: Tag[ app_begin ] --START--
[ 2012-12-25T15:22:54+08:00 ] /xxx2/ | INFO: Run ReadHtmlCache Behavior [ RunTime:0.073954s ]
[ 2012-12-25T15:22:54+08:00 ] /xxx2/ | INFO: Tag[ app_begin ] --END-- [ RunTime:0.115774s ]
[ 2012-12-25T15:22:54+08:00 ] /xxx2/ | NOTIC: [2] Cannot modify header information - headers already sent by (output started at D:\XAMPP\xampp\htdocs\xxx2\home\Lib\Action\IndexAction.class.php:1) IndexAction.class.php 第 6 行.
[ 2012-12-25T15:22:56+08:00 ] /xxx2/ | SQL: SHOW COLUMNS FROM `think_catalog` [ RunTime:0.673441s ]
[ 2012-12-25T15:22:57+08:00 ] /xxx2/ | SQL: SELECT `id`,`f_cata` FROM `think_catalog` WHERE f_id=0 ORDER BY id asc  [ RunTime:0.595266s ]
[ 2012-12-25T15:22:57+08:00 ] /xxx2/ | SQL: SHOW COLUMNS FROM `think_link` [ RunTime:0.304562s ]
[ 2012-12-25T15:22:58+08:00 ] /xxx2/ | SQL: SELECT `id`,`addr`,`info` FROM `think_link` ORDER BY id desc  [ RunTime:0.150163s ]
[ 2012-12-25T15:22:58+08:00 ] /xxx2/ | SQL: SHOW COLUMNS FROM `think_tongzhi` [ RunTime:0.213642s ]
[ 2012-12-25T15:22:58+08:00 ] /xxx2/ | SQL: SELECT `id`,`title`,`content`,`name`,`dt` FROM `think_tongzhi` ORDER BY id desc  [ RunTime:0.001458s ]
[ 2012-12-25T15:22:58+08:00 ] /xxx2/ | NOTIC: [8] Undefined index: username functions.php 第 441 行.
[ 2012-12-25T15:22:58+08:00 ] /xxx2/ | INFO: Tag[ view_template ] --START--
[ 2012-12-25T15:22:58+08:00 ] /xxx2/ | INFO: Run LocationTemplate Behavior [ RunTime:0.078060s ]
[ 2012-12-25T15:22:58+08:00 ] /xxx2/ | INFO: Tag[ view_template ] --END-- [ RunTime:0.078168s ]
[ 2012-12-25T15:22:58+08:00 ] /xxx2/ | INFO: Tag[ view_parse ] --START--
[ 2012-12-25T15:22:58+08:00 ] /xxx2/ | NOTIC: [8] Undefined index: addr d046431aa157c89f3a1c30c426be003b.php 第 127 行.
[ 2012-12-25T15:22:58+08:00 ] /xxx2/ | NOTIC: [8] Undefined index: addr d046431aa157c89f3a1c30c426be003b.php 第 128 行.
[ 2012-12-25T15:22:58+08:00 ] /xxx2/ | NOTIC: [8] Undefined index: addr d046431aa157c89f3a1c30c426be003b.php 第 129 行.
[ 2012-12-25T15:22:58+08:00 ] /xxx2/ | INFO: Run ParseTemplate Behavior [ RunTime:0.373412s ]
[ 2012-12-25T15:22:58+08:00 ] /xxx2/ | INFO: Tag[ view_parse ] --END-- [ RunTime:0.373490s ]
[ 2012-12-25T15:22:58+08:00 ] /xxx2/ | INFO: Tag[ view_filter ] --START--
[ 2012-12-25T15:22:58+08:00 ] /xxx2/ | INFO: Run ContentReplace Behavior [ RunTime:0.010485s ]
[ 2012-12-25T15:22:58+08:00 ] /xxx2/ | INFO: Run TokenBuild Behavior [ RunTime:0.038309s ]
[ 2012-12-25T15:22:58+08:00 ] /xxx2/ | INFO: Run WriteHtmlCache Behavior [ RunTime:0.009751s ]
[ 2012-12-25T15:22:58+08:00 ] /xxx2/ | INFO: Run ShowRuntime Behavior [ RunTime:0.048422s ]
[ 2012-12-25T15:22:58+08:00 ] /xxx2/ | INFO: Tag[ view_filter ] --END-- [ RunTime:0.107301s ]
[ 2012-12-25T15:22:58+08:00 ] /xxx2/ | NOTIC: [2] Cannot modify header information - headers already sent by (output started at D:\XAMPP\xampp\htdocs\xxx2\home\Lib\Action\IndexAction.class.php:1) View.class.php 第 120 行.
[ 2012-12-25T15:22:58+08:00 ] /xxx2/ | NOTIC: [2] Cannot modify header information - headers already sent by (output started at D:\XAMPP\xampp\htdocs\xxx2\home\Lib\Action\IndexAction.class.php:1) View.class.php 第 121 行.
[ 2012-12-25T15:22:58+08:00 ] /xxx2/ | NOTIC: [2] Cannot modify header information - headers already sent by (output started at D:\XAMPP\xampp\htdocs\xxx2\home\Lib\Action\IndexAction.class.php:1) View.class.php 第 122 行.
[ 2012-12-25T15:22:58+08:00 ] /xxx2/ | INFO: Tag[ view_end ] --START--
[ 2012-12-25T15:22:58+08:00 ] /xxx2/ | INFO: Run ShowPageTrace Behavior [ RunTime:0.010651s ]
[ 2012-12-25T15:22:58+08:00 ] /xxx2/ | INFO: Tag[ view_end ] --END-- [ RunTime:0.010738s ]
[ 2012-12-25T15:25:15+08:00 ] /xxx2/index.php/Index/login | INFO: Tag[ route_check ] --START--
[ 2012-12-25T15:25:15+08:00 ] /xxx2/index.php/Index/login | INFO: Run CheckRoute Behavior [ RunTime:0.037517s ]
[ 2012-12-25T15:25:15+08:00 ] /xxx2/index.php/Index/login | INFO: Tag[ route_check ] --END-- [ RunTime:0.037641s ]
[ 2012-12-25T15:25:15+08:00 ] /xxx2/index.php/Index/login | INFO: Tag[ app_begin ] --START--
[ 2012-12-25T15:25:15+08:00 ] /xxx2/index.php/Index/login | INFO: Run ReadHtmlCache Behavior [ RunTime:0.001166s ]
[ 2012-12-25T15:25:15+08:00 ] /xxx2/index.php/Index/login | INFO: Tag[ app_begin ] --END-- [ RunTime:0.001240s ]
[ 2012-12-25T15:25:15+08:00 ] /xxx2/index.php/Index/login | NOTIC: [8] A session had already been started - ignoring session_start() IndexAction.class.php 第 75 行.
[ 2012-12-25T15:25:15+08:00 ] /xxx2/index.php/Index/login | NOTIC: [2] Cannot modify header information - headers already sent by (output started at D:\XAMPP\xampp\htdocs\xxx2\home\Lib\Action\IndexAction.class.php:1) IndexAction.class.php 第 76 行.
[ 2012-12-25T15:25:16+08:00 ] /xxx2/index.php/Index/login | SQL: SHOW COLUMNS FROM `think_login` [ RunTime:0.079562s ]
[ 2012-12-25T15:25:16+08:00 ] /xxx2/index.php/Index/login | SQL: SELECT * FROM `think_login` WHERE username='admin' and pwd='21232f297a57a5a743894a0e4a801fc3' LIMIT 1   [ RunTime:0.084253s ]
[ 2012-12-25T15:25:16+08:00 ] /xxx2/index.php/Index/login | SQL: SHOW COLUMNS FROM `think_teacher` [ RunTime:0.067815s ]
[ 2012-12-25T15:25:16+08:00 ] /xxx2/index.php/Index/login | SQL: SELECT * FROM `think_teacher` WHERE username='admin' and pwd='admin' LIMIT 1   [ RunTime:0.001048s ]
[ 2012-12-25T15:25:16+08:00 ] /xxx2/index.php/Index/login | NOTIC: [8] Undefined index: logins IndexAction.class.php 第 98 行.
[ 2012-12-25T15:25:16+08:00 ] /xxx2/index.php/Index/login | SQL: UPDATE `think_login` SET `id`='1',`username`='admin',`pwd`='admin',`name`='朱全银',`phone`='2',`qq`='3' WHERE username='admin' [ RunTime:0.020606s ]
[ 2012-12-25T15:25:16+08:00 ] /xxx2/index.php/Index/login | NOTIC: [8] Use of undefined constant username - assumed 'username' IndexAction.class.php 第 100 行.
[ 2012-12-25T15:25:16+08:00 ] /xxx2/index.php/Index/login | NOTIC: [8] Use of undefined constant shenfen - assumed 'shenfen' IndexAction.class.php 第 101 行.
[ 2012-12-25T15:25:16+08:00 ] /xxx2/index.php/Index/login | INFO: Tag[ view_template ] --START--
[ 2012-12-25T15:25:16+08:00 ] /xxx2/index.php/Index/login | INFO: Run LocationTemplate Behavior [ RunTime:0.001517s ]
[ 2012-12-25T15:25:16+08:00 ] /xxx2/index.php/Index/login | INFO: Tag[ view_template ] --END-- [ RunTime:0.001602s ]
[ 2012-12-25T15:25:16+08:00 ] /xxx2/index.php/Index/login | INFO: Tag[ view_parse ] --START--
[ 2012-12-25T15:25:16+08:00 ] /xxx2/index.php/Index/login | INFO: Run ParseTemplate Behavior [ RunTime:0.034147s ]
[ 2012-12-25T15:25:16+08:00 ] /xxx2/index.php/Index/login | INFO: Tag[ view_parse ] --END-- [ RunTime:0.034269s ]
[ 2012-12-25T15:25:16+08:00 ] /xxx2/index.php/Index/login | INFO: Tag[ view_filter ] --START--
[ 2012-12-25T15:25:16+08:00 ] /xxx2/index.php/Index/login | INFO: Run ContentReplace Behavior [ RunTime:0.001064s ]
[ 2012-12-25T15:25:16+08:00 ] /xxx2/index.php/Index/login | INFO: Run TokenBuild Behavior [ RunTime:0.000911s ]
[ 2012-12-25T15:25:16+08:00 ] /xxx2/index.php/Index/login | INFO: Run WriteHtmlCache Behavior [ RunTime:0.000626s ]
[ 2012-12-25T15:25:16+08:00 ] /xxx2/index.php/Index/login | INFO: Run ShowRuntime Behavior [ RunTime:0.001954s ]
[ 2012-12-25T15:25:16+08:00 ] /xxx2/index.php/Index/login | INFO: Tag[ view_filter ] --END-- [ RunTime:0.004775s ]
[ 2012-12-25T15:25:16+08:00 ] /xxx2/index.php/Index/login | NOTIC: [2] Cannot modify header information - headers already sent by (output started at D:\XAMPP\xampp\htdocs\xxx2\home\Lib\Action\IndexAction.class.php:1) View.class.php 第 120 行.
[ 2012-12-25T15:25:16+08:00 ] /xxx2/index.php/Index/login | NOTIC: [2] Cannot modify header information - headers already sent by (output started at D:\XAMPP\xampp\htdocs\xxx2\home\Lib\Action\IndexAction.class.php:1) View.class.php 第 121 行.
[ 2012-12-25T15:25:16+08:00 ] /xxx2/index.php/Index/login | NOTIC: [2] Cannot modify header information - headers already sent by (output started at D:\XAMPP\xampp\htdocs\xxx2\home\Lib\Action\IndexAction.class.php:1) View.class.php 第 122 行.
[ 2012-12-25T15:25:16+08:00 ] /xxx2/index.php/Index/login | INFO: Tag[ view_end ] --START--
[ 2012-12-25T15:25:16+08:00 ] /xxx2/index.php/Index/login | INFO: Run ShowPageTrace Behavior [ RunTime:0.001013s ]
[ 2012-12-25T15:25:16+08:00 ] /xxx2/index.php/Index/login | INFO: Tag[ view_end ] --END-- [ RunTime:0.001087s ]
[ 2012-12-25T15:25:17+08:00 ] /xxx2/index.php/Show/index | INFO: Tag[ route_check ] --START--
[ 2012-12-25T15:25:17+08:00 ] /xxx2/index.php/Show/index | INFO: Run CheckRoute Behavior [ RunTime:0.000929s ]
[ 2012-12-25T15:25:17+08:00 ] /xxx2/index.php/Show/index | INFO: Tag[ route_check ] --END-- [ RunTime:0.001031s ]
[ 2012-12-25T15:25:17+08:00 ] /xxx2/index.php/Show/index | INFO: Tag[ app_begin ] --START--
[ 2012-12-25T15:25:17+08:00 ] /xxx2/index.php/Show/index | INFO: Run ReadHtmlCache Behavior [ RunTime:0.000644s ]
[ 2012-12-25T15:25:17+08:00 ] /xxx2/index.php/Show/index | INFO: Tag[ app_begin ] --END-- [ RunTime:0.000709s ]
[ 2012-12-25T15:25:17+08:00 ] /xxx2/index.php/Show/index | NOTIC: [2] Cannot modify header information - headers already sent by (output started at D:\XAMPP\xampp\htdocs\xxx2\home\Lib\Action\ShowAction.class.php:1) ShowAction.class.php 第 8 行.
[ 2012-12-25T15:25:17+08:00 ] /xxx2/index.php/Show/index | SQL: SHOW COLUMNS FROM `think_catalog` [ RunTime:0.002922s ]
[ 2012-12-25T15:25:17+08:00 ] /xxx2/index.php/Show/index | SQL: SELECT `id`,`f_cata`,`isf`,`f_id`,`p_id` FROM `think_catalog` ORDER BY id asc  [ RunTime:0.000835s ]
[ 2012-12-25T15:25:17+08:00 ] /xxx2/index.php/Show/index | NOTIC: [8] Undefined variable: link_list ShowAction.class.php 第 16 行.
[ 2012-12-25T15:25:17+08:00 ] /xxx2/index.php/Show/index | NOTIC: [8] Undefined variable: tongzhi_list ShowAction.class.php 第 18 行.
[ 2012-12-25T15:25:17+08:00 ] /xxx2/index.php/Show/index | INFO: Tag[ view_template ] --START--
[ 2012-12-25T15:25:17+08:00 ] /xxx2/index.php/Show/index | INFO: Run LocationTemplate Behavior [ RunTime:0.064683s ]
[ 2012-12-25T15:25:17+08:00 ] /xxx2/index.php/Show/index | INFO: Tag[ view_template ] --END-- [ RunTime:0.064796s ]
[ 2012-12-25T15:25:17+08:00 ] /xxx2/index.php/Show/index | INFO: Tag[ view_parse ] --START--
[ 2012-12-25T15:25:17+08:00 ] /xxx2/index.php/Show/index | NOTIC: [8] Undefined variable: count 4114fbf5f7e547e5b806b05cdf8d53ce.php 第 58 行.
[ 2012-12-25T15:25:17+08:00 ] /xxx2/index.php/Show/index | INFO: Run ParseTemplate Behavior [ RunTime:0.033096s ]
[ 2012-12-25T15:25:17+08:00 ] /xxx2/index.php/Show/index | INFO: Tag[ view_parse ] --END-- [ RunTime:0.033180s ]
[ 2012-12-25T15:25:17+08:00 ] /xxx2/index.php/Show/index | INFO: Tag[ view_filter ] --START--
[ 2012-12-25T15:25:17+08:00 ] /xxx2/index.php/Show/index | INFO: Run ContentReplace Behavior [ RunTime:0.000491s ]
[ 2012-12-25T15:25:17+08:00 ] /xxx2/index.php/Show/index | INFO: Run TokenBuild Behavior [ RunTime:0.000517s ]
[ 2012-12-25T15:25:17+08:00 ] /xxx2/index.php/Show/index | INFO: Run WriteHtmlCache Behavior [ RunTime:0.000328s ]
[ 2012-12-25T15:25:17+08:00 ] /xxx2/index.php/Show/index | INFO: Run ShowRuntime Behavior [ RunTime:0.000560s ]
[ 2012-12-25T15:25:17+08:00 ] /xxx2/index.php/Show/index | INFO: Tag[ view_filter ] --END-- [ RunTime:0.002079s ]
[ 2012-12-25T15:25:17+08:00 ] /xxx2/index.php/Show/index | NOTIC: [2] Cannot modify header information - headers already sent by (output started at D:\XAMPP\xampp\htdocs\xxx2\home\Lib\Action\ShowAction.class.php:1) View.class.php 第 120 行.
[ 2012-12-25T15:25:17+08:00 ] /xxx2/index.php/Show/index | NOTIC: [2] Cannot modify header information - headers already sent by (output started at D:\XAMPP\xampp\htdocs\xxx2\home\Lib\Action\ShowAction.class.php:1) View.class.php 第 121 行.
[ 2012-12-25T15:25:17+08:00 ] /xxx2/index.php/Show/index | NOTIC: [2] Cannot modify header information - headers already sent by (output started at D:\XAMPP\xampp\htdocs\xxx2\home\Lib\Action\ShowAction.class.php:1) View.class.php 第 122 行.
[ 2012-12-25T15:25:17+08:00 ] /xxx2/index.php/Show/index | INFO: Tag[ view_end ] --START--
[ 2012-12-25T15:25:17+08:00 ] /xxx2/index.php/Show/index | INFO: Run ShowPageTrace Behavior [ RunTime:0.000520s ]
[ 2012-12-25T15:25:17+08:00 ] /xxx2/index.php/Show/index | INFO: Tag[ view_end ] --END-- [ RunTime:0.000580s ]
[ 2012-12-25T15:25:17+08:00 ] /xxx2/index.php/Show/resources/images/closelabel.gif | ERR: (ThinkException) 非法操作resources
[ 2012-12-25T15:25:17+08:00 ] /xxx2/index.php/Show/welcome | INFO: Tag[ route_check ] --START--
[ 2012-12-25T15:25:17+08:00 ] /xxx2/index.php/Show/welcome | INFO: Run CheckRoute Behavior [ RunTime:0.000937s ]
[ 2012-12-25T15:25:17+08:00 ] /xxx2/index.php/Show/welcome | INFO: Tag[ route_check ] --END-- [ RunTime:0.001035s ]
[ 2012-12-25T15:25:17+08:00 ] /xxx2/index.php/Show/welcome | INFO: Tag[ app_begin ] --START--
[ 2012-12-25T15:25:17+08:00 ] /xxx2/index.php/Show/welcome | INFO: Run ReadHtmlCache Behavior [ RunTime:0.000674s ]
[ 2012-12-25T15:25:17+08:00 ] /xxx2/index.php/Show/welcome | INFO: Tag[ app_begin ] --END-- [ RunTime:0.000738s ]
[ 2012-12-25T15:25:17+08:00 ] /xxx2/index.php/Show/welcome | INFO: Tag[ view_template ] --START--
[ 2012-12-25T15:25:17+08:00 ] /xxx2/index.php/Show/welcome | INFO: Run LocationTemplate Behavior [ RunTime:0.001295s ]
[ 2012-12-25T15:25:17+08:00 ] /xxx2/index.php/Show/welcome | INFO: Tag[ view_template ] --END-- [ RunTime:0.001404s ]
[ 2012-12-25T15:25:17+08:00 ] /xxx2/index.php/Show/welcome | INFO: Tag[ view_parse ] --START--
[ 2012-12-25T15:25:17+08:00 ] /xxx2/index.php/Show/welcome | INFO: Run ParseTemplate Behavior [ RunTime:0.022764s ]
[ 2012-12-25T15:25:17+08:00 ] /xxx2/index.php/Show/welcome | INFO: Tag[ view_parse ] --END-- [ RunTime:0.022891s ]
[ 2012-12-25T15:25:17+08:00 ] /xxx2/index.php/Show/welcome | INFO: Tag[ view_filter ] --START--
[ 2012-12-25T15:25:17+08:00 ] /xxx2/index.php/Show/welcome | INFO: Run ContentReplace Behavior [ RunTime:0.000584s ]
[ 2012-12-25T15:25:17+08:00 ] /xxx2/index.php/Show/welcome | INFO: Run TokenBuild Behavior [ RunTime:0.000504s ]
[ 2012-12-25T15:25:17+08:00 ] /xxx2/index.php/Show/welcome | INFO: Run WriteHtmlCache Behavior [ RunTime:0.000304s ]
[ 2012-12-25T15:25:17+08:00 ] /xxx2/index.php/Show/welcome | INFO: Run ShowRuntime Behavior [ RunTime:0.000788s ]
[ 2012-12-25T15:25:17+08:00 ] /xxx2/index.php/Show/welcome | INFO: Tag[ view_filter ] --END-- [ RunTime:0.002396s ]
[ 2012-12-25T15:25:17+08:00 ] /xxx2/index.php/Show/welcome | NOTIC: [2] Cannot modify header information - headers already sent by (output started at D:\XAMPP\xampp\htdocs\xxx2\home\Lib\Action\ShowAction.class.php:1) View.class.php 第 120 行.
[ 2012-12-25T15:25:17+08:00 ] /xxx2/index.php/Show/welcome | NOTIC: [2] Cannot modify header information - headers already sent by (output started at D:\XAMPP\xampp\htdocs\xxx2\home\Lib\Action\ShowAction.class.php:1) View.class.php 第 121 行.
[ 2012-12-25T15:25:17+08:00 ] /xxx2/index.php/Show/welcome | NOTIC: [2] Cannot modify header information - headers already sent by (output started at D:\XAMPP\xampp\htdocs\xxx2\home\Lib\Action\ShowAction.class.php:1) View.class.php 第 122 行.
[ 2012-12-25T15:25:17+08:00 ] /xxx2/index.php/Show/welcome | INFO: Tag[ view_end ] --START--
[ 2012-12-25T15:25:17+08:00 ] /xxx2/index.php/Show/welcome | INFO: Run ShowPageTrace Behavior [ RunTime:0.000610s ]
[ 2012-12-25T15:25:17+08:00 ] /xxx2/index.php/Show/welcome | INFO: Tag[ view_end ] --END-- [ RunTime:0.000673s ]
[ 2012-12-25T15:25:29+08:00 ] /xxx2/index.php/Show/show/id/test | INFO: Tag[ route_check ] --START--
[ 2012-12-25T15:25:29+08:00 ] /xxx2/index.php/Show/show/id/test | INFO: Run CheckRoute Behavior [ RunTime:0.000931s ]
[ 2012-12-25T15:25:29+08:00 ] /xxx2/index.php/Show/show/id/test | INFO: Tag[ route_check ] --END-- [ RunTime:0.001032s ]
[ 2012-12-25T15:25:29+08:00 ] /xxx2/index.php/Show/show/id/test | INFO: Tag[ app_begin ] --START--
[ 2012-12-25T15:25:29+08:00 ] /xxx2/index.php/Show/show/id/test | INFO: Run ReadHtmlCache Behavior [ RunTime:0.000632s ]
[ 2012-12-25T15:25:29+08:00 ] /xxx2/index.php/Show/show/id/test | INFO: Tag[ app_begin ] --END-- [ RunTime:0.000694s ]
[ 2012-12-25T15:25:29+08:00 ] /xxx2/index.php/Show/show/id/test | NOTIC: [2] Cannot modify header information - headers already sent by (output started at D:\XAMPP\xampp\htdocs\xxx2\home\Lib\Action\ShowAction.class.php:1) ShowAction.class.php 第 49 行.
[ 2012-12-25T15:25:29+08:00 ] /xxx2/index.php/Show/show/id/test | SQL: SHOW COLUMNS FROM `think_catalog` [ RunTime:0.002822s ]
[ 2012-12-25T15:25:29+08:00 ] /xxx2/index.php/Show/show/id/test | SQL: SELECT * FROM `think_catalog` WHERE f_cata='test' LIMIT 1   [ RunTime:0.000888s ]
[ 2012-12-25T15:25:29+08:00 ] /xxx2/index.php/Show/show/id/test | SQL: SHOW COLUMNS FROM `think_cata` [ RunTime:0.061458s ]
[ 2012-12-25T15:25:29+08:00 ] /xxx2/index.php/Show/show/id/test | SQL: SELECT `title`,`content`,`user`,`dt` FROM `think_cata` WHERE Catalog='test'  [ RunTime:0.066098s ]
[ 2012-12-25T15:25:29+08:00 ] /xxx2/index.php/Show/show/id/test | INFO: Tag[ view_template ] --START--
[ 2012-12-25T15:25:29+08:00 ] /xxx2/index.php/Show/show/id/test | INFO: Run LocationTemplate Behavior [ RunTime:0.001079s ]
[ 2012-12-25T15:25:29+08:00 ] /xxx2/index.php/Show/show/id/test | INFO: Tag[ view_template ] --END-- [ RunTime:0.001160s ]
[ 2012-12-25T15:25:29+08:00 ] /xxx2/index.php/Show/show/id/test | INFO: Tag[ view_parse ] --START--
[ 2012-12-25T15:25:29+08:00 ] /xxx2/index.php/Show/show/id/test | INFO: Run ParseTemplate Behavior [ RunTime:0.030103s ]
[ 2012-12-25T15:25:29+08:00 ] /xxx2/index.php/Show/show/id/test | INFO: Tag[ view_parse ] --END-- [ RunTime:0.030211s ]
[ 2012-12-25T15:25:29+08:00 ] /xxx2/index.php/Show/show/id/test | INFO: Tag[ view_filter ] --START--
[ 2012-12-25T15:25:29+08:00 ] /xxx2/index.php/Show/show/id/test | INFO: Run ContentReplace Behavior [ RunTime:0.001056s ]
[ 2012-12-25T15:25:29+08:00 ] /xxx2/index.php/Show/show/id/test | INFO: Run TokenBuild Behavior [ RunTime:0.000712s ]
[ 2012-12-25T15:25:29+08:00 ] /xxx2/index.php/Show/show/id/test | INFO: Run WriteHtmlCache Behavior [ RunTime:0.000319s ]
[ 2012-12-25T15:25:29+08:00 ] /xxx2/index.php/Show/show/id/test | INFO: Run ShowRuntime Behavior [ RunTime:0.000760s ]
[ 2012-12-25T15:25:29+08:00 ] /xxx2/index.php/Show/show/id/test | INFO: Tag[ view_filter ] --END-- [ RunTime:0.003036s ]
[ 2012-12-25T15:25:29+08:00 ] /xxx2/index.php/Show/show/id/test | NOTIC: [2] Cannot modify header information - headers already sent by (output started at D:\XAMPP\xampp\htdocs\xxx2\home\Lib\Action\ShowAction.class.php:1) View.class.php 第 120 行.
[ 2012-12-25T15:25:29+08:00 ] /xxx2/index.php/Show/show/id/test | NOTIC: [2] Cannot modify header information - headers already sent by (output started at D:\XAMPP\xampp\htdocs\xxx2\home\Lib\Action\ShowAction.class.php:1) View.class.php 第 121 行.
[ 2012-12-25T15:25:29+08:00 ] /xxx2/index.php/Show/show/id/test | NOTIC: [2] Cannot modify header information - headers already sent by (output started at D:\XAMPP\xampp\htdocs\xxx2\home\Lib\Action\ShowAction.class.php:1) View.class.php 第 122 行.
[ 2012-12-25T15:25:29+08:00 ] /xxx2/index.php/Show/show/id/test | INFO: Tag[ view_end ] --START--
[ 2012-12-25T15:25:29+08:00 ] /xxx2/index.php/Show/show/id/test | INFO: Run ShowPageTrace Behavior [ RunTime:0.001655s ]
[ 2012-12-25T15:25:29+08:00 ] /xxx2/index.php/Show/show/id/test | INFO: Tag[ view_end ] --END-- [ RunTime:0.001750s ]
[ 2012-12-25T15:25:32+08:00 ] /xxx2/index.php/Show/videos/id/%E8%A7%86%E9%A2%91 | INFO: Tag[ route_check ] --START--
[ 2012-12-25T15:25:32+08:00 ] /xxx2/index.php/Show/videos/id/%E8%A7%86%E9%A2%91 | INFO: Run CheckRoute Behavior [ RunTime:0.001120s ]
[ 2012-12-25T15:25:32+08:00 ] /xxx2/index.php/Show/videos/id/%E8%A7%86%E9%A2%91 | INFO: Tag[ route_check ] --END-- [ RunTime:0.001249s ]
[ 2012-12-25T15:25:32+08:00 ] /xxx2/index.php/Show/videos/id/%E8%A7%86%E9%A2%91 | INFO: Tag[ app_begin ] --START--
[ 2012-12-25T15:25:32+08:00 ] /xxx2/index.php/Show/videos/id/%E8%A7%86%E9%A2%91 | INFO: Run ReadHtmlCache Behavior [ RunTime:0.000964s ]
[ 2012-12-25T15:25:32+08:00 ] /xxx2/index.php/Show/videos/id/%E8%A7%86%E9%A2%91 | INFO: Tag[ app_begin ] --END-- [ RunTime:0.001052s ]
[ 2012-12-25T15:25:32+08:00 ] /xxx2/index.php/Show/videos/id/%E8%A7%86%E9%A2%91 | SQL: SHOW COLUMNS FROM `think_catalog` [ RunTime:0.002248s ]
[ 2012-12-25T15:25:32+08:00 ] /xxx2/index.php/Show/videos/id/%E8%A7%86%E9%A2%91 | SQL: SELECT * FROM `think_catalog` WHERE f_cata='视频' LIMIT 1   [ RunTime:0.000755s ]
[ 2012-12-25T15:25:32+08:00 ] /xxx2/index.php/Show/videos/id/%E8%A7%86%E9%A2%91 | SQL: SELECT * FROM `think_catalog` WHERE f_id=40  [ RunTime:0.000287s ]
[ 2012-12-25T15:25:32+08:00 ] /xxx2/index.php/Show/videos/id/%E8%A7%86%E9%A2%91 | INFO: Tag[ view_template ] --START--
[ 2012-12-25T15:25:32+08:00 ] /xxx2/index.php/Show/videos/id/%E8%A7%86%E9%A2%91 | INFO: Run LocationTemplate Behavior [ RunTime:0.021293s ]
[ 2012-12-25T15:25:32+08:00 ] /xxx2/index.php/Show/videos/id/%E8%A7%86%E9%A2%91 | INFO: Tag[ view_template ] --END-- [ RunTime:0.021398s ]
[ 2012-12-25T15:25:32+08:00 ] /xxx2/index.php/Show/videos/id/%E8%A7%86%E9%A2%91 | INFO: Tag[ view_parse ] --START--
[ 2012-12-25T15:25:32+08:00 ] /xxx2/index.php/Show/videos/id/%E8%A7%86%E9%A2%91 | INFO: Run ParseTemplate Behavior [ RunTime:0.022193s ]
[ 2012-12-25T15:25:32+08:00 ] /xxx2/index.php/Show/videos/id/%E8%A7%86%E9%A2%91 | INFO: Tag[ view_parse ] --END-- [ RunTime:0.022318s ]
[ 2012-12-25T15:25:32+08:00 ] /xxx2/index.php/Show/videos/id/%E8%A7%86%E9%A2%91 | INFO: Tag[ view_filter ] --START--
[ 2012-12-25T15:25:32+08:00 ] /xxx2/index.php/Show/videos/id/%E8%A7%86%E9%A2%91 | INFO: Run ContentReplace Behavior [ RunTime:0.000468s ]
[ 2012-12-25T15:25:32+08:00 ] /xxx2/index.php/Show/videos/id/%E8%A7%86%E9%A2%91 | INFO: Run TokenBuild Behavior [ RunTime:0.000453s ]
[ 2012-12-25T15:25:32+08:00 ] /xxx2/index.php/Show/videos/id/%E8%A7%86%E9%A2%91 | INFO: Run WriteHtmlCache Behavior [ RunTime:0.000301s ]
[ 2012-12-25T15:25:32+08:00 ] /xxx2/index.php/Show/videos/id/%E8%A7%86%E9%A2%91 | INFO: Run ShowRuntime Behavior [ RunTime:0.000539s ]
[ 2012-12-25T15:25:32+08:00 ] /xxx2/index.php/Show/videos/id/%E8%A7%86%E9%A2%91 | INFO: Tag[ view_filter ] --END-- [ RunTime:0.001933s ]
[ 2012-12-25T15:25:32+08:00 ] /xxx2/index.php/Show/videos/id/%E8%A7%86%E9%A2%91 | NOTIC: [2] Cannot modify header information - headers already sent by (output started at D:\XAMPP\xampp\htdocs\xxx2\home\Lib\Action\ShowAction.class.php:1) View.class.php 第 120 行.
[ 2012-12-25T15:25:32+08:00 ] /xxx2/index.php/Show/videos/id/%E8%A7%86%E9%A2%91 | NOTIC: [2] Cannot modify header information - headers already sent by (output started at D:\XAMPP\xampp\htdocs\xxx2\home\Lib\Action\ShowAction.class.php:1) View.class.php 第 121 行.
[ 2012-12-25T15:25:32+08:00 ] /xxx2/index.php/Show/videos/id/%E8%A7%86%E9%A2%91 | NOTIC: [2] Cannot modify header information - headers already sent by (output started at D:\XAMPP\xampp\htdocs\xxx2\home\Lib\Action\ShowAction.class.php:1) View.class.php 第 122 行.
[ 2012-12-25T15:25:32+08:00 ] /xxx2/index.php/Show/videos/id/%E8%A7%86%E9%A2%91 | INFO: Tag[ view_end ] --START--
[ 2012-12-25T15:25:32+08:00 ] /xxx2/index.php/Show/videos/id/%E8%A7%86%E9%A2%91 | INFO: Run ShowPageTrace Behavior [ RunTime:0.000531s ]
[ 2012-12-25T15:25:32+08:00 ] /xxx2/index.php/Show/videos/id/%E8%A7%86%E9%A2%91 | INFO: Tag[ view_end ] --END-- [ RunTime:0.000593s ]
[ 2012-12-25T15:25:39+08:00 ] /xxx2/index.php/Show/show/id/fea | INFO: Tag[ route_check ] --START--
[ 2012-12-25T15:25:39+08:00 ] /xxx2/index.php/Show/show/id/fea | INFO: Run CheckRoute Behavior [ RunTime:0.000920s ]
[ 2012-12-25T15:25:39+08:00 ] /xxx2/index.php/Show/show/id/fea | INFO: Tag[ route_check ] --END-- [ RunTime:0.001020s ]
[ 2012-12-25T15:25:39+08:00 ] /xxx2/index.php/Show/show/id/fea | INFO: Tag[ app_begin ] --START--
[ 2012-12-25T15:25:39+08:00 ] /xxx2/index.php/Show/show/id/fea | INFO: Run ReadHtmlCache Behavior [ RunTime:0.000642s ]
[ 2012-12-25T15:25:39+08:00 ] /xxx2/index.php/Show/show/id/fea | INFO: Tag[ app_begin ] --END-- [ RunTime:0.000706s ]
[ 2012-12-25T15:25:39+08:00 ] /xxx2/index.php/Show/show/id/fea | NOTIC: [2] Cannot modify header information - headers already sent by (output started at D:\XAMPP\xampp\htdocs\xxx2\home\Lib\Action\ShowAction.class.php:1) ShowAction.class.php 第 49 行.
[ 2012-12-25T15:25:39+08:00 ] /xxx2/index.php/Show/show/id/fea | SQL: SHOW COLUMNS FROM `think_catalog` [ RunTime:0.002785s ]
[ 2012-12-25T15:25:39+08:00 ] /xxx2/index.php/Show/show/id/fea | SQL: SELECT * FROM `think_catalog` WHERE f_cata='fea' LIMIT 1   [ RunTime:0.000440s ]
[ 2012-12-25T15:25:39+08:00 ] /xxx2/index.php/Show/show/id/fea | SQL: SHOW COLUMNS FROM `think_cata` [ RunTime:0.002731s ]
[ 2012-12-25T15:25:39+08:00 ] /xxx2/index.php/Show/show/id/fea | SQL: SELECT `title`,`content`,`user`,`dt` FROM `think_cata` WHERE Catalog='fea'  [ RunTime:0.000726s ]
[ 2012-12-25T15:25:39+08:00 ] /xxx2/index.php/Show/show/id/fea | INFO: Tag[ view_template ] --START--
[ 2012-12-25T15:25:39+08:00 ] /xxx2/index.php/Show/show/id/fea | INFO: Run LocationTemplate Behavior [ RunTime:0.000852s ]
[ 2012-12-25T15:25:39+08:00 ] /xxx2/index.php/Show/show/id/fea | INFO: Tag[ view_template ] --END-- [ RunTime:0.000933s ]
[ 2012-12-25T15:25:39+08:00 ] /xxx2/index.php/Show/show/id/fea | INFO: Tag[ view_parse ] --START--
[ 2012-12-25T15:25:39+08:00 ] /xxx2/index.php/Show/show/id/fea | INFO: Run ParseTemplate Behavior [ RunTime:0.009785s ]
[ 2012-12-25T15:25:39+08:00 ] /xxx2/index.php/Show/show/id/fea | INFO: Tag[ view_parse ] --END-- [ RunTime:0.009905s ]
[ 2012-12-25T15:25:39+08:00 ] /xxx2/index.php/Show/show/id/fea | INFO: Tag[ view_filter ] --START--
[ 2012-12-25T15:25:39+08:00 ] /xxx2/index.php/Show/show/id/fea | INFO: Run ContentReplace Behavior [ RunTime:0.000737s ]
[ 2012-12-25T15:25:39+08:00 ] /xxx2/index.php/Show/show/id/fea | INFO: Run TokenBuild Behavior [ RunTime:0.000522s ]
[ 2012-12-25T15:25:39+08:00 ] /xxx2/index.php/Show/show/id/fea | INFO: Run WriteHtmlCache Behavior [ RunTime:0.000402s ]
[ 2012-12-25T15:25:39+08:00 ] /xxx2/index.php/Show/show/id/fea | INFO: Run ShowRuntime Behavior [ RunTime:0.000585s ]
[ 2012-12-25T15:25:39+08:00 ] /xxx2/index.php/Show/show/id/fea | INFO: Tag[ view_filter ] --END-- [ RunTime:0.002464s ]
[ 2012-12-25T15:25:39+08:00 ] /xxx2/index.php/Show/show/id/fea | NOTIC: [2] Cannot modify header information - headers already sent by (output started at D:\XAMPP\xampp\htdocs\xxx2\home\Lib\Action\ShowAction.class.php:1) View.class.php 第 120 行.
[ 2012-12-25T15:25:39+08:00 ] /xxx2/index.php/Show/show/id/fea | NOTIC: [2] Cannot modify header information - headers already sent by (output started at D:\XAMPP\xampp\htdocs\xxx2\home\Lib\Action\ShowAction.class.php:1) View.class.php 第 121 行.
[ 2012-12-25T15:25:39+08:00 ] /xxx2/index.php/Show/show/id/fea | NOTIC: [2] Cannot modify header information - headers already sent by (output started at D:\XAMPP\xampp\htdocs\xxx2\home\Lib\Action\ShowAction.class.php:1) View.class.php 第 122 行.
[ 2012-12-25T15:25:39+08:00 ] /xxx2/index.php/Show/show/id/fea | INFO: Tag[ view_end ] --START--
[ 2012-12-25T15:25:39+08:00 ] /xxx2/index.php/Show/show/id/fea | INFO: Run ShowPageTrace Behavior [ RunTime:0.000584s ]
[ 2012-12-25T15:25:39+08:00 ] /xxx2/index.php/Show/show/id/fea | INFO: Tag[ view_end ] --END-- [ RunTime:0.000651s ]
[ 2012-12-25T15:26:13+08:00 ] /xxx2/index.php/Show/videos/id/%E8%A7%86%E9%A2%91 | INFO: Tag[ route_check ] --START--
[ 2012-12-25T15:26:13+08:00 ] /xxx2/index.php/Show/videos/id/%E8%A7%86%E9%A2%91 | INFO: Run CheckRoute Behavior [ RunTime:0.000916s ]
[ 2012-12-25T15:26:13+08:00 ] /xxx2/index.php/Show/videos/id/%E8%A7%86%E9%A2%91 | INFO: Tag[ route_check ] --END-- [ RunTime:0.001038s ]
[ 2012-12-25T15:26:13+08:00 ] /xxx2/index.php/Show/videos/id/%E8%A7%86%E9%A2%91 | INFO: Tag[ app_begin ] --START--
[ 2012-12-25T15:26:13+08:00 ] /xxx2/index.php/Show/videos/id/%E8%A7%86%E9%A2%91 | INFO: Run ReadHtmlCache Behavior [ RunTime:0.000622s ]
[ 2012-12-25T15:26:13+08:00 ] /xxx2/index.php/Show/videos/id/%E8%A7%86%E9%A2%91 | INFO: Tag[ app_begin ] --END-- [ RunTime:0.000697s ]
[ 2012-12-25T15:26:13+08:00 ] /xxx2/index.php/Show/videos/id/%E8%A7%86%E9%A2%91 | SQL: SHOW COLUMNS FROM `think_catalog` [ RunTime:0.002974s ]
[ 2012-12-25T15:26:13+08:00 ] /xxx2/index.php/Show/videos/id/%E8%A7%86%E9%A2%91 | SQL: SELECT * FROM `think_catalog` WHERE f_cata='视频' LIMIT 1   [ RunTime:0.000800s ]
[ 2012-12-25T15:26:13+08:00 ] /xxx2/index.php/Show/videos/id/%E8%A7%86%E9%A2%91 | SQL: SELECT * FROM `think_catalog` WHERE f_id=40  [ RunTime:0.000472s ]
[ 2012-12-25T15:26:13+08:00 ] /xxx2/index.php/Show/videos/id/%E8%A7%86%E9%A2%91 | INFO: Tag[ view_template ] --START--
[ 2012-12-25T15:26:13+08:00 ] /xxx2/index.php/Show/videos/id/%E8%A7%86%E9%A2%91 | INFO: Run LocationTemplate Behavior [ RunTime:0.000768s ]
[ 2012-12-25T15:26:13+08:00 ] /xxx2/index.php/Show/videos/id/%E8%A7%86%E9%A2%91 | INFO: Tag[ view_template ] --END-- [ RunTime:0.000878s ]
[ 2012-12-25T15:26:13+08:00 ] /xxx2/index.php/Show/videos/id/%E8%A7%86%E9%A2%91 | INFO: Tag[ view_parse ] --START--
[ 2012-12-25T15:26:13+08:00 ] /xxx2/index.php/Show/videos/id/%E8%A7%86%E9%A2%91 | INFO: Run ParseTemplate Behavior [ RunTime:0.010266s ]
[ 2012-12-25T15:26:13+08:00 ] /xxx2/index.php/Show/videos/id/%E8%A7%86%E9%A2%91 | INFO: Tag[ view_parse ] --END-- [ RunTime:0.010397s ]
[ 2012-12-25T15:26:13+08:00 ] /xxx2/index.php/Show/videos/id/%E8%A7%86%E9%A2%91 | INFO: Tag[ view_filter ] --START--
[ 2012-12-25T15:26:13+08:00 ] /xxx2/index.php/Show/videos/id/%E8%A7%86%E9%A2%91 | INFO: Run ContentReplace Behavior [ RunTime:0.000565s ]
[ 2012-12-25T15:26:13+08:00 ] /xxx2/index.php/Show/videos/id/%E8%A7%86%E9%A2%91 | INFO: Run TokenBuild Behavior [ RunTime:0.000503s ]
[ 2012-12-25T15:26:13+08:00 ] /xxx2/index.php/Show/videos/id/%E8%A7%86%E9%A2%91 | INFO: Run WriteHtmlCache Behavior [ RunTime:0.000351s ]
[ 2012-12-25T15:26:13+08:00 ] /xxx2/index.php/Show/videos/id/%E8%A7%86%E9%A2%91 | INFO: Run ShowRuntime Behavior [ RunTime:0.000574s ]
[ 2012-12-25T15:26:13+08:00 ] /xxx2/index.php/Show/videos/id/%E8%A7%86%E9%A2%91 | INFO: Tag[ view_filter ] --END-- [ RunTime:0.002196s ]
[ 2012-12-25T15:26:13+08:00 ] /xxx2/index.php/Show/videos/id/%E8%A7%86%E9%A2%91 | NOTIC: [2] Cannot modify header information - headers already sent by (output started at D:\XAMPP\xampp\htdocs\xxx2\home\Lib\Action\ShowAction.class.php:1) View.class.php 第 120 行.
[ 2012-12-25T15:26:13+08:00 ] /xxx2/index.php/Show/videos/id/%E8%A7%86%E9%A2%91 | NOTIC: [2] Cannot modify header information - headers already sent by (output started at D:\XAMPP\xampp\htdocs\xxx2\home\Lib\Action\ShowAction.class.php:1) View.class.php 第 121 行.
[ 2012-12-25T15:26:13+08:00 ] /xxx2/index.php/Show/videos/id/%E8%A7%86%E9%A2%91 | NOTIC: [2] Cannot modify header information - headers already sent by (output started at D:\XAMPP\xampp\htdocs\xxx2\home\Lib\Action\ShowAction.class.php:1) View.class.php 第 122 行.
[ 2012-12-25T15:26:13+08:00 ] /xxx2/index.php/Show/videos/id/%E8%A7%86%E9%A2%91 | INFO: Tag[ view_end ] --START--
[ 2012-12-25T15:26:13+08:00 ] /xxx2/index.php/Show/videos/id/%E8%A7%86%E9%A2%91 | INFO: Run ShowPageTrace Behavior [ RunTime:0.000629s ]
[ 2012-12-25T15:26:13+08:00 ] /xxx2/index.php/Show/videos/id/%E8%A7%86%E9%A2%91 | INFO: Tag[ view_end ] --END-- [ RunTime:0.000707s ]
[ 2012-12-25T15:26:15+08:00 ] /xxx2/index.php/Show/show/id/test | INFO: Tag[ route_check ] --START--
[ 2012-12-25T15:26:15+08:00 ] /xxx2/index.php/Show/show/id/test | INFO: Run CheckRoute Behavior [ RunTime:0.001019s ]
[ 2012-12-25T15:26:15+08:00 ] /xxx2/index.php/Show/show/id/test | INFO: Tag[ route_check ] --END-- [ RunTime:0.001136s ]
[ 2012-12-25T15:26:15+08:00 ] /xxx2/index.php/Show/show/id/test | INFO: Tag[ app_begin ] --START--
[ 2012-12-25T15:26:15+08:00 ] /xxx2/index.php/Show/show/id/test | INFO: Run ReadHtmlCache Behavior [ RunTime:0.000716s ]
[ 2012-12-25T15:26:15+08:00 ] /xxx2/index.php/Show/show/id/test | INFO: Tag[ app_begin ] --END-- [ RunTime:0.000782s ]
[ 2012-12-25T15:26:15+08:00 ] /xxx2/index.php/Show/show/id/test | NOTIC: [2] Cannot modify header information - headers already sent by (output started at D:\XAMPP\xampp\htdocs\xxx2\home\Lib\Action\ShowAction.class.php:1) ShowAction.class.php 第 49 行.
[ 2012-12-25T15:26:15+08:00 ] /xxx2/index.php/Show/show/id/test | SQL: SHOW COLUMNS FROM `think_catalog` [ RunTime:0.002518s ]
[ 2012-12-25T15:26:15+08:00 ] /xxx2/index.php/Show/show/id/test | SQL: SELECT * FROM `think_catalog` WHERE f_cata='test' LIMIT 1   [ RunTime:0.000618s ]
[ 2012-12-25T15:26:15+08:00 ] /xxx2/index.php/Show/show/id/test | SQL: SHOW COLUMNS FROM `think_cata` [ RunTime:0.002501s ]
[ 2012-12-25T15:26:15+08:00 ] /xxx2/index.php/Show/show/id/test | SQL: SELECT `title`,`content`,`user`,`dt` FROM `think_cata` WHERE Catalog='test'  [ RunTime:0.002957s ]
[ 2012-12-25T15:26:15+08:00 ] /xxx2/index.php/Show/show/id/test | INFO: Tag[ view_template ] --START--
[ 2012-12-25T15:26:15+08:00 ] /xxx2/index.php/Show/show/id/test | INFO: Run LocationTemplate Behavior [ RunTime:0.000757s ]
[ 2012-12-25T15:26:15+08:00 ] /xxx2/index.php/Show/show/id/test | INFO: Tag[ view_template ] --END-- [ RunTime:0.000835s ]
[ 2012-12-25T15:26:15+08:00 ] /xxx2/index.php/Show/show/id/test | INFO: Tag[ view_parse ] --START--
[ 2012-12-25T15:26:15+08:00 ] /xxx2/index.php/Show/show/id/test | INFO: Run ParseTemplate Behavior [ RunTime:0.009768s ]
[ 2012-12-25T15:26:15+08:00 ] /xxx2/index.php/Show/show/id/test | INFO: Tag[ view_parse ] --END-- [ RunTime:0.009875s ]
[ 2012-12-25T15:26:15+08:00 ] /xxx2/index.php/Show/show/id/test | INFO: Tag[ view_filter ] --START--
[ 2012-12-25T15:26:15+08:00 ] /xxx2/index.php/Show/show/id/test | INFO: Run ContentReplace Behavior [ RunTime:0.001132s ]
[ 2012-12-25T15:26:15+08:00 ] /xxx2/index.php/Show/show/id/test | INFO: Run TokenBuild Behavior [ RunTime:0.000779s ]
[ 2012-12-25T15:26:15+08:00 ] /xxx2/index.php/Show/show/id/test | INFO: Run WriteHtmlCache Behavior [ RunTime:0.000404s ]
[ 2012-12-25T15:26:15+08:00 ] /xxx2/index.php/Show/show/id/test | INFO: Run ShowRuntime Behavior [ RunTime:0.001739s ]
[ 2012-12-25T15:26:15+08:00 ] /xxx2/index.php/Show/show/id/test | INFO: Tag[ view_filter ] --END-- [ RunTime:0.004410s ]
[ 2012-12-25T15:26:15+08:00 ] /xxx2/index.php/Show/show/id/test | NOTIC: [2] Cannot modify header information - headers already sent by (output started at D:\XAMPP\xampp\htdocs\xxx2\home\Lib\Action\ShowAction.class.php:1) View.class.php 第 120 行.
[ 2012-12-25T15:26:15+08:00 ] /xxx2/index.php/Show/show/id/test | NOTIC: [2] Cannot modify header information - headers already sent by (output started at D:\XAMPP\xampp\htdocs\xxx2\home\Lib\Action\ShowAction.class.php:1) View.class.php 第 121 行.
[ 2012-12-25T15:26:15+08:00 ] /xxx2/index.php/Show/show/id/test | NOTIC: [2] Cannot modify header information - headers already sent by (output started at D:\XAMPP\xampp\htdocs\xxx2\home\Lib\Action\ShowAction.class.php:1) View.class.php 第 122 行.
[ 2012-12-25T15:26:15+08:00 ] /xxx2/index.php/Show/show/id/test | INFO: Tag[ view_end ] --START--
[ 2012-12-25T15:26:15+08:00 ] /xxx2/index.php/Show/show/id/test | INFO: Run ShowPageTrace Behavior [ RunTime:0.001222s ]
[ 2012-12-25T15:26:15+08:00 ] /xxx2/index.php/Show/show/id/test | INFO: Tag[ view_end ] --END-- [ RunTime:0.001611s ]
[ 2012-12-25T15:28:00+08:00 ] /xxx2/index.php/Show/index | INFO: Tag[ route_check ] --START--
[ 2012-12-25T15:28:00+08:00 ] /xxx2/index.php/Show/index | INFO: Run CheckRoute Behavior [ RunTime:0.001568s ]
[ 2012-12-25T15:28:00+08:00 ] /xxx2/index.php/Show/index | INFO: Tag[ route_check ] --END-- [ RunTime:0.001674s ]
[ 2012-12-25T15:28:00+08:00 ] /xxx2/index.php/Show/index | INFO: Tag[ app_begin ] --START--
[ 2012-12-25T15:28:00+08:00 ] /xxx2/index.php/Show/index | INFO: Run ReadHtmlCache Behavior [ RunTime:0.000949s ]
[ 2012-12-25T15:28:00+08:00 ] /xxx2/index.php/Show/index | INFO: Tag[ app_begin ] --END-- [ RunTime:0.001014s ]
[ 2012-12-25T15:28:00+08:00 ] /xxx2/index.php/Show/index | NOTIC: [2] Cannot modify header information - headers already sent by (output started at D:\XAMPP\xampp\htdocs\xxx2\home\Lib\Action\ShowAction.class.php:1) ShowAction.class.php 第 8 行.
[ 2012-12-25T15:28:00+08:00 ] /xxx2/index.php/Show/index | SQL: SHOW COLUMNS FROM `think_catalog` [ RunTime:0.003664s ]
[ 2012-12-25T15:28:00+08:00 ] /xxx2/index.php/Show/index | SQL: SELECT `id`,`f_cata`,`isf`,`f_id`,`p_id` FROM `think_catalog` ORDER BY id asc  [ RunTime:0.001074s ]
[ 2012-12-25T15:28:00+08:00 ] /xxx2/index.php/Show/index | NOTIC: [8] Undefined variable: link_list ShowAction.class.php 第 16 行.
[ 2012-12-25T15:28:00+08:00 ] /xxx2/index.php/Show/index | NOTIC: [8] Undefined variable: tongzhi_list ShowAction.class.php 第 18 行.
[ 2012-12-25T15:28:00+08:00 ] /xxx2/index.php/Show/index | INFO: Tag[ view_template ] --START--
[ 2012-12-25T15:28:00+08:00 ] /xxx2/index.php/Show/index | INFO: Run LocationTemplate Behavior [ RunTime:0.001573s ]
[ 2012-12-25T15:28:00+08:00 ] /xxx2/index.php/Show/index | INFO: Tag[ view_template ] --END-- [ RunTime:0.001650s ]
[ 2012-12-25T15:28:00+08:00 ] /xxx2/index.php/Show/index | INFO: Tag[ view_parse ] --START--
[ 2012-12-25T15:28:00+08:00 ] /xxx2/index.php/Show/index | NOTIC: [8] Undefined variable: count 4114fbf5f7e547e5b806b05cdf8d53ce.php 第 52 行.
[ 2012-12-25T15:28:00+08:00 ] /xxx2/index.php/Show/index | INFO: Run ParseTemplate Behavior [ RunTime:0.015586s ]
[ 2012-12-25T15:28:00+08:00 ] /xxx2/index.php/Show/index | INFO: Tag[ view_parse ] --END-- [ RunTime:0.015667s ]
[ 2012-12-25T15:28:00+08:00 ] /xxx2/index.php/Show/index | INFO: Tag[ view_filter ] --START--
[ 2012-12-25T15:28:00+08:00 ] /xxx2/index.php/Show/index | INFO: Run ContentReplace Behavior [ RunTime:0.000830s ]
[ 2012-12-25T15:28:00+08:00 ] /xxx2/index.php/Show/index | INFO: Run TokenBuild Behavior [ RunTime:0.000812s ]
[ 2012-12-25T15:28:00+08:00 ] /xxx2/index.php/Show/index | INFO: Run WriteHtmlCache Behavior [ RunTime:0.000612s ]
[ 2012-12-25T15:28:00+08:00 ] /xxx2/index.php/Show/index | INFO: Run ShowRuntime Behavior [ RunTime:0.000859s ]
[ 2012-12-25T15:28:00+08:00 ] /xxx2/index.php/Show/index | INFO: Tag[ view_filter ] --END-- [ RunTime:0.003297s ]
[ 2012-12-25T15:28:00+08:00 ] /xxx2/index.php/Show/index | NOTIC: [2] Cannot modify header information - headers already sent by (output started at D:\XAMPP\xampp\htdocs\xxx2\home\Lib\Action\ShowAction.class.php:1) View.class.php 第 120 行.
[ 2012-12-25T15:28:00+08:00 ] /xxx2/index.php/Show/index | NOTIC: [2] Cannot modify header information - headers already sent by (output started at D:\XAMPP\xampp\htdocs\xxx2\home\Lib\Action\ShowAction.class.php:1) View.class.php 第 121 行.
[ 2012-12-25T15:28:00+08:00 ] /xxx2/index.php/Show/index | NOTIC: [2] Cannot modify header information - headers already sent by (output started at D:\XAMPP\xampp\htdocs\xxx2\home\Lib\Action\ShowAction.class.php:1) View.class.php 第 122 行.
[ 2012-12-25T15:28:00+08:00 ] /xxx2/index.php/Show/index | INFO: Tag[ view_end ] --START--
[ 2012-12-25T15:28:00+08:00 ] /xxx2/index.php/Show/index | INFO: Run ShowPageTrace Behavior [ RunTime:0.000832s ]
[ 2012-12-25T15:28:00+08:00 ] /xxx2/index.php/Show/index | INFO: Tag[ view_end ] --END-- [ RunTime:0.000894s ]
[ 2012-12-25T15:28:00+08:00 ] /xxx2/index.php/Show/resources/images/closelabel.gif | ERR: (ThinkException) 非法操作resources
[ 2012-12-25T15:28:00+08:00 ] /xxx2/index.php/Show/welcome | INFO: Tag[ route_check ] --START--
[ 2012-12-25T15:28:00+08:00 ] /xxx2/index.php/Show/welcome | INFO: Run CheckRoute Behavior [ RunTime:0.001677s ]
[ 2012-12-25T15:28:00+08:00 ] /xxx2/index.php/Show/welcome | INFO: Tag[ route_check ] --END-- [ RunTime:0.001799s ]
[ 2012-12-25T15:28:00+08:00 ] /xxx2/index.php/Show/welcome | INFO: Tag[ app_begin ] --START--
[ 2012-12-25T15:28:00+08:00 ] /xxx2/index.php/Show/welcome | INFO: Run ReadHtmlCache Behavior [ RunTime:0.000783s ]
[ 2012-12-25T15:28:00+08:00 ] /xxx2/index.php/Show/welcome | INFO: Tag[ app_begin ] --END-- [ RunTime:0.000848s ]
[ 2012-12-25T15:28:00+08:00 ] /xxx2/index.php/Show/welcome | INFO: Tag[ view_template ] --START--
[ 2012-12-25T15:28:00+08:00 ] /xxx2/index.php/Show/welcome | INFO: Run LocationTemplate Behavior [ RunTime:0.001646s ]
[ 2012-12-25T15:28:00+08:00 ] /xxx2/index.php/Show/welcome | INFO: Tag[ view_template ] --END-- [ RunTime:0.001754s ]
[ 2012-12-25T15:28:00+08:00 ] /xxx2/index.php/Show/welcome | INFO: Tag[ view_parse ] --START--
[ 2012-12-25T15:28:00+08:00 ] /xxx2/index.php/Show/welcome | INFO: Run ParseTemplate Behavior [ RunTime:0.016118s ]
[ 2012-12-25T15:28:00+08:00 ] /xxx2/index.php/Show/welcome | INFO: Tag[ view_parse ] --END-- [ RunTime:0.016217s ]
[ 2012-12-25T15:28:00+08:00 ] /xxx2/index.php/Show/welcome | INFO: Tag[ view_filter ] --START--
[ 2012-12-25T15:28:00+08:00 ] /xxx2/index.php/Show/welcome | INFO: Run ContentReplace Behavior [ RunTime:0.000742s ]
[ 2012-12-25T15:28:00+08:00 ] /xxx2/index.php/Show/welcome | INFO: Run TokenBuild Behavior [ RunTime:0.000905s ]
[ 2012-12-25T15:28:00+08:00 ] /xxx2/index.php/Show/welcome | INFO: Run WriteHtmlCache Behavior [ RunTime:0.000619s ]
[ 2012-12-25T15:28:00+08:00 ] /xxx2/index.php/Show/welcome | INFO: Run ShowRuntime Behavior [ RunTime:0.000856s ]
[ 2012-12-25T15:28:00+08:00 ] /xxx2/index.php/Show/welcome | INFO: Tag[ view_filter ] --END-- [ RunTime:0.003312s ]
[ 2012-12-25T15:28:00+08:00 ] /xxx2/index.php/Show/welcome | NOTIC: [2] Cannot modify header information - headers already sent by (output started at D:\XAMPP\xampp\htdocs\xxx2\home\Lib\Action\ShowAction.class.php:1) View.class.php 第 120 行.
[ 2012-12-25T15:28:00+08:00 ] /xxx2/index.php/Show/welcome | NOTIC: [2] Cannot modify header information - headers already sent by (output started at D:\XAMPP\xampp\htdocs\xxx2\home\Lib\Action\ShowAction.class.php:1) View.class.php 第 121 行.
[ 2012-12-25T15:28:00+08:00 ] /xxx2/index.php/Show/welcome | NOTIC: [2] Cannot modify header information - headers already sent by (output started at D:\XAMPP\xampp\htdocs\xxx2\home\Lib\Action\ShowAction.class.php:1) View.class.php 第 122 行.
[ 2012-12-25T15:28:00+08:00 ] /xxx2/index.php/Show/welcome | INFO: Tag[ view_end ] --START--
[ 2012-12-25T15:28:00+08:00 ] /xxx2/index.php/Show/welcome | INFO: Run ShowPageTrace Behavior [ RunTime:0.002161s ]
[ 2012-12-25T15:28:00+08:00 ] /xxx2/index.php/Show/welcome | INFO: Tag[ view_end ] --END-- [ RunTime:0.002250s ]
[ 2012-12-25T15:28:01+08:00 ] /xxx2/index.php/Show/index | INFO: Tag[ route_check ] --START--
[ 2012-12-25T15:28:01+08:00 ] /xxx2/index.php/Show/index | INFO: Run CheckRoute Behavior [ RunTime:0.000918s ]
[ 2012-12-25T15:28:01+08:00 ] /xxx2/index.php/Show/index | INFO: Tag[ route_check ] --END-- [ RunTime:0.001020s ]
[ 2012-12-25T15:28:01+08:00 ] /xxx2/index.php/Show/index | INFO: Tag[ app_begin ] --START--
[ 2012-12-25T15:28:01+08:00 ] /xxx2/index.php/Show/index | INFO: Run ReadHtmlCache Behavior [ RunTime:0.000622s ]
[ 2012-12-25T15:28:01+08:00 ] /xxx2/index.php/Show/index | INFO: Tag[ app_begin ] --END-- [ RunTime:0.000684s ]
[ 2012-12-25T15:28:01+08:00 ] /xxx2/index.php/Show/index | NOTIC: [2] Cannot modify header information - headers already sent by (output started at D:\XAMPP\xampp\htdocs\xxx2\home\Lib\Action\ShowAction.class.php:1) ShowAction.class.php 第 8 行.
[ 2012-12-25T15:28:01+08:00 ] /xxx2/index.php/Show/index | SQL: SHOW COLUMNS FROM `think_catalog` [ RunTime:0.002482s ]
[ 2012-12-25T15:28:01+08:00 ] /xxx2/index.php/Show/index | SQL: SELECT `id`,`f_cata`,`isf`,`f_id`,`p_id` FROM `think_catalog` ORDER BY id asc  [ RunTime:0.000688s ]
[ 2012-12-25T15:28:01+08:00 ] /xxx2/index.php/Show/index | NOTIC: [8] Undefined variable: link_list ShowAction.class.php 第 16 行.
[ 2012-12-25T15:28:01+08:00 ] /xxx2/index.php/Show/index | NOTIC: [8] Undefined variable: tongzhi_list ShowAction.class.php 第 18 行.
[ 2012-12-25T15:28:01+08:00 ] /xxx2/index.php/Show/index | INFO: Tag[ view_template ] --START--
[ 2012-12-25T15:28:01+08:00 ] /xxx2/index.php/Show/index | INFO: Run LocationTemplate Behavior [ RunTime:0.000921s ]
[ 2012-12-25T15:28:01+08:00 ] /xxx2/index.php/Show/index | INFO: Tag[ view_template ] --END-- [ RunTime:0.000992s ]
[ 2012-12-25T15:28:01+08:00 ] /xxx2/index.php/Show/index | INFO: Tag[ view_parse ] --START--
[ 2012-12-25T15:28:01+08:00 ] /xxx2/index.php/Show/index | NOTIC: [8] Undefined variable: count 4114fbf5f7e547e5b806b05cdf8d53ce.php 第 52 行.
[ 2012-12-25T15:28:01+08:00 ] /xxx2/index.php/Show/index | INFO: Run ParseTemplate Behavior [ RunTime:0.015325s ]
[ 2012-12-25T15:28:01+08:00 ] /xxx2/index.php/Show/index | INFO: Tag[ view_parse ] --END-- [ RunTime:0.015406s ]
[ 2012-12-25T15:28:01+08:00 ] /xxx2/index.php/Show/index | INFO: Tag[ view_filter ] --START--
[ 2012-12-25T15:28:01+08:00 ] /xxx2/index.php/Show/index | INFO: Run ContentReplace Behavior [ RunTime:0.000538s ]
[ 2012-12-25T15:28:01+08:00 ] /xxx2/index.php/Show/index | INFO: Run TokenBuild Behavior [ RunTime:0.000495s ]
[ 2012-12-25T15:28:01+08:00 ] /xxx2/index.php/Show/index | INFO: Run WriteHtmlCache Behavior [ RunTime:0.000298s ]
[ 2012-12-25T15:28:01+08:00 ] /xxx2/index.php/Show/index | INFO: Run ShowRuntime Behavior [ RunTime:0.000542s ]
[ 2012-12-25T15:28:01+08:00 ] /xxx2/index.php/Show/index | INFO: Tag[ view_filter ] --END-- [ RunTime:0.002045s ]
[ 2012-12-25T15:28:01+08:00 ] /xxx2/index.php/Show/index | NOTIC: [2] Cannot modify header information - headers already sent by (output started at D:\XAMPP\xampp\htdocs\xxx2\home\Lib\Action\ShowAction.class.php:1) View.class.php 第 120 行.
[ 2012-12-25T15:28:01+08:00 ] /xxx2/index.php/Show/index | NOTIC: [2] Cannot modify header information - headers already sent by (output started at D:\XAMPP\xampp\htdocs\xxx2\home\Lib\Action\ShowAction.class.php:1) View.class.php 第 121 行.
[ 2012-12-25T15:28:01+08:00 ] /xxx2/index.php/Show/index | NOTIC: [2] Cannot modify header information - headers already sent by (output started at D:\XAMPP\xampp\htdocs\xxx2\home\Lib\Action\ShowAction.class.php:1) View.class.php 第 122 行.
[ 2012-12-25T15:28:01+08:00 ] /xxx2/index.php/Show/index | INFO: Tag[ view_end ] --START--
[ 2012-12-25T15:28:01+08:00 ] /xxx2/index.php/Show/index | INFO: Run ShowPageTrace Behavior [ RunTime:0.000741s ]
[ 2012-12-25T15:28:01+08:00 ] /xxx2/index.php/Show/index | INFO: Tag[ view_end ] --END-- [ RunTime:0.000821s ]
[ 2012-12-25T15:28:01+08:00 ] /xxx2/index.php/Show/resources/images/closelabel.gif | ERR: (ThinkException) 非法操作resources
[ 2012-12-25T15:28:01+08:00 ] /xxx2/index.php/Show/welcome | INFO: Tag[ route_check ] --START--
[ 2012-12-25T15:28:01+08:00 ] /xxx2/index.php/Show/welcome | INFO: Run CheckRoute Behavior [ RunTime:0.000940s ]
[ 2012-12-25T15:28:01+08:00 ] /xxx2/index.php/Show/welcome | INFO: Tag[ route_check ] --END-- [ RunTime:0.001050s ]
[ 2012-12-25T15:28:01+08:00 ] /xxx2/index.php/Show/welcome | INFO: Tag[ app_begin ] --START--
[ 2012-12-25T15:28:01+08:00 ] /xxx2/index.php/Show/welcome | INFO: Run ReadHtmlCache Behavior [ RunTime:0.000850s ]
[ 2012-12-25T15:28:01+08:00 ] /xxx2/index.php/Show/welcome | INFO: Tag[ app_begin ] --END-- [ RunTime:0.000962s ]
[ 2012-12-25T15:28:01+08:00 ] /xxx2/index.php/Show/welcome | INFO: Tag[ view_template ] --START--
[ 2012-12-25T15:28:01+08:00 ] /xxx2/index.php/Show/welcome | INFO: Run LocationTemplate Behavior [ RunTime:0.001813s ]
[ 2012-12-25T15:28:01+08:00 ] /xxx2/index.php/Show/welcome | INFO: Tag[ view_template ] --END-- [ RunTime:0.002006s ]
[ 2012-12-25T15:28:01+08:00 ] /xxx2/index.php/Show/welcome | INFO: Tag[ view_parse ] --START--
[ 2012-12-25T15:28:01+08:00 ] /xxx2/index.php/Show/welcome | INFO: Run ParseTemplate Behavior [ RunTime:0.015790s ]
[ 2012-12-25T15:28:01+08:00 ] /xxx2/index.php/Show/welcome | INFO: Tag[ view_parse ] --END-- [ RunTime:0.015897s ]
[ 2012-12-25T15:28:01+08:00 ] /xxx2/index.php/Show/welcome | INFO: Tag[ view_filter ] --START--
[ 2012-12-25T15:28:01+08:00 ] /xxx2/index.php/Show/welcome | INFO: Run ContentReplace Behavior [ RunTime:0.000767s ]
[ 2012-12-25T15:28:01+08:00 ] /xxx2/index.php/Show/welcome | INFO: Run TokenBuild Behavior [ RunTime:0.001705s ]
[ 2012-12-25T15:28:01+08:00 ] /xxx2/index.php/Show/welcome | INFO: Run WriteHtmlCache Behavior [ RunTime:0.000688s ]
[ 2012-12-25T15:28:01+08:00 ] /xxx2/index.php/Show/welcome | INFO: Run ShowRuntime Behavior [ RunTime:0.000885s ]
[ 2012-12-25T15:28:01+08:00 ] /xxx2/index.php/Show/welcome | INFO: Tag[ view_filter ] --END-- [ RunTime:0.004245s ]
[ 2012-12-25T15:28:01+08:00 ] /xxx2/index.php/Show/welcome | NOTIC: [2] Cannot modify header information - headers already sent by (output started at D:\XAMPP\xampp\htdocs\xxx2\home\Lib\Action\ShowAction.class.php:1) View.class.php 第 120 行.
[ 2012-12-25T15:28:01+08:00 ] /xxx2/index.php/Show/welcome | NOTIC: [2] Cannot modify header information - headers already sent by (output started at D:\XAMPP\xampp\htdocs\xxx2\home\Lib\Action\ShowAction.class.php:1) View.class.php 第 121 行.
[ 2012-12-25T15:28:01+08:00 ] /xxx2/index.php/Show/welcome | NOTIC: [2] Cannot modify header information - headers already sent by (output started at D:\XAMPP\xampp\htdocs\xxx2\home\Lib\Action\ShowAction.class.php:1) View.class.php 第 122 行.
[ 2012-12-25T15:28:01+08:00 ] /xxx2/index.php/Show/welcome | INFO: Tag[ view_end ] --START--
[ 2012-12-25T15:28:01+08:00 ] /xxx2/index.php/Show/welcome | INFO: Run ShowPageTrace Behavior [ RunTime:0.000836s ]
[ 2012-12-25T15:28:01+08:00 ] /xxx2/index.php/Show/welcome | INFO: Tag[ view_end ] --END-- [ RunTime:0.000900s ]
[ 2012-12-25T15:28:04+08:00 ] /xxx2/index.php/Show/show/id/test | INFO: Tag[ route_check ] --START--
[ 2012-12-25T15:28:04+08:00 ] /xxx2/index.php/Show/show/id/test | INFO: Run CheckRoute Behavior [ RunTime:0.000927s ]
[ 2012-12-25T15:28:04+08:00 ] /xxx2/index.php/Show/show/id/test | INFO: Tag[ route_check ] --END-- [ RunTime:0.001030s ]
[ 2012-12-25T15:28:04+08:00 ] /xxx2/index.php/Show/show/id/test | INFO: Tag[ app_begin ] --START--
[ 2012-12-25T15:28:04+08:00 ] /xxx2/index.php/Show/show/id/test | INFO: Run ReadHtmlCache Behavior [ RunTime:0.000713s ]
[ 2012-12-25T15:28:04+08:00 ] /xxx2/index.php/Show/show/id/test | INFO: Tag[ app_begin ] --END-- [ RunTime:0.000782s ]
[ 2012-12-25T15:28:04+08:00 ] /xxx2/index.php/Show/show/id/test | NOTIC: [2] Cannot modify header information - headers already sent by (output started at D:\XAMPP\xampp\htdocs\xxx2\home\Lib\Action\ShowAction.class.php:1) ShowAction.class.php 第 49 行.
[ 2012-12-25T15:28:04+08:00 ] /xxx2/index.php/Show/show/id/test | SQL: SHOW COLUMNS FROM `think_catalog` [ RunTime:0.002929s ]
[ 2012-12-25T15:28:04+08:00 ] /xxx2/index.php/Show/show/id/test | SQL: SELECT * FROM `think_catalog` WHERE f_cata='test' LIMIT 1   [ RunTime:0.000792s ]
[ 2012-12-25T15:28:04+08:00 ] /xxx2/index.php/Show/show/id/test | SQL: SHOW COLUMNS FROM `think_cata` [ RunTime:0.002899s ]
[ 2012-12-25T15:28:04+08:00 ] /xxx2/index.php/Show/show/id/test | SQL: SELECT `title`,`content`,`user`,`dt` FROM `think_cata` WHERE Catalog='test'  [ RunTime:0.003214s ]
[ 2012-12-25T15:28:04+08:00 ] /xxx2/index.php/Show/show/id/test | INFO: Tag[ view_template ] --START--
[ 2012-12-25T15:28:04+08:00 ] /xxx2/index.php/Show/show/id/test | INFO: Run LocationTemplate Behavior [ RunTime:0.001462s ]
[ 2012-12-25T15:28:04+08:00 ] /xxx2/index.php/Show/show/id/test | INFO: Tag[ view_template ] --END-- [ RunTime:0.001574s ]
[ 2012-12-25T15:28:04+08:00 ] /xxx2/index.php/Show/show/id/test | INFO: Tag[ view_parse ] --START--
[ 2012-12-25T15:28:04+08:00 ] /xxx2/index.php/Show/show/id/test | INFO: Run ParseTemplate Behavior [ RunTime:0.010024s ]
[ 2012-12-25T15:28:04+08:00 ] /xxx2/index.php/Show/show/id/test | INFO: Tag[ view_parse ] --END-- [ RunTime:0.010137s ]
[ 2012-12-25T15:28:04+08:00 ] /xxx2/index.php/Show/show/id/test | INFO: Tag[ view_filter ] --START--
[ 2012-12-25T15:28:04+08:00 ] /xxx2/index.php/Show/show/id/test | INFO: Run ContentReplace Behavior [ RunTime:0.001064s ]
[ 2012-12-25T15:28:04+08:00 ] /xxx2/index.php/Show/show/id/test | INFO: Run TokenBuild Behavior [ RunTime:0.000729s ]
[ 2012-12-25T15:28:04+08:00 ] /xxx2/index.php/Show/show/id/test | INFO: Run WriteHtmlCache Behavior [ RunTime:0.000314s ]
[ 2012-12-25T15:28:04+08:00 ] /xxx2/index.php/Show/show/id/test | INFO: Run ShowRuntime Behavior [ RunTime:0.000748s ]
[ 2012-12-25T15:28:04+08:00 ] /xxx2/index.php/Show/show/id/test | INFO: Tag[ view_filter ] --END-- [ RunTime:0.003038s ]
[ 2012-12-25T15:28:04+08:00 ] /xxx2/index.php/Show/show/id/test | NOTIC: [2] Cannot modify header information - headers already sent by (output started at D:\XAMPP\xampp\htdocs\xxx2\home\Lib\Action\ShowAction.class.php:1) View.class.php 第 120 行.
[ 2012-12-25T15:28:04+08:00 ] /xxx2/index.php/Show/show/id/test | NOTIC: [2] Cannot modify header information - headers already sent by (output started at D:\XAMPP\xampp\htdocs\xxx2\home\Lib\Action\ShowAction.class.php:1) View.class.php 第 121 行.
[ 2012-12-25T15:28:04+08:00 ] /xxx2/index.php/Show/show/id/test | NOTIC: [2] Cannot modify header information - headers already sent by (output started at D:\XAMPP\xampp\htdocs\xxx2\home\Lib\Action\ShowAction.class.php:1) View.class.php 第 122 行.
[ 2012-12-25T15:28:04+08:00 ] /xxx2/index.php/Show/show/id/test | INFO: Tag[ view_end ] --START--
[ 2012-12-25T15:28:04+08:00 ] /xxx2/index.php/Show/show/id/test | INFO: Run ShowPageTrace Behavior [ RunTime:0.002414s ]
[ 2012-12-25T15:28:04+08:00 ] /xxx2/index.php/Show/show/id/test | INFO: Tag[ view_end ] --END-- [ RunTime:0.002519s ]
[ 2012-12-25T15:28:05+08:00 ] /xxx2/index.php/Show/videos/id/%E8%A7%86%E9%A2%91 | INFO: Tag[ route_check ] --START--
[ 2012-12-25T15:28:05+08:00 ] /xxx2/index.php/Show/videos/id/%E8%A7%86%E9%A2%91 | INFO: Run CheckRoute Behavior [ RunTime:0.000987s ]
[ 2012-12-25T15:28:05+08:00 ] /xxx2/index.php/Show/videos/id/%E8%A7%86%E9%A2%91 | INFO: Tag[ route_check ] --END-- [ RunTime:0.001100s ]
[ 2012-12-25T15:28:05+08:00 ] /xxx2/index.php/Show/videos/id/%E8%A7%86%E9%A2%91 | INFO: Tag[ app_begin ] --START--
[ 2012-12-25T15:28:05+08:00 ] /xxx2/index.php/Show/videos/id/%E8%A7%86%E9%A2%91 | INFO: Run ReadHtmlCache Behavior [ RunTime:0.000683s ]
[ 2012-12-25T15:28:05+08:00 ] /xxx2/index.php/Show/videos/id/%E8%A7%86%E9%A2%91 | INFO: Tag[ app_begin ] --END-- [ RunTime:0.000754s ]
[ 2012-12-25T15:28:05+08:00 ] /xxx2/index.php/Show/videos/id/%E8%A7%86%E9%A2%91 | SQL: SHOW COLUMNS FROM `think_catalog` [ RunTime:0.002359s ]
[ 2012-12-25T15:28:05+08:00 ] /xxx2/index.php/Show/videos/id/%E8%A7%86%E9%A2%91 | SQL: SELECT * FROM `think_catalog` WHERE f_cata='视频' LIMIT 1   [ RunTime:0.001393s ]
[ 2012-12-25T15:28:05+08:00 ] /xxx2/index.php/Show/videos/id/%E8%A7%86%E9%A2%91 | SQL: SELECT * FROM `think_catalog` WHERE f_id=40  [ RunTime:0.000278s ]
[ 2012-12-25T15:28:05+08:00 ] /xxx2/index.php/Show/videos/id/%E8%A7%86%E9%A2%91 | INFO: Tag[ view_template ] --START--
[ 2012-12-25T15:28:05+08:00 ] /xxx2/index.php/Show/videos/id/%E8%A7%86%E9%A2%91 | INFO: Run LocationTemplate Behavior [ RunTime:0.000975s ]
[ 2012-12-25T15:28:05+08:00 ] /xxx2/index.php/Show/videos/id/%E8%A7%86%E9%A2%91 | INFO: Tag[ view_template ] --END-- [ RunTime:0.001049s ]
[ 2012-12-25T15:28:05+08:00 ] /xxx2/index.php/Show/videos/id/%E8%A7%86%E9%A2%91 | INFO: Tag[ view_parse ] --START--
[ 2012-12-25T15:28:05+08:00 ] /xxx2/index.php/Show/videos/id/%E8%A7%86%E9%A2%91 | INFO: Run ParseTemplate Behavior [ RunTime:0.008539s ]
[ 2012-12-25T15:28:05+08:00 ] /xxx2/index.php/Show/videos/id/%E8%A7%86%E9%A2%91 | INFO: Tag[ view_parse ] --END-- [ RunTime:0.008633s ]
[ 2012-12-25T15:28:05+08:00 ] /xxx2/index.php/Show/videos/id/%E8%A7%86%E9%A2%91 | INFO: Tag[ view_filter ] --START--
[ 2012-12-25T15:28:05+08:00 ] /xxx2/index.php/Show/videos/id/%E8%A7%86%E9%A2%91 | INFO: Run ContentReplace Behavior [ RunTime:0.000421s ]
[ 2012-12-25T15:28:05+08:00 ] /xxx2/index.php/Show/videos/id/%E8%A7%86%E9%A2%91 | INFO: Run TokenBuild Behavior [ RunTime:0.000442s ]
[ 2012-12-25T15:28:05+08:00 ] /xxx2/index.php/Show/videos/id/%E8%A7%86%E9%A2%91 | INFO: Run WriteHtmlCache Behavior [ RunTime:0.000290s ]
[ 2012-12-25T15:28:05+08:00 ] /xxx2/index.php/Show/videos/id/%E8%A7%86%E9%A2%91 | INFO: Run ShowRuntime Behavior [ RunTime:0.000595s ]
[ 2012-12-25T15:28:05+08:00 ] /xxx2/index.php/Show/videos/id/%E8%A7%86%E9%A2%91 | INFO: Tag[ view_filter ] --END-- [ RunTime:0.001935s ]
[ 2012-12-25T15:28:05+08:00 ] /xxx2/index.php/Show/videos/id/%E8%A7%86%E9%A2%91 | NOTIC: [2] Cannot modify header information - headers already sent by (output started at D:\XAMPP\xampp\htdocs\xxx2\home\Lib\Action\ShowAction.class.php:1) View.class.php 第 120 行.
[ 2012-12-25T15:28:05+08:00 ] /xxx2/index.php/Show/videos/id/%E8%A7%86%E9%A2%91 | NOTIC: [2] Cannot modify header information - headers already sent by (output started at D:\XAMPP\xampp\htdocs\xxx2\home\Lib\Action\ShowAction.class.php:1) View.class.php 第 121 行.
[ 2012-12-25T15:28:05+08:00 ] /xxx2/index.php/Show/videos/id/%E8%A7%86%E9%A2%91 | NOTIC: [2] Cannot modify header information - headers already sent by (output started at D:\XAMPP\xampp\htdocs\xxx2\home\Lib\Action\ShowAction.class.php:1) View.class.php 第 122 行.
[ 2012-12-25T15:28:05+08:00 ] /xxx2/index.php/Show/videos/id/%E8%A7%86%E9%A2%91 | INFO: Tag[ view_end ] --START--
[ 2012-12-25T15:28:05+08:00 ] /xxx2/index.php/Show/videos/id/%E8%A7%86%E9%A2%91 | INFO: Run ShowPageTrace Behavior [ RunTime:0.000632s ]
[ 2012-12-25T15:28:05+08:00 ] /xxx2/index.php/Show/videos/id/%E8%A7%86%E9%A2%91 | INFO: Tag[ view_end ] --END-- [ RunTime:0.000702s ]
[ 2012-12-25T15:28:08+08:00 ] /xxx2/index.php/Show/show/id/fea | INFO: Tag[ route_check ] --START--
[ 2012-12-25T15:28:08+08:00 ] /xxx2/index.php/Show/show/id/fea | INFO: Run CheckRoute Behavior [ RunTime:0.000939s ]
[ 2012-12-25T15:28:08+08:00 ] /xxx2/index.php/Show/show/id/fea | INFO: Tag[ route_check ] --END-- [ RunTime:0.001041s ]
[ 2012-12-25T15:28:08+08:00 ] /xxx2/index.php/Show/show/id/fea | INFO: Tag[ app_begin ] --START--
[ 2012-12-25T15:28:08+08:00 ] /xxx2/index.php/Show/show/id/fea | INFO: Run ReadHtmlCache Behavior [ RunTime:0.000641s ]
[ 2012-12-25T15:28:08+08:00 ] /xxx2/index.php/Show/show/id/fea | INFO: Tag[ app_begin ] --END-- [ RunTime:0.000708s ]
[ 2012-12-25T15:28:08+08:00 ] /xxx2/index.php/Show/show/id/fea | NOTIC: [2] Cannot modify header information - headers already sent by (output started at D:\XAMPP\xampp\htdocs\xxx2\home\Lib\Action\ShowAction.class.php:1) ShowAction.class.php 第 49 行.
[ 2012-12-25T15:28:08+08:00 ] /xxx2/index.php/Show/show/id/fea | SQL: SHOW COLUMNS FROM `think_catalog` [ RunTime:0.002739s ]
[ 2012-12-25T15:28:08+08:00 ] /xxx2/index.php/Show/show/id/fea | SQL: SELECT * FROM `think_catalog` WHERE f_cata='fea' LIMIT 1   [ RunTime:0.001508s ]
[ 2012-12-25T15:28:08+08:00 ] /xxx2/index.php/Show/show/id/fea | SQL: SHOW COLUMNS FROM `think_cata` [ RunTime:0.002885s ]
[ 2012-12-25T15:28:08+08:00 ] /xxx2/index.php/Show/show/id/fea | SQL: SELECT `title`,`content`,`user`,`dt` FROM `think_cata` WHERE Catalog='fea'  [ RunTime:0.000917s ]
[ 2012-12-25T15:28:08+08:00 ] /xxx2/index.php/Show/show/id/fea | INFO: Tag[ view_template ] --START--
[ 2012-12-25T15:28:08+08:00 ] /xxx2/index.php/Show/show/id/fea | INFO: Run LocationTemplate Behavior [ RunTime:0.000634s ]
[ 2012-12-25T15:28:08+08:00 ] /xxx2/index.php/Show/show/id/fea | INFO: Tag[ view_template ] --END-- [ RunTime:0.000706s ]
[ 2012-12-25T15:28:08+08:00 ] /xxx2/index.php/Show/show/id/fea | INFO: Tag[ view_parse ] --START--
[ 2012-12-25T15:28:08+08:00 ] /xxx2/index.php/Show/show/id/fea | INFO: Run ParseTemplate Behavior [ RunTime:0.010371s ]
[ 2012-12-25T15:28:08+08:00 ] /xxx2/index.php/Show/show/id/fea | INFO: Tag[ view_parse ] --END-- [ RunTime:0.010482s ]
[ 2012-12-25T15:28:08+08:00 ] /xxx2/index.php/Show/show/id/fea | INFO: Tag[ view_filter ] --START--
[ 2012-12-25T15:28:08+08:00 ] /xxx2/index.php/Show/show/id/fea | INFO: Run ContentReplace Behavior [ RunTime:0.000440s ]
[ 2012-12-25T15:28:08+08:00 ] /xxx2/index.php/Show/show/id/fea | INFO: Run TokenBuild Behavior [ RunTime:0.000444s ]
[ 2012-12-25T15:28:08+08:00 ] /xxx2/index.php/Show/show/id/fea | INFO: Run WriteHtmlCache Behavior [ RunTime:0.000301s ]
[ 2012-12-25T15:28:08+08:00 ] /xxx2/index.php/Show/show/id/fea | INFO: Run ShowRuntime Behavior [ RunTime:0.000555s ]
[ 2012-12-25T15:28:08+08:00 ] /xxx2/index.php/Show/show/id/fea | INFO: Tag[ view_filter ] --END-- [ RunTime:0.001915s ]
[ 2012-12-25T15:28:08+08:00 ] /xxx2/index.php/Show/show/id/fea | NOTIC: [2] Cannot modify header information - headers already sent by (output started at D:\XAMPP\xampp\htdocs\xxx2\home\Lib\Action\ShowAction.class.php:1) View.class.php 第 120 行.
[ 2012-12-25T15:28:08+08:00 ] /xxx2/index.php/Show/show/id/fea | NOTIC: [2] Cannot modify header information - headers already sent by (output started at D:\XAMPP\xampp\htdocs\xxx2\home\Lib\Action\ShowAction.class.php:1) View.class.php 第 121 行.
[ 2012-12-25T15:28:08+08:00 ] /xxx2/index.php/Show/show/id/fea | NOTIC: [2] Cannot modify header information - headers already sent by (output started at D:\XAMPP\xampp\htdocs\xxx2\home\Lib\Action\ShowAction.class.php:1) View.class.php 第 122 行.
[ 2012-12-25T15:28:08+08:00 ] /xxx2/index.php/Show/show/id/fea | INFO: Tag[ view_end ] --START--
[ 2012-12-25T15:28:08+08:00 ] /xxx2/index.php/Show/show/id/fea | INFO: Run ShowPageTrace Behavior [ RunTime:0.000520s ]
[ 2012-12-25T15:28:08+08:00 ] /xxx2/index.php/Show/show/id/fea | INFO: Tag[ view_end ] --END-- [ RunTime:0.000581s ]
[ 2012-12-25T15:28:15+08:00 ] /xxx2/index.php/Show/show/id/nfaefa | INFO: Tag[ route_check ] --START--
[ 2012-12-25T15:28:15+08:00 ] /xxx2/index.php/Show/show/id/nfaefa | INFO: Run CheckRoute Behavior [ RunTime:0.001755s ]
[ 2012-12-25T15:28:15+08:00 ] /xxx2/index.php/Show/show/id/nfaefa | INFO: Tag[ route_check ] --END-- [ RunTime:0.001873s ]
[ 2012-12-25T15:28:15+08:00 ] /xxx2/index.php/Show/show/id/nfaefa | INFO: Tag[ app_begin ] --START--
[ 2012-12-25T15:28:15+08:00 ] /xxx2/index.php/Show/show/id/nfaefa | INFO: Run ReadHtmlCache Behavior [ RunTime:0.000796s ]
[ 2012-12-25T15:28:15+08:00 ] /xxx2/index.php/Show/show/id/nfaefa | INFO: Tag[ app_begin ] --END-- [ RunTime:0.000872s ]
[ 2012-12-25T15:28:15+08:00 ] /xxx2/index.php/Show/show/id/nfaefa | NOTIC: [2] Cannot modify header information - headers already sent by (output started at D:\XAMPP\xampp\htdocs\xxx2\home\Lib\Action\ShowAction.class.php:1) ShowAction.class.php 第 49 行.
[ 2012-12-25T15:28:15+08:00 ] /xxx2/index.php/Show/show/id/nfaefa | SQL: SHOW COLUMNS FROM `think_catalog` [ RunTime:0.002436s ]
[ 2012-12-25T15:28:15+08:00 ] /xxx2/index.php/Show/show/id/nfaefa | SQL: SELECT * FROM `think_catalog` WHERE f_cata='nfaefa' LIMIT 1   [ RunTime:0.000687s ]
[ 2012-12-25T15:28:15+08:00 ] /xxx2/index.php/Show/show/id/nfaefa | SQL: SHOW COLUMNS FROM `think_cata` [ RunTime:0.002291s ]
[ 2012-12-25T15:28:15+08:00 ] /xxx2/index.php/Show/show/id/nfaefa | SQL: SELECT `title`,`content`,`user`,`dt` FROM `think_cata` WHERE Catalog='nfaefa'  [ RunTime:0.000846s ]
[ 2012-12-25T15:28:15+08:00 ] /xxx2/index.php/Show/show/id/nfaefa | INFO: Tag[ view_template ] --START--
[ 2012-12-25T15:28:15+08:00 ] /xxx2/index.php/Show/show/id/nfaefa | INFO: Run LocationTemplate Behavior [ RunTime:0.000616s ]
[ 2012-12-25T15:28:15+08:00 ] /xxx2/index.php/Show/show/id/nfaefa | INFO: Tag[ view_template ] --END-- [ RunTime:0.000685s ]
[ 2012-12-25T15:28:15+08:00 ] /xxx2/index.php/Show/show/id/nfaefa | INFO: Tag[ view_parse ] --START--
[ 2012-12-25T15:28:15+08:00 ] /xxx2/index.php/Show/show/id/nfaefa | INFO: Run ParseTemplate Behavior [ RunTime:0.009890s ]
[ 2012-12-25T15:28:15+08:00 ] /xxx2/index.php/Show/show/id/nfaefa | INFO: Tag[ view_parse ] --END-- [ RunTime:0.009989s ]
[ 2012-12-25T15:28:15+08:00 ] /xxx2/index.php/Show/show/id/nfaefa | INFO: Tag[ view_filter ] --START--
[ 2012-12-25T15:28:15+08:00 ] /xxx2/index.php/Show/show/id/nfaefa | INFO: Run ContentReplace Behavior [ RunTime:0.000409s ]
[ 2012-12-25T15:28:15+08:00 ] /xxx2/index.php/Show/show/id/nfaefa | INFO: Run TokenBuild Behavior [ RunTime:0.000441s ]
[ 2012-12-25T15:28:15+08:00 ] /xxx2/index.php/Show/show/id/nfaefa | INFO: Run WriteHtmlCache Behavior [ RunTime:0.000287s ]
[ 2012-12-25T15:28:15+08:00 ] /xxx2/index.php/Show/show/id/nfaefa | INFO: Run ShowRuntime Behavior [ RunTime:0.000561s ]
[ 2012-12-25T15:28:15+08:00 ] /xxx2/index.php/Show/show/id/nfaefa | INFO: Tag[ view_filter ] --END-- [ RunTime:0.001869s ]
[ 2012-12-25T15:28:15+08:00 ] /xxx2/index.php/Show/show/id/nfaefa | NOTIC: [2] Cannot modify header information - headers already sent by (output started at D:\XAMPP\xampp\htdocs\xxx2\home\Lib\Action\ShowAction.class.php:1) View.class.php 第 120 行.
[ 2012-12-25T15:28:15+08:00 ] /xxx2/index.php/Show/show/id/nfaefa | NOTIC: [2] Cannot modify header information - headers already sent by (output started at D:\XAMPP\xampp\htdocs\xxx2\home\Lib\Action\ShowAction.class.php:1) View.class.php 第 121 行.
[ 2012-12-25T15:28:15+08:00 ] /xxx2/index.php/Show/show/id/nfaefa | NOTIC: [2] Cannot modify header information - headers already sent by (output started at D:\XAMPP\xampp\htdocs\xxx2\home\Lib\Action\ShowAction.class.php:1) View.class.php 第 122 行.
[ 2012-12-25T15:28:15+08:00 ] /xxx2/index.php/Show/show/id/nfaefa | INFO: Tag[ view_end ] --START--
[ 2012-12-25T15:28:15+08:00 ] /xxx2/index.php/Show/show/id/nfaefa | INFO: Run ShowPageTrace Behavior [ RunTime:0.000513s ]
[ 2012-12-25T15:28:15+08:00 ] /xxx2/index.php/Show/show/id/nfaefa | INFO: Tag[ view_end ] --END-- [ RunTime:0.000573s ]
